<?xml version="1.0" encoding="UTF-8"?>
<robot generator="Robot 7.0 (Python 3.12.2 on darwin)" generated="2024-04-29T11:40:42.245942" rpa="false" schemaversion="5">
<suite id="s1" name="Login" source="/Users/tester/Desktop/Automate HUi/Document/Auto Tester/TourMaster/Login.robot">
<kw name="Set Selenium Speed" owner="SeleniumLibrary" type="SETUP">
<arg>0.5s</arg>
<doc>Sets the delay that is waited after each Selenium command.</doc>
<status status="PASS" start="2024-04-29T11:40:42.320499" elapsed="0.000177"/>
</kw>
<test id="s1-t1" name="TC03-Login No Username or Password" line="16">
<kw name="Open Browser Web" owner="login_key" type="SETUP">
<kw name="Open Browser" owner="SeleniumLibrary">
<msg time="2024-04-29T11:40:42.321305" level="INFO">Opening browser 'chrome' to base url 'https://dev-tm.techmaster.in.th/login'.</msg>
<arg>${url}</arg>
<arg>${browser}</arg>
<doc>Opens a new browser instance to the optional ``url``.</doc>
<status status="PASS" start="2024-04-29T11:40:42.321176" elapsed="2.560816"/>
</kw>
<kw name="Maximize Browser Window" owner="SeleniumLibrary">
<doc>Maximizes current browser window.</doc>
<status status="PASS" start="2024-04-29T11:40:44.883359" elapsed="0.875800"/>
</kw>
<kw name="Set Selenium Speed" owner="SeleniumLibrary">
<arg>0.5s</arg>
<doc>Sets the delay that is waited after each Selenium command.</doc>
<status status="PASS" start="2024-04-29T11:40:45.759897" elapsed="0.000983"/>
</kw>
<status status="PASS" start="2024-04-29T11:40:42.321019" elapsed="3.440159"/>
</kw>
<kw name="Input Empty Data In Username And Password" owner="login_key">
<kw name="Input Text" owner="SeleniumLibrary">
<msg time="2024-04-29T11:40:45.764044" level="INFO">Typing text '' into text field 'id=login999'.</msg>
<arg>${locator_username}</arg>
<arg>${EMPTY}</arg>
<doc>Types the given ``text`` into the text field identified by ``locator``.</doc>
<status status="PASS" start="2024-04-29T11:40:45.762779" elapsed="1.594555"/>
</kw>
<kw name="Input Text" owner="SeleniumLibrary">
<msg time="2024-04-29T11:40:47.359380" level="INFO">Typing text '' into text field 'id=pass999'.</msg>
<arg>${locator_password}</arg>
<arg>${EMPTY}</arg>
<doc>Types the given ``text`` into the text field identified by ``locator``.</doc>
<status status="PASS" start="2024-04-29T11:40:47.358015" elapsed="1.578348"/>
</kw>
<kw name="Click Element" owner="SeleniumLibrary">
<msg time="2024-04-29T11:40:48.937235" level="INFO">Clicking element 'id=btn_login_submit'.</msg>
<arg>${locator_btnlogin}</arg>
<doc>Click the element identified by ``locator``.</doc>
<status status="PASS" start="2024-04-29T11:40:48.936786" elapsed="1.059001"/>
</kw>
<kw name="Wait Until Page Contains" owner="SeleniumLibrary">
<arg>Username is required</arg>
<doc>Waits until ``text`` appears on the current page.</doc>
<status status="PASS" start="2024-04-29T11:40:49.996217" elapsed="0.516072"/>
</kw>
<kw name="Wait Until Page Contains" owner="SeleniumLibrary">
<arg>Password is required</arg>
<doc>Waits until ``text`` appears on the current page.</doc>
<status status="PASS" start="2024-04-29T11:40:50.512972" elapsed="0.520269"/>
</kw>
<status status="PASS" start="2024-04-29T11:40:45.761926" elapsed="5.271759"/>
</kw>
<kw name="Close Browser" owner="SeleniumLibrary" type="TEARDOWN">
<doc>Closes the current browser.</doc>
<status status="PASS" start="2024-04-29T11:40:51.034360" elapsed="0.573541"/>
</kw>
<status status="PASS" start="2024-04-29T11:40:42.320780" elapsed="9.287446"/>
</test>
<kw name="Close All Browsers" owner="SeleniumLibrary" type="TEARDOWN">
<doc>Closes all open browsers and resets the browser cache.</doc>
<status status="PASS" start="2024-04-29T11:40:51.609282" elapsed="0.000278"/>
</kw>
<status status="PASS" start="2024-04-29T11:40:42.248481" elapsed="9.361179"/>
</suite>
<statistics>
<total>
<stat pass="1" fail="0" skip="0">All Tests</stat>
</total>
<tag>
</tag>
<suite>
<stat pass="1" fail="0" skip="0" id="s1" name="Login">Login</stat>
</suite>
</statistics>
<errors>
</errors>
</robot>
