<?xml version="1.0" encoding="UTF-8"?>
<robot generator="Robot 7.0 (Python 3.12.2 on darwin)" generated="2024-03-26T18:00:00.113914" rpa="false" schemaversion="5">
<suite id="s1" name="Test" source="/Users/tester/Desktop/Automate HUi/Document/Auto Tester/Test.robot">
<test id="s1-t1" name="test open browser" line="5">
<kw name="Open Browser" owner="SeleniumLibrary">
<msg time="2024-03-26T18:00:00.187981" level="INFO">Opening browser 'chrome' to base url 'https://www.youtube.com/'.</msg>
<arg>https://www.youtube.com/</arg>
<arg>chrome</arg>
<doc>Opens a new browser instance to the optional ``url``.</doc>
<status status="PASS" start="2024-03-26T18:00:00.187880" elapsed="4.751353"/>
</kw>
<kw name="Maximize Browser Window" owner="SeleniumLibrary">
<doc>Maximizes current browser window.</doc>
<status status="PASS" start="2024-03-26T18:00:04.939822" elapsed="0.459472"/>
</kw>
<status status="PASS" start="2024-03-26T18:00:00.187480" elapsed="5.212010"/>
</test>
<status status="PASS" start="2024-03-26T18:00:00.114388" elapsed="5.285439"/>
</suite>
<statistics>
<total>
<stat pass="1" fail="0" skip="0">All Tests</stat>
</total>
<tag>
</tag>
<suite>
<stat pass="1" fail="0" skip="0" id="s1" name="Test">Test</stat>
</suite>
</statistics>
<errors>
</errors>
</robot>
