<?xml version="1.0" encoding="UTF-8"?>
<robot generator="Robot 7.0 (Python 3.12.2 on darwin)" generated="2024-05-27T17:00:48.602154" rpa="false" schemaversion="5">
<suite id="s1" name="Automate HUi" source="/Users/tester/Desktop/Automate HUi">
<suite id="s1-s1" name="Document" source="/Users/tester/Desktop/Automate HUi/Document">
<suite id="s1-s1-s1" name="Auto Tester" source="/Users/tester/Desktop/Automate HUi/Document/Auto Tester">
<suite id="s1-s1-s1-s1" name="P'Beam" source="/Users/tester/Desktop/Automate HUi/Document/Auto Tester/P'Beam">
<suite id="s1-s1-s1-s1-s1" name="Homework3" source="/Users/tester/Desktop/Automate HUi/Document/Auto Tester/P'Beam/Homework3">
<suite id="s1-s1-s1-s1-s1-s1" name="Login&amp;Search" source="/Users/tester/Desktop/Automate HUi/Document/Auto Tester/P'Beam/Homework3/Login&amp;Search.robot">
<kw name="Set Selenium Speed" owner="SeleniumLibrary" type="SETUP">
<arg>0.7s</arg>
<doc>Sets the delay that is waited after each Selenium command.</doc>
<status status="PASS" start="2024-05-27T17:00:48.701600" elapsed="0.000180"/>
</kw>
<test id="s1-s1-s1-s1-s1-s1-t1" name="Tc01 - Search Page" line="11">
<kw name="Open Web Kru P'Beam &amp; Login" owner="Keyword" type="SETUP">
<kw name="Open Browser" owner="SeleniumLibrary">
<msg time="2024-05-27T17:00:48.702790" level="INFO">Opening browser 'chrome' to base url 'https://automate-test.stpb-digital.com/login/'.</msg>
<arg>${url}</arg>
<arg>${browser}</arg>
<doc>Opens a new browser instance to the optional ``url``.</doc>
<status status="PASS" start="2024-05-27T17:00:48.702392" elapsed="1.869303"/>
</kw>
<kw name="Wait Until Element Is Visible" owner="SeleniumLibrary">
<arg>${locator_Email}</arg>
<doc>Waits until the element ``locator`` is visible.</doc>
<status status="PASS" start="2024-05-27T17:00:50.572409" elapsed="1.438642"/>
</kw>
<kw name="Wait Until Element Is Visible" owner="SeleniumLibrary">
<arg>${locator_password}</arg>
<doc>Waits until the element ``locator`` is visible.</doc>
<status status="PASS" start="2024-05-27T17:00:52.011213" elapsed="1.428417"/>
</kw>
<kw name="Input Text" owner="SeleniumLibrary">
<msg time="2024-05-27T17:00:53.442126" level="INFO">Typing text 'user.test@krupbeam.com' into text field 'id=email'.</msg>
<arg>${locator_Email}</arg>
<arg>${email}</arg>
<doc>Types the given ``text`` into the text field identified by ``locator``.</doc>
<status status="PASS" start="2024-05-27T17:00:53.440461" elapsed="2.266712"/>
</kw>
<kw name="Input Text" owner="SeleniumLibrary">
<msg time="2024-05-27T17:00:55.708827" level="INFO">Typing text '123456789' into text field 'name=password'.</msg>
<arg>${locator_password}</arg>
<arg>${password}</arg>
<doc>Types the given ``text`` into the text field identified by ``locator``.</doc>
<status status="PASS" start="2024-05-27T17:00:55.708087" elapsed="2.192114"/>
</kw>
<kw name="Click Element" owner="SeleniumLibrary">
<msg time="2024-05-27T17:00:57.900725" level="INFO">Clicking element 'xpath=//*[@id="__next"]/div[1]/div/div/div[2]/div/div/form/div[2]/div/div/button'.</msg>
<arg>${locator_hidden_eye}</arg>
<doc>Click the element identified by ``locator``.</doc>
<status status="PASS" start="2024-05-27T17:00:57.900433" elapsed="1.458572"/>
</kw>
<kw name="Click Element" owner="SeleniumLibrary">
<msg time="2024-05-27T17:00:59.359965" level="INFO">Clicking element 'id=btn-login'.</msg>
<arg>${locator_btn_login}</arg>
<doc>Click the element identified by ``locator``.</doc>
<status status="PASS" start="2024-05-27T17:00:59.359468" elapsed="1.450190"/>
</kw>
<arg>user.test@krupbeam.com</arg>
<arg>123456789</arg>
<status status="PASS" start="2024-05-27T17:00:48.702174" elapsed="12.107661"/>
</kw>
<kw name="Check Search Select" owner="Keyword">
<if>
<branch type="IF" condition="${role} == 1">
<kw name="Click Element" owner="SeleniumLibrary">
<msg time="2024-05-27T17:01:00.810855" level="INFO">Clicking element 'id=select-role'.</msg>
<arg>${locator_search_select_role}</arg>
<doc>Click the element identified by ``locator``.</doc>
<status status="PASS" start="2024-05-27T17:01:00.810723" elapsed="1.459469"/>
</kw>
<kw name="Wait Until Element Is Visible" owner="SeleniumLibrary">
<arg>${locator_search_role_admin}</arg>
<doc>Waits until the element ``locator`` is visible.</doc>
<status status="PASS" start="2024-05-27T17:01:02.270461" elapsed="1.426733"/>
</kw>
<kw name="Click Element" owner="SeleniumLibrary">
<msg time="2024-05-27T17:01:03.698452" level="INFO">Clicking element 'xpath=//*[@id="option-select-role-1"]'.</msg>
<arg>${locator_search_role_admin}</arg>
<doc>Click the element identified by ``locator``.</doc>
<status status="PASS" start="2024-05-27T17:01:03.697727" elapsed="1.461217"/>
</kw>
<status status="PASS" start="2024-05-27T17:01:00.810562" elapsed="4.348891"/>
</branch>
<branch type="ELSE IF" condition="${role} == 2">
<kw name="Click Element" owner="SeleniumLibrary">
<arg>${locator_search_select_role}</arg>
<doc>Click the element identified by ``locator``.</doc>
<status status="NOT RUN" start="2024-05-27T17:01:05.160436" elapsed="0.000251"/>
</kw>
<kw name="Wait Until Element Is Visible" owner="SeleniumLibrary">
<arg>${locator_search_role_author}</arg>
<doc>Waits until the element ``locator`` is visible.</doc>
<status status="NOT RUN" start="2024-05-27T17:01:05.160934" elapsed="0.000140"/>
</kw>
<kw name="Click Element" owner="SeleniumLibrary">
<arg>${locator_search_role_author}</arg>
<doc>Click the element identified by ``locator``.</doc>
<status status="NOT RUN" start="2024-05-27T17:01:05.161251" elapsed="0.000114"/>
</kw>
<status status="NOT RUN" start="2024-05-27T17:01:05.159682" elapsed="0.001778"/>
</branch>
<branch type="ELSE IF" condition="${role} == 3">
<kw name="Click Element" owner="SeleniumLibrary">
<arg>${locator_search_select_role}</arg>
<doc>Click the element identified by ``locator``.</doc>
<status status="NOT RUN" start="2024-05-27T17:01:05.161765" elapsed="0.000144"/>
</kw>
<kw name="Wait Until Element Is Visible" owner="SeleniumLibrary">
<arg>${locator_search_role_editor}</arg>
<doc>Waits until the element ``locator`` is visible.</doc>
<status status="NOT RUN" start="2024-05-27T17:01:05.162102" elapsed="0.000103"/>
</kw>
<kw name="Click Element" owner="SeleniumLibrary">
<arg>${locator_search_role_editor}</arg>
<doc>Click the element identified by ``locator``.</doc>
<status status="NOT RUN" start="2024-05-27T17:01:05.162361" elapsed="0.000101"/>
</kw>
<status status="NOT RUN" start="2024-05-27T17:01:05.161545" elapsed="0.001005"/>
</branch>
<branch type="ELSE IF" condition="${role} == 4">
<kw name="Click Element" owner="SeleniumLibrary">
<arg>${locator_search_select_role}</arg>
<doc>Click the element identified by ``locator``.</doc>
<status status="NOT RUN" start="2024-05-27T17:01:05.162767" elapsed="0.000097"/>
</kw>
<kw name="Wait Until Element Is Visible" owner="SeleniumLibrary">
<arg>${locator_search_role_maintainer}</arg>
<doc>Waits until the element ``locator`` is visible.</doc>
<status status="NOT RUN" start="2024-05-27T17:01:05.163015" elapsed="0.000098"/>
</kw>
<kw name="Click Element" owner="SeleniumLibrary">
<arg>${locator_search_role_maintainer}</arg>
<doc>Click the element identified by ``locator``.</doc>
<status status="NOT RUN" start="2024-05-27T17:01:05.163267" elapsed="0.000098"/>
</kw>
<status status="NOT RUN" start="2024-05-27T17:01:05.162615" elapsed="0.000840"/>
</branch>
<branch type="ELSE IF" condition="${role} == 5">
<kw name="Click Element" owner="SeleniumLibrary">
<arg>${locator_search_select_role}</arg>
<doc>Click the element identified by ``locator``.</doc>
<status status="NOT RUN" start="2024-05-27T17:01:05.163670" elapsed="0.000096"/>
</kw>
<kw name="Wait Until Element Is Visible" owner="SeleniumLibrary">
<arg>${locator_search_role_subscriber}</arg>
<doc>Waits until the element ``locator`` is visible.</doc>
<status status="NOT RUN" start="2024-05-27T17:01:05.163914" elapsed="0.000096"/>
</kw>
<kw name="Click Element" owner="SeleniumLibrary">
<arg>${locator_search_role_subscriber}</arg>
<doc>Click the element identified by ``locator``.</doc>
<status status="NOT RUN" start="2024-05-27T17:01:05.164286" elapsed="0.000101"/>
</kw>
<status status="NOT RUN" start="2024-05-27T17:01:05.163517" elapsed="0.000959"/>
</branch>
<status status="PASS" start="2024-05-27T17:01:00.810544" elapsed="4.354215"/>
</if>
<if>
<branch type="IF" condition="${role} == 0">
<kw name="Click Element" owner="SeleniumLibrary">
<arg>${locator_search_select_role}</arg>
<doc>Click the element identified by ``locator``.</doc>
<status status="NOT RUN" start="2024-05-27T17:01:05.165607" elapsed="0.000150"/>
</kw>
<kw name="Wait Until Element Is Visible" owner="SeleniumLibrary">
<arg>${locator_search_role_selectrow}</arg>
<doc>Waits until the element ``locator`` is visible.</doc>
<status status="NOT RUN" start="2024-05-27T17:01:05.165947" elapsed="0.000120"/>
</kw>
<kw name="Click Element" owner="SeleniumLibrary">
<arg>${locator_search_role_selectrow}</arg>
<doc>Click the element identified by ``locator``.</doc>
<status status="NOT RUN" start="2024-05-27T17:01:05.166233" elapsed="0.000108"/>
</kw>
<status status="NOT RUN" start="2024-05-27T17:01:05.164907" elapsed="0.001528"/>
</branch>
<status status="PASS" start="2024-05-27T17:01:05.164874" elapsed="0.001629"/>
</if>
<if>
<branch type="IF" condition="${plan} == 1">
<kw name="Click Element" owner="SeleniumLibrary">
<arg>${locator_search_select_plan}</arg>
<doc>Click the element identified by ``locator``.</doc>
<status status="NOT RUN" start="2024-05-27T17:01:05.166914" elapsed="0.000118"/>
</kw>
<kw name="Wait Until Element Is Visible" owner="SeleniumLibrary">
<arg>${locator_search_plan_basic}</arg>
<doc>Waits until the element ``locator`` is visible.</doc>
<status status="NOT RUN" start="2024-05-27T17:01:05.167208" elapsed="0.000119"/>
</kw>
<kw name="Click Element" owner="SeleniumLibrary">
<arg>${locator_search_plan_basic}</arg>
<doc>Click the element identified by ``locator``.</doc>
<status status="NOT RUN" start="2024-05-27T17:01:05.167508" elapsed="0.000101"/>
</kw>
<status status="NOT RUN" start="2024-05-27T17:01:05.166590" elapsed="0.001106"/>
</branch>
<branch type="ELSE IF" condition="${plan} == 2">
<kw name="Click Element" owner="SeleniumLibrary">
<arg>${locator_search_select_plan}</arg>
<doc>Click the element identified by ``locator``.</doc>
<status status="NOT RUN" start="2024-05-27T17:01:05.168004" elapsed="0.000098"/>
</kw>
<kw name="Wait Until Element Is Visible" owner="SeleniumLibrary">
<arg>${locator_search_plan_company}</arg>
<doc>Waits until the element ``locator`` is visible.</doc>
<status status="NOT RUN" start="2024-05-27T17:01:05.168261" elapsed="0.000100"/>
</kw>
<kw name="Click Element" owner="SeleniumLibrary">
<arg>${locator_search_plan_company}</arg>
<doc>Click the element identified by ``locator``.</doc>
<status status="NOT RUN" start="2024-05-27T17:01:05.168509" elapsed="0.000095"/>
</kw>
<status status="NOT RUN" start="2024-05-27T17:01:05.167760" elapsed="0.000933"/>
</branch>
<branch type="ELSE IF" condition="${plan} == 3">
<kw name="Click Element" owner="SeleniumLibrary">
<arg>${locator_search_select_plan}</arg>
<doc>Click the element identified by ``locator``.</doc>
<status status="NOT RUN" start="2024-05-27T17:01:05.169006" elapsed="0.000176"/>
</kw>
<kw name="Wait Until Element Is Visible" owner="SeleniumLibrary">
<arg>${locator_search_plan_enterprise}</arg>
<doc>Waits until the element ``locator`` is visible.</doc>
<status status="NOT RUN" start="2024-05-27T17:01:05.169374" elapsed="0.000117"/>
</kw>
<kw name="Click Element" owner="SeleniumLibrary">
<arg>${locator_search_plan_enterprise}</arg>
<doc>Click the element identified by ``locator``.</doc>
<status status="NOT RUN" start="2024-05-27T17:01:05.169656" elapsed="0.000106"/>
</kw>
<status status="NOT RUN" start="2024-05-27T17:01:05.168753" elapsed="0.001100"/>
</branch>
<branch type="ELSE IF" condition="${plan} == 4">
<kw name="Click Element" owner="SeleniumLibrary">
<arg>${locator_search_select_plan}</arg>
<doc>Click the element identified by ``locator``.</doc>
<status status="NOT RUN" start="2024-05-27T17:01:05.170212" elapsed="0.000090"/>
</kw>
<kw name="Wait Until Element Is Visible" owner="SeleniumLibrary">
<arg>${locator_search_plan_team}</arg>
<doc>Waits until the element ``locator`` is visible.</doc>
<status status="NOT RUN" start="2024-05-27T17:01:05.170437" elapsed="0.000092"/>
</kw>
<kw name="Click Element" owner="SeleniumLibrary">
<arg>${locator_search_plan_team}</arg>
<doc>Click the element identified by ``locator``.</doc>
<status status="NOT RUN" start="2024-05-27T17:01:05.170669" elapsed="0.000089"/>
</kw>
<status status="NOT RUN" start="2024-05-27T17:01:05.169920" elapsed="0.000915"/>
</branch>
<status status="PASS" start="2024-05-27T17:01:05.166567" elapsed="0.004326"/>
</if>
<if>
<branch type="IF" condition="${status} == 1">
<kw name="Click Element" owner="SeleniumLibrary">
<arg>${locator_search_select_status}</arg>
<doc>Click the element identified by ``locator``.</doc>
<status status="NOT RUN" start="2024-05-27T17:01:05.171211" elapsed="0.000168"/>
</kw>
<kw name="Wait Until Element Is Visible" owner="SeleniumLibrary">
<arg>${locator_search_status_pending}</arg>
<doc>Waits until the element ``locator`` is visible.</doc>
<status status="NOT RUN" start="2024-05-27T17:01:05.171708" elapsed="0.000229"/>
</kw>
<kw name="Click Element" owner="SeleniumLibrary">
<arg>${locator_search_status_pending}</arg>
<doc>Click the element identified by ``locator``.</doc>
<status status="NOT RUN" start="2024-05-27T17:01:05.172069" elapsed="0.000082"/>
</kw>
<status status="NOT RUN" start="2024-05-27T17:01:05.170966" elapsed="0.001254"/>
</branch>
<branch type="ELSE IF" condition="${status} == 2">
<kw name="Click Element" owner="SeleniumLibrary">
<arg>${locator_search_select_status}</arg>
<doc>Click the element identified by ``locator``.</doc>
<status status="NOT RUN" start="2024-05-27T17:01:05.172943" elapsed="0.000144"/>
</kw>
<kw name="Wait Until Element Is Visible" owner="SeleniumLibrary">
<arg>${locator_search_status_active}</arg>
<doc>Waits until the element ``locator`` is visible.</doc>
<status status="NOT RUN" start="2024-05-27T17:01:05.173237" elapsed="0.000095"/>
</kw>
<kw name="Click Element" owner="SeleniumLibrary">
<arg>${locator_search_status_active}</arg>
<doc>Click the element identified by ``locator``.</doc>
<status status="NOT RUN" start="2024-05-27T17:01:05.173464" elapsed="0.001256"/>
</kw>
<status status="NOT RUN" start="2024-05-27T17:01:05.172276" elapsed="0.002583"/>
</branch>
<branch type="ELSE IF" condition="${status} == 3">
<kw name="Click Element" owner="SeleniumLibrary">
<arg>${locator_search_select_status}</arg>
<doc>Click the element identified by ``locator``.</doc>
<status status="NOT RUN" start="2024-05-27T17:01:05.175255" elapsed="0.000098"/>
</kw>
<kw name="Wait Until Element Is Visible" owner="SeleniumLibrary">
<arg>${locator_search_status_inactive}</arg>
<doc>Waits until the element ``locator`` is visible.</doc>
<status status="NOT RUN" start="2024-05-27T17:01:05.175483" elapsed="0.000087"/>
</kw>
<kw name="Click Element" owner="SeleniumLibrary">
<arg>${locator_search_status_inactive}</arg>
<doc>Click the element identified by ``locator``.</doc>
<status status="NOT RUN" start="2024-05-27T17:01:05.175726" elapsed="0.000082"/>
</kw>
<status status="NOT RUN" start="2024-05-27T17:01:05.174926" elapsed="0.001120"/>
</branch>
<status status="PASS" start="2024-05-27T17:01:05.170947" elapsed="0.005187"/>
</if>
<kw name="Click Element" owner="SeleniumLibrary">
<msg time="2024-05-27T17:01:05.176726" level="INFO">Clicking element 'id=btn-search'.</msg>
<arg>${locator_search_btn_search}</arg>
<doc>Click the element identified by ``locator``.</doc>
<status status="PASS" start="2024-05-27T17:01:05.176293" elapsed="1.482291"/>
</kw>
<kw name="Wait Until Element Is Visible" owner="SeleniumLibrary">
<arg>${locator_table}</arg>
<doc>Waits until the element ``locator`` is visible.</doc>
<status status="PASS" start="2024-05-27T17:01:06.659216" elapsed="1.438541"/>
</kw>
<kw name="Check result Search" owner="Keyword">
<kw name="Wait Until Element Contains" owner="SeleniumLibrary">
<arg>${locator}</arg>
<arg>${msg}</arg>
<doc>Waits until the element ``locator`` contains ``text``.</doc>
<status status="PASS" start="2024-05-27T17:01:08.099816" elapsed="1.440163"/>
</kw>
<arg>${table}</arg>
<arg>${msg}</arg>
<status status="PASS" start="2024-05-27T17:01:08.098605" elapsed="1.442362"/>
</kw>
<arg>1</arg>
<arg>0</arg>
<arg>0</arg>
<arg>${locator_table}</arg>
<arg>Admin</arg>
<status status="PASS" start="2024-05-27T17:01:00.810272" elapsed="8.730988"/>
</kw>
<kw name="Check Search Select" owner="Keyword">
<if>
<branch type="IF" condition="${role} == 1">
<kw name="Click Element" owner="SeleniumLibrary">
<arg>${locator_search_select_role}</arg>
<doc>Click the element identified by ``locator``.</doc>
<status status="NOT RUN" start="2024-05-27T17:01:09.544027" elapsed="0.000137"/>
</kw>
<kw name="Wait Until Element Is Visible" owner="SeleniumLibrary">
<arg>${locator_search_role_admin}</arg>
<doc>Waits until the element ``locator`` is visible.</doc>
<status status="NOT RUN" start="2024-05-27T17:01:09.544373" elapsed="0.000117"/>
</kw>
<kw name="Click Element" owner="SeleniumLibrary">
<arg>${locator_search_role_admin}</arg>
<doc>Click the element identified by ``locator``.</doc>
<status status="NOT RUN" start="2024-05-27T17:01:09.544688" elapsed="0.000107"/>
</kw>
<status status="NOT RUN" start="2024-05-27T17:01:09.543515" elapsed="0.001378"/>
</branch>
<branch type="ELSE IF" condition="${role} == 2">
<kw name="Click Element" owner="SeleniumLibrary">
<msg time="2024-05-27T17:01:09.546031" level="INFO">Clicking element 'id=select-role'.</msg>
<arg>${locator_search_select_role}</arg>
<doc>Click the element identified by ``locator``.</doc>
<status status="PASS" start="2024-05-27T17:01:09.545437" elapsed="1.461363"/>
</kw>
<kw name="Wait Until Element Is Visible" owner="SeleniumLibrary">
<arg>${locator_search_role_author}</arg>
<doc>Waits until the element ``locator`` is visible.</doc>
<status status="PASS" start="2024-05-27T17:01:11.007548" elapsed="1.435449"/>
</kw>
<kw name="Click Element" owner="SeleniumLibrary">
<msg time="2024-05-27T17:01:12.444827" level="INFO">Clicking element 'xpath=//*[@id="option-select-role-2"]'.</msg>
<arg>${locator_search_role_author}</arg>
<doc>Click the element identified by ``locator``.</doc>
<status status="PASS" start="2024-05-27T17:01:12.443774" elapsed="1.479149"/>
</kw>
<status status="PASS" start="2024-05-27T17:01:09.544983" elapsed="4.378490"/>
</branch>
<branch type="ELSE IF" condition="${role} == 3">
<kw name="Click Element" owner="SeleniumLibrary">
<arg>${locator_search_select_role}</arg>
<doc>Click the element identified by ``locator``.</doc>
<status status="NOT RUN" start="2024-05-27T17:01:13.924310" elapsed="0.000188"/>
</kw>
<kw name="Wait Until Element Is Visible" owner="SeleniumLibrary">
<arg>${locator_search_role_editor}</arg>
<doc>Waits until the element ``locator`` is visible.</doc>
<status status="NOT RUN" start="2024-05-27T17:01:13.924688" elapsed="0.000122"/>
</kw>
<kw name="Click Element" owner="SeleniumLibrary">
<arg>${locator_search_role_editor}</arg>
<doc>Click the element identified by ``locator``.</doc>
<status status="NOT RUN" start="2024-05-27T17:01:13.925016" elapsed="0.000144"/>
</kw>
<status status="NOT RUN" start="2024-05-27T17:01:13.923674" elapsed="0.001581"/>
</branch>
<branch type="ELSE IF" condition="${role} == 4">
<kw name="Click Element" owner="SeleniumLibrary">
<arg>${locator_search_select_role}</arg>
<doc>Click the element identified by ``locator``.</doc>
<status status="NOT RUN" start="2024-05-27T17:01:13.925516" elapsed="0.000106"/>
</kw>
<kw name="Wait Until Element Is Visible" owner="SeleniumLibrary">
<arg>${locator_search_role_maintainer}</arg>
<doc>Waits until the element ``locator`` is visible.</doc>
<status status="NOT RUN" start="2024-05-27T17:01:13.925784" elapsed="0.000102"/>
</kw>
<kw name="Click Element" owner="SeleniumLibrary">
<arg>${locator_search_role_maintainer}</arg>
<doc>Click the element identified by ``locator``.</doc>
<status status="NOT RUN" start="2024-05-27T17:01:13.926041" elapsed="0.000098"/>
</kw>
<status status="NOT RUN" start="2024-05-27T17:01:13.925329" elapsed="0.000899"/>
</branch>
<branch type="ELSE IF" condition="${role} == 5">
<kw name="Click Element" owner="SeleniumLibrary">
<arg>${locator_search_select_role}</arg>
<doc>Click the element identified by ``locator``.</doc>
<status status="NOT RUN" start="2024-05-27T17:01:13.926450" elapsed="0.000103"/>
</kw>
<kw name="Wait Until Element Is Visible" owner="SeleniumLibrary">
<arg>${locator_search_role_subscriber}</arg>
<doc>Waits until the element ``locator`` is visible.</doc>
<status status="NOT RUN" start="2024-05-27T17:01:13.926706" elapsed="0.000097"/>
</kw>
<kw name="Click Element" owner="SeleniumLibrary">
<arg>${locator_search_role_subscriber}</arg>
<doc>Click the element identified by ``locator``.</doc>
<status status="NOT RUN" start="2024-05-27T17:01:13.926953" elapsed="0.000096"/>
</kw>
<status status="NOT RUN" start="2024-05-27T17:01:13.926292" elapsed="0.000845"/>
</branch>
<status status="PASS" start="2024-05-27T17:01:09.543454" elapsed="4.383747"/>
</if>
<if>
<branch type="IF" condition="${role} == 0">
<kw name="Click Element" owner="SeleniumLibrary">
<arg>${locator_search_select_role}</arg>
<doc>Click the element identified by ``locator``.</doc>
<status status="NOT RUN" start="2024-05-27T17:01:13.927799" elapsed="0.000110"/>
</kw>
<kw name="Wait Until Element Is Visible" owner="SeleniumLibrary">
<arg>${locator_search_role_selectrow}</arg>
<doc>Waits until the element ``locator`` is visible.</doc>
<status status="NOT RUN" start="2024-05-27T17:01:13.928064" elapsed="0.000102"/>
</kw>
<kw name="Click Element" owner="SeleniumLibrary">
<arg>${locator_search_role_selectrow}</arg>
<doc>Click the element identified by ``locator``.</doc>
<status status="NOT RUN" start="2024-05-27T17:01:13.928318" elapsed="0.000099"/>
</kw>
<status status="NOT RUN" start="2024-05-27T17:01:13.927334" elapsed="0.001170"/>
</branch>
<status status="PASS" start="2024-05-27T17:01:13.927306" elapsed="0.001258"/>
</if>
<if>
<branch type="IF" condition="${plan} == 1">
<kw name="Click Element" owner="SeleniumLibrary">
<arg>${locator_search_select_plan}</arg>
<doc>Click the element identified by ``locator``.</doc>
<status status="NOT RUN" start="2024-05-27T17:01:13.928908" elapsed="0.000101"/>
</kw>
<kw name="Wait Until Element Is Visible" owner="SeleniumLibrary">
<arg>${locator_search_plan_basic}</arg>
<doc>Waits until the element ``locator`` is visible.</doc>
<status status="NOT RUN" start="2024-05-27T17:01:13.929162" elapsed="0.000099"/>
</kw>
<kw name="Click Element" owner="SeleniumLibrary">
<arg>${locator_search_plan_basic}</arg>
<doc>Click the element identified by ``locator``.</doc>
<status status="NOT RUN" start="2024-05-27T17:01:13.929408" elapsed="0.000096"/>
</kw>
<status status="NOT RUN" start="2024-05-27T17:01:13.928641" elapsed="0.000951"/>
</branch>
<branch type="ELSE IF" condition="${plan} == 2">
<kw name="Click Element" owner="SeleniumLibrary">
<arg>${locator_search_select_plan}</arg>
<doc>Click the element identified by ``locator``.</doc>
<status status="NOT RUN" start="2024-05-27T17:01:13.929881" elapsed="0.000100"/>
</kw>
<kw name="Wait Until Element Is Visible" owner="SeleniumLibrary">
<arg>${locator_search_plan_company}</arg>
<doc>Waits until the element ``locator`` is visible.</doc>
<status status="NOT RUN" start="2024-05-27T17:01:13.930134" elapsed="0.000155"/>
</kw>
<kw name="Click Element" owner="SeleniumLibrary">
<arg>${locator_search_plan_company}</arg>
<doc>Click the element identified by ``locator``.</doc>
<status status="NOT RUN" start="2024-05-27T17:01:13.930569" elapsed="0.000146"/>
</kw>
<status status="NOT RUN" start="2024-05-27T17:01:13.929651" elapsed="0.001171"/>
</branch>
<branch type="ELSE IF" condition="${plan} == 3">
<kw name="Click Element" owner="SeleniumLibrary">
<arg>${locator_search_select_plan}</arg>
<doc>Click the element identified by ``locator``.</doc>
<status status="NOT RUN" start="2024-05-27T17:01:13.931225" elapsed="0.000143"/>
</kw>
<kw name="Wait Until Element Is Visible" owner="SeleniumLibrary">
<arg>${locator_search_plan_enterprise}</arg>
<doc>Waits until the element ``locator`` is visible.</doc>
<status status="NOT RUN" start="2024-05-27T17:01:13.931579" elapsed="0.000149"/>
</kw>
<kw name="Click Element" owner="SeleniumLibrary">
<arg>${locator_search_plan_enterprise}</arg>
<doc>Click the element identified by ``locator``.</doc>
<status status="NOT RUN" start="2024-05-27T17:01:13.932415" elapsed="0.000137"/>
</kw>
<status status="NOT RUN" start="2024-05-27T17:01:13.930895" elapsed="0.001751"/>
</branch>
<branch type="ELSE IF" condition="${plan} == 4">
<kw name="Click Element" owner="SeleniumLibrary">
<arg>${locator_search_select_plan}</arg>
<doc>Click the element identified by ``locator``.</doc>
<status status="NOT RUN" start="2024-05-27T17:01:13.933088" elapsed="0.000129"/>
</kw>
<kw name="Wait Until Element Is Visible" owner="SeleniumLibrary">
<arg>${locator_search_plan_team}</arg>
<doc>Waits until the element ``locator`` is visible.</doc>
<status status="NOT RUN" start="2024-05-27T17:01:13.933363" elapsed="0.000203"/>
</kw>
<kw name="Click Element" owner="SeleniumLibrary">
<arg>${locator_search_plan_team}</arg>
<doc>Click the element identified by ``locator``.</doc>
<status status="NOT RUN" start="2024-05-27T17:01:13.933791" elapsed="0.000097"/>
</kw>
<status status="NOT RUN" start="2024-05-27T17:01:13.932729" elapsed="0.001241"/>
</branch>
<status status="PASS" start="2024-05-27T17:01:13.928621" elapsed="0.005412"/>
</if>
<if>
<branch type="IF" condition="${status} == 1">
<kw name="Click Element" owner="SeleniumLibrary">
<arg>${locator_search_select_status}</arg>
<doc>Click the element identified by ``locator``.</doc>
<status status="NOT RUN" start="2024-05-27T17:01:13.934327" elapsed="0.000089"/>
</kw>
<kw name="Wait Until Element Is Visible" owner="SeleniumLibrary">
<arg>${locator_search_status_pending}</arg>
<doc>Waits until the element ``locator`` is visible.</doc>
<status status="NOT RUN" start="2024-05-27T17:01:13.934563" elapsed="0.000094"/>
</kw>
<kw name="Click Element" owner="SeleniumLibrary">
<arg>${locator_search_status_pending}</arg>
<doc>Click the element identified by ``locator``.</doc>
<status status="NOT RUN" start="2024-05-27T17:01:13.934790" elapsed="0.000084"/>
</kw>
<status status="NOT RUN" start="2024-05-27T17:01:13.934113" elapsed="0.000839"/>
</branch>
<branch type="ELSE IF" condition="${status} == 2">
<kw name="Click Element" owner="SeleniumLibrary">
<arg>${locator_search_select_status}</arg>
<doc>Click the element identified by ``locator``.</doc>
<status status="NOT RUN" start="2024-05-27T17:01:13.935206" elapsed="0.000088"/>
</kw>
<kw name="Wait Until Element Is Visible" owner="SeleniumLibrary">
<arg>${locator_search_status_active}</arg>
<doc>Waits until the element ``locator`` is visible.</doc>
<status status="NOT RUN" start="2024-05-27T17:01:13.935434" elapsed="0.000101"/>
</kw>
<kw name="Click Element" owner="SeleniumLibrary">
<arg>${locator_search_status_active}</arg>
<doc>Click the element identified by ``locator``.</doc>
<status status="NOT RUN" start="2024-05-27T17:01:13.935671" elapsed="0.000090"/>
</kw>
<status status="NOT RUN" start="2024-05-27T17:01:13.935006" elapsed="0.000834"/>
</branch>
<branch type="ELSE IF" condition="${status} == 3">
<kw name="Click Element" owner="SeleniumLibrary">
<arg>${locator_search_select_status}</arg>
<doc>Click the element identified by ``locator``.</doc>
<status status="NOT RUN" start="2024-05-27T17:01:13.936113" elapsed="0.000292"/>
</kw>
<kw name="Wait Until Element Is Visible" owner="SeleniumLibrary">
<arg>${locator_search_status_inactive}</arg>
<doc>Waits until the element ``locator`` is visible.</doc>
<status status="NOT RUN" start="2024-05-27T17:01:13.936739" elapsed="0.000163"/>
</kw>
<kw name="Click Element" owner="SeleniumLibrary">
<arg>${locator_search_status_inactive}</arg>
<doc>Click the element identified by ``locator``.</doc>
<status status="NOT RUN" start="2024-05-27T17:01:13.937108" elapsed="0.000123"/>
</kw>
<status status="NOT RUN" start="2024-05-27T17:01:13.935895" elapsed="0.001434"/>
</branch>
<status status="PASS" start="2024-05-27T17:01:13.934094" elapsed="0.003333"/>
</if>
<kw name="Click Element" owner="SeleniumLibrary">
<msg time="2024-05-27T17:01:13.938069" level="INFO">Clicking element 'id=btn-search'.</msg>
<arg>${locator_search_btn_search}</arg>
<doc>Click the element identified by ``locator``.</doc>
<status status="PASS" start="2024-05-27T17:01:13.937560" elapsed="1.480963"/>
</kw>
<kw name="Wait Until Element Is Visible" owner="SeleniumLibrary">
<arg>${locator_table}</arg>
<doc>Waits until the element ``locator`` is visible.</doc>
<status status="PASS" start="2024-05-27T17:01:15.419188" elapsed="1.430840"/>
</kw>
<kw name="Check result Search" owner="Keyword">
<kw name="Wait Until Element Contains" owner="SeleniumLibrary">
<arg>${locator}</arg>
<arg>${msg}</arg>
<doc>Waits until the element ``locator`` contains ``text``.</doc>
<status status="PASS" start="2024-05-27T17:01:16.852174" elapsed="1.433606"/>
</kw>
<arg>${table}</arg>
<arg>${msg}</arg>
<status status="PASS" start="2024-05-27T17:01:16.850751" elapsed="1.435752"/>
</kw>
<arg>2</arg>
<arg>0</arg>
<arg>0</arg>
<arg>${locator_table}</arg>
<arg>Author</arg>
<status status="PASS" start="2024-05-27T17:01:09.542394" elapsed="8.744385"/>
</kw>
<kw name="Check Search Select" owner="Keyword">
<if>
<branch type="IF" condition="${role} == 1">
<kw name="Click Element" owner="SeleniumLibrary">
<arg>${locator_search_select_role}</arg>
<doc>Click the element identified by ``locator``.</doc>
<status status="NOT RUN" start="2024-05-27T17:01:18.289896" elapsed="0.000208"/>
</kw>
<kw name="Wait Until Element Is Visible" owner="SeleniumLibrary">
<arg>${locator_search_role_admin}</arg>
<doc>Waits until the element ``locator`` is visible.</doc>
<status status="NOT RUN" start="2024-05-27T17:01:18.290381" elapsed="0.000166"/>
</kw>
<kw name="Click Element" owner="SeleniumLibrary">
<arg>${locator_search_role_admin}</arg>
<doc>Click the element identified by ``locator``.</doc>
<status status="NOT RUN" start="2024-05-27T17:01:18.290734" elapsed="0.000118"/>
</kw>
<status status="NOT RUN" start="2024-05-27T17:01:18.289382" elapsed="0.001569"/>
</branch>
<branch type="ELSE IF" condition="${role} == 2">
<kw name="Click Element" owner="SeleniumLibrary">
<arg>${locator_search_select_role}</arg>
<doc>Click the element identified by ``locator``.</doc>
<status status="NOT RUN" start="2024-05-27T17:01:18.291424" elapsed="0.000119"/>
</kw>
<kw name="Wait Until Element Is Visible" owner="SeleniumLibrary">
<arg>${locator_search_role_author}</arg>
<doc>Waits until the element ``locator`` is visible.</doc>
<status status="NOT RUN" start="2024-05-27T17:01:18.291714" elapsed="0.000108"/>
</kw>
<kw name="Click Element" owner="SeleniumLibrary">
<arg>${locator_search_role_author}</arg>
<doc>Click the element identified by ``locator``.</doc>
<status status="NOT RUN" start="2024-05-27T17:01:18.291982" elapsed="0.000104"/>
</kw>
<status status="NOT RUN" start="2024-05-27T17:01:18.291050" elapsed="0.001131"/>
</branch>
<branch type="ELSE IF" condition="${role} == 3">
<kw name="Click Element" owner="SeleniumLibrary">
<msg time="2024-05-27T17:01:18.293095" level="INFO">Clicking element 'id=select-role'.</msg>
<arg>${locator_search_select_role}</arg>
<doc>Click the element identified by ``locator``.</doc>
<status status="PASS" start="2024-05-27T17:01:18.292513" elapsed="1.459105"/>
</kw>
<kw name="Wait Until Element Is Visible" owner="SeleniumLibrary">
<arg>${locator_search_role_editor}</arg>
<doc>Waits until the element ``locator`` is visible.</doc>
<status status="PASS" start="2024-05-27T17:01:19.752204" elapsed="1.433780"/>
</kw>
<kw name="Click Element" owner="SeleniumLibrary">
<msg time="2024-05-27T17:01:21.187406" level="INFO">Clicking element 'xpath=//*[@id="option-select-role-3"]'.</msg>
<arg>${locator_search_role_editor}</arg>
<doc>Click the element identified by ``locator``.</doc>
<status status="PASS" start="2024-05-27T17:01:21.186609" elapsed="1.460282"/>
</kw>
<status status="PASS" start="2024-05-27T17:01:18.292249" elapsed="4.354973"/>
</branch>
<branch type="ELSE IF" condition="${role} == 4">
<kw name="Click Element" owner="SeleniumLibrary">
<arg>${locator_search_select_role}</arg>
<doc>Click the element identified by ``locator``.</doc>
<status status="NOT RUN" start="2024-05-27T17:01:22.647918" elapsed="0.000224"/>
</kw>
<kw name="Wait Until Element Is Visible" owner="SeleniumLibrary">
<arg>${locator_search_role_maintainer}</arg>
<doc>Waits until the element ``locator`` is visible.</doc>
<status status="NOT RUN" start="2024-05-27T17:01:22.650030" elapsed="0.000326"/>
</kw>
<kw name="Click Element" owner="SeleniumLibrary">
<arg>${locator_search_role_maintainer}</arg>
<doc>Click the element identified by ``locator``.</doc>
<status status="NOT RUN" start="2024-05-27T17:01:22.650566" elapsed="0.000133"/>
</kw>
<status status="NOT RUN" start="2024-05-27T17:01:22.647333" elapsed="0.003467"/>
</branch>
<branch type="ELSE IF" condition="${role} == 5">
<kw name="Click Element" owner="SeleniumLibrary">
<arg>${locator_search_select_role}</arg>
<doc>Click the element identified by ``locator``.</doc>
<status status="NOT RUN" start="2024-05-27T17:01:22.651059" elapsed="0.000246"/>
</kw>
<kw name="Wait Until Element Is Visible" owner="SeleniumLibrary">
<arg>${locator_search_role_subscriber}</arg>
<doc>Waits until the element ``locator`` is visible.</doc>
<status status="NOT RUN" start="2024-05-27T17:01:22.651507" elapsed="0.000142"/>
</kw>
<kw name="Click Element" owner="SeleniumLibrary">
<arg>${locator_search_role_subscriber}</arg>
<doc>Click the element identified by ``locator``.</doc>
<status status="NOT RUN" start="2024-05-27T17:01:22.651828" elapsed="0.000113"/>
</kw>
<status status="NOT RUN" start="2024-05-27T17:01:22.650880" elapsed="0.001162"/>
</branch>
<status status="PASS" start="2024-05-27T17:01:18.289330" elapsed="4.362784"/>
</if>
<if>
<branch type="IF" condition="${role} == 0">
<kw name="Click Element" owner="SeleniumLibrary">
<arg>${locator_search_select_role}</arg>
<doc>Click the element identified by ``locator``.</doc>
<status status="NOT RUN" start="2024-05-27T17:01:22.652698" elapsed="0.000107"/>
</kw>
<kw name="Wait Until Element Is Visible" owner="SeleniumLibrary">
<arg>${locator_search_role_selectrow}</arg>
<doc>Waits until the element ``locator`` is visible.</doc>
<status status="NOT RUN" start="2024-05-27T17:01:22.652989" elapsed="0.000163"/>
</kw>
<kw name="Click Element" owner="SeleniumLibrary">
<arg>${locator_search_role_selectrow}</arg>
<doc>Click the element identified by ``locator``.</doc>
<status status="NOT RUN" start="2024-05-27T17:01:22.653362" elapsed="0.000122"/>
</kw>
<status status="NOT RUN" start="2024-05-27T17:01:22.652249" elapsed="0.001337"/>
</branch>
<status status="PASS" start="2024-05-27T17:01:22.652218" elapsed="0.001438"/>
</if>
<if>
<branch type="IF" condition="${plan} == 1">
<kw name="Click Element" owner="SeleniumLibrary">
<arg>${locator_search_select_plan}</arg>
<doc>Click the element identified by ``locator``.</doc>
<status status="NOT RUN" start="2024-05-27T17:01:22.654073" elapsed="0.000115"/>
</kw>
<kw name="Wait Until Element Is Visible" owner="SeleniumLibrary">
<arg>${locator_search_plan_basic}</arg>
<doc>Waits until the element ``locator`` is visible.</doc>
<status status="NOT RUN" start="2024-05-27T17:01:22.654354" elapsed="0.000104"/>
</kw>
<kw name="Click Element" owner="SeleniumLibrary">
<arg>${locator_search_plan_basic}</arg>
<doc>Click the element identified by ``locator``.</doc>
<status status="NOT RUN" start="2024-05-27T17:01:22.654627" elapsed="0.000086"/>
</kw>
<status status="NOT RUN" start="2024-05-27T17:01:22.653742" elapsed="0.001044"/>
</branch>
<branch type="ELSE IF" condition="${plan} == 2">
<kw name="Click Element" owner="SeleniumLibrary">
<arg>${locator_search_select_plan}</arg>
<doc>Click the element identified by ``locator``.</doc>
<status status="NOT RUN" start="2024-05-27T17:01:22.655051" elapsed="0.000080"/>
</kw>
<kw name="Wait Until Element Is Visible" owner="SeleniumLibrary">
<arg>${locator_search_plan_company}</arg>
<doc>Waits until the element ``locator`` is visible.</doc>
<status status="NOT RUN" start="2024-05-27T17:01:22.655253" elapsed="0.000082"/>
</kw>
<kw name="Click Element" owner="SeleniumLibrary">
<arg>${locator_search_plan_company}</arg>
<doc>Click the element identified by ``locator``.</doc>
<status status="NOT RUN" start="2024-05-27T17:01:22.655454" elapsed="0.000080"/>
</kw>
<status status="NOT RUN" start="2024-05-27T17:01:22.654837" elapsed="0.000768"/>
</branch>
<branch type="ELSE IF" condition="${plan} == 3">
<kw name="Click Element" owner="SeleniumLibrary">
<arg>${locator_search_select_plan}</arg>
<doc>Click the element identified by ``locator``.</doc>
<status status="NOT RUN" start="2024-05-27T17:01:22.655919" elapsed="0.000125"/>
</kw>
<kw name="Wait Until Element Is Visible" owner="SeleniumLibrary">
<arg>${locator_search_plan_enterprise}</arg>
<doc>Waits until the element ``locator`` is visible.</doc>
<status status="NOT RUN" start="2024-05-27T17:01:22.656216" elapsed="0.000108"/>
</kw>
<kw name="Click Element" owner="SeleniumLibrary">
<arg>${locator_search_plan_enterprise}</arg>
<doc>Click the element identified by ``locator``.</doc>
<status status="NOT RUN" start="2024-05-27T17:01:22.656489" elapsed="0.000109"/>
</kw>
<status status="NOT RUN" start="2024-05-27T17:01:22.655653" elapsed="0.001032"/>
</branch>
<branch type="ELSE IF" condition="${plan} == 4">
<kw name="Click Element" owner="SeleniumLibrary">
<arg>${locator_search_select_plan}</arg>
<doc>Click the element identified by ``locator``.</doc>
<status status="NOT RUN" start="2024-05-27T17:01:22.656971" elapsed="0.000091"/>
</kw>
<kw name="Wait Until Element Is Visible" owner="SeleniumLibrary">
<arg>${locator_search_plan_team}</arg>
<doc>Waits until the element ``locator`` is visible.</doc>
<status status="NOT RUN" start="2024-05-27T17:01:22.657201" elapsed="0.000088"/>
</kw>
<kw name="Click Element" owner="SeleniumLibrary">
<arg>${locator_search_plan_team}</arg>
<doc>Click the element identified by ``locator``.</doc>
<status status="NOT RUN" start="2024-05-27T17:01:22.657423" elapsed="0.000084"/>
</kw>
<status status="NOT RUN" start="2024-05-27T17:01:22.656742" elapsed="0.000843"/>
</branch>
<status status="PASS" start="2024-05-27T17:01:22.653719" elapsed="0.003919"/>
</if>
<if>
<branch type="IF" condition="${status} == 1">
<kw name="Click Element" owner="SeleniumLibrary">
<arg>${locator_search_select_status}</arg>
<doc>Click the element identified by ``locator``.</doc>
<status status="NOT RUN" start="2024-05-27T17:01:22.657921" elapsed="0.000090"/>
</kw>
<kw name="Wait Until Element Is Visible" owner="SeleniumLibrary">
<arg>${locator_search_status_pending}</arg>
<doc>Waits until the element ``locator`` is visible.</doc>
<status status="NOT RUN" start="2024-05-27T17:01:22.658149" elapsed="0.000088"/>
</kw>
<kw name="Click Element" owner="SeleniumLibrary">
<arg>${locator_search_status_pending}</arg>
<doc>Click the element identified by ``locator``.</doc>
<status status="NOT RUN" start="2024-05-27T17:01:22.658369" elapsed="0.000086"/>
</kw>
<status status="NOT RUN" start="2024-05-27T17:01:22.657709" elapsed="0.000823"/>
</branch>
<branch type="ELSE IF" condition="${status} == 2">
<kw name="Click Element" owner="SeleniumLibrary">
<arg>${locator_search_select_status}</arg>
<doc>Click the element identified by ``locator``.</doc>
<status status="NOT RUN" start="2024-05-27T17:01:22.658774" elapsed="0.000082"/>
</kw>
<kw name="Wait Until Element Is Visible" owner="SeleniumLibrary">
<arg>${locator_search_status_active}</arg>
<doc>Waits until the element ``locator`` is visible.</doc>
<status status="NOT RUN" start="2024-05-27T17:01:22.658977" elapsed="0.000078"/>
</kw>
<kw name="Click Element" owner="SeleniumLibrary">
<arg>${locator_search_status_active}</arg>
<doc>Click the element identified by ``locator``.</doc>
<status status="NOT RUN" start="2024-05-27T17:01:22.659175" elapsed="0.000076"/>
</kw>
<status status="NOT RUN" start="2024-05-27T17:01:22.658587" elapsed="0.000732"/>
</branch>
<branch type="ELSE IF" condition="${status} == 3">
<kw name="Click Element" owner="SeleniumLibrary">
<arg>${locator_search_select_status}</arg>
<doc>Click the element identified by ``locator``.</doc>
<status status="NOT RUN" start="2024-05-27T17:01:22.659729" elapsed="0.000102"/>
</kw>
<kw name="Wait Until Element Is Visible" owner="SeleniumLibrary">
<arg>${locator_search_status_inactive}</arg>
<doc>Waits until the element ``locator`` is visible.</doc>
<status status="NOT RUN" start="2024-05-27T17:01:22.659968" elapsed="0.000271"/>
</kw>
<kw name="Click Element" owner="SeleniumLibrary">
<arg>${locator_search_status_inactive}</arg>
<doc>Click the element identified by ``locator``.</doc>
<status status="NOT RUN" start="2024-05-27T17:01:22.660372" elapsed="0.000081"/>
</kw>
<status status="NOT RUN" start="2024-05-27T17:01:22.659368" elapsed="0.001158"/>
</branch>
<status status="PASS" start="2024-05-27T17:01:22.657690" elapsed="0.002977"/>
</if>
<kw name="Click Element" owner="SeleniumLibrary">
<msg time="2024-05-27T17:01:22.661407" level="INFO">Clicking element 'id=btn-search'.</msg>
<arg>${locator_search_btn_search}</arg>
<doc>Click the element identified by ``locator``.</doc>
<status status="PASS" start="2024-05-27T17:01:22.660888" elapsed="1.478333"/>
</kw>
<kw name="Wait Until Element Is Visible" owner="SeleniumLibrary">
<arg>${locator_table}</arg>
<doc>Waits until the element ``locator`` is visible.</doc>
<status status="PASS" start="2024-05-27T17:01:24.140319" elapsed="1.428101"/>
</kw>
<kw name="Check result Search" owner="Keyword">
<kw name="Wait Until Element Contains" owner="SeleniumLibrary">
<arg>${locator}</arg>
<arg>${msg}</arg>
<doc>Waits until the element ``locator`` contains ``text``.</doc>
<status status="PASS" start="2024-05-27T17:01:25.571457" elapsed="1.435237"/>
</kw>
<arg>${table}</arg>
<arg>${msg}</arg>
<status status="PASS" start="2024-05-27T17:01:25.569285" elapsed="1.438066"/>
</kw>
<arg>3</arg>
<arg>0</arg>
<arg>0</arg>
<arg>${locator_table}</arg>
<arg>Editor</arg>
<status status="PASS" start="2024-05-27T17:01:18.288212" elapsed="8.719368"/>
</kw>
<kw name="Check Search Select" owner="Keyword">
<if>
<branch type="IF" condition="${role} == 1">
<kw name="Click Element" owner="SeleniumLibrary">
<arg>${locator_search_select_role}</arg>
<doc>Click the element identified by ``locator``.</doc>
<status status="NOT RUN" start="2024-05-27T17:01:27.010672" elapsed="0.000138"/>
</kw>
<kw name="Wait Until Element Is Visible" owner="SeleniumLibrary">
<arg>${locator_search_role_admin}</arg>
<doc>Waits until the element ``locator`` is visible.</doc>
<status status="NOT RUN" start="2024-05-27T17:01:27.011000" elapsed="0.000108"/>
</kw>
<kw name="Click Element" owner="SeleniumLibrary">
<arg>${locator_search_role_admin}</arg>
<doc>Click the element identified by ``locator``.</doc>
<status status="NOT RUN" start="2024-05-27T17:01:27.011334" elapsed="0.000123"/>
</kw>
<status status="NOT RUN" start="2024-05-27T17:01:27.010198" elapsed="0.001350"/>
</branch>
<branch type="ELSE IF" condition="${role} == 2">
<kw name="Click Element" owner="SeleniumLibrary">
<arg>${locator_search_select_role}</arg>
<doc>Click the element identified by ``locator``.</doc>
<status status="NOT RUN" start="2024-05-27T17:01:27.011927" elapsed="0.000102"/>
</kw>
<kw name="Wait Until Element Is Visible" owner="SeleniumLibrary">
<arg>${locator_search_role_author}</arg>
<doc>Waits until the element ``locator`` is visible.</doc>
<status status="NOT RUN" start="2024-05-27T17:01:27.012248" elapsed="0.000120"/>
</kw>
<kw name="Click Element" owner="SeleniumLibrary">
<arg>${locator_search_role_author}</arg>
<doc>Click the element identified by ``locator``.</doc>
<status status="NOT RUN" start="2024-05-27T17:01:27.012505" elapsed="0.000126"/>
</kw>
<status status="NOT RUN" start="2024-05-27T17:01:27.011630" elapsed="0.001106"/>
</branch>
<branch type="ELSE IF" condition="${role} == 3">
<kw name="Click Element" owner="SeleniumLibrary">
<arg>${locator_search_select_role}</arg>
<doc>Click the element identified by ``locator``.</doc>
<status status="NOT RUN" start="2024-05-27T17:01:27.013046" elapsed="0.000089"/>
</kw>
<kw name="Wait Until Element Is Visible" owner="SeleniumLibrary">
<arg>${locator_search_role_editor}</arg>
<doc>Waits until the element ``locator`` is visible.</doc>
<status status="NOT RUN" start="2024-05-27T17:01:27.013270" elapsed="0.000083"/>
</kw>
<kw name="Click Element" owner="SeleniumLibrary">
<arg>${locator_search_role_editor}</arg>
<doc>Click the element identified by ``locator``.</doc>
<status status="NOT RUN" start="2024-05-27T17:01:27.013475" elapsed="0.000081"/>
</kw>
<status status="NOT RUN" start="2024-05-27T17:01:27.012800" elapsed="0.000826"/>
</branch>
<branch type="ELSE IF" condition="${role} == 4">
<kw name="Click Element" owner="SeleniumLibrary">
<msg time="2024-05-27T17:01:27.014320" level="INFO">Clicking element 'id=select-role'.</msg>
<arg>${locator_search_select_role}</arg>
<doc>Click the element identified by ``locator``.</doc>
<status status="PASS" start="2024-05-27T17:01:27.013862" elapsed="1.462324"/>
</kw>
<kw name="Wait Until Element Is Visible" owner="SeleniumLibrary">
<arg>${locator_search_role_maintainer}</arg>
<doc>Waits until the element ``locator`` is visible.</doc>
<status status="PASS" start="2024-05-27T17:01:28.476984" elapsed="1.437019"/>
</kw>
<kw name="Click Element" owner="SeleniumLibrary">
<msg time="2024-05-27T17:01:29.915607" level="INFO">Clicking element 'xpath=//*[@id="option-select-role-4"]'.</msg>
<arg>${locator_search_role_maintainer}</arg>
<doc>Click the element identified by ``locator``.</doc>
<status status="PASS" start="2024-05-27T17:01:29.914742" elapsed="1.471120"/>
</kw>
<status status="PASS" start="2024-05-27T17:01:27.013679" elapsed="4.372594"/>
</branch>
<branch type="ELSE IF" condition="${role} == 5">
<kw name="Click Element" owner="SeleniumLibrary">
<arg>${locator_search_select_role}</arg>
<doc>Click the element identified by ``locator``.</doc>
<status status="NOT RUN" start="2024-05-27T17:01:31.387013" elapsed="0.000255"/>
</kw>
<kw name="Wait Until Element Is Visible" owner="SeleniumLibrary">
<arg>${locator_search_role_subscriber}</arg>
<doc>Waits until the element ``locator`` is visible.</doc>
<status status="NOT RUN" start="2024-05-27T17:01:31.387446" elapsed="0.000092"/>
</kw>
<kw name="Click Element" owner="SeleniumLibrary">
<arg>${locator_search_role_subscriber}</arg>
<doc>Click the element identified by ``locator``.</doc>
<status status="NOT RUN" start="2024-05-27T17:01:31.387672" elapsed="0.000083"/>
</kw>
<status status="NOT RUN" start="2024-05-27T17:01:31.386402" elapsed="0.001530"/>
</branch>
<status status="PASS" start="2024-05-27T17:01:27.010144" elapsed="4.377849"/>
</if>
<if>
<branch type="IF" condition="${role} == 0">
<kw name="Click Element" owner="SeleniumLibrary">
<arg>${locator_search_select_role}</arg>
<doc>Click the element identified by ``locator``.</doc>
<status status="NOT RUN" start="2024-05-27T17:01:31.388557" elapsed="0.000099"/>
</kw>
<kw name="Wait Until Element Is Visible" owner="SeleniumLibrary">
<arg>${locator_search_role_selectrow}</arg>
<doc>Waits until the element ``locator`` is visible.</doc>
<status status="NOT RUN" start="2024-05-27T17:01:31.388883" elapsed="0.000252"/>
</kw>
<kw name="Click Element" owner="SeleniumLibrary">
<arg>${locator_search_role_selectrow}</arg>
<doc>Click the element identified by ``locator``.</doc>
<status status="NOT RUN" start="2024-05-27T17:01:31.389330" elapsed="0.000123"/>
</kw>
<status status="NOT RUN" start="2024-05-27T17:01:31.388212" elapsed="0.001337"/>
</branch>
<status status="PASS" start="2024-05-27T17:01:31.388181" elapsed="0.001436"/>
</if>
<if>
<branch type="IF" condition="${plan} == 1">
<kw name="Click Element" owner="SeleniumLibrary">
<arg>${locator_search_select_plan}</arg>
<doc>Click the element identified by ``locator``.</doc>
<status status="NOT RUN" start="2024-05-27T17:01:31.390019" elapsed="0.000112"/>
</kw>
<kw name="Wait Until Element Is Visible" owner="SeleniumLibrary">
<arg>${locator_search_plan_basic}</arg>
<doc>Waits until the element ``locator`` is visible.</doc>
<status status="NOT RUN" start="2024-05-27T17:01:31.390294" elapsed="0.000151"/>
</kw>
<kw name="Click Element" owner="SeleniumLibrary">
<arg>${locator_search_plan_basic}</arg>
<doc>Click the element identified by ``locator``.</doc>
<status status="NOT RUN" start="2024-05-27T17:01:31.390605" elapsed="0.000100"/>
</kw>
<status status="NOT RUN" start="2024-05-27T17:01:31.389699" elapsed="0.001090"/>
</branch>
<branch type="ELSE IF" condition="${plan} == 2">
<kw name="Click Element" owner="SeleniumLibrary">
<arg>${locator_search_select_plan}</arg>
<doc>Click the element identified by ``locator``.</doc>
<status status="NOT RUN" start="2024-05-27T17:01:31.392722" elapsed="0.000100"/>
</kw>
<kw name="Wait Until Element Is Visible" owner="SeleniumLibrary">
<arg>${locator_search_plan_company}</arg>
<doc>Waits until the element ``locator`` is visible.</doc>
<status status="NOT RUN" start="2024-05-27T17:01:31.392961" elapsed="0.000086"/>
</kw>
<kw name="Click Element" owner="SeleniumLibrary">
<arg>${locator_search_plan_company}</arg>
<doc>Click the element identified by ``locator``.</doc>
<status status="NOT RUN" start="2024-05-27T17:01:31.393171" elapsed="0.000156"/>
</kw>
<status status="NOT RUN" start="2024-05-27T17:01:31.392378" elapsed="0.001038"/>
</branch>
<branch type="ELSE IF" condition="${plan} == 3">
<kw name="Click Element" owner="SeleniumLibrary">
<arg>${locator_search_select_plan}</arg>
<doc>Click the element identified by ``locator``.</doc>
<status status="NOT RUN" start="2024-05-27T17:01:31.393701" elapsed="0.000092"/>
</kw>
<kw name="Wait Until Element Is Visible" owner="SeleniumLibrary">
<arg>${locator_search_plan_enterprise}</arg>
<doc>Waits until the element ``locator`` is visible.</doc>
<status status="NOT RUN" start="2024-05-27T17:01:31.393929" elapsed="0.000089"/>
</kw>
<kw name="Click Element" owner="SeleniumLibrary">
<arg>${locator_search_plan_enterprise}</arg>
<doc>Click the element identified by ``locator``.</doc>
<status status="NOT RUN" start="2024-05-27T17:01:31.394150" elapsed="0.000081"/>
</kw>
<status status="NOT RUN" start="2024-05-27T17:01:31.393474" elapsed="0.000828"/>
</branch>
<branch type="ELSE IF" condition="${plan} == 4">
<kw name="Click Element" owner="SeleniumLibrary">
<arg>${locator_search_select_plan}</arg>
<doc>Click the element identified by ``locator``.</doc>
<status status="NOT RUN" start="2024-05-27T17:01:31.394571" elapsed="0.000125"/>
</kw>
<kw name="Wait Until Element Is Visible" owner="SeleniumLibrary">
<arg>${locator_search_plan_team}</arg>
<doc>Waits until the element ``locator`` is visible.</doc>
<status status="NOT RUN" start="2024-05-27T17:01:31.395060" elapsed="0.000222"/>
</kw>
<kw name="Click Element" owner="SeleniumLibrary">
<arg>${locator_search_plan_team}</arg>
<doc>Click the element identified by ``locator``.</doc>
<status status="NOT RUN" start="2024-05-27T17:01:31.395481" elapsed="0.000108"/>
</kw>
<status status="NOT RUN" start="2024-05-27T17:01:31.394357" elapsed="0.001312"/>
</branch>
<status status="PASS" start="2024-05-27T17:01:31.389676" elapsed="0.006061"/>
</if>
<if>
<branch type="IF" condition="${status} == 1">
<kw name="Click Element" owner="SeleniumLibrary">
<arg>${locator_search_select_status}</arg>
<doc>Click the element identified by ``locator``.</doc>
<status status="NOT RUN" start="2024-05-27T17:01:31.396120" elapsed="0.000095"/>
</kw>
<kw name="Wait Until Element Is Visible" owner="SeleniumLibrary">
<arg>${locator_search_status_pending}</arg>
<doc>Waits until the element ``locator`` is visible.</doc>
<status status="NOT RUN" start="2024-05-27T17:01:31.396350" elapsed="0.000085"/>
</kw>
<kw name="Click Element" owner="SeleniumLibrary">
<arg>${locator_search_status_pending}</arg>
<doc>Click the element identified by ``locator``.</doc>
<status status="NOT RUN" start="2024-05-27T17:01:31.396559" elapsed="0.000076"/>
</kw>
<status status="NOT RUN" start="2024-05-27T17:01:31.395823" elapsed="0.000879"/>
</branch>
<branch type="ELSE IF" condition="${status} == 2">
<kw name="Click Element" owner="SeleniumLibrary">
<arg>${locator_search_select_status}</arg>
<doc>Click the element identified by ``locator``.</doc>
<status status="NOT RUN" start="2024-05-27T17:01:31.396960" elapsed="0.000086"/>
</kw>
<kw name="Wait Until Element Is Visible" owner="SeleniumLibrary">
<arg>${locator_search_status_active}</arg>
<doc>Waits until the element ``locator`` is visible.</doc>
<status status="NOT RUN" start="2024-05-27T17:01:31.397169" elapsed="0.000086"/>
</kw>
<kw name="Click Element" owner="SeleniumLibrary">
<arg>${locator_search_status_active}</arg>
<doc>Click the element identified by ``locator``.</doc>
<status status="NOT RUN" start="2024-05-27T17:01:31.397380" elapsed="0.000074"/>
</kw>
<status status="NOT RUN" start="2024-05-27T17:01:31.396754" elapsed="0.000771"/>
</branch>
<branch type="ELSE IF" condition="${status} == 3">
<kw name="Click Element" owner="SeleniumLibrary">
<arg>${locator_search_select_status}</arg>
<doc>Click the element identified by ``locator``.</doc>
<status status="NOT RUN" start="2024-05-27T17:01:31.397757" elapsed="0.000081"/>
</kw>
<kw name="Wait Until Element Is Visible" owner="SeleniumLibrary">
<arg>${locator_search_status_inactive}</arg>
<doc>Waits until the element ``locator`` is visible.</doc>
<status status="NOT RUN" start="2024-05-27T17:01:31.397958" elapsed="0.000077"/>
</kw>
<kw name="Click Element" owner="SeleniumLibrary">
<arg>${locator_search_status_inactive}</arg>
<doc>Click the element identified by ``locator``.</doc>
<status status="NOT RUN" start="2024-05-27T17:01:31.398156" elapsed="0.000073"/>
</kw>
<status status="NOT RUN" start="2024-05-27T17:01:31.397573" elapsed="0.000721"/>
</branch>
<status status="PASS" start="2024-05-27T17:01:31.395801" elapsed="0.002540"/>
</if>
<kw name="Click Element" owner="SeleniumLibrary">
<msg time="2024-05-27T17:01:31.398795" level="INFO">Clicking element 'id=btn-search'.</msg>
<arg>${locator_search_btn_search}</arg>
<doc>Click the element identified by ``locator``.</doc>
<status status="PASS" start="2024-05-27T17:01:31.398427" elapsed="1.477933"/>
</kw>
<kw name="Wait Until Element Is Visible" owner="SeleniumLibrary">
<arg>${locator_table}</arg>
<doc>Waits until the element ``locator`` is visible.</doc>
<status status="PASS" start="2024-05-27T17:01:32.877104" elapsed="1.434232"/>
</kw>
<kw name="Check result Search" owner="Keyword">
<kw name="Wait Until Element Contains" owner="SeleniumLibrary">
<arg>${locator}</arg>
<arg>${msg}</arg>
<doc>Waits until the element ``locator`` contains ``text``.</doc>
<status status="PASS" start="2024-05-27T17:01:34.314031" elapsed="1.438914"/>
</kw>
<arg>${table}</arg>
<arg>${msg}</arg>
<status status="PASS" start="2024-05-27T17:01:34.312437" elapsed="1.440991"/>
</kw>
<arg>4</arg>
<arg>0</arg>
<arg>0</arg>
<arg>${locator_table}</arg>
<arg>Maintainer</arg>
<status status="PASS" start="2024-05-27T17:01:27.009179" elapsed="8.744525"/>
</kw>
<kw name="Check Search Select" owner="Keyword">
<if>
<branch type="IF" condition="${role} == 1">
<kw name="Click Element" owner="SeleniumLibrary">
<arg>${locator_search_select_role}</arg>
<doc>Click the element identified by ``locator``.</doc>
<status status="NOT RUN" start="2024-05-27T17:01:35.756314" elapsed="0.000108"/>
</kw>
<kw name="Wait Until Element Is Visible" owner="SeleniumLibrary">
<arg>${locator_search_role_admin}</arg>
<doc>Waits until the element ``locator`` is visible.</doc>
<status status="NOT RUN" start="2024-05-27T17:01:35.756601" elapsed="0.000090"/>
</kw>
<kw name="Click Element" owner="SeleniumLibrary">
<arg>${locator_search_role_admin}</arg>
<doc>Click the element identified by ``locator``.</doc>
<status status="NOT RUN" start="2024-05-27T17:01:35.756815" elapsed="0.000082"/>
</kw>
<status status="NOT RUN" start="2024-05-27T17:01:35.755922" elapsed="0.001149"/>
</branch>
<branch type="ELSE IF" condition="${role} == 2">
<kw name="Click Element" owner="SeleniumLibrary">
<arg>${locator_search_select_role}</arg>
<doc>Click the element identified by ``locator``.</doc>
<status status="NOT RUN" start="2024-05-27T17:01:35.757878" elapsed="0.000138"/>
</kw>
<kw name="Wait Until Element Is Visible" owner="SeleniumLibrary">
<arg>${locator_search_role_author}</arg>
<doc>Waits until the element ``locator`` is visible.</doc>
<status status="NOT RUN" start="2024-05-27T17:01:35.758205" elapsed="0.000113"/>
</kw>
<kw name="Click Element" owner="SeleniumLibrary">
<arg>${locator_search_role_author}</arg>
<doc>Click the element identified by ``locator``.</doc>
<status status="NOT RUN" start="2024-05-27T17:01:35.758484" elapsed="0.000504"/>
</kw>
<status status="NOT RUN" start="2024-05-27T17:01:35.757288" elapsed="0.001984"/>
</branch>
<branch type="ELSE IF" condition="${role} == 3">
<kw name="Click Element" owner="SeleniumLibrary">
<arg>${locator_search_select_role}</arg>
<doc>Click the element identified by ``locator``.</doc>
<status status="NOT RUN" start="2024-05-27T17:01:35.759624" elapsed="0.000107"/>
</kw>
<kw name="Wait Until Element Is Visible" owner="SeleniumLibrary">
<arg>${locator_search_role_editor}</arg>
<doc>Waits until the element ``locator`` is visible.</doc>
<status status="NOT RUN" start="2024-05-27T17:01:35.759922" elapsed="0.000100"/>
</kw>
<kw name="Click Element" owner="SeleniumLibrary">
<arg>${locator_search_role_editor}</arg>
<doc>Click the element identified by ``locator``.</doc>
<status status="NOT RUN" start="2024-05-27T17:01:35.760285" elapsed="0.000118"/>
</kw>
<status status="NOT RUN" start="2024-05-27T17:01:35.759351" elapsed="0.001190"/>
</branch>
<branch type="ELSE IF" condition="${role} == 4">
<kw name="Click Element" owner="SeleniumLibrary">
<arg>${locator_search_select_role}</arg>
<doc>Click the element identified by ``locator``.</doc>
<status status="NOT RUN" start="2024-05-27T17:01:35.760909" elapsed="0.000112"/>
</kw>
<kw name="Wait Until Element Is Visible" owner="SeleniumLibrary">
<arg>${locator_search_role_maintainer}</arg>
<doc>Waits until the element ``locator`` is visible.</doc>
<status status="NOT RUN" start="2024-05-27T17:01:35.761183" elapsed="0.000112"/>
</kw>
<kw name="Click Element" owner="SeleniumLibrary">
<arg>${locator_search_role_maintainer}</arg>
<doc>Click the element identified by ``locator``.</doc>
<status status="NOT RUN" start="2024-05-27T17:01:35.761552" elapsed="0.000145"/>
</kw>
<status status="NOT RUN" start="2024-05-27T17:01:35.760620" elapsed="0.001185"/>
</branch>
<branch type="ELSE IF" condition="${role} == 5">
<kw name="Click Element" owner="SeleniumLibrary">
<msg time="2024-05-27T17:01:35.762716" level="INFO">Clicking element 'id=select-role'.</msg>
<arg>${locator_search_select_role}</arg>
<doc>Click the element identified by ``locator``.</doc>
<status status="PASS" start="2024-05-27T17:01:35.762180" elapsed="1.434259"/>
</kw>
<kw name="Wait Until Element Is Visible" owner="SeleniumLibrary">
<arg>${locator_search_role_subscriber}</arg>
<doc>Waits until the element ``locator`` is visible.</doc>
<status status="PASS" start="2024-05-27T17:01:37.196786" elapsed="1.433942"/>
</kw>
<kw name="Click Element" owner="SeleniumLibrary">
<msg time="2024-05-27T17:01:38.632439" level="INFO">Clicking element 'xpath=//*[@id="option-select-role-5"]'.</msg>
<arg>${locator_search_role_subscriber}</arg>
<doc>Click the element identified by ``locator``.</doc>
<status status="PASS" start="2024-05-27T17:01:38.631590" elapsed="1.478336"/>
</kw>
<status status="PASS" start="2024-05-27T17:01:35.761880" elapsed="4.348616"/>
</branch>
<status status="PASS" start="2024-05-27T17:01:35.755876" elapsed="4.354778"/>
</if>
<if>
<branch type="IF" condition="${role} == 0">
<kw name="Click Element" owner="SeleniumLibrary">
<arg>${locator_search_select_role}</arg>
<doc>Click the element identified by ``locator``.</doc>
<status status="NOT RUN" start="2024-05-27T17:01:40.111979" elapsed="0.000225"/>
</kw>
<kw name="Wait Until Element Is Visible" owner="SeleniumLibrary">
<arg>${locator_search_role_selectrow}</arg>
<doc>Waits until the element ``locator`` is visible.</doc>
<status status="NOT RUN" start="2024-05-27T17:01:40.112442" elapsed="0.000126"/>
</kw>
<kw name="Click Element" owner="SeleniumLibrary">
<arg>${locator_search_role_selectrow}</arg>
<doc>Click the element identified by ``locator``.</doc>
<status status="NOT RUN" start="2024-05-27T17:01:40.112752" elapsed="0.000115"/>
</kw>
<status status="NOT RUN" start="2024-05-27T17:01:40.110912" elapsed="0.002052"/>
</branch>
<status status="PASS" start="2024-05-27T17:01:40.110794" elapsed="0.002246"/>
</if>
<if>
<branch type="IF" condition="${plan} == 1">
<kw name="Click Element" owner="SeleniumLibrary">
<arg>${locator_search_select_plan}</arg>
<doc>Click the element identified by ``locator``.</doc>
<status status="NOT RUN" start="2024-05-27T17:01:40.113490" elapsed="0.000107"/>
</kw>
<kw name="Wait Until Element Is Visible" owner="SeleniumLibrary">
<arg>${locator_search_plan_basic}</arg>
<doc>Waits until the element ``locator`` is visible.</doc>
<status status="NOT RUN" start="2024-05-27T17:01:40.113755" elapsed="0.000103"/>
</kw>
<kw name="Click Element" owner="SeleniumLibrary">
<arg>${locator_search_plan_basic}</arg>
<doc>Click the element identified by ``locator``.</doc>
<status status="NOT RUN" start="2024-05-27T17:01:40.114026" elapsed="0.000102"/>
</kw>
<status status="NOT RUN" start="2024-05-27T17:01:40.113135" elapsed="0.001081"/>
</branch>
<branch type="ELSE IF" condition="${plan} == 2">
<kw name="Click Element" owner="SeleniumLibrary">
<arg>${locator_search_select_plan}</arg>
<doc>Click the element identified by ``locator``.</doc>
<status status="NOT RUN" start="2024-05-27T17:01:40.114532" elapsed="0.000103"/>
</kw>
<kw name="Wait Until Element Is Visible" owner="SeleniumLibrary">
<arg>${locator_search_plan_company}</arg>
<doc>Waits until the element ``locator`` is visible.</doc>
<status status="NOT RUN" start="2024-05-27T17:01:40.114788" elapsed="0.000101"/>
</kw>
<kw name="Click Element" owner="SeleniumLibrary">
<arg>${locator_search_plan_company}</arg>
<doc>Click the element identified by ``locator``.</doc>
<status status="NOT RUN" start="2024-05-27T17:01:40.115050" elapsed="0.000098"/>
</kw>
<status status="NOT RUN" start="2024-05-27T17:01:40.114279" elapsed="0.000956"/>
</branch>
<branch type="ELSE IF" condition="${plan} == 3">
<kw name="Click Element" owner="SeleniumLibrary">
<arg>${locator_search_select_plan}</arg>
<doc>Click the element identified by ``locator``.</doc>
<status status="NOT RUN" start="2024-05-27T17:01:40.115538" elapsed="0.000108"/>
</kw>
<kw name="Wait Until Element Is Visible" owner="SeleniumLibrary">
<arg>${locator_search_plan_enterprise}</arg>
<doc>Waits until the element ``locator`` is visible.</doc>
<status status="NOT RUN" start="2024-05-27T17:01:40.115804" elapsed="0.000101"/>
</kw>
<kw name="Click Element" owner="SeleniumLibrary">
<arg>${locator_search_plan_enterprise}</arg>
<doc>Click the element identified by ``locator``.</doc>
<status status="NOT RUN" start="2024-05-27T17:01:40.116162" elapsed="0.000137"/>
</kw>
<status status="NOT RUN" start="2024-05-27T17:01:40.115297" elapsed="0.001103"/>
</branch>
<branch type="ELSE IF" condition="${plan} == 4">
<kw name="Click Element" owner="SeleniumLibrary">
<arg>${locator_search_select_plan}</arg>
<doc>Click the element identified by ``locator``.</doc>
<status status="NOT RUN" start="2024-05-27T17:01:40.116762" elapsed="0.000132"/>
</kw>
<kw name="Wait Until Element Is Visible" owner="SeleniumLibrary">
<arg>${locator_search_plan_team}</arg>
<doc>Waits until the element ``locator`` is visible.</doc>
<status status="NOT RUN" start="2024-05-27T17:01:40.117079" elapsed="0.000119"/>
</kw>
<kw name="Click Element" owner="SeleniumLibrary">
<arg>${locator_search_plan_team}</arg>
<doc>Click the element identified by ``locator``.</doc>
<status status="NOT RUN" start="2024-05-27T17:01:40.117351" elapsed="0.000106"/>
</kw>
<status status="NOT RUN" start="2024-05-27T17:01:40.116470" elapsed="0.001081"/>
</branch>
<status status="PASS" start="2024-05-27T17:01:40.113111" elapsed="0.004502"/>
</if>
<if>
<branch type="IF" condition="${status} == 1">
<kw name="Click Element" owner="SeleniumLibrary">
<arg>${locator_search_select_status}</arg>
<doc>Click the element identified by ``locator``.</doc>
<status status="NOT RUN" start="2024-05-27T17:01:40.117970" elapsed="0.000118"/>
</kw>
<kw name="Wait Until Element Is Visible" owner="SeleniumLibrary">
<arg>${locator_search_status_pending}</arg>
<doc>Waits until the element ``locator`` is visible.</doc>
<status status="NOT RUN" start="2024-05-27T17:01:40.118261" elapsed="0.000108"/>
</kw>
<kw name="Click Element" owner="SeleniumLibrary">
<arg>${locator_search_status_pending}</arg>
<doc>Click the element identified by ``locator``.</doc>
<status status="NOT RUN" start="2024-05-27T17:01:40.118528" elapsed="0.000111"/>
</kw>
<status status="NOT RUN" start="2024-05-27T17:01:40.117696" elapsed="0.002154"/>
</branch>
<branch type="ELSE IF" condition="${status} == 2">
<kw name="Click Element" owner="SeleniumLibrary">
<arg>${locator_search_select_status}</arg>
<doc>Click the element identified by ``locator``.</doc>
<status status="NOT RUN" start="2024-05-27T17:01:40.120239" elapsed="0.000115"/>
</kw>
<kw name="Wait Until Element Is Visible" owner="SeleniumLibrary">
<arg>${locator_search_status_active}</arg>
<doc>Waits until the element ``locator`` is visible.</doc>
<status status="NOT RUN" start="2024-05-27T17:01:40.120511" elapsed="0.000097"/>
</kw>
<kw name="Click Element" owner="SeleniumLibrary">
<arg>${locator_search_status_active}</arg>
<doc>Click the element identified by ``locator``.</doc>
<status status="NOT RUN" start="2024-05-27T17:01:40.120741" elapsed="0.000087"/>
</kw>
<status status="NOT RUN" start="2024-05-27T17:01:40.119929" elapsed="0.000974"/>
</branch>
<branch type="ELSE IF" condition="${status} == 3">
<kw name="Click Element" owner="SeleniumLibrary">
<arg>${locator_search_select_status}</arg>
<doc>Click the element identified by ``locator``.</doc>
<status status="NOT RUN" start="2024-05-27T17:01:40.121148" elapsed="0.000082"/>
</kw>
<kw name="Wait Until Element Is Visible" owner="SeleniumLibrary">
<arg>${locator_search_status_inactive}</arg>
<doc>Waits until the element ``locator`` is visible.</doc>
<status status="NOT RUN" start="2024-05-27T17:01:40.121359" elapsed="0.000105"/>
</kw>
<kw name="Click Element" owner="SeleniumLibrary">
<arg>${locator_search_status_inactive}</arg>
<doc>Click the element identified by ``locator``.</doc>
<status status="NOT RUN" start="2024-05-27T17:01:40.121588" elapsed="0.000077"/>
</kw>
<status status="NOT RUN" start="2024-05-27T17:01:40.120953" elapsed="0.000818"/>
</branch>
<status status="PASS" start="2024-05-27T17:01:40.117674" elapsed="0.004167"/>
</if>
<kw name="Click Element" owner="SeleniumLibrary">
<msg time="2024-05-27T17:01:40.122655" level="INFO">Clicking element 'id=btn-search'.</msg>
<arg>${locator_search_btn_search}</arg>
<doc>Click the element identified by ``locator``.</doc>
<status status="PASS" start="2024-05-27T17:01:40.121945" elapsed="1.478735"/>
</kw>
<kw name="Wait Until Element Is Visible" owner="SeleniumLibrary">
<arg>${locator_table}</arg>
<doc>Waits until the element ``locator`` is visible.</doc>
<status status="PASS" start="2024-05-27T17:01:41.601450" elapsed="1.430148"/>
</kw>
<kw name="Check result Search" owner="Keyword">
<kw name="Wait Until Element Contains" owner="SeleniumLibrary">
<arg>${locator}</arg>
<arg>${msg}</arg>
<doc>Waits until the element ``locator`` contains ``text``.</doc>
<status status="PASS" start="2024-05-27T17:01:43.033870" elapsed="1.440001"/>
</kw>
<arg>${table}</arg>
<arg>${msg}</arg>
<status status="PASS" start="2024-05-27T17:01:43.032499" elapsed="1.441949"/>
</kw>
<arg>5</arg>
<arg>0</arg>
<arg>0</arg>
<arg>${locator_table}</arg>
<arg>Subscriber</arg>
<status status="PASS" start="2024-05-27T17:01:35.754867" elapsed="8.719787"/>
</kw>
<kw name="Check Search Select" owner="Keyword">
<if>
<branch type="IF" condition="${role} == 1">
<kw name="Click Element" owner="SeleniumLibrary">
<arg>${locator_search_select_role}</arg>
<doc>Click the element identified by ``locator``.</doc>
<status status="NOT RUN" start="2024-05-27T17:01:44.477502" elapsed="0.000141"/>
</kw>
<kw name="Wait Until Element Is Visible" owner="SeleniumLibrary">
<arg>${locator_search_role_admin}</arg>
<doc>Waits until the element ``locator`` is visible.</doc>
<status status="NOT RUN" start="2024-05-27T17:01:44.477840" elapsed="0.000114"/>
</kw>
<kw name="Click Element" owner="SeleniumLibrary">
<arg>${locator_search_role_admin}</arg>
<doc>Click the element identified by ``locator``.</doc>
<status status="NOT RUN" start="2024-05-27T17:01:44.478118" elapsed="0.000104"/>
</kw>
<status status="NOT RUN" start="2024-05-27T17:01:44.477004" elapsed="0.001311"/>
</branch>
<branch type="ELSE IF" condition="${role} == 2">
<kw name="Click Element" owner="SeleniumLibrary">
<arg>${locator_search_select_role}</arg>
<doc>Click the element identified by ``locator``.</doc>
<status status="NOT RUN" start="2024-05-27T17:01:44.478677" elapsed="0.000207"/>
</kw>
<kw name="Wait Until Element Is Visible" owner="SeleniumLibrary">
<arg>${locator_search_role_author}</arg>
<doc>Waits until the element ``locator`` is visible.</doc>
<status status="NOT RUN" start="2024-05-27T17:01:44.479083" elapsed="0.000138"/>
</kw>
<kw name="Click Element" owner="SeleniumLibrary">
<arg>${locator_search_role_author}</arg>
<doc>Click the element identified by ``locator``.</doc>
<status status="NOT RUN" start="2024-05-27T17:01:44.481228" elapsed="0.000226"/>
</kw>
<status status="NOT RUN" start="2024-05-27T17:01:44.478401" elapsed="0.003166"/>
</branch>
<branch type="ELSE IF" condition="${role} == 3">
<kw name="Click Element" owner="SeleniumLibrary">
<arg>${locator_search_select_role}</arg>
<doc>Click the element identified by ``locator``.</doc>
<status status="NOT RUN" start="2024-05-27T17:01:44.481999" elapsed="0.000112"/>
</kw>
<kw name="Wait Until Element Is Visible" owner="SeleniumLibrary">
<arg>${locator_search_role_editor}</arg>
<doc>Waits until the element ``locator`` is visible.</doc>
<status status="NOT RUN" start="2024-05-27T17:01:44.482264" elapsed="0.000099"/>
</kw>
<kw name="Click Element" owner="SeleniumLibrary">
<arg>${locator_search_role_editor}</arg>
<doc>Click the element identified by ``locator``.</doc>
<status status="NOT RUN" start="2024-05-27T17:01:44.482586" elapsed="0.000188"/>
</kw>
<status status="NOT RUN" start="2024-05-27T17:01:44.481640" elapsed="0.001239"/>
</branch>
<branch type="ELSE IF" condition="${role} == 4">
<kw name="Click Element" owner="SeleniumLibrary">
<arg>${locator_search_select_role}</arg>
<doc>Click the element identified by ``locator``.</doc>
<status status="NOT RUN" start="2024-05-27T17:01:44.483308" elapsed="0.000094"/>
</kw>
<kw name="Wait Until Element Is Visible" owner="SeleniumLibrary">
<arg>${locator_search_role_maintainer}</arg>
<doc>Waits until the element ``locator`` is visible.</doc>
<status status="NOT RUN" start="2024-05-27T17:01:44.483543" elapsed="0.000178"/>
</kw>
<kw name="Click Element" owner="SeleniumLibrary">
<arg>${locator_search_role_maintainer}</arg>
<doc>Click the element identified by ``locator``.</doc>
<status status="NOT RUN" start="2024-05-27T17:01:44.483852" elapsed="0.000096"/>
</kw>
<status status="NOT RUN" start="2024-05-27T17:01:44.483020" elapsed="0.001001"/>
</branch>
<branch type="ELSE IF" condition="${role} == 5">
<kw name="Click Element" owner="SeleniumLibrary">
<arg>${locator_search_select_role}</arg>
<doc>Click the element identified by ``locator``.</doc>
<status status="NOT RUN" start="2024-05-27T17:01:44.484307" elapsed="0.000082"/>
</kw>
<kw name="Wait Until Element Is Visible" owner="SeleniumLibrary">
<arg>${locator_search_role_subscriber}</arg>
<doc>Waits until the element ``locator`` is visible.</doc>
<status status="NOT RUN" start="2024-05-27T17:01:44.484514" elapsed="0.000091"/>
</kw>
<kw name="Click Element" owner="SeleniumLibrary">
<arg>${locator_search_role_subscriber}</arg>
<doc>Click the element identified by ``locator``.</doc>
<status status="NOT RUN" start="2024-05-27T17:01:44.484755" elapsed="0.000261"/>
</kw>
<status status="NOT RUN" start="2024-05-27T17:01:44.484074" elapsed="0.001019"/>
</branch>
<status status="PASS" start="2024-05-27T17:01:44.476952" elapsed="0.008229"/>
</if>
<if>
<branch type="IF" condition="${role} == 0">
<kw name="Click Element" owner="SeleniumLibrary">
<msg time="2024-05-27T17:01:44.486091" level="INFO">Clicking element 'id=select-role'.</msg>
<arg>${locator_search_select_role}</arg>
<doc>Click the element identified by ``locator``.</doc>
<status status="PASS" start="2024-05-27T17:01:44.485686" elapsed="1.457581"/>
</kw>
<kw name="Wait Until Element Is Visible" owner="SeleniumLibrary">
<arg>${locator_search_role_selectrow}</arg>
<doc>Waits until the element ``locator`` is visible.</doc>
<status status="PASS" start="2024-05-27T17:01:45.943989" elapsed="1.433407"/>
</kw>
<kw name="Click Element" owner="SeleniumLibrary">
<msg time="2024-05-27T17:01:47.380234" level="INFO">Clicking element 'xpath=//*[@id="option-select-role-0"]'.</msg>
<arg>${locator_search_role_selectrow}</arg>
<doc>Click the element identified by ``locator``.</doc>
<status status="PASS" start="2024-05-27T17:01:47.379351" elapsed="1.469359"/>
</kw>
<status status="PASS" start="2024-05-27T17:01:44.485277" elapsed="4.363861"/>
</branch>
<status status="PASS" start="2024-05-27T17:01:44.485252" elapsed="4.364123"/>
</if>
<if>
<branch type="IF" condition="${plan} == 1">
<kw name="Click Element" owner="SeleniumLibrary">
<msg time="2024-05-27T17:01:48.850486" level="INFO">Clicking element 'id=select-plan'.</msg>
<arg>${locator_search_select_plan}</arg>
<doc>Click the element identified by ``locator``.</doc>
<status status="PASS" start="2024-05-27T17:01:48.850091" elapsed="1.461494"/>
</kw>
<kw name="Wait Until Element Is Visible" owner="SeleniumLibrary">
<arg>${locator_search_plan_basic}</arg>
<doc>Waits until the element ``locator`` is visible.</doc>
<status status="PASS" start="2024-05-27T17:01:50.311924" elapsed="1.423784"/>
</kw>
<kw name="Click Element" owner="SeleniumLibrary">
<msg time="2024-05-27T17:01:51.736171" level="INFO">Clicking element 'xpath=//*[@id="option-select-plan-1"]'.</msg>
<arg>${locator_search_plan_basic}</arg>
<doc>Click the element identified by ``locator``.</doc>
<status status="PASS" start="2024-05-27T17:01:51.735907" elapsed="1.454018"/>
</kw>
<status status="PASS" start="2024-05-27T17:01:48.849572" elapsed="4.340476"/>
</branch>
<branch type="ELSE IF" condition="${plan} == 2">
<kw name="Click Element" owner="SeleniumLibrary">
<arg>${locator_search_select_plan}</arg>
<doc>Click the element identified by ``locator``.</doc>
<status status="NOT RUN" start="2024-05-27T17:01:53.190251" elapsed="0.000061"/>
</kw>
<kw name="Wait Until Element Is Visible" owner="SeleniumLibrary">
<arg>${locator_search_plan_company}</arg>
<doc>Waits until the element ``locator`` is visible.</doc>
<status status="NOT RUN" start="2024-05-27T17:01:53.190391" elapsed="0.000052"/>
</kw>
<kw name="Click Element" owner="SeleniumLibrary">
<arg>${locator_search_plan_company}</arg>
<doc>Click the element identified by ``locator``.</doc>
<status status="NOT RUN" start="2024-05-27T17:01:53.190510" elapsed="0.000050"/>
</kw>
<status status="NOT RUN" start="2024-05-27T17:01:53.190091" elapsed="0.000506"/>
</branch>
<branch type="ELSE IF" condition="${plan} == 3">
<kw name="Click Element" owner="SeleniumLibrary">
<arg>${locator_search_select_plan}</arg>
<doc>Click the element identified by ``locator``.</doc>
<status status="NOT RUN" start="2024-05-27T17:01:53.190703" elapsed="0.000042"/>
</kw>
<kw name="Wait Until Element Is Visible" owner="SeleniumLibrary">
<arg>${locator_search_plan_enterprise}</arg>
<doc>Waits until the element ``locator`` is visible.</doc>
<status status="NOT RUN" start="2024-05-27T17:01:53.190806" elapsed="0.000042"/>
</kw>
<kw name="Click Element" owner="SeleniumLibrary">
<arg>${locator_search_plan_enterprise}</arg>
<doc>Click the element identified by ``locator``.</doc>
<status status="NOT RUN" start="2024-05-27T17:01:53.190918" elapsed="0.000038"/>
</kw>
<status status="NOT RUN" start="2024-05-27T17:01:53.190626" elapsed="0.000365"/>
</branch>
<branch type="ELSE IF" condition="${plan} == 4">
<kw name="Click Element" owner="SeleniumLibrary">
<arg>${locator_search_select_plan}</arg>
<doc>Click the element identified by ``locator``.</doc>
<status status="NOT RUN" start="2024-05-27T17:01:53.191086" elapsed="0.000040"/>
</kw>
<kw name="Wait Until Element Is Visible" owner="SeleniumLibrary">
<arg>${locator_search_plan_team}</arg>
<doc>Waits until the element ``locator`` is visible.</doc>
<status status="NOT RUN" start="2024-05-27T17:01:53.191191" elapsed="0.000040"/>
</kw>
<kw name="Click Element" owner="SeleniumLibrary">
<arg>${locator_search_plan_team}</arg>
<doc>Click the element identified by ``locator``.</doc>
<status status="NOT RUN" start="2024-05-27T17:01:53.191291" elapsed="0.000042"/>
</kw>
<status status="NOT RUN" start="2024-05-27T17:01:53.191023" elapsed="0.000343"/>
</branch>
<status status="PASS" start="2024-05-27T17:01:48.849526" elapsed="4.341865"/>
</if>
<if>
<branch type="IF" condition="${status} == 1">
<kw name="Click Element" owner="SeleniumLibrary">
<arg>${locator_search_select_status}</arg>
<doc>Click the element identified by ``locator``.</doc>
<status status="NOT RUN" start="2024-05-27T17:01:53.191580" elapsed="0.000042"/>
</kw>
<kw name="Wait Until Element Is Visible" owner="SeleniumLibrary">
<arg>${locator_search_status_pending}</arg>
<doc>Waits until the element ``locator`` is visible.</doc>
<status status="NOT RUN" start="2024-05-27T17:01:53.191687" elapsed="0.000040"/>
</kw>
<kw name="Click Element" owner="SeleniumLibrary">
<arg>${locator_search_status_pending}</arg>
<doc>Click the element identified by ``locator``.</doc>
<status status="NOT RUN" start="2024-05-27T17:01:53.191786" elapsed="0.000035"/>
</kw>
<status status="NOT RUN" start="2024-05-27T17:01:53.191429" elapsed="0.000429"/>
</branch>
<branch type="ELSE IF" condition="${status} == 2">
<kw name="Click Element" owner="SeleniumLibrary">
<arg>${locator_search_select_status}</arg>
<doc>Click the element identified by ``locator``.</doc>
<status status="NOT RUN" start="2024-05-27T17:01:53.191981" elapsed="0.000040"/>
</kw>
<kw name="Wait Until Element Is Visible" owner="SeleniumLibrary">
<arg>${locator_search_status_active}</arg>
<doc>Waits until the element ``locator`` is visible.</doc>
<status status="NOT RUN" start="2024-05-27T17:01:53.192082" elapsed="0.000039"/>
</kw>
<kw name="Click Element" owner="SeleniumLibrary">
<arg>${locator_search_status_active}</arg>
<doc>Click the element identified by ``locator``.</doc>
<status status="NOT RUN" start="2024-05-27T17:01:53.192182" elapsed="0.000036"/>
</kw>
<status status="NOT RUN" start="2024-05-27T17:01:53.191882" elapsed="0.000368"/>
</branch>
<branch type="ELSE IF" condition="${status} == 3">
<kw name="Click Element" owner="SeleniumLibrary">
<arg>${locator_search_select_status}</arg>
<doc>Click the element identified by ``locator``.</doc>
<status status="NOT RUN" start="2024-05-27T17:01:53.192362" elapsed="0.000040"/>
</kw>
[...]
5   chromedriver                        0x0000000100d4e4e4 chromedriver + 779492
6   chromedriver                        0x0000000100d0b004 chromedriver + 5...
    [ Message content over the limit has been removed. ]
...hromedriver                        0x0000000100d0b9ec chromedriver + 506348
8   chromedriver                        0x0000000101072558 chromedriver + 4072792
9   chromedriver                        0x0000000101077004 chromedriver + 4091908
10  chromedriver                        0x000000010105979c chromedriver + 3970972
11  chromedriver                        0x00000001010778ec chromedriver + 4094188
12  chromedriver                        0x000000010104c71c chromedriver + 3917596
13  chromedriver                        0x0000000101094b50 chromedriver + 4213584
14  chromedriver                        0x0000000101094ccc chromedriver + 4213964
15  chromedriver                        0x00000001010a2a50 chromedriver + 4270672
16  libsystem_pthread.dylib             0x00000001983d6f94 _pthread_start + 136
17  libsystem_pthread.dylib             0x00000001983d1d34 thread_start + 8</status>
</test>
<kw name="Close All Browsers" owner="SeleniumLibrary" type="TEARDOWN">
<doc>Closes all open browsers and resets the browser cache.</doc>
<status status="PASS" start="2024-05-27T17:02:18.640178" elapsed="0.000335"/>
</kw>
<status status="FAIL" start="2024-05-27T17:00:48.623831" elapsed="90.016767"/>
</suite>
<status status="FAIL" start="2024-05-27T17:00:48.623282" elapsed="90.018519"/>
</suite>
<status status="FAIL" start="2024-05-27T17:00:48.622607" elapsed="90.020024"/>
</suite>
<status status="FAIL" start="2024-05-27T17:00:48.622058" elapsed="90.021303"/>
</suite>
<status status="FAIL" start="2024-05-27T17:00:48.621240" elapsed="90.022611"/>
</suite>
<status status="FAIL" start="2024-05-27T17:00:48.612565" elapsed="90.032045"/>
</suite>
<statistics>
<total>
<stat pass="0" fail="1" skip="0">All Tests</stat>
</total>
<tag>
</tag>
<suite>
<stat pass="0" fail="1" skip="0" id="s1" name="Automate HUi">Automate HUi</stat>
<stat pass="0" fail="1" skip="0" id="s1-s1" name="Document">Automate HUi.Document</stat>
<stat pass="0" fail="1" skip="0" id="s1-s1-s1" name="Auto Tester">Automate HUi.Document.Auto Tester</stat>
<stat pass="0" fail="1" skip="0" id="s1-s1-s1-s1" name="P'Beam">Automate HUi.Document.Auto Tester.P'Beam</stat>
<stat pass="0" fail="1" skip="0" id="s1-s1-s1-s1-s1" name="Homework3">Automate HUi.Document.Auto Tester.P'Beam.Homework3</stat>
<stat pass="0" fail="1" skip="0" id="s1-s1-s1-s1-s1-s1" name="Login&amp;Search">Automate HUi.Document.Auto Tester.P'Beam.Homework3.Login&amp;Search</stat>
</suite>
</statistics>
<errors>
<msg time="2024-05-27T17:02:17.775341" level="WARN">Keyword 'Capture Page Screenshot' could not be run on failure: Message: no such window: target window already closed
from unknown error: web view not found
  (Session info: chrome=125.0.6422.113)
Stacktrace:
0   chromedriver                        0x00000001010aa510 chromedriver + 4302096
1   chromedriver                        0x00000001010a2e58 chromedriver + 4271704
2   chromedriver                        0x0000000100cd419c chromedriver + 278940
3   chromedriver                        0x0000000100caf474 chromedriver + 128116
4   chromedriver                        0x0000000100d3b394 chromedriver + 701332
5   chromedriver                        0x0000000100d4e4e4 chromedriver + 779492
6   chromedriver                        0x0000000100d0b004 chromedriver + 503812
7   chromedriver                        0x0000000100d0b9ec chromedriver + 506348
8   chromedriver                        0x0000000101072558 chromedriver + 4072792
9   chromedriver                        0x0000000101077004 chromedriver + 4091908
10  chromedriver                        0x000000010105979c chromedriver + 3970972
11  chromedriver                        0x00000001010778ec chromedriver + 4094188
12  chromedriver                        0x000000010104c71c chromedriver + 3917596
13  chromedriver                        0x0000000101094b50 chromedriver + 4213584
14  chromedriver                        0x0000000101094ccc chromedriver + 4213964
15  chromedriver                        0x00000001010a2a50 chromedriver + 4270672
16  libsystem_pthread.dylib             0x00000001983d6f94 _pthread_start + 136
17  libsystem_pthread.dylib             0x00000001983d1d34 thread_start + 8
</msg>
<msg time="2024-05-27T17:02:17.796077" level="WARN">Keyword 'Capture Page Screenshot' could not be run on failure: Message: no such window: target window already closed
from unknown error: web view not found
  (Session info: chrome=125.0.6422.113)
Stacktrace:
0   chromedriver                        0x00000001010aa510 chromedriver + 4302096
1   chromedriver                        0x00000001010a2e58 chromedriver + 4271704
2   chromedriver                        0x0000000100cd419c chromedriver + 278940
3   chromedriver                        0x0000000100caf474 chromedriver + 128116
4   chromedriver                        0x0000000100d3b394 chromedriver + 701332
5   chromedriver                        0x0000000100d4e4e4 chromedriver + 779492
6   chromedriver                        0x0000000100d0b004 chromedriver + 503812
7   chromedriver                        0x0000000100d0b9ec chromedriver + 506348
8   chromedriver                        0x0000000101072558 chromedriver + 4072792
9   chromedriver                        0x0000000101077004 chromedriver + 4091908
10  chromedriver                        0x000000010105979c chromedriver + 3970972
11  chromedriver                        0x00000001010778ec chromedriver + 4094188
12  chromedriver                        0x000000010104c71c chromedriver + 3917596
13  chromedriver                        0x0000000101094b50 chromedriver + 4213584
14  chromedriver                        0x0000000101094ccc chromedriver + 4213964
15  chromedriver                        0x00000001010a2a50 chromedriver + 4270672
16  libsystem_pthread.dylib             0x00000001983d6f94 _pthread_start + 136
17  libsystem_pthread.dylib             0x00000001983d1d34 thread_start + 8
</msg>
<msg time="2024-05-27T17:02:17.807951" level="WARN">Keyword 'Capture Page Screenshot' could not be run on failure: Message: no such window: target window already closed
from unknown error: web view not found
  (Session info: chrome=125.0.6422.113)
Stacktrace:
0   chromedriver                        0x00000001010aa510 chromedriver + 4302096
1   chromedriver                        0x00000001010a2e58 chromedriver + 4271704
2   chromedriver                        0x0000000100cd419c chromedriver + 278940
3   chromedriver                        0x0000000100caf474 chromedriver + 128116
4   chromedriver                        0x0000000100d3b394 chromedriver + 701332
5   chromedriver                        0x0000000100d4e4e4 chromedriver + 779492
6   chromedriver                        0x0000000100d0b004 chromedriver + 503812
7   chromedriver                        0x0000000100d0b9ec chromedriver + 506348
8   chromedriver                        0x0000000101072558 chromedriver + 4072792
9   chromedriver                        0x0000000101077004 chromedriver + 4091908
10  chromedriver                        0x000000010105979c chromedriver + 3970972
11  chromedriver                        0x00000001010778ec chromedriver + 4094188
12  chromedriver                        0x000000010104c71c chromedriver + 3917596
13  chromedriver                        0x0000000101094b50 chromedriver + 4213584
14  chromedriver                        0x0000000101094ccc chromedriver + 4213964
15  chromedriver                        0x00000001010a2a50 chromedriver + 4270672
16  libsystem_pthread.dylib             0x00000001983d6f94 _pthread_start + 136
17  libsystem_pthread.dylib             0x00000001983d1d34 thread_start + 8
</msg>
<msg time="2024-05-27T17:02:17.817102" level="WARN">Keyword 'Capture Page Screenshot' could not be run on failure: Message: no such window: target window already closed
from unknown error: web view not found
  (Session info: chrome=125.0.6422.113)
Stacktrace:
0   chromedriver                        0x00000001010aa510 chromedriver + 4302096
1   chromedriver                        0x00000001010a2e58 chromedriver + 4271704
2   chromedriver                        0x0000000100cd419c chromedriver + 278940
3   chromedriver                        0x0000000100caf474 chromedriver + 128116
4   chromedriver                        0x0000000100d3b394 chromedriver + 701332
5   chromedriver                        0x0000000100d4e4e4 chromedriver + 779492
6   chromedriver                        0x0000000100d0b004 chromedriver + 503812
7   chromedriver                        0x0000000100d0b9ec chromedriver + 506348
8   chromedriver                        0x0000000101072558 chromedriver + 4072792
9   chromedriver                        0x0000000101077004 chromedriver + 4091908
10  chromedriver                        0x000000010105979c chromedriver + 3970972
11  chromedriver                        0x00000001010778ec chromedriver + 4094188
12  chromedriver                        0x000000010104c71c chromedriver + 3917596
13  chromedriver                        0x0000000101094b50 chromedriver + 4213584
14  chromedriver                        0x0000000101094ccc chromedriver + 4213964
15  chromedriver                        0x00000001010a2a50 chromedriver + 4270672
16  libsystem_pthread.dylib             0x00000001983d6f94 _pthread_start + 136
17  libsystem_pthread.dylib             0x00000001983d1d34 thread_start + 8
</msg>
<msg time="2024-05-27T17:02:17.825706" level="WARN">Keyword 'Capture Page Screenshot' could not be run on failure: Message: no such window: target window already closed
from unknown error: web view not found
  (Session info: chrome=125.0.6422.113)
Stacktrace:
0   chromedriver                        0x00000001010aa510 chromedriver + 4302096
1   chromedriver                        0x00000001010a2e58 chromedriver + 4271704
2   chromedriver                        0x0000000100cd419c chromedriver + 278940
3   chromedriver                        0x0000000100caf474 chromedriver + 128116
4   chromedriver                        0x0000000100d3b394 chromedriver + 701332
5   chromedriver                        0x0000000100d4e4e4 chromedriver + 779492
6   chromedriver                        0x0000000100d0b004 chromedriver + 503812
7   chromedriver                        0x0000000100d0b9ec chromedriver + 506348
8   chromedriver                        0x0000000101072558 chromedriver + 4072792
9   chromedriver                        0x0000000101077004 chromedriver + 4091908
10  chromedriver                        0x000000010105979c chromedriver + 3970972
11  chromedriver                        0x00000001010778ec chromedriver + 4094188
12  chromedriver                        0x000000010104c71c chromedriver + 3917596
13  chromedriver                        0x0000000101094b50 chromedriver + 4213584
14  chromedriver                        0x0000000101094ccc chromedriver + 4213964
15  chromedriver                        0x00000001010a2a50 chromedriver + 4270672
16  libsystem_pthread.dylib             0x00000001983d6f94 _pthread_start + 136
17  libsystem_pthread.dylib             0x00000001983d1d34 thread_start + 8
</msg>
<msg time="2024-05-27T17:02:17.831825" level="WARN">Keyword 'Capture Page Screenshot' could not be run on failure: Message: no such window: target window already closed
from unknown error: web view not found
  (Session info: chrome=125.0.6422.113)
Stacktrace:
0   chromedriver                        0x00000001010aa510 chromedriver + 4302096
1   chromedriver                        0x00000001010a2e58 chromedriver + 4271704
2   chromedriver                        0x0000000100cd419c chromedriver + 278940
3   chromedriver                        0x0000000100caf474 chromedriver + 128116
4   chromedriver                        0x0000000100d3b394 chromedriver + 701332
5   chromedriver                        0x0000000100d4e4e4 chromedriver + 779492
6   chromedriver                        0x0000000100d0b004 chromedriver + 503812
7   chromedriver                        0x0000000100d0b9ec chromedriver + 506348
8   chromedriver                        0x0000000101072558 chromedriver + 4072792
9   chromedriver                        0x0000000101077004 chromedriver + 4091908
10  chromedriver                        0x000000010105979c chromedriver + 3970972
11  chromedriver                        0x00000001010778ec chromedriver + 4094188
12  chromedriver                        0x000000010104c71c chromedriver + 3917596
13  chromedriver                        0x0000000101094b50 chromedriver + 4213584
14  chromedriver                        0x0000000101094ccc chromedriver + 4213964
15  chromedriver                        0x00000001010a2a50 chromedriver + 4270672
16  libsystem_pthread.dylib             0x00000001983d6f94 _pthread_start + 136
17  libsystem_pthread.dylib             0x00000001983d1d34 thread_start + 8
</msg>
<msg time="2024-05-27T17:02:17.839172" level="WARN">Keyword 'Capture Page Screenshot' could not be run on failure: Message: no such window: target window already closed
from unknown error: web view not found
  (Session info: chrome=125.0.6422.113)
Stacktrace:
0   chromedriver                        0x00000001010aa510 chromedriver + 4302096
1   chromedriver                        0x00000001010a2e58 chromedriver + 4271704
2   chromedriver                        0x0000000100cd419c chromedriver + 278940
3   chromedriver                        0x0000000100caf474 chromedriver + 128116
4   chromedriver                        0x0000000100d3b394 chromedriver + 701332
5   chromedriver                        0x0000000100d4e4e4 chromedriver + 779492
6   chromedriver                        0x0000000100d0b004 chromedriver + 503812
7   chromedriver                        0x0000000100d0b9ec chromedriver + 506348
8   chromedriver                        0x0000000101072558 chromedriver + 4072792
9   chromedriver                        0x0000000101077004 chromedriver + 4091908
10  chromedriver                        0x000000010105979c chromedriver + 3970972
11  chromedriver                        0x00000001010778ec chromedriver + 4094188
12  chromedriver                        0x000000010104c71c chromedriver + 3917596
13  chromedriver                        0x0000000101094b50 chromedriver + 4213584
14  chromedriver                        0x0000000101094ccc chromedriver + 4213964
15  chromedriver                        0x00000001010a2a50 chromedriver + 4270672
16  libsystem_pthread.dylib             0x00000001983d6f94 _pthread_start + 136
17  libsystem_pthread.dylib             0x00000001983d1d34 thread_start + 8
</msg>
<msg time="2024-05-27T17:02:17.847648" level="WARN">Keyword 'Capture Page Screenshot' could not be run on failure: Message: no such window: target window already closed
from unknown error: web view not found
  (Session info: chrome=125.0.6422.113)
Stacktrace:
0   chromedriver                        0x00000001010aa510 chromedriver + 4302096
1   chromedriver                        0x00000001010a2e58 chromedriver + 4271704
2   chromedriver                        0x0000000100cd419c chromedriver + 278940
3   chromedriver                        0x0000000100caf474 chromedriver + 128116
4   chromedriver                        0x0000000100d3b394 chromedriver + 701332
5   chromedriver                        0x0000000100d4e4e4 chromedriver + 779492
6   chromedriver                        0x0000000100d0b004 chromedriver + 503812
7   chromedriver                        0x0000000100d0b9ec chromedriver + 506348
8   chromedriver                        0x0000000101072558 chromedriver + 4072792
9   chromedriver                        0x0000000101077004 chromedriver + 4091908
10  chromedriver                        0x000000010105979c chromedriver + 3970972
11  chromedriver                        0x00000001010778ec chromedriver + 4094188
12  chromedriver                        0x000000010104c71c chromedriver + 3917596
13  chromedriver                        0x0000000101094b50 chromedriver + 4213584
14  chromedriver                        0x0000000101094ccc chromedriver + 4213964
15  chromedriver                        0x00000001010a2a50 chromedriver + 4270672
16  libsystem_pthread.dylib             0x00000001983d6f94 _pthread_start + 136
17  libsystem_pthread.dylib             0x00000001983d1d34 thread_start + 8
</msg>
<msg time="2024-05-27T17:02:17.852757" level="WARN">Keyword 'Capture Page Screenshot' could not be run on failure: Message: no such window: target window already closed
from unknown error: web view not found
  (Session info: chrome=125.0.6422.113)
Stacktrace:
0   chromedriver                        0x00000001010aa510 chromedriver + 4302096
1   chromedriver                        0x00000001010a2e58 chromedriver + 4271704
2   chromedriver                        0x0000000100cd419c chromedriver + 278940
3   chromedriver                        0x0000000100caf474 chromedriver + 128116
4   chromedriver                        0x0000000100d3b394 chromedriver + 701332
5   chromedriver                        0x0000000100d4e4e4 chromedriver + 779492
6   chromedriver                        0x0000000100d0b004 chromedriver + 503812
7   chromedriver                        0x0000000100d0b9ec chromedriver + 506348
8   chromedriver                        0x0000000101072558 chromedriver + 4072792
9   chromedriver                        0x0000000101077004 chromedriver + 4091908
10  chromedriver                        0x000000010105979c chromedriver + 3970972
11  chromedriver                        0x00000001010778ec chromedriver + 4094188
12  chromedriver                        0x000000010104c71c chromedriver + 3917596
13  chromedriver                        0x0000000101094b50 chromedriver + 4213584
14  chromedriver                        0x0000000101094ccc chromedriver + 4213964
15  chromedriver                        0x00000001010a2a50 chromedriver + 4270672
16  libsystem_pthread.dylib             0x00000001983d6f94 _pthread_start + 136
17  libsystem_pthread.dylib             0x00000001983d1d34 thread_start + 8
</msg>
<msg time="2024-05-27T17:02:17.860736" level="WARN">Keyword 'Capture Page Screenshot' could not be run on failure: Message: no such window: target window already closed
from unknown error: web view not found
  (Session info: chrome=125.0.6422.113)
Stacktrace:
0   chromedriver                        0x00000001010aa510 chromedriver + 4302096
1   chromedriver                        0x00000001010a2e58 chromedriver + 4271704
2   chromedriver                        0x0000000100cd419c chromedriver + 278940
3   chromedriver                        0x0000000100caf474 chromedriver + 128116
4   chromedriver                        0x0000000100d3b394 chromedriver + 701332
5   chromedriver                        0x0000000100d4e4e4 chromedriver + 779492
6   chromedriver                        0x0000000100d0b004 chromedriver + 503812
7   chromedriver                        0x0000000100d0b9ec chromedriver + 506348
8   chromedriver                        0x0000000101072558 chromedriver + 4072792
9   chromedriver                        0x0000000101077004 chromedriver + 4091908
10  chromedriver                        0x000000010105979c chromedriver + 3970972
11  chromedriver                        0x00000001010778ec chromedriver + 4094188
12  chromedriver                        0x000000010104c71c chromedriver + 3917596
13  chromedriver                        0x0000000101094b50 chromedriver + 4213584
14  chromedriver                        0x0000000101094ccc chromedriver + 4213964
15  chromedriver                        0x00000001010a2a50 chromedriver + 4270672
16  libsystem_pthread.dylib             0x00000001983d6f94 _pthread_start + 136
17  libsystem_pthread.dylib             0x00000001983d1d34 thread_start + 8
</msg>
</errors>
</robot>
