<?xml version="1.0" encoding="UTF-8"?>
<robot generator="Robot 7.0 (Python 3.12.2 on darwin)" generated="2024-05-27T17:53:06.963233" rpa="false" schemaversion="5">
<suite id="s1" name="Automate HUi" source="/Users/tester/Desktop/Automate HUi">
<suite id="s1-s1" name="Document" source="/Users/tester/Desktop/Automate HUi/Document">
<suite id="s1-s1-s1" name="Auto Tester" source="/Users/tester/Desktop/Automate HUi/Document/Auto Tester">
<suite id="s1-s1-s1-s1" name="P'Beam" source="/Users/tester/Desktop/Automate HUi/Document/Auto Tester/P'Beam">
<suite id="s1-s1-s1-s1-s1" name="Homework3" source="/Users/tester/Desktop/Automate HUi/Document/Auto Tester/P'Beam/Homework3">
<suite id="s1-s1-s1-s1-s1-s1" name="Login&amp;Search" source="/Users/tester/Desktop/Automate HUi/Document/Auto Tester/P'Beam/Homework3/Login&amp;Search.robot">
<kw name="Set Selenium Speed" owner="SeleniumLibrary" type="SETUP">
<arg>0.4s</arg>
<doc>Sets the delay that is waited after each Selenium command.</doc>
<status status="PASS" start="2024-05-27T17:53:07.031833" elapsed="0.000187"/>
</kw>
<test id="s1-s1-s1-s1-s1-s1-t1" name="Tc01 - Search Page" line="10">
<kw name="Open Web Kru P'Beam &amp; Login" owner="Keyword" type="SETUP">
<kw name="Open Browser" owner="SeleniumLibrary">
<msg time="2024-05-27T17:53:07.033018" level="INFO">Opening browser 'chrome' to base url 'https://automate-test.stpb-digital.com/login/'.</msg>
<arg>${url}</arg>
<arg>${browser}</arg>
<doc>Opens a new browser instance to the optional ``url``.</doc>
<status status="PASS" start="2024-05-27T17:53:07.032871" elapsed="1.548063"/>
</kw>
<kw name="Wait Until Element Is Visible" owner="SeleniumLibrary">
<arg>${locator_Email}</arg>
<doc>Waits until the element ``locator`` is visible.</doc>
<status status="PASS" start="2024-05-27T17:53:08.581499" elapsed="0.825263"/>
</kw>
<kw name="Wait Until Element Is Visible" owner="SeleniumLibrary">
<arg>${locator_password}</arg>
<doc>Waits until the element ``locator`` is visible.</doc>
<status status="PASS" start="2024-05-27T17:53:09.407260" elapsed="0.830107"/>
</kw>
<kw name="Input Text" owner="SeleniumLibrary">
<msg time="2024-05-27T17:53:10.238485" level="INFO">Typing text 'user.test@krupbeam.com' into text field 'id=email'.</msg>
<arg>${locator_Email}</arg>
<arg>${email}</arg>
<doc>Types the given ``text`` into the text field identified by ``locator``.</doc>
<status status="PASS" start="2024-05-27T17:53:10.237917" elapsed="1.379426"/>
</kw>
<kw name="Input Text" owner="SeleniumLibrary">
<msg time="2024-05-27T17:53:11.619797" level="INFO">Typing text '123456789' into text field 'name=password'.</msg>
<arg>${locator_password}</arg>
<arg>${password}</arg>
<doc>Types the given ``text`` into the text field identified by ``locator``.</doc>
<status status="PASS" start="2024-05-27T17:53:11.618382" elapsed="1.282718"/>
</kw>
<kw name="Click Element" owner="SeleniumLibrary">
<msg time="2024-05-27T17:53:12.902612" level="INFO">Clicking element 'xpath=//*[@id="__next"]/div[1]/div/div/div[2]/div/div/form/div[2]/div/div/button'.</msg>
<arg>${locator_hidden_eye}</arg>
<doc>Click the element identified by ``locator``.</doc>
<status status="PASS" start="2024-05-27T17:53:12.901732" elapsed="0.865256"/>
</kw>
<kw name="Click Element" owner="SeleniumLibrary">
<msg time="2024-05-27T17:53:13.769179" level="INFO">Clicking element 'id=btn-login'.</msg>
<arg>${locator_btn_login}</arg>
<doc>Click the element identified by ``locator``.</doc>
<status status="PASS" start="2024-05-27T17:53:13.768080" elapsed="0.875875"/>
</kw>
<arg>user.test@krupbeam.com</arg>
<arg>123456789</arg>
<status status="PASS" start="2024-05-27T17:53:07.032638" elapsed="7.611569"/>
</kw>
<kw name="Check Search Select" owner="Keyword">
<if>
<branch type="IF" condition="${role} == 0">
<kw name="Click Element" owner="SeleniumLibrary">
<arg>${locator_search_select_role}</arg>
<doc>Click the element identified by ``locator``.</doc>
<status status="NOT RUN" start="2024-05-27T17:53:14.645958" elapsed="0.000100"/>
</kw>
<kw name="Wait Until Element Is Visible" owner="SeleniumLibrary">
<arg>${locator_search_role_selectrow}</arg>
<doc>Waits until the element ``locator`` is visible.</doc>
<status status="NOT RUN" start="2024-05-27T17:53:14.646191" elapsed="0.000074"/>
</kw>
<kw name="Click Element" owner="SeleniumLibrary">
<arg>${locator_search_role_selectrow}</arg>
<doc>Click the element identified by ``locator``.</doc>
<status status="NOT RUN" start="2024-05-27T17:53:14.646372" elapsed="0.000064"/>
</kw>
<status status="NOT RUN" start="2024-05-27T17:53:14.645642" elapsed="0.000852"/>
</branch>
<status status="PASS" start="2024-05-27T17:53:14.645604" elapsed="0.000946"/>
</if>
<if>
<branch type="IF" condition="${role} == 1">
<kw name="Click Element" owner="SeleniumLibrary">
<msg time="2024-05-27T17:53:14.647027" level="INFO">Clicking element 'id=select-role'.</msg>
<arg>${locator_search_select_role}</arg>
<doc>Click the element identified by ``locator``.</doc>
<status status="PASS" start="2024-05-27T17:53:14.646789" elapsed="0.859070"/>
</kw>
<kw name="Wait Until Element Is Visible" owner="SeleniumLibrary">
<arg>${locator_search_role_admin}</arg>
<doc>Waits until the element ``locator`` is visible.</doc>
<status status="PASS" start="2024-05-27T17:53:15.506673" elapsed="0.836283"/>
</kw>
<kw name="Click Element" owner="SeleniumLibrary">
<msg time="2024-05-27T17:53:16.343747" level="INFO">Clicking element 'xpath=//*[@id="option-select-role-1"]'.</msg>
<arg>${locator_search_role_admin}</arg>
<doc>Click the element identified by ``locator``.</doc>
<status status="PASS" start="2024-05-27T17:53:16.343287" elapsed="0.869334"/>
</kw>
<status status="PASS" start="2024-05-27T17:53:14.646614" elapsed="2.566302"/>
</branch>
<branch type="ELSE IF" condition="${role} == 2">
<kw name="Click Element" owner="SeleniumLibrary">
<arg>${locator_search_select_role}</arg>
<doc>Click the element identified by ``locator``.</doc>
<status status="NOT RUN" start="2024-05-27T17:53:17.213572" elapsed="0.000141"/>
</kw>
<kw name="Wait Until Element Is Visible" owner="SeleniumLibrary">
<arg>${locator_search_role_author}</arg>
<doc>Waits until the element ``locator`` is visible.</doc>
<status status="NOT RUN" start="2024-05-27T17:53:17.213871" elapsed="0.000094"/>
</kw>
<kw name="Click Element" owner="SeleniumLibrary">
<arg>${locator_search_role_author}</arg>
<doc>Click the element identified by ``locator``.</doc>
<status status="NOT RUN" start="2024-05-27T17:53:17.214091" elapsed="0.000085"/>
</kw>
<status status="NOT RUN" start="2024-05-27T17:53:17.213028" elapsed="0.001215"/>
</branch>
<branch type="ELSE IF" condition="${role} == 3">
<kw name="Click Element" owner="SeleniumLibrary">
<arg>${locator_search_select_role}</arg>
<doc>Click the element identified by ``locator``.</doc>
<status status="NOT RUN" start="2024-05-27T17:53:17.214684" elapsed="0.000130"/>
</kw>
<kw name="Wait Until Element Is Visible" owner="SeleniumLibrary">
<arg>${locator_search_role_editor}</arg>
<doc>Waits until the element ``locator`` is visible.</doc>
<status status="NOT RUN" start="2024-05-27T17:53:17.214954" elapsed="0.000092"/>
</kw>
<kw name="Click Element" owner="SeleniumLibrary">
<arg>${locator_search_role_editor}</arg>
<doc>Click the element identified by ``locator``.</doc>
<status status="NOT RUN" start="2024-05-27T17:53:17.215169" elapsed="0.000093"/>
</kw>
<status status="NOT RUN" start="2024-05-27T17:53:17.214298" elapsed="0.001030"/>
</branch>
<branch type="ELSE IF" condition="${role} == 4">
<kw name="Click Element" owner="SeleniumLibrary">
<arg>${locator_search_select_role}</arg>
<doc>Click the element identified by ``locator``.</doc>
<status status="NOT RUN" start="2024-05-27T17:53:17.215501" elapsed="0.000076"/>
</kw>
<kw name="Wait Until Element Is Visible" owner="SeleniumLibrary">
<arg>${locator_search_role_maintainer}</arg>
<doc>Waits until the element ``locator`` is visible.</doc>
<status status="NOT RUN" start="2024-05-27T17:53:17.215887" elapsed="0.000305"/>
</kw>
<kw name="Click Element" owner="SeleniumLibrary">
<arg>${locator_search_role_maintainer}</arg>
<doc>Click the element identified by ``locator``.</doc>
<status status="NOT RUN" start="2024-05-27T17:53:17.216385" elapsed="0.000117"/>
</kw>
<status status="NOT RUN" start="2024-05-27T17:53:17.215379" elapsed="0.001635"/>
</branch>
<branch type="ELSE IF" condition="${role} == 5">
<kw name="Click Element" owner="SeleniumLibrary">
<arg>${locator_search_select_role}</arg>
<doc>Click the element identified by ``locator``.</doc>
<status status="NOT RUN" start="2024-05-27T17:53:17.217295" elapsed="0.000107"/>
</kw>
<kw name="Wait Until Element Is Visible" owner="SeleniumLibrary">
<arg>${locator_search_role_subscriber}</arg>
<doc>Waits until the element ``locator`` is visible.</doc>
<status status="NOT RUN" start="2024-05-27T17:53:17.217559" elapsed="0.000105"/>
</kw>
<kw name="Click Element" owner="SeleniumLibrary">
<arg>${locator_search_role_subscriber}</arg>
<doc>Click the element identified by ``locator``.</doc>
<status status="NOT RUN" start="2024-05-27T17:53:17.217821" elapsed="0.000112"/>
</kw>
<status status="NOT RUN" start="2024-05-27T17:53:17.217118" elapsed="0.000908"/>
</branch>
<status status="PASS" start="2024-05-27T17:53:14.646596" elapsed="2.571499"/>
</if>
<if>
<branch type="IF" condition="${plan} == 0">
<kw name="Click Element" owner="SeleniumLibrary">
<msg time="2024-05-27T17:53:17.219316" level="INFO">Clicking element 'id=select-plan'.</msg>
<arg>${locator_search_select_plan}</arg>
<doc>Click the element identified by ``locator``.</doc>
<status status="PASS" start="2024-05-27T17:53:17.218747" elapsed="0.846040"/>
</kw>
<kw name="Wait Until Element Is Visible" owner="SeleniumLibrary">
<arg>${locator_search_plan_selectrow}</arg>
<doc>Waits until the element ``locator`` is visible.</doc>
<status status="PASS" start="2024-05-27T17:53:18.065032" elapsed="0.825619"/>
</kw>
<kw name="Click Element" owner="SeleniumLibrary">
<msg time="2024-05-27T17:53:18.892169" level="INFO">Clicking element 'xpath=//*[@id="option-select-plan-0"]'.</msg>
<arg>${locator_search_plan_selectrow}</arg>
<doc>Click the element identified by ``locator``.</doc>
<status status="PASS" start="2024-05-27T17:53:18.891207" elapsed="0.853330"/>
</kw>
<status status="PASS" start="2024-05-27T17:53:17.218234" elapsed="2.526936"/>
</branch>
<status status="PASS" start="2024-05-27T17:53:17.218208" elapsed="2.527203"/>
</if>
<if>
<branch type="IF" condition="${plan} == 1">
<kw name="Click Element" owner="SeleniumLibrary">
<arg>${locator_search_select_plan}</arg>
<doc>Click the element identified by ``locator``.</doc>
<status status="NOT RUN" start="2024-05-27T17:53:19.746837" elapsed="0.000274"/>
</kw>
<kw name="Wait Until Element Is Visible" owner="SeleniumLibrary">
<arg>${locator_search_plan_basic}</arg>
<doc>Waits until the element ``locator`` is visible.</doc>
<status status="NOT RUN" start="2024-05-27T17:53:19.747306" elapsed="0.000114"/>
</kw>
<kw name="Click Element" owner="SeleniumLibrary">
<arg>${locator_search_plan_basic}</arg>
<doc>Click the element identified by ``locator``.</doc>
<status status="NOT RUN" start="2024-05-27T17:53:19.747573" elapsed="0.000099"/>
</kw>
<status status="NOT RUN" start="2024-05-27T17:53:19.745685" elapsed="0.002076"/>
</branch>
<branch type="ELSE IF" condition="${plan} == 2">
<kw name="Click Element" owner="SeleniumLibrary">
<arg>${locator_search_select_plan}</arg>
<doc>Click the element identified by ``locator``.</doc>
<status status="NOT RUN" start="2024-05-27T17:53:19.748133" elapsed="0.000106"/>
</kw>
<kw name="Wait Until Element Is Visible" owner="SeleniumLibrary">
<arg>${locator_search_plan_company}</arg>
<doc>Waits until the element ``locator`` is visible.</doc>
<status status="NOT RUN" start="2024-05-27T17:53:19.748392" elapsed="0.000098"/>
</kw>
<kw name="Click Element" owner="SeleniumLibrary">
<arg>${locator_search_plan_company}</arg>
<doc>Click the element identified by ``locator``.</doc>
<status status="NOT RUN" start="2024-05-27T17:53:19.748632" elapsed="0.000096"/>
</kw>
<status status="NOT RUN" start="2024-05-27T17:53:19.747829" elapsed="0.000980"/>
</branch>
<branch type="ELSE IF" condition="${plan} == 3">
<kw name="Click Element" owner="SeleniumLibrary">
<arg>${locator_search_select_plan}</arg>
<doc>Click the element identified by ``locator``.</doc>
<status status="NOT RUN" start="2024-05-27T17:53:19.749124" elapsed="0.000099"/>
</kw>
<kw name="Wait Until Element Is Visible" owner="SeleniumLibrary">
<arg>${locator_search_plan_enterprise}</arg>
<doc>Waits until the element ``locator`` is visible.</doc>
<status status="NOT RUN" start="2024-05-27T17:53:19.749365" elapsed="0.000092"/>
</kw>
<kw name="Click Element" owner="SeleniumLibrary">
<arg>${locator_search_plan_enterprise}</arg>
<doc>Click the element identified by ``locator``.</doc>
<status status="NOT RUN" start="2024-05-27T17:53:19.749645" elapsed="0.000096"/>
</kw>
<status status="NOT RUN" start="2024-05-27T17:53:19.748871" elapsed="0.000949"/>
</branch>
<branch type="ELSE IF" condition="${plan} == 4">
<kw name="Click Element" owner="SeleniumLibrary">
<arg>${locator_search_select_plan}</arg>
<doc>Click the element identified by ``locator``.</doc>
<status status="NOT RUN" start="2024-05-27T17:53:19.750104" elapsed="0.000105"/>
</kw>
<kw name="Wait Until Element Is Visible" owner="SeleniumLibrary">
<arg>${locator_search_plan_team}</arg>
<doc>Waits until the element ``locator`` is visible.</doc>
<status status="NOT RUN" start="2024-05-27T17:53:19.750333" elapsed="0.000087"/>
</kw>
<kw name="Click Element" owner="SeleniumLibrary">
<arg>${locator_search_plan_team}</arg>
<doc>Click the element identified by ``locator``.</doc>
<status status="NOT RUN" start="2024-05-27T17:53:19.750545" elapsed="0.000080"/>
</kw>
<status status="NOT RUN" start="2024-05-27T17:53:19.749880" elapsed="0.000879"/>
</branch>
<status status="PASS" start="2024-05-27T17:53:19.745589" elapsed="0.005226"/>
</if>
<if>
<branch type="IF" condition="${status} == 0">
<kw name="Click Element" owner="SeleniumLibrary">
<msg time="2024-05-27T17:53:19.751911" level="INFO">Clicking element 'id=select-status'.</msg>
<arg>${locator_search_select_status}</arg>
<doc>Click the element identified by ``locator``.</doc>
<status status="PASS" start="2024-05-27T17:53:19.751474" elapsed="0.862073"/>
</kw>
<kw name="Wait Until Element Is Visible" owner="SeleniumLibrary">
<arg>${locator_search_status_selectrow}</arg>
<doc>Waits until the element ``locator`` is visible.</doc>
<status status="PASS" start="2024-05-27T17:53:20.614293" elapsed="0.836778"/>
</kw>
<kw name="Click Element" owner="SeleniumLibrary">
<msg time="2024-05-27T17:53:21.452653" level="INFO">Clicking element 'xpath=//*[@id="option-select-status-0"]'.</msg>
<arg>${locator_search_status_selectrow}</arg>
<doc>Click the element identified by ``locator``.</doc>
<status status="PASS" start="2024-05-27T17:53:21.451598" elapsed="0.854063"/>
</kw>
<status status="PASS" start="2024-05-27T17:53:19.751132" elapsed="2.554764"/>
</branch>
<status status="PASS" start="2024-05-27T17:53:19.751100" elapsed="2.554874"/>
</if>
<if>
<branch type="IF" condition="${status} == 1">
<kw name="Click Element" owner="SeleniumLibrary">
<arg>${locator_search_select_status}</arg>
<doc>Click the element identified by ``locator``.</doc>
<status status="NOT RUN" start="2024-05-27T17:53:22.306505" elapsed="0.000111"/>
</kw>
<kw name="Wait Until Element Is Visible" owner="SeleniumLibrary">
<arg>${locator_search_status_pending}</arg>
<doc>Waits until the element ``locator`` is visible.</doc>
<status status="NOT RUN" start="2024-05-27T17:53:22.306752" elapsed="0.000079"/>
</kw>
<kw name="Click Element" owner="SeleniumLibrary">
<arg>${locator_search_status_pending}</arg>
<doc>Click the element identified by ``locator``.</doc>
<status status="NOT RUN" start="2024-05-27T17:53:22.306940" elapsed="0.000065"/>
</kw>
<status status="NOT RUN" start="2024-05-27T17:53:22.306082" elapsed="0.000980"/>
</branch>
<branch type="ELSE IF" condition="${status} == 2">
<kw name="Click Element" owner="SeleniumLibrary">
<arg>${locator_search_select_status}</arg>
<doc>Click the element identified by ``locator``.</doc>
<status status="NOT RUN" start="2024-05-27T17:53:22.307295" elapsed="0.000073"/>
</kw>
<kw name="Wait Until Element Is Visible" owner="SeleniumLibrary">
<arg>${locator_search_status_active}</arg>
<doc>Waits until the element ``locator`` is visible.</doc>
<status status="NOT RUN" start="2024-05-27T17:53:22.307470" elapsed="0.000147"/>
</kw>
<kw name="Click Element" owner="SeleniumLibrary">
<arg>${locator_search_status_active}</arg>
<doc>Click the element identified by ``locator``.</doc>
<status status="NOT RUN" start="2024-05-27T17:53:22.307727" elapsed="0.000072"/>
</kw>
<status status="NOT RUN" start="2024-05-27T17:53:22.307107" elapsed="0.000750"/>
</branch>
<branch type="ELSE IF" condition="${status} == 3">
<kw name="Click Element" owner="SeleniumLibrary">
<arg>${locator_search_select_status}</arg>
<doc>Click the element identified by ``locator``.</doc>
<status status="NOT RUN" start="2024-05-27T17:53:22.308063" elapsed="0.000067"/>
</kw>
<kw name="Wait Until Element Is Visible" owner="SeleniumLibrary">
<arg>${locator_search_status_inactive}</arg>
<doc>Waits until the element ``locator`` is visible.</doc>
<status status="NOT RUN" start="2024-05-27T17:53:22.308231" elapsed="0.000069"/>
</kw>
<kw name="Click Element" owner="SeleniumLibrary">
<arg>${locator_search_status_inactive}</arg>
<doc>Click the element identified by ``locator``.</doc>
<status status="NOT RUN" start="2024-05-27T17:53:22.308403" elapsed="0.000064"/>
</kw>
<status status="NOT RUN" start="2024-05-27T17:53:22.307901" elapsed="0.000626"/>
</branch>
<status status="PASS" start="2024-05-27T17:53:22.306048" elapsed="0.002523"/>
</if>
<kw name="Click Element" owner="SeleniumLibrary">
<msg time="2024-05-27T17:53:22.308936" level="INFO">Clicking element 'id=btn-search'.</msg>
<arg>${locator_search_btn_search}</arg>
<doc>Click the element identified by ``locator``.</doc>
<status status="PASS" start="2024-05-27T17:53:22.308646" elapsed="0.901963"/>
</kw>
<kw name="Wait Until Element Is Visible" owner="SeleniumLibrary">
<arg>${locator_table}</arg>
<doc>Waits until the element ``locator`` is visible.</doc>
<status status="PASS" start="2024-05-27T17:53:23.210905" elapsed="0.828140"/>
</kw>
<kw name="Check result Search" owner="Keyword">
<kw name="Wait Until Element Contains" owner="SeleniumLibrary">
<arg>${locator}</arg>
<arg>${msg}</arg>
<doc>Waits until the element ``locator`` contains ``text``.</doc>
<status status="PASS" start="2024-05-27T17:53:24.041818" elapsed="0.844829"/>
</kw>
<arg>${table}</arg>
<arg>${msg}</arg>
<status status="PASS" start="2024-05-27T17:53:24.040781" elapsed="0.846392"/>
</kw>
<arg>1</arg>
<arg>0</arg>
<arg>0</arg>
<arg>${locator_table}</arg>
<arg>Admin</arg>
<status status="PASS" start="2024-05-27T17:53:14.645045" elapsed="10.242380"/>
</kw>
<kw name="Check Search Select" owner="Keyword">
<if>
<branch type="IF" condition="${role} == 0">
<kw name="Click Element" owner="SeleniumLibrary">
<arg>${locator_search_select_role}</arg>
<doc>Click the element identified by ``locator``.</doc>
<status status="NOT RUN" start="2024-05-27T17:53:24.890263" elapsed="0.000144"/>
</kw>
<kw name="Wait Until Element Is Visible" owner="SeleniumLibrary">
<arg>${locator_search_role_selectrow}</arg>
<doc>Waits until the element ``locator`` is visible.</doc>
<status status="NOT RUN" start="2024-05-27T17:53:24.890597" elapsed="0.000119"/>
</kw>
<kw name="Click Element" owner="SeleniumLibrary">
<arg>${locator_search_role_selectrow}</arg>
<doc>Click the element identified by ``locator``.</doc>
<status status="NOT RUN" start="2024-05-27T17:53:24.890880" elapsed="0.000105"/>
</kw>
<status status="NOT RUN" start="2024-05-27T17:53:24.889767" elapsed="0.001331"/>
</branch>
<status status="PASS" start="2024-05-27T17:53:24.889718" elapsed="0.001464"/>
</if>
<if>
<branch type="IF" condition="${role} == 1">
<kw name="Click Element" owner="SeleniumLibrary">
<arg>${locator_search_select_role}</arg>
<doc>Click the element identified by ``locator``.</doc>
<status status="NOT RUN" start="2024-05-27T17:53:24.891554" elapsed="0.000109"/>
</kw>
<kw name="Wait Until Element Is Visible" owner="SeleniumLibrary">
<arg>${locator_search_role_admin}</arg>
<doc>Waits until the element ``locator`` is visible.</doc>
<status status="NOT RUN" start="2024-05-27T17:53:24.891823" elapsed="0.000103"/>
</kw>
<kw name="Click Element" owner="SeleniumLibrary">
<arg>${locator_search_role_admin}</arg>
<doc>Click the element identified by ``locator``.</doc>
<status status="NOT RUN" start="2024-05-27T17:53:24.892077" elapsed="0.000099"/>
</kw>
<status status="NOT RUN" start="2024-05-27T17:53:24.891270" elapsed="0.000994"/>
</branch>
<branch type="ELSE IF" condition="${role} == 2">
<kw name="Click Element" owner="SeleniumLibrary">
<msg time="2024-05-27T17:53:24.893031" level="INFO">Clicking element 'id=select-role'.</msg>
<arg>${locator_search_select_role}</arg>
<doc>Click the element identified by ``locator``.</doc>
<status status="PASS" start="2024-05-27T17:53:24.892564" elapsed="0.858881"/>
</kw>
<kw name="Wait Until Element Is Visible" owner="SeleniumLibrary">
<arg>${locator_search_role_author}</arg>
<doc>Waits until the element ``locator`` is visible.</doc>
<status status="PASS" start="2024-05-27T17:53:25.752064" elapsed="0.837698"/>
</kw>
<kw name="Click Element" owner="SeleniumLibrary">
<msg time="2024-05-27T17:53:26.591753" level="INFO">Clicking element 'xpath=//*[@id="option-select-role-2"]'.</msg>
<arg>${locator_search_role_author}</arg>
<doc>Click the element identified by ``locator``.</doc>
<status status="PASS" start="2024-05-27T17:53:26.590598" elapsed="0.875857"/>
</kw>
<status status="PASS" start="2024-05-27T17:53:24.892328" elapsed="2.574567"/>
</branch>
<branch type="ELSE IF" condition="${role} == 3">
<kw name="Click Element" owner="SeleniumLibrary">
<arg>${locator_search_select_role}</arg>
<doc>Click the element identified by ``locator``.</doc>
<status status="NOT RUN" start="2024-05-27T17:53:27.467653" elapsed="0.000197"/>
</kw>
<kw name="Wait Until Element Is Visible" owner="SeleniumLibrary">
<arg>${locator_search_role_editor}</arg>
<doc>Waits until the element ``locator`` is visible.</doc>
<status status="NOT RUN" start="2024-05-27T17:53:27.468159" elapsed="0.000134"/>
</kw>
<kw name="Click Element" owner="SeleniumLibrary">
<arg>${locator_search_role_editor}</arg>
<doc>Click the element identified by ``locator``.</doc>
<status status="NOT RUN" start="2024-05-27T17:53:27.468447" elapsed="0.000099"/>
</kw>
<status status="NOT RUN" start="2024-05-27T17:53:27.467044" elapsed="0.001590"/>
</branch>
<branch type="ELSE IF" condition="${role} == 4">
<kw name="Click Element" owner="SeleniumLibrary">
<arg>${locator_search_select_role}</arg>
<doc>Click the element identified by ``locator``.</doc>
<status status="NOT RUN" start="2024-05-27T17:53:27.468854" elapsed="0.000084"/>
</kw>
<kw name="Wait Until Element Is Visible" owner="SeleniumLibrary">
<arg>${locator_search_role_maintainer}</arg>
<doc>Waits until the element ``locator`` is visible.</doc>
<status status="NOT RUN" start="2024-05-27T17:53:27.469063" elapsed="0.000081"/>
</kw>
<kw name="Click Element" owner="SeleniumLibrary">
<arg>${locator_search_role_maintainer}</arg>
<doc>Click the element identified by ``locator``.</doc>
<status status="NOT RUN" start="2024-05-27T17:53:27.469267" elapsed="0.000078"/>
</kw>
<status status="NOT RUN" start="2024-05-27T17:53:27.468708" elapsed="0.000706"/>
</branch>
<branch type="ELSE IF" condition="${role} == 5">
<kw name="Click Element" owner="SeleniumLibrary">
<arg>${locator_search_select_role}</arg>
<doc>Click the element identified by ``locator``.</doc>
<status status="NOT RUN" start="2024-05-27T17:53:27.469597" elapsed="0.000078"/>
</kw>
<kw name="Wait Until Element Is Visible" owner="SeleniumLibrary">
<arg>${locator_search_role_subscriber}</arg>
<doc>Waits until the element ``locator`` is visible.</doc>
<status status="NOT RUN" start="2024-05-27T17:53:27.469795" elapsed="0.000077"/>
</kw>
<kw name="Click Element" owner="SeleniumLibrary">
<arg>${locator_search_role_subscriber}</arg>
<doc>Click the element identified by ``locator``.</doc>
<status status="NOT RUN" start="2024-05-27T17:53:27.470000" elapsed="0.000081"/>
</kw>
<status status="NOT RUN" start="2024-05-27T17:53:27.469472" elapsed="0.000678"/>
</branch>
<status status="PASS" start="2024-05-27T17:53:24.891249" elapsed="2.579908"/>
</if>
<if>
<branch type="IF" condition="${plan} == 0">
<kw name="Click Element" owner="SeleniumLibrary">
<msg time="2024-05-27T17:53:27.472242" level="INFO">Clicking element 'id=select-plan'.</msg>
<arg>${locator_search_select_plan}</arg>
<doc>Click the element identified by ``locator``.</doc>
<status status="PASS" start="2024-05-27T17:53:27.471737" elapsed="0.854598"/>
</kw>
<kw name="Wait Until Element Is Visible" owner="SeleniumLibrary">
<arg>${locator_search_plan_selectrow}</arg>
<doc>Waits until the element ``locator`` is visible.</doc>
<status status="PASS" start="2024-05-27T17:53:28.327370" elapsed="0.833883"/>
</kw>
<kw name="Click Element" owner="SeleniumLibrary">
<msg time="2024-05-27T17:53:29.163247" level="INFO">Clicking element 'xpath=//*[@id="option-select-plan-0"]'.</msg>
<arg>${locator_search_plan_selectrow}</arg>
<doc>Click the element identified by ``locator``.</doc>
<status status="PASS" start="2024-05-27T17:53:29.162146" elapsed="0.857261"/>
</kw>
<status status="PASS" start="2024-05-27T17:53:27.471284" elapsed="2.548478"/>
</branch>
<status status="PASS" start="2024-05-27T17:53:27.471261" elapsed="2.548629"/>
</if>
<if>
<branch type="IF" condition="${plan} == 1">
<kw name="Click Element" owner="SeleniumLibrary">
<arg>${locator_search_select_plan}</arg>
<doc>Click the element identified by ``locator``.</doc>
<status status="NOT RUN" start="2024-05-27T17:53:30.020599" elapsed="0.000158"/>
</kw>
<kw name="Wait Until Element Is Visible" owner="SeleniumLibrary">
<arg>${locator_search_plan_basic}</arg>
<doc>Waits until the element ``locator`` is visible.</doc>
<status status="NOT RUN" start="2024-05-27T17:53:30.020933" elapsed="0.000104"/>
</kw>
<kw name="Click Element" owner="SeleniumLibrary">
<arg>${locator_search_plan_basic}</arg>
<doc>Click the element identified by ``locator``.</doc>
<status status="NOT RUN" start="2024-05-27T17:53:30.021183" elapsed="0.000096"/>
</kw>
<status status="NOT RUN" start="2024-05-27T17:53:30.020021" elapsed="0.001340"/>
</branch>
<branch type="ELSE IF" condition="${plan} == 2">
<kw name="Click Element" owner="SeleniumLibrary">
<arg>${locator_search_select_plan}</arg>
<doc>Click the element identified by ``locator``.</doc>
<status status="NOT RUN" start="2024-05-27T17:53:30.021676" elapsed="0.000094"/>
</kw>
<kw name="Wait Until Element Is Visible" owner="SeleniumLibrary">
<arg>${locator_search_plan_company}</arg>
<doc>Waits until the element ``locator`` is visible.</doc>
<status status="NOT RUN" start="2024-05-27T17:53:30.021910" elapsed="0.000088"/>
</kw>
<kw name="Click Element" owner="SeleniumLibrary">
<arg>${locator_search_plan_company}</arg>
<doc>Click the element identified by ``locator``.</doc>
<status status="NOT RUN" start="2024-05-27T17:53:30.022140" elapsed="0.000090"/>
</kw>
<status status="NOT RUN" start="2024-05-27T17:53:30.021424" elapsed="0.000884"/>
</branch>
<branch type="ELSE IF" condition="${plan} == 3">
<kw name="Click Element" owner="SeleniumLibrary">
<arg>${locator_search_select_plan}</arg>
<doc>Click the element identified by ``locator``.</doc>
<status status="NOT RUN" start="2024-05-27T17:53:30.022571" elapsed="0.000100"/>
</kw>
<kw name="Wait Until Element Is Visible" owner="SeleniumLibrary">
<arg>${locator_search_plan_enterprise}</arg>
<doc>Waits until the element ``locator`` is visible.</doc>
<status status="NOT RUN" start="2024-05-27T17:53:30.022857" elapsed="0.000119"/>
</kw>
<kw name="Click Element" owner="SeleniumLibrary">
<arg>${locator_search_plan_enterprise}</arg>
<doc>Click the element identified by ``locator``.</doc>
<status status="NOT RUN" start="2024-05-27T17:53:30.023116" elapsed="0.000091"/>
</kw>
<status status="NOT RUN" start="2024-05-27T17:53:30.022364" elapsed="0.000929"/>
</branch>
<branch type="ELSE IF" condition="${plan} == 4">
<kw name="Click Element" owner="SeleniumLibrary">
<arg>${locator_search_select_plan}</arg>
<doc>Click the element identified by ``locator``.</doc>
<status status="NOT RUN" start="2024-05-27T17:53:30.023585" elapsed="0.000096"/>
</kw>
<kw name="Wait Until Element Is Visible" owner="SeleniumLibrary">
<arg>${locator_search_plan_team}</arg>
<doc>Waits until the element ``locator`` is visible.</doc>
<status status="NOT RUN" start="2024-05-27T17:53:30.023807" elapsed="0.000084"/>
</kw>
<kw name="Click Element" owner="SeleniumLibrary">
<arg>${locator_search_plan_team}</arg>
<doc>Click the element identified by ``locator``.</doc>
<status status="NOT RUN" start="2024-05-27T17:53:30.024014" elapsed="0.000080"/>
</kw>
<status status="NOT RUN" start="2024-05-27T17:53:30.023350" elapsed="0.000814"/>
</branch>
<status status="PASS" start="2024-05-27T17:53:30.019985" elapsed="0.004230"/>
</if>
<if>
<branch type="IF" condition="${status} == 0">
<kw name="Click Element" owner="SeleniumLibrary">
<msg time="2024-05-27T17:53:30.025404" level="INFO">Clicking element 'id=select-status'.</msg>
<arg>${locator_search_select_status}</arg>
<doc>Click the element identified by ``locator``.</doc>
<status status="PASS" start="2024-05-27T17:53:30.024812" elapsed="0.867063"/>
</kw>
<kw name="Wait Until Element Is Visible" owner="SeleniumLibrary">
<arg>${locator_search_status_selectrow}</arg>
<doc>Waits until the element ``locator`` is visible.</doc>
<status status="PASS" start="2024-05-27T17:53:30.892773" elapsed="0.832009"/>
</kw>
<kw name="Click Element" owner="SeleniumLibrary">
<msg time="2024-05-27T17:53:31.726935" level="INFO">Clicking element 'xpath=//*[@id="option-select-status-0"]'.</msg>
<arg>${locator_search_status_selectrow}</arg>
<doc>Click the element identified by ``locator``.</doc>
<status status="PASS" start="2024-05-27T17:53:31.725745" elapsed="0.868901"/>
</kw>
<status status="PASS" start="2024-05-27T17:53:30.024292" elapsed="2.570761"/>
</branch>
<status status="PASS" start="2024-05-27T17:53:30.024274" elapsed="2.570877"/>
</if>
<if>
<branch type="IF" condition="${status} == 1">
<kw name="Click Element" owner="SeleniumLibrary">
<arg>${locator_search_select_status}</arg>
<doc>Click the element identified by ``locator``.</doc>
<status status="NOT RUN" start="2024-05-27T17:53:32.596246" elapsed="0.000184"/>
</kw>
<kw name="Wait Until Element Is Visible" owner="SeleniumLibrary">
<arg>${locator_search_status_pending}</arg>
<doc>Waits until the element ``locator`` is visible.</doc>
<status status="NOT RUN" start="2024-05-27T17:53:32.596677" elapsed="0.000167"/>
</kw>
<kw name="Click Element" owner="SeleniumLibrary">
<arg>${locator_search_status_pending}</arg>
<doc>Click the element identified by ``locator``.</doc>
<status status="NOT RUN" start="2024-05-27T17:53:32.597163" elapsed="0.000107"/>
</kw>
<status status="NOT RUN" start="2024-05-27T17:53:32.595270" elapsed="0.002081"/>
</branch>
<branch type="ELSE IF" condition="${status} == 2">
<kw name="Click Element" owner="SeleniumLibrary">
<arg>${locator_search_select_status}</arg>
<doc>Click the element identified by ``locator``.</doc>
<status status="NOT RUN" start="2024-05-27T17:53:32.597655" elapsed="0.000077"/>
</kw>
<kw name="Wait Until Element Is Visible" owner="SeleniumLibrary">
<arg>${locator_search_status_active}</arg>
<doc>Waits until the element ``locator`` is visible.</doc>
<status status="NOT RUN" start="2024-05-27T17:53:32.597846" elapsed="0.000067"/>
</kw>
<kw name="Click Element" owner="SeleniumLibrary">
<arg>${locator_search_status_active}</arg>
<doc>Click the element identified by ``locator``.</doc>
<status status="NOT RUN" start="2024-05-27T17:53:32.598016" elapsed="0.000066"/>
</kw>
<status status="NOT RUN" start="2024-05-27T17:53:32.597405" elapsed="0.000736"/>
</branch>
<branch type="ELSE IF" condition="${status} == 3">
<kw name="Click Element" owner="SeleniumLibrary">
<arg>${locator_search_select_status}</arg>
<doc>Click the element identified by ``locator``.</doc>
<status status="NOT RUN" start="2024-05-27T17:53:32.598364" elapsed="0.000071"/>
</kw>
<kw name="Wait Until Element Is Visible" owner="SeleniumLibrary">
<arg>${locator_search_status_inactive}</arg>
<doc>Waits until the element ``locator`` is visible.</doc>
<status status="NOT RUN" start="2024-05-27T17:53:32.598540" elapsed="0.000066"/>
</kw>
<kw name="Click Element" owner="SeleniumLibrary">
<arg>${locator_search_status_inactive}</arg>
<doc>Click the element identified by ``locator``.</doc>
<status status="NOT RUN" start="2024-05-27T17:53:32.598851" elapsed="0.000361"/>
</kw>
<status status="NOT RUN" start="2024-05-27T17:53:32.598185" elapsed="0.001125"/>
</branch>
<status status="PASS" start="2024-05-27T17:53:32.595239" elapsed="0.004125"/>
</if>
<kw name="Click Element" owner="SeleniumLibrary">
<msg time="2024-05-27T17:53:32.599846" level="INFO">Clicking element 'id=btn-search'.</msg>
<arg>${locator_search_btn_search}</arg>
<doc>Click the element identified by ``locator``.</doc>
<status status="PASS" start="2024-05-27T17:53:32.599466" elapsed="0.876862"/>
</kw>
<kw name="Wait Until Element Is Visible" owner="SeleniumLibrary">
<arg>${locator_table}</arg>
<doc>Waits until the element ``locator`` is visible.</doc>
<status status="PASS" start="2024-05-27T17:53:33.477216" elapsed="0.838211"/>
</kw>
<kw name="Check result Search" owner="Keyword">
<kw name="Wait Until Element Contains" owner="SeleniumLibrary">
<arg>${locator}</arg>
<arg>${msg}</arg>
<doc>Waits until the element ``locator`` contains ``text``.</doc>
<status status="PASS" start="2024-05-27T17:53:34.317478" elapsed="0.838763"/>
</kw>
<arg>${table}</arg>
<arg>${msg}</arg>
<status status="PASS" start="2024-05-27T17:53:34.316265" elapsed="0.840445"/>
</kw>
<arg>2</arg>
<arg>0</arg>
<arg>0</arg>
<arg>${locator_table}</arg>
<arg>Author</arg>
<status status="PASS" start="2024-05-27T17:53:24.888646" elapsed="10.268231"/>
</kw>
<kw name="Check Search Select" owner="Keyword">
<if>
<branch type="IF" condition="${role} == 0">
<kw name="Click Element" owner="SeleniumLibrary">
<arg>${locator_search_select_role}</arg>
<doc>Click the element identified by ``locator``.</doc>
<status status="NOT RUN" start="2024-05-27T17:53:35.159237" elapsed="0.000143"/>
</kw>
<kw name="Wait Until Element Is Visible" owner="SeleniumLibrary">
<arg>${locator_search_role_selectrow}</arg>
<doc>Waits until the element ``locator`` is visible.</doc>
<status status="NOT RUN" start="2024-05-27T17:53:35.159572" elapsed="0.000110"/>
</kw>
<kw name="Click Element" owner="SeleniumLibrary">
<arg>${locator_search_role_selectrow}</arg>
<doc>Click the element identified by ``locator``.</doc>
<status status="NOT RUN" start="2024-05-27T17:53:35.159845" elapsed="0.000108"/>
</kw>
<status status="NOT RUN" start="2024-05-27T17:53:35.158821" elapsed="0.001228"/>
</branch>
<status status="PASS" start="2024-05-27T17:53:35.158761" elapsed="0.001373"/>
</if>
<if>
<branch type="IF" condition="${role} == 1">
<kw name="Click Element" owner="SeleniumLibrary">
<arg>${locator_search_select_role}</arg>
<doc>Click the element identified by ``locator``.</doc>
<status status="NOT RUN" start="2024-05-27T17:53:35.160472" elapsed="0.000105"/>
</kw>
<kw name="Wait Until Element Is Visible" owner="SeleniumLibrary">
<arg>${locator_search_role_admin}</arg>
<doc>Waits until the element ``locator`` is visible.</doc>
<status status="NOT RUN" start="2024-05-27T17:53:35.160732" elapsed="0.000101"/>
</kw>
<kw name="Click Element" owner="SeleniumLibrary">
<arg>${locator_search_role_admin}</arg>
<doc>Click the element identified by ``locator``.</doc>
<status status="NOT RUN" start="2024-05-27T17:53:35.160985" elapsed="0.000101"/>
</kw>
<status status="NOT RUN" start="2024-05-27T17:53:35.160223" elapsed="0.000952"/>
</branch>
<branch type="ELSE IF" condition="${role} == 2">
<kw name="Click Element" owner="SeleniumLibrary">
<arg>${locator_search_select_role}</arg>
<doc>Click the element identified by ``locator``.</doc>
<status status="NOT RUN" start="2024-05-27T17:53:35.161459" elapsed="0.000105"/>
</kw>
<kw name="Wait Until Element Is Visible" owner="SeleniumLibrary">
<arg>${locator_search_role_author}</arg>
<doc>Waits until the element ``locator`` is visible.</doc>
<status status="NOT RUN" start="2024-05-27T17:53:35.161717" elapsed="0.000102"/>
</kw>
<kw name="Click Element" owner="SeleniumLibrary">
<arg>${locator_search_role_author}</arg>
<doc>Click the element identified by ``locator``.</doc>
<status status="NOT RUN" start="2024-05-27T17:53:35.161985" elapsed="0.000098"/>
</kw>
<status status="NOT RUN" start="2024-05-27T17:53:35.161235" elapsed="0.000936"/>
</branch>
<branch type="ELSE IF" condition="${role} == 3">
<kw name="Click Element" owner="SeleniumLibrary">
<msg time="2024-05-27T17:53:35.162912" level="INFO">Clicking element 'id=select-role'.</msg>
<arg>${locator_search_select_role}</arg>
<doc>Click the element identified by ``locator``.</doc>
<status status="PASS" start="2024-05-27T17:53:35.162450" elapsed="0.855591"/>
</kw>
<kw name="Wait Until Element Is Visible" owner="SeleniumLibrary">
<arg>${locator_search_role_editor}</arg>
<doc>Waits until the element ``locator`` is visible.</doc>
<status status="PASS" start="2024-05-27T17:53:36.018491" elapsed="0.833784"/>
</kw>
<kw name="Click Element" owner="SeleniumLibrary">
<msg time="2024-05-27T17:53:36.854222" level="INFO">Clicking element 'xpath=//*[@id="option-select-role-3"]'.</msg>
<arg>${locator_search_role_editor}</arg>
<doc>Click the element identified by ``locator``.</doc>
<status status="PASS" start="2024-05-27T17:53:36.853100" elapsed="0.864682"/>
</kw>
<status status="PASS" start="2024-05-27T17:53:35.162231" elapsed="2.555878"/>
</branch>
<branch type="ELSE IF" condition="${role} == 4">
<kw name="Click Element" owner="SeleniumLibrary">
<arg>${locator_search_select_role}</arg>
<doc>Click the element identified by ``locator``.</doc>
<status status="NOT RUN" start="2024-05-27T17:53:37.718661" elapsed="0.000159"/>
</kw>
<kw name="Wait Until Element Is Visible" owner="SeleniumLibrary">
<arg>${locator_search_role_maintainer}</arg>
<doc>Waits until the element ``locator`` is visible.</doc>
<status status="NOT RUN" start="2024-05-27T17:53:37.719077" elapsed="0.000143"/>
</kw>
<kw name="Click Element" owner="SeleniumLibrary">
<arg>${locator_search_role_maintainer}</arg>
<doc>Click the element identified by ``locator``.</doc>
<status status="NOT RUN" start="2024-05-27T17:53:37.719395" elapsed="0.000119"/>
</kw>
<status status="NOT RUN" start="2024-05-27T17:53:37.718236" elapsed="0.001394"/>
</branch>
<branch type="ELSE IF" condition="${role} == 5">
<kw name="Click Element" owner="SeleniumLibrary">
<arg>${locator_search_select_role}</arg>
<doc>Click the element identified by ``locator``.</doc>
<status status="NOT RUN" start="2024-05-27T17:53:37.719884" elapsed="0.000111"/>
</kw>
<kw name="Wait Until Element Is Visible" owner="SeleniumLibrary">
<arg>${locator_search_role_subscriber}</arg>
<doc>Waits until the element ``locator`` is visible.</doc>
<status status="NOT RUN" start="2024-05-27T17:53:37.720138" elapsed="0.000095"/>
</kw>
<kw name="Click Element" owner="SeleniumLibrary">
<arg>${locator_search_role_subscriber}</arg>
<doc>Click the element identified by ``locator``.</doc>
<status status="NOT RUN" start="2024-05-27T17:53:37.720388" elapsed="0.000100"/>
</kw>
<status status="NOT RUN" start="2024-05-27T17:53:37.719702" elapsed="0.000864"/>
</branch>
<status status="PASS" start="2024-05-27T17:53:35.160200" elapsed="2.560426"/>
</if>
<if>
<branch type="IF" condition="${plan} == 0">
<kw name="Click Element" owner="SeleniumLibrary">
<msg time="2024-05-27T17:53:37.721503" level="INFO">Clicking element 'id=select-plan'.</msg>
<arg>${locator_search_select_plan}</arg>
<doc>Click the element identified by ``locator``.</doc>
<status status="PASS" start="2024-05-27T17:53:37.721102" elapsed="0.855762"/>
</kw>
<kw name="Wait Until Element Is Visible" owner="SeleniumLibrary">
<arg>${locator_search_plan_selectrow}</arg>
<doc>Waits until the element ``locator`` is visible.</doc>
<status status="PASS" start="2024-05-27T17:53:38.577745" elapsed="0.830760"/>
</kw>
<kw name="Click Element" owner="SeleniumLibrary">
<msg time="2024-05-27T17:53:39.409915" level="INFO">Clicking element 'xpath=//*[@id="option-select-plan-0"]'.</msg>
<arg>${locator_search_plan_selectrow}</arg>
<doc>Click the element identified by ``locator``.</doc>
<status status="PASS" start="2024-05-27T17:53:39.409160" elapsed="0.863614"/>
</kw>
<status status="PASS" start="2024-05-27T17:53:37.720715" elapsed="2.553250"/>
</branch>
<status status="PASS" start="2024-05-27T17:53:37.720694" elapsed="2.553456"/>
</if>
<if>
<branch type="IF" condition="${plan} == 1">
<kw name="Click Element" owner="SeleniumLibrary">
<arg>${locator_search_select_plan}</arg>
<doc>Click the element identified by ``locator``.</doc>
<status status="NOT RUN" start="2024-05-27T17:53:40.275106" elapsed="0.000174"/>
</kw>
<kw name="Wait Until Element Is Visible" owner="SeleniumLibrary">
<arg>${locator_search_plan_basic}</arg>
<doc>Waits until the element ``locator`` is visible.</doc>
<status status="NOT RUN" start="2024-05-27T17:53:40.275490" elapsed="0.000123"/>
</kw>
<kw name="Click Element" owner="SeleniumLibrary">
<arg>${locator_search_plan_basic}</arg>
<doc>Click the element identified by ``locator``.</doc>
<status status="NOT RUN" start="2024-05-27T17:53:40.275781" elapsed="0.000128"/>
</kw>
<status status="NOT RUN" start="2024-05-27T17:53:40.274326" elapsed="0.001715"/>
</branch>
<branch type="ELSE IF" condition="${plan} == 2">
<kw name="Click Element" owner="SeleniumLibrary">
<arg>${locator_search_select_plan}</arg>
<doc>Click the element identified by ``locator``.</doc>
<status status="NOT RUN" start="2024-05-27T17:53:40.276430" elapsed="0.000122"/>
</kw>
<kw name="Wait Until Element Is Visible" owner="SeleniumLibrary">
<arg>${locator_search_plan_company}</arg>
<doc>Waits until the element ``locator`` is visible.</doc>
<status status="NOT RUN" start="2024-05-27T17:53:40.276727" elapsed="0.000114"/>
</kw>
<kw name="Click Element" owner="SeleniumLibrary">
<arg>${locator_search_plan_company}</arg>
<doc>Click the element identified by ``locator``.</doc>
<status status="NOT RUN" start="2024-05-27T17:53:40.277010" elapsed="0.000105"/>
</kw>
<status status="NOT RUN" start="2024-05-27T17:53:40.276117" elapsed="0.001089"/>
</branch>
<branch type="ELSE IF" condition="${plan} == 3">
<kw name="Click Element" owner="SeleniumLibrary">
<arg>${locator_search_select_plan}</arg>
<doc>Click the element identified by ``locator``.</doc>
<status status="NOT RUN" start="2024-05-27T17:53:40.277524" elapsed="0.000104"/>
</kw>
<kw name="Wait Until Element Is Visible" owner="SeleniumLibrary">
<arg>${locator_search_plan_enterprise}</arg>
<doc>Waits until the element ``locator`` is visible.</doc>
<status status="NOT RUN" start="2024-05-27T17:53:40.277785" elapsed="0.000103"/>
</kw>
<kw name="Click Element" owner="SeleniumLibrary">
<arg>${locator_search_plan_enterprise}</arg>
<doc>Click the element identified by ``locator``.</doc>
<status status="NOT RUN" start="2024-05-27T17:53:40.278042" elapsed="0.000101"/>
</kw>
<status status="NOT RUN" start="2024-05-27T17:53:40.277272" elapsed="0.000960"/>
</branch>
<branch type="ELSE IF" condition="${plan} == 4">
<kw name="Click Element" owner="SeleniumLibrary">
<arg>${locator_search_select_plan}</arg>
<doc>Click the element identified by ``locator``.</doc>
<status status="NOT RUN" start="2024-05-27T17:53:40.278546" elapsed="0.000107"/>
</kw>
<kw name="Wait Until Element Is Visible" owner="SeleniumLibrary">
<arg>${locator_search_plan_team}</arg>
<doc>Waits until the element ``locator`` is visible.</doc>
<status status="NOT RUN" start="2024-05-27T17:53:40.278813" elapsed="0.000102"/>
</kw>
<kw name="Click Element" owner="SeleniumLibrary">
<arg>${locator_search_plan_team}</arg>
<doc>Click the element identified by ``locator``.</doc>
<status status="NOT RUN" start="2024-05-27T17:53:40.279067" elapsed="0.000099"/>
</kw>
<status status="NOT RUN" start="2024-05-27T17:53:40.278294" elapsed="0.000961"/>
</branch>
<status status="PASS" start="2024-05-27T17:53:40.274281" elapsed="0.005040"/>
</if>
<if>
<branch type="IF" condition="${status} == 0">
<kw name="Click Element" owner="SeleniumLibrary">
<msg time="2024-05-27T17:53:40.280132" level="INFO">Clicking element 'id=select-status'.</msg>
<arg>${locator_search_select_status}</arg>
<doc>Click the element identified by ``locator``.</doc>
<status status="PASS" start="2024-05-27T17:53:40.279681" elapsed="0.857886"/>
</kw>
<kw name="Wait Until Element Is Visible" owner="SeleniumLibrary">
<arg>${locator_search_status_selectrow}</arg>
<doc>Waits until the element ``locator`` is visible.</doc>
<status status="PASS" start="2024-05-27T17:53:41.138147" elapsed="0.834641"/>
</kw>
<kw name="Click Element" owner="SeleniumLibrary">
<msg time="2024-05-27T17:53:41.974291" level="INFO">Clicking element 'xpath=//*[@id="option-select-status-0"]'.</msg>
<arg>${locator_search_status_selectrow}</arg>
<doc>Click the element identified by ``locator``.</doc>
<status status="PASS" start="2024-05-27T17:53:41.973382" elapsed="0.854015"/>
</kw>
<status status="PASS" start="2024-05-27T17:53:40.279415" elapsed="2.548525"/>
</branch>
<status status="PASS" start="2024-05-27T17:53:40.279391" elapsed="2.548665"/>
</if>
<if>
<branch type="IF" condition="${status} == 1">
<kw name="Click Element" owner="SeleniumLibrary">
<arg>${locator_search_select_status}</arg>
<doc>Click the element identified by ``locator``.</doc>
<status status="NOT RUN" start="2024-05-27T17:53:42.828971" elapsed="0.000157"/>
</kw>
<kw name="Wait Until Element Is Visible" owner="SeleniumLibrary">
<arg>${locator_search_status_pending}</arg>
<doc>Waits until the element ``locator`` is visible.</doc>
<status status="NOT RUN" start="2024-05-27T17:53:42.829311" elapsed="0.000099"/>
</kw>
<kw name="Click Element" owner="SeleniumLibrary">
<arg>${locator_search_status_pending}</arg>
<doc>Click the element identified by ``locator``.</doc>
<status status="NOT RUN" start="2024-05-27T17:53:42.829544" elapsed="0.000081"/>
</kw>
<status status="NOT RUN" start="2024-05-27T17:53:42.828279" elapsed="0.001422"/>
</branch>
<branch type="ELSE IF" condition="${status} == 2">
<kw name="Click Element" owner="SeleniumLibrary">
<arg>${locator_search_select_status}</arg>
<doc>Click the element identified by ``locator``.</doc>
<status status="NOT RUN" start="2024-05-27T17:53:42.830029" elapsed="0.000108"/>
</kw>
<kw name="Wait Until Element Is Visible" owner="SeleniumLibrary">
<arg>${locator_search_status_active}</arg>
<doc>Waits until the element ``locator`` is visible.</doc>
<status status="NOT RUN" start="2024-05-27T17:53:42.830268" elapsed="0.000097"/>
</kw>
<kw name="Click Element" owner="SeleniumLibrary">
<arg>${locator_search_status_active}</arg>
<doc>Click the element identified by ``locator``.</doc>
<status status="NOT RUN" start="2024-05-27T17:53:42.830489" elapsed="0.000075"/>
</kw>
<status status="NOT RUN" start="2024-05-27T17:53:42.829767" elapsed="0.000863"/>
</branch>
<branch type="ELSE IF" condition="${status} == 3">
<kw name="Click Element" owner="SeleniumLibrary">
<arg>${locator_search_select_status}</arg>
<doc>Click the element identified by ``locator``.</doc>
<status status="NOT RUN" start="2024-05-27T17:53:42.830881" elapsed="0.000084"/>
</kw>
<kw name="Wait Until Element Is Visible" owner="SeleniumLibrary">
<arg>${locator_search_status_inactive}</arg>
<doc>Waits until the element ``locator`` is visible.</doc>
<status status="NOT RUN" start="2024-05-27T17:53:42.831104" elapsed="0.000083"/>
</kw>
<kw name="Click Element" owner="SeleniumLibrary">
<arg>${locator_search_status_inactive}</arg>
<doc>Click the element identified by ``locator``.</doc>
<status status="NOT RUN" start="2024-05-27T17:53:42.831307" elapsed="0.000073"/>
</kw>
<status status="NOT RUN" start="2024-05-27T17:53:42.830682" elapsed="0.000777"/>
</branch>
<status status="PASS" start="2024-05-27T17:53:42.828211" elapsed="0.003297"/>
</if>
<kw name="Click Element" owner="SeleniumLibrary">
<msg time="2024-05-27T17:53:42.831925" level="INFO">Clicking element 'id=btn-search'.</msg>
<arg>${locator_search_btn_search}</arg>
<doc>Click the element identified by ``locator``.</doc>
<status status="PASS" start="2024-05-27T17:53:42.831599" elapsed="0.875098"/>
</kw>
<kw name="Wait Until Element Is Visible" owner="SeleniumLibrary">
<arg>${locator_table}</arg>
<doc>Waits until the element ``locator`` is visible.</doc>
<status status="PASS" start="2024-05-27T17:53:43.707612" elapsed="0.832341"/>
</kw>
<kw name="Check result Search" owner="Keyword">
<kw name="Wait Until Element Contains" owner="SeleniumLibrary">
<arg>${locator}</arg>
<arg>${msg}</arg>
<doc>Waits until the element ``locator`` contains ``text``.</doc>
<status status="PASS" start="2024-05-27T17:53:44.542930" elapsed="0.837961"/>
</kw>
<arg>${table}</arg>
<arg>${msg}</arg>
<status status="PASS" start="2024-05-27T17:53:44.541326" elapsed="0.840244"/>
</kw>
<arg>3</arg>
<arg>0</arg>
<arg>0</arg>
<arg>${locator_table}</arg>
<arg>Editor</arg>
<status status="PASS" start="2024-05-27T17:53:35.157940" elapsed="10.223880"/>
</kw>
<kw name="Check Search Select" owner="Keyword">
<if>
<branch type="IF" condition="${role} == 0">
<kw name="Click Element" owner="SeleniumLibrary">
<arg>${locator_search_select_role}</arg>
<doc>Click the element identified by ``locator``.</doc>
<status status="NOT RUN" start="2024-05-27T17:53:45.384704" elapsed="0.000182"/>
</kw>
<kw name="Wait Until Element Is Visible" owner="SeleniumLibrary">
<arg>${locator_search_role_selectrow}</arg>
<doc>Waits until the element ``locator`` is visible.</doc>
<status status="NOT RUN" start="2024-05-27T17:53:45.385096" elapsed="0.000124"/>
</kw>
<kw name="Click Element" owner="SeleniumLibrary">
<arg>${locator_search_role_selectrow}</arg>
<doc>Click the element identified by ``locator``.</doc>
<status status="NOT RUN" start="2024-05-27T17:53:45.385388" elapsed="0.000110"/>
</kw>
<status status="NOT RUN" start="2024-05-27T17:53:45.384201" elapsed="0.001392"/>
</branch>
<status status="PASS" start="2024-05-27T17:53:45.384155" elapsed="0.001528"/>
</if>
<if>
<branch type="IF" condition="${role} == 1">
<kw name="Click Element" owner="SeleniumLibrary">
<arg>${locator_search_select_role}</arg>
<doc>Click the element identified by ``locator``.</doc>
<status status="NOT RUN" start="2024-05-27T17:53:45.386108" elapsed="0.000122"/>
</kw>
<kw name="Wait Until Element Is Visible" owner="SeleniumLibrary">
<arg>${locator_search_role_admin}</arg>
<doc>Waits until the element ``locator`` is visible.</doc>
<status status="NOT RUN" start="2024-05-27T17:53:45.386400" elapsed="0.000230"/>
</kw>
<kw name="Click Element" owner="SeleniumLibrary">
<arg>${locator_search_role_admin}</arg>
<doc>Click the element identified by ``locator``.</doc>
<status status="NOT RUN" start="2024-05-27T17:53:45.386856" elapsed="0.000151"/>
</kw>
<status status="NOT RUN" start="2024-05-27T17:53:45.385776" elapsed="0.001334"/>
</branch>
<branch type="ELSE IF" condition="${role} == 2">
<kw name="Click Element" owner="SeleniumLibrary">
<arg>${locator_search_select_role}</arg>
<doc>Click the element identified by ``locator``.</doc>
<status status="NOT RUN" start="2024-05-27T17:53:45.387475" elapsed="0.000117"/>
</kw>
<kw name="Wait Until Element Is Visible" owner="SeleniumLibrary">
<arg>${locator_search_role_author}</arg>
<doc>Waits until the element ``locator`` is visible.</doc>
<status status="NOT RUN" start="2024-05-27T17:53:45.387758" elapsed="0.000112"/>
</kw>
<kw name="Click Element" owner="SeleniumLibrary">
<arg>${locator_search_role_author}</arg>
<doc>Click the element identified by ``locator``.</doc>
<status status="NOT RUN" start="2024-05-27T17:53:45.388028" elapsed="0.000106"/>
</kw>
<status status="NOT RUN" start="2024-05-27T17:53:45.387181" elapsed="0.001044"/>
</branch>
<branch type="ELSE IF" condition="${role} == 3">
<kw name="Click Element" owner="SeleniumLibrary">
<arg>${locator_search_select_role}</arg>
<doc>Click the element identified by ``locator``.</doc>
<status status="NOT RUN" start="2024-05-27T17:53:45.388535" elapsed="0.000103"/>
</kw>
<kw name="Wait Until Element Is Visible" owner="SeleniumLibrary">
<arg>${locator_search_role_editor}</arg>
<doc>Waits until the element ``locator`` is visible.</doc>
<status status="NOT RUN" start="2024-05-27T17:53:45.388789" elapsed="0.000100"/>
</kw>
<kw name="Click Element" owner="SeleniumLibrary">
<arg>${locator_search_role_editor}</arg>
<doc>Click the element identified by ``locator``.</doc>
<status status="NOT RUN" start="2024-05-27T17:53:45.389107" elapsed="0.000138"/>
</kw>
<status status="NOT RUN" start="2024-05-27T17:53:45.388291" elapsed="0.001055"/>
</branch>
<branch type="ELSE IF" condition="${role} == 4">
<kw name="Click Element" owner="SeleniumLibrary">
<msg time="2024-05-27T17:53:45.390525" level="INFO">Clicking element 'id=select-role'.</msg>
<arg>${locator_search_select_role}</arg>
<doc>Click the element identified by ``locator``.</doc>
<status status="PASS" start="2024-05-27T17:53:45.389748" elapsed="0.858375"/>
</kw>
<kw name="Wait Until Element Is Visible" owner="SeleniumLibrary">
<arg>${locator_search_role_maintainer}</arg>
<doc>Waits until the element ``locator`` is visible.</doc>
<status status="PASS" start="2024-05-27T17:53:46.248547" elapsed="0.835424"/>
</kw>
<kw name="Click Element" owner="SeleniumLibrary">
<msg time="2024-05-27T17:53:47.084768" level="INFO">Clicking element 'xpath=//*[@id="option-select-role-4"]'.</msg>
<arg>${locator_search_role_maintainer}</arg>
<doc>Click the element identified by ``locator``.</doc>
<status status="PASS" start="2024-05-27T17:53:47.084340" elapsed="0.855197"/>
</kw>
<status status="PASS" start="2024-05-27T17:53:45.389463" elapsed="2.550298"/>
</branch>
<branch type="ELSE IF" condition="${role} == 5">
<kw name="Click Element" owner="SeleniumLibrary">
<arg>${locator_search_select_role}</arg>
<doc>Click the element identified by ``locator``.</doc>
<status status="NOT RUN" start="2024-05-27T17:53:47.940152" elapsed="0.000115"/>
</kw>
<kw name="Wait Until Element Is Visible" owner="SeleniumLibrary">
<arg>${locator_search_role_subscriber}</arg>
<doc>Waits until the element ``locator`` is visible.</doc>
<status status="NOT RUN" start="2024-05-27T17:53:47.940401" elapsed="0.000088"/>
</kw>
<kw name="Click Element" owner="SeleniumLibrary">
<arg>${locator_search_role_subscriber}</arg>
<doc>Click the element identified by ``locator``.</doc>
<status status="NOT RUN" start="2024-05-27T17:53:47.940612" elapsed="0.000080"/>
</kw>
<status status="NOT RUN" start="2024-05-27T17:53:47.939845" elapsed="0.000918"/>
</branch>
<status status="PASS" start="2024-05-27T17:53:45.385753" elapsed="2.555060"/>
</if>
<if>
<branch type="IF" condition="${plan} == 0">
<kw name="Click Element" owner="SeleniumLibrary">
<msg time="2024-05-27T17:53:47.942066" level="INFO">Clicking element 'id=select-plan'.</msg>
<arg>${locator_search_select_plan}</arg>
<doc>Click the element identified by ``locator``.</doc>
<status status="PASS" start="2024-05-27T17:53:47.941480" elapsed="0.846118"/>
</kw>
<kw name="Wait Until Element Is Visible" owner="SeleniumLibrary">
<arg>${locator_search_plan_selectrow}</arg>
<doc>Waits until the element ``locator`` is visible.</doc>
<status status="PASS" start="2024-05-27T17:53:48.787972" elapsed="0.821423"/>
</kw>
<kw name="Click Element" owner="SeleniumLibrary">
<msg time="2024-05-27T17:53:49.611004" level="INFO">Clicking element 'xpath=//*[@id="option-select-plan-0"]'.</msg>
<arg>${locator_search_plan_selectrow}</arg>
<doc>Click the element identified by ``locator``.</doc>
<status status="PASS" start="2024-05-27T17:53:49.610033" elapsed="0.854731"/>
</kw>
<status status="PASS" start="2024-05-27T17:53:47.940928" elapsed="2.524084"/>
</branch>
<status status="PASS" start="2024-05-27T17:53:47.940887" elapsed="2.524216"/>
</if>
<if>
<branch type="IF" condition="${plan} == 1">
<kw name="Click Element" owner="SeleniumLibrary">
<arg>${locator_search_select_plan}</arg>
<doc>Click the element identified by ``locator``.</doc>
<status status="NOT RUN" start="2024-05-27T17:53:50.465682" elapsed="0.000145"/>
</kw>
<kw name="Wait Until Element Is Visible" owner="SeleniumLibrary">
<arg>${locator_search_plan_basic}</arg>
<doc>Waits until the element ``locator`` is visible.</doc>
<status status="NOT RUN" start="2024-05-27T17:53:50.466014" elapsed="0.000116"/>
</kw>
<kw name="Click Element" owner="SeleniumLibrary">
<arg>${locator_search_plan_basic}</arg>
<doc>Click the element identified by ``locator``.</doc>
<status status="NOT RUN" start="2024-05-27T17:53:50.466614" elapsed="0.000128"/>
</kw>
<status status="NOT RUN" start="2024-05-27T17:53:50.465209" elapsed="0.001735"/>
</branch>
<branch type="ELSE IF" condition="${plan} == 2">
<kw name="Click Element" owner="SeleniumLibrary">
<arg>${locator_search_select_plan}</arg>
<doc>Click the element identified by ``locator``.</doc>
<status status="NOT RUN" start="2024-05-27T17:53:50.467261" elapsed="0.000095"/>
</kw>
<kw name="Wait Until Element Is Visible" owner="SeleniumLibrary">
<arg>${locator_search_plan_company}</arg>
<doc>Waits until the element ``locator`` is visible.</doc>
<status status="NOT RUN" start="2024-05-27T17:53:50.467499" elapsed="0.000091"/>
</kw>
<kw name="Click Element" owner="SeleniumLibrary">
<arg>${locator_search_plan_company}</arg>
<doc>Click the element identified by ``locator``.</doc>
<status status="NOT RUN" start="2024-05-27T17:53:50.467730" elapsed="0.000092"/>
</kw>
<status status="NOT RUN" start="2024-05-27T17:53:50.467010" elapsed="0.000905"/>
</branch>
<branch type="ELSE IF" condition="${plan} == 3">
<kw name="Click Element" owner="SeleniumLibrary">
<arg>${locator_search_select_plan}</arg>
<doc>Click the element identified by ``locator``.</doc>
<status status="NOT RUN" start="2024-05-27T17:53:50.468274" elapsed="0.000229"/>
</kw>
<kw name="Wait Until Element Is Visible" owner="SeleniumLibrary">
<arg>${locator_search_plan_enterprise}</arg>
<doc>Waits until the element ``locator`` is visible.</doc>
<status status="NOT RUN" start="2024-05-27T17:53:50.468679" elapsed="0.000102"/>
</kw>
<kw name="Click Element" owner="SeleniumLibrary">
<arg>${locator_search_plan_enterprise}</arg>
<doc>Click the element identified by ``locator``.</doc>
<status status="NOT RUN" start="2024-05-27T17:53:50.468923" elapsed="0.000086"/>
</kw>
<status status="NOT RUN" start="2024-05-27T17:53:50.467987" elapsed="0.001100"/>
</branch>
<branch type="ELSE IF" condition="${plan} == 4">
<kw name="Click Element" owner="SeleniumLibrary">
<arg>${locator_search_select_plan}</arg>
<doc>Click the element identified by ``locator``.</doc>
<status status="NOT RUN" start="2024-05-27T17:53:50.469354" elapsed="0.000092"/>
</kw>
<kw name="Wait Until Element Is Visible" owner="SeleniumLibrary">
<arg>${locator_search_plan_team}</arg>
<doc>Waits until the element ``locator`` is visible.</doc>
<status status="NOT RUN" start="2024-05-27T17:53:50.469583" elapsed="0.000088"/>
</kw>
<kw name="Click Element" owner="SeleniumLibrary">
<arg>${locator_search_plan_team}</arg>
<doc>Click the element identified by ``locator``.</doc>
<status status="NOT RUN" start="2024-05-27T17:53:50.469805" elapsed="0.000090"/>
</kw>
<status status="NOT RUN" start="2024-05-27T17:53:50.469142" elapsed="0.000831"/>
</branch>
<status status="PASS" start="2024-05-27T17:53:50.465179" elapsed="0.004848"/>
</if>
<if>
<branch type="IF" condition="${status} == 0">
<kw name="Click Element" owner="SeleniumLibrary">
<msg time="2024-05-27T17:53:50.470644" level="INFO">Clicking element 'id=select-status'.</msg>
<arg>${locator_search_select_status}</arg>
<doc>Click the element identified by ``locator``.</doc>
<status status="PASS" start="2024-05-27T17:53:50.470299" elapsed="0.880470"/>
</kw>
<kw name="Wait Until Element Is Visible" owner="SeleniumLibrary">
<arg>${locator_search_status_selectrow}</arg>
<doc>Waits until the element ``locator`` is visible.</doc>
<status status="PASS" start="2024-05-27T17:53:51.351617" elapsed="0.823411"/>
</kw>
<kw name="Click Element" owner="SeleniumLibrary">
<msg time="2024-05-27T17:53:52.176449" level="INFO">Clicking element 'xpath=//*[@id="option-select-status-0"]'.</msg>
<arg>${locator_search_status_selectrow}</arg>
<doc>Click the element identified by ``locator``.</doc>
<status status="PASS" start="2024-05-27T17:53:52.175785" elapsed="0.840412"/>
</kw>
<status status="PASS" start="2024-05-27T17:53:50.470101" elapsed="2.546753"/>
</branch>
<status status="PASS" start="2024-05-27T17:53:50.470082" elapsed="2.547048"/>
</if>
<if>
<branch type="IF" condition="${status} == 1">
<kw name="Click Element" owner="SeleniumLibrary">
<arg>${locator_search_select_status}</arg>
<doc>Click the element identified by ``locator``.</doc>
<status status="NOT RUN" start="2024-05-27T17:53:53.018197" elapsed="0.000199"/>
</kw>
<kw name="Wait Until Element Is Visible" owner="SeleniumLibrary">
<arg>${locator_search_status_pending}</arg>
<doc>Waits until the element ``locator`` is visible.</doc>
<status status="NOT RUN" start="2024-05-27T17:53:53.018588" elapsed="0.000111"/>
</kw>
<kw name="Click Element" owner="SeleniumLibrary">
<arg>${locator_search_status_pending}</arg>
<doc>Click the element identified by ``locator``.</doc>
<status status="NOT RUN" start="2024-05-27T17:53:53.018837" elapsed="0.000090"/>
</kw>
<status status="NOT RUN" start="2024-05-27T17:53:53.017412" elapsed="0.001589"/>
</branch>
<branch type="ELSE IF" condition="${status} == 2">
<kw name="Click Element" owner="SeleniumLibrary">
<arg>${locator_search_select_status}</arg>
<doc>Click the element identified by ``locator``.</doc>
<status status="NOT RUN" start="2024-05-27T17:53:53.019366" elapsed="0.000108"/>
</kw>
<kw name="Wait Until Element Is Visible" owner="SeleniumLibrary">
<arg>${locator_search_status_active}</arg>
<doc>Waits until the element ``locator`` is visible.</doc>
<status status="NOT RUN" start="2024-05-27T17:53:53.019612" elapsed="0.000088"/>
</kw>
<kw name="Click Element" owner="SeleniumLibrary">
<arg>${locator_search_status_active}</arg>
<doc>Click the element identified by ``locator``.</doc>
<status status="NOT RUN" start="2024-05-27T17:53:53.019846" elapsed="0.000075"/>
</kw>
<status status="NOT RUN" start="2024-05-27T17:53:53.019081" elapsed="0.000909"/>
</branch>
<branch type="ELSE IF" condition="${status} == 3">
<kw name="Click Element" owner="SeleniumLibrary">
<arg>${locator_search_select_status}</arg>
<doc>Click the element identified by ``locator``.</doc>
<status status="NOT RUN" start="2024-05-27T17:53:53.020247" elapsed="0.000082"/>
</kw>
<kw name="Wait Until Element Is Visible" owner="SeleniumLibrary">
<arg>${locator_search_status_inactive}</arg>
<doc>Waits until the element ``locator`` is visible.</doc>
<status status="NOT RUN" start="2024-05-27T17:53:53.020455" elapsed="0.000082"/>
</kw>
<kw name="Click Element" owner="SeleniumLibrary">
<arg>${locator_search_status_inactive}</arg>
<doc>Click the element identified by ``locator``.</doc>
<status status="NOT RUN" start="2024-05-27T17:53:53.020655" elapsed="0.000072"/>
</kw>
<status status="NOT RUN" start="2024-05-27T17:53:53.020046" elapsed="0.000748"/>
</branch>
<status status="PASS" start="2024-05-27T17:53:53.017353" elapsed="0.003489"/>
</if>
<kw name="Click Element" owner="SeleniumLibrary">
<msg time="2024-05-27T17:53:53.021265" level="INFO">Clicking element 'id=btn-search'.</msg>
<arg>${locator_search_btn_search}</arg>
<doc>Click the element identified by ``locator``.</doc>
<status status="PASS" start="2024-05-27T17:53:53.020938" elapsed="0.885863"/>
</kw>
<kw name="Wait Until Element Is Visible" owner="SeleniumLibrary">
<arg>${locator_table}</arg>
<doc>Waits until the element ``locator`` is visible.</doc>
<status status="PASS" start="2024-05-27T17:53:53.907561" elapsed="0.830090"/>
</kw>
<kw name="Check result Search" owner="Keyword">
<kw name="Wait Until Element Contains" owner="SeleniumLibrary">
<arg>${locator}</arg>
<arg>${msg}</arg>
<doc>Waits until the element ``locator`` contains ``text``.</doc>
<status status="PASS" start="2024-05-27T17:53:54.740003" elapsed="0.837362"/>
</kw>
<arg>${table}</arg>
<arg>${msg}</arg>
<status status="PASS" start="2024-05-27T17:53:54.738742" elapsed="0.839230"/>
</kw>
<arg>4</arg>
<arg>0</arg>
<arg>0</arg>
<arg>${locator_table}</arg>
<arg>Maintainer</arg>
<status status="PASS" start="2024-05-27T17:53:45.383241" elapsed="10.195031"/>
</kw>
<kw name="Check Search Select" owner="Keyword">
<if>
<branch type="IF" condition="${role} == 0">
<kw name="Click Element" owner="SeleniumLibrary">
<arg>${locator_search_select_role}</arg>
<doc>Click the element identified by ``locator``.</doc>
<status status="NOT RUN" start="2024-05-27T17:53:55.581661" elapsed="0.000172"/>
</kw>
<kw name="Wait Until Element Is Visible" owner="SeleniumLibrary">
<arg>${locator_search_role_selectrow}</arg>
<doc>Waits until the element ``locator`` is visible.</doc>
<status status="NOT RUN" start="2024-05-27T17:53:55.582038" elapsed="0.000123"/>
</kw>
<kw name="Click Element" owner="SeleniumLibrary">
<arg>${locator_search_role_selectrow}</arg>
<doc>Click the element identified by ``locator``.</doc>
<status status="NOT RUN" start="2024-05-27T17:53:55.582567" elapsed="0.000118"/>
</kw>
<status status="NOT RUN" start="2024-05-27T17:53:55.580803" elapsed="0.001978"/>
</branch>
<status status="PASS" start="2024-05-27T17:53:55.580624" elapsed="0.002251"/>
</if>
<if>
<branch type="IF" condition="${role} == 1">
<kw name="Click Element" owner="SeleniumLibrary">
<arg>${locator_search_select_role}</arg>
<doc>Click the element identified by ``locator``.</doc>
<status status="NOT RUN" start="2024-05-27T17:53:55.583246" elapsed="0.000109"/>
</kw>
<kw name="Wait Until Element Is Visible" owner="SeleniumLibrary">
<arg>${locator_search_role_admin}</arg>
<doc>Waits until the element ``locator`` is visible.</doc>
<status status="NOT RUN" start="2024-05-27T17:53:55.583610" elapsed="0.000157"/>
</kw>
<kw name="Click Element" owner="SeleniumLibrary">
<arg>${locator_search_role_admin}</arg>
<doc>Click the element identified by ``locator``.</doc>
<status status="NOT RUN" start="2024-05-27T17:53:55.583954" elapsed="0.000125"/>
</kw>
<status status="NOT RUN" start="2024-05-27T17:53:55.582971" elapsed="0.001227"/>
</branch>
<branch type="ELSE IF" condition="${role} == 2">
<kw name="Click Element" owner="SeleniumLibrary">
<arg>${locator_search_select_role}</arg>
<doc>Click the element identified by ``locator``.</doc>
<status status="NOT RUN" start="2024-05-27T17:53:55.584755" elapsed="0.000135"/>
</kw>
<kw name="Wait Until Element Is Visible" owner="SeleniumLibrary">
<arg>${locator_search_role_author}</arg>
<doc>Waits until the element ``locator`` is visible.</doc>
<status status="NOT RUN" start="2024-05-27T17:53:55.585041" elapsed="0.000090"/>
</kw>
<kw name="Click Element" owner="SeleniumLibrary">
<arg>${locator_search_role_author}</arg>
<doc>Click the element identified by ``locator``.</doc>
<status status="NOT RUN" start="2024-05-27T17:53:55.585256" elapsed="0.000084"/>
</kw>
<status status="NOT RUN" start="2024-05-27T17:53:55.584268" elapsed="0.001185"/>
</branch>
<branch type="ELSE IF" condition="${role} == 3">
<kw name="Click Element" owner="SeleniumLibrary">
<arg>${locator_search_select_role}</arg>
<doc>Click the element identified by ``locator``.</doc>
<status status="NOT RUN" start="2024-05-27T17:53:55.585813" elapsed="0.000115"/>
</kw>
<kw name="Wait Until Element Is Visible" owner="SeleniumLibrary">
<arg>${locator_search_role_editor}</arg>
<doc>Waits until the element ``locator`` is visible.</doc>
<status status="NOT RUN" start="2024-05-27T17:53:55.586072" elapsed="0.000094"/>
</kw>
<kw name="Click Element" owner="SeleniumLibrary">
<arg>${locator_search_role_editor}</arg>
<doc>Click the element identified by ``locator``.</doc>
<status status="NOT RUN" start="2024-05-27T17:53:55.586302" elapsed="0.003838"/>
</kw>
<status status="NOT RUN" start="2024-05-27T17:53:55.585510" elapsed="0.004876"/>
</branch>
<branch type="ELSE IF" condition="${role} == 4">
<kw name="Click Element" owner="SeleniumLibrary">
<arg>${locator_search_select_role}</arg>
<doc>Click the element identified by ``locator``.</doc>
<status status="NOT RUN" start="2024-05-27T17:53:55.590914" elapsed="0.000160"/>
</kw>
<kw name="Wait Until Element Is Visible" owner="SeleniumLibrary">
<arg>${locator_search_role_maintainer}</arg>
<doc>Waits until the element ``locator`` is visible.</doc>
<status status="NOT RUN" start="2024-05-27T17:53:55.591236" elapsed="0.000091"/>
</kw>
<kw name="Click Element" owner="SeleniumLibrary">
<arg>${locator_search_role_maintainer}</arg>
<doc>Click the element identified by ``locator``.</doc>
<status status="NOT RUN" start="2024-05-27T17:53:55.591466" elapsed="0.000087"/>
</kw>
<status status="NOT RUN" start="2024-05-27T17:53:55.590485" elapsed="0.001144"/>
</branch>
<branch type="ELSE IF" condition="${role} == 5">
<kw name="Click Element" owner="SeleniumLibrary">
<msg time="2024-05-27T17:53:55.592303" level="INFO">Clicking element 'id=select-role'.</msg>
<arg>${locator_search_select_role}</arg>
<doc>Click the element identified by ``locator``.</doc>
<status status="PASS" start="2024-05-27T17:53:55.591918" elapsed="0.854958"/>
</kw>
<kw name="Wait Until Element Is Visible" owner="SeleniumLibrary">
<arg>${locator_search_role_subscriber}</arg>
<doc>Waits until the element ``locator`` is visible.</doc>
<status status="PASS" start="2024-05-27T17:53:56.447833" elapsed="0.837058"/>
</kw>
<kw name="Click Element" owner="SeleniumLibrary">
<msg time="2024-05-27T17:53:57.287096" level="INFO">Clicking element 'xpath=//*[@id="option-select-role-5"]'.</msg>
<arg>${locator_search_role_subscriber}</arg>
<doc>Click the element identified by ``locator``.</doc>
<status status="PASS" start="2024-05-27T17:53:57.285900" elapsed="0.875162"/>
</kw>
<status status="PASS" start="2024-05-27T17:53:55.591685" elapsed="2.569784"/>
</branch>
<status status="PASS" start="2024-05-27T17:53:55.582947" elapsed="2.578650"/>
</if>
<if>
<branch type="IF" condition="${plan} == 0">
<kw name="Click Element" owner="SeleniumLibrary">
<msg time="2024-05-27T17:53:58.163216" level="INFO">Clicking element 'id=select-plan'.</msg>
<arg>${locator_search_select_plan}</arg>
<doc>Click the element identified by ``locator``.</doc>
<status status="PASS" start="2024-05-27T17:53:58.162563" elapsed="0.858383"/>
</kw>
<kw name="Wait Until Element Is Visible" owner="SeleniumLibrary">
<arg>${locator_search_plan_selectrow}</arg>
<doc>Waits until the element ``locator`` is visible.</doc>
<status status="PASS" start="2024-05-27T17:53:59.021826" elapsed="0.833726"/>
</kw>
<kw name="Click Element" owner="SeleniumLibrary">
<msg time="2024-05-27T17:53:59.856694" level="INFO">Clicking element 'xpath=//*[@id="option-select-plan-0"]'.</msg>
<arg>${locator_search_plan_selectrow}</arg>
<doc>Click the element identified by ``locator``.</doc>
<status status="PASS" start="2024-05-27T17:53:59.856015" elapsed="0.861876"/>
</kw>
<status status="PASS" start="2024-05-27T17:53:58.161781" elapsed="2.556464"/>
</branch>
<status status="PASS" start="2024-05-27T17:53:58.161732" elapsed="2.556641"/>
</if>
<if>
<branch type="IF" condition="${plan} == 1">
<kw name="Click Element" owner="SeleniumLibrary">
<arg>${locator_search_select_plan}</arg>
<doc>Click the element identified by ``locator``.</doc>
<status status="NOT RUN" start="2024-05-27T17:54:00.719162" elapsed="0.000186"/>
</kw>
<kw name="Wait Until Element Is Visible" owner="SeleniumLibrary">
<arg>${locator_search_plan_basic}</arg>
<doc>Waits until the element ``locator`` is visible.</doc>
<status status="NOT RUN" start="2024-05-27T17:54:00.719525" elapsed="0.000102"/>
</kw>
<kw name="Click Element" owner="SeleniumLibrary">
<arg>${locator_search_plan_basic}</arg>
<doc>Click the element identified by ``locator``.</doc>
<status status="NOT RUN" start="2024-05-27T17:54:00.719754" elapsed="0.000085"/>
</kw>
<status status="NOT RUN" start="2024-05-27T17:54:00.718527" elapsed="0.001384"/>
</branch>
<branch type="ELSE IF" condition="${plan} == 2">
<kw name="Click Element" owner="SeleniumLibrary">
<arg>${locator_search_select_plan}</arg>
<doc>Click the element identified by ``locator``.</doc>
<status status="NOT RUN" start="2024-05-27T17:54:00.720226" elapsed="0.000188"/>
</kw>
<kw name="Wait Until Element Is Visible" owner="SeleniumLibrary">
<arg>${locator_search_plan_company}</arg>
<doc>Waits until the element ``locator`` is visible.</doc>
<status status="NOT RUN" start="2024-05-27T17:54:00.720769" elapsed="0.000191"/>
</kw>
<kw name="Click Element" owner="SeleniumLibrary">
<arg>${locator_search_plan_company}</arg>
<doc>Click the element identified by ``locator``.</doc>
<status status="NOT RUN" start="2024-05-27T17:54:00.721135" elapsed="0.000106"/>
</kw>
<status status="NOT RUN" start="2024-05-27T17:54:00.719968" elapsed="0.001368"/>
</branch>
<branch type="ELSE IF" condition="${plan} == 3">
<kw name="Click Element" owner="SeleniumLibrary">
<arg>${locator_search_select_plan}</arg>
<doc>Click the element identified by ``locator``.</doc>
<status status="NOT RUN" start="2024-05-27T17:54:00.721740" elapsed="0.000103"/>
</kw>
<kw name="Wait Until Element Is Visible" owner="SeleniumLibrary">
<arg>${locator_search_plan_enterprise}</arg>
<doc>Waits until the element ``locator`` is visible.</doc>
<status status="NOT RUN" start="2024-05-27T17:54:00.722286" elapsed="0.000175"/>
</kw>
<kw name="Click Element" owner="SeleniumLibrary">
<arg>${locator_search_plan_enterprise}</arg>
<doc>Click the element identified by ``locator``.</doc>
<status status="NOT RUN" start="2024-05-27T17:54:00.722642" elapsed="0.000102"/>
</kw>
<status status="NOT RUN" start="2024-05-27T17:54:00.721407" elapsed="0.001418"/>
</branch>
<branch type="ELSE IF" condition="${plan} == 4">
<kw name="Click Element" owner="SeleniumLibrary">
<arg>${locator_search_select_plan}</arg>
<doc>Click the element identified by ``locator``.</doc>
<status status="NOT RUN" start="2024-05-27T17:54:00.723298" elapsed="0.000116"/>
</kw>
<kw name="Wait Until Element Is Visible" owner="SeleniumLibrary">
<arg>${locator_search_plan_team}</arg>
<doc>Waits until the element ``locator`` is visible.</doc>
<status status="NOT RUN" start="2024-05-27T17:54:00.723783" elapsed="0.000174"/>
</kw>
<kw name="Click Element" owner="SeleniumLibrary">
<arg>${locator_search_plan_team}</arg>
<doc>Click the element identified by ``locator``.</doc>
<status status="NOT RUN" start="2024-05-27T17:54:00.724175" elapsed="0.000123"/>
</kw>
<status status="NOT RUN" start="2024-05-27T17:54:00.722889" elapsed="0.001503"/>
</branch>
<status status="PASS" start="2024-05-27T17:54:00.718485" elapsed="0.005971"/>
</if>
<if>
<branch type="IF" condition="${status} == 0">
<kw name="Click Element" owner="SeleniumLibrary">
<msg time="2024-05-27T17:54:00.725201" level="INFO">Clicking element 'id=select-status'.</msg>
<arg>${locator_search_select_status}</arg>
<doc>Click the element identified by ``locator``.</doc>
<status status="PASS" start="2024-05-27T17:54:00.724838" elapsed="0.850839"/>
</kw>
<kw name="Wait Until Element Is Visible" owner="SeleniumLibrary">
<arg>${locator_search_status_selectrow}</arg>
<doc>Waits until the element ``locator`` is visible.</doc>
<status status="PASS" start="2024-05-27T17:54:01.576307" elapsed="0.838574"/>
</kw>
<kw name="Click Element" owner="SeleniumLibrary">
<msg time="2024-05-27T17:54:02.416017" level="INFO">Clicking element 'xpath=//*[@id="option-select-status-0"]'.</msg>
<arg>${locator_search_status_selectrow}</arg>
<doc>Click the element identified by ``locator``.</doc>
<status status="PASS" start="2024-05-27T17:54:02.415372" elapsed="0.853033"/>
</kw>
<status status="PASS" start="2024-05-27T17:54:00.724547" elapsed="2.544122"/>
</branch>
<status status="PASS" start="2024-05-27T17:54:00.724526" elapsed="2.544247"/>
</if>
<if>
<branch type="IF" condition="${status} == 1">
<kw name="Click Element" owner="SeleniumLibrary">
<arg>${locator_search_select_status}</arg>
<doc>Click the element identified by ``locator``.</doc>
<status status="NOT RUN" start="2024-05-27T17:54:03.269305" elapsed="0.000133"/>
</kw>
<kw name="Wait Until Element Is Visible" owner="SeleniumLibrary">
<arg>${locator_search_status_pending}</arg>
<doc>Waits until the element ``locator`` is visible.</doc>
<status status="NOT RUN" start="2024-05-27T17:54:03.269603" elapsed="0.000094"/>
</kw>
<kw name="Click Element" owner="SeleniumLibrary">
<arg>${locator_search_status_pending}</arg>
<doc>Click the element identified by ``locator``.</doc>
<status status="NOT RUN" start="2024-05-27T17:54:03.269831" elapsed="0.000081"/>
</kw>
<status status="NOT RUN" start="2024-05-27T17:54:03.268875" elapsed="0.001112"/>
</branch>
<branch type="ELSE IF" condition="${status} == 2">
<kw name="Click Element" owner="SeleniumLibrary">
<arg>${locator_search_select_status}</arg>
<doc>Click the element identified by ``locator``.</doc>
<status status="NOT RUN" start="2024-05-27T17:54:03.270271" elapsed="0.000084"/>
</kw>
<kw name="Wait Until Element Is Visible" owner="SeleniumLibrary">
<arg>${locator_search_status_active}</arg>
<doc>Waits until the element ``locator`` is visible.</doc>
<status status="NOT RUN" start="2024-05-27T17:54:03.270487" elapsed="0.000080"/>
</kw>
<kw name="Click Element" owner="SeleniumLibrary">
<arg>${locator_search_status_active}</arg>
<doc>Click the element identified by ``locator``.</doc>
<status status="NOT RUN" start="2024-05-27T17:54:03.270690" elapsed="0.000081"/>
</kw>
<status status="NOT RUN" start="2024-05-27T17:54:03.270045" elapsed="0.000797"/>
</branch>
<branch type="ELSE IF" condition="${status} == 3">
<kw name="Click Element" owner="SeleniumLibrary">
<arg>${locator_search_select_status}</arg>
<doc>Click the element identified by ``locator``.</doc>
<status status="NOT RUN" start="2024-05-27T17:54:03.271115" elapsed="0.000089"/>
</kw>
<kw name="Wait Until Element Is Visible" owner="SeleniumLibrary">
<arg>${locator_search_status_inactive}</arg>
<doc>Waits until the element ``locator`` is visible.</doc>
<status status="NOT RUN" start="2024-05-27T17:54:03.271333" elapsed="0.000079"/>
</kw>
<kw name="Click Element" owner="SeleniumLibrary">
<arg>${locator_search_status_inactive}</arg>
<doc>Click the element identified by ``locator``.</doc>
<status status="NOT RUN" start="2024-05-27T17:54:03.271533" elapsed="0.000078"/>
</kw>
<status status="NOT RUN" start="2024-05-27T17:54:03.270895" elapsed="0.000785"/>
</branch>
<status status="PASS" start="2024-05-27T17:54:03.268848" elapsed="0.002884"/>
</if>
<kw name="Click Element" owner="SeleniumLibrary">
<msg time="2024-05-27T17:54:03.272181" level="INFO">Clicking element 'id=btn-search'.</msg>
<arg>${locator_search_btn_search}</arg>
<doc>Click the element identified by ``locator``.</doc>
<status status="PASS" start="2024-05-27T17:54:03.271821" elapsed="0.881179"/>
</kw>
<kw name="Wait Until Element Is Visible" owner="SeleniumLibrary">
<arg>${locator_table}</arg>
<doc>Waits until the element ``locator`` is visible.</doc>
<status status="PASS" start="2024-05-27T17:54:04.154022" elapsed="0.834658"/>
</kw>
<kw name="Check result Search" owner="Keyword">
<kw name="Wait Until Element Contains" owner="SeleniumLibrary">
<arg>${locator}</arg>
<arg>${msg}</arg>
<doc>Waits until the element ``locator`` contains ``text``.</doc>
<status status="PASS" start="2024-05-27T17:54:04.990503" elapsed="0.836238"/>
</kw>
<arg>${table}</arg>
<arg>${msg}</arg>
<status status="PASS" start="2024-05-27T17:54:04.989394" elapsed="0.837842"/>
</kw>
<arg>5</arg>
<arg>0</arg>
<arg>0</arg>
[...]
<doc>Click the element identified by ``locator``.</doc>
<status status="NOT RUN" start="2024-05-27T17:55:55.901055" elapsed="0.000179"/>
</kw>
<kw name="Wait Until Element Is Visible" owner="SeleniumLibrary">
<arg>${locator_search_status_active}</arg>
<doc>Waits until the element ``locator`` is visible.</doc>
<status status="NOT RUN" start="2024-05-27T17:55:55.901437" elapsed="0.000122"/>
</kw>
<kw name="Click Element" owner="SeleniumLibrary">
<arg>${locator_search_status_active}</arg>
<doc>Click the element identified by ``locator``.</doc>
<status status="NOT RUN" start="2024-05-27T17:55:55.901727" elapsed="0.000092"/>
</kw>
<status status="NOT RUN" start="2024-05-27T17:55:55.900535" elapsed="0.001354"/>
</branch>
<branch type="ELSE IF" condition="${status} == 3">
<kw name="Click Element" owner="SeleniumLibrary">
<arg>${locator_search_select_status}</arg>
<doc>Click the element identified by ``locator``.</doc>
<status status="NOT RUN" start="2024-05-27T17:55:55.902076" elapsed="0.000083"/>
</kw>
<kw name="Wait Until Element Is Visible" owner="SeleniumLibrary">
<arg>${locator_search_status_inactive}</arg>
<doc>Waits until the element ``locator`` is visible.</doc>
<status status="NOT RUN" start="2024-05-27T17:55:55.902278" elapsed="0.000079"/>
</kw>
<kw name="Click Element" owner="SeleniumLibrary">
<arg>${locator_search_status_inactive}</arg>
<doc>Click the element identified by ``locator``.</doc>
<status status="NOT RUN" start="2024-05-27T17:55:55.902471" elapsed="0.000073"/>
</kw>
<status status="NOT RUN" start="2024-05-27T17:55:55.901948" elapsed="0.000665"/>
</branch>
<status status="PASS" start="2024-05-27T17:55:53.341459" elapsed="2.561204"/>
</if>
<kw name="Click Element" owner="SeleniumLibrary">
<msg time="2024-05-27T17:55:55.903379" level="INFO">Clicking element 'id=btn-search'.</msg>
<arg>${locator_search_btn_search}</arg>
<doc>Click the element identified by ``locator``.</doc>
<status status="PASS" start="2024-05-27T17:55:55.902780" elapsed="0.874421"/>
</kw>
<kw name="Wait Until Element Is Visible" owner="SeleniumLibrary">
<arg>${locator_table}</arg>
<doc>Waits until the element ``locator`` is visible.</doc>
<status status="PASS" start="2024-05-27T17:55:56.777991" elapsed="0.833078"/>
</kw>
<kw name="Check result Search" owner="Keyword">
<kw name="Wait Until Element Contains" owner="SeleniumLibrary">
<arg>${locator}</arg>
<arg>${msg}</arg>
<doc>Waits until the element ``locator`` contains ``text``.</doc>
<status status="PASS" start="2024-05-27T17:55:57.611861" elapsed="0.832431"/>
</kw>
<arg>${table}</arg>
<arg>${msg}</arg>
<status status="PASS" start="2024-05-27T17:55:57.611318" elapsed="0.834071"/>
</kw>
<arg>1</arg>
<arg>0</arg>
<arg>1</arg>
<arg>${locator_table}</arg>
<arg>Admin</arg>
<status status="PASS" start="2024-05-27T17:55:48.200983" elapsed="10.244645"/>
</kw>
<kw name="Check Search Select" owner="Keyword">
<if>
<branch type="IF" condition="${role} == 0">
<kw name="Click Element" owner="SeleniumLibrary">
<arg>${locator_search_select_role}</arg>
<doc>Click the element identified by ``locator``.</doc>
<status status="NOT RUN" start="2024-05-27T17:55:58.448098" elapsed="0.000112"/>
</kw>
<kw name="Wait Until Element Is Visible" owner="SeleniumLibrary">
<arg>${locator_search_role_selectrow}</arg>
<doc>Waits until the element ``locator`` is visible.</doc>
<status status="NOT RUN" start="2024-05-27T17:55:58.448369" elapsed="0.000095"/>
</kw>
<kw name="Click Element" owner="SeleniumLibrary">
<arg>${locator_search_role_selectrow}</arg>
<doc>Click the element identified by ``locator``.</doc>
<status status="NOT RUN" start="2024-05-27T17:55:58.448607" elapsed="0.000086"/>
</kw>
<status status="NOT RUN" start="2024-05-27T17:55:58.447666" elapsed="0.001099"/>
</branch>
<status status="PASS" start="2024-05-27T17:55:58.447618" elapsed="0.001217"/>
</if>
<if>
<branch type="IF" condition="${role} == 1">
<kw name="Click Element" owner="SeleniumLibrary">
<arg>${locator_search_select_role}</arg>
<doc>Click the element identified by ``locator``.</doc>
<status status="NOT RUN" start="2024-05-27T17:55:58.449260" elapsed="0.000138"/>
</kw>
<kw name="Wait Until Element Is Visible" owner="SeleniumLibrary">
<arg>${locator_search_role_admin}</arg>
<doc>Waits until the element ``locator`` is visible.</doc>
<status status="NOT RUN" start="2024-05-27T17:55:58.449576" elapsed="0.000113"/>
</kw>
<kw name="Click Element" owner="SeleniumLibrary">
<arg>${locator_search_role_admin}</arg>
<doc>Click the element identified by ``locator``.</doc>
<status status="NOT RUN" start="2024-05-27T17:55:58.449853" elapsed="0.000109"/>
</kw>
<status status="NOT RUN" start="2024-05-27T17:55:58.448930" elapsed="0.001126"/>
</branch>
<branch type="ELSE IF" condition="${role} == 2">
<kw name="Click Element" owner="SeleniumLibrary">
<arg>${locator_search_select_role}</arg>
<doc>Click the element identified by ``locator``.</doc>
<status status="NOT RUN" start="2024-05-27T17:55:58.450360" elapsed="0.000105"/>
</kw>
<kw name="Wait Until Element Is Visible" owner="SeleniumLibrary">
<arg>${locator_search_role_author}</arg>
<doc>Waits until the element ``locator`` is visible.</doc>
<status status="NOT RUN" start="2024-05-27T17:55:58.450622" elapsed="0.000102"/>
</kw>
<kw name="Click Element" owner="SeleniumLibrary">
<arg>${locator_search_role_author}</arg>
<doc>Click the element identified by ``locator``.</doc>
<status status="NOT RUN" start="2024-05-27T17:55:58.450875" elapsed="0.000098"/>
</kw>
<status status="NOT RUN" start="2024-05-27T17:55:58.450122" elapsed="0.000972"/>
</branch>
<branch type="ELSE IF" condition="${role} == 3">
<kw name="Click Element" owner="SeleniumLibrary">
<arg>${locator_search_select_role}</arg>
<doc>Click the element identified by ``locator``.</doc>
<status status="NOT RUN" start="2024-05-27T17:55:58.451615" elapsed="0.000182"/>
</kw>
<kw name="Wait Until Element Is Visible" owner="SeleniumLibrary">
<arg>${locator_search_role_editor}</arg>
<doc>Waits until the element ``locator`` is visible.</doc>
<status status="NOT RUN" start="2024-05-27T17:55:58.452077" elapsed="0.000120"/>
</kw>
<kw name="Click Element" owner="SeleniumLibrary">
<arg>${locator_search_role_editor}</arg>
<doc>Click the element identified by ``locator``.</doc>
<status status="NOT RUN" start="2024-05-27T17:55:58.452435" elapsed="0.000117"/>
</kw>
<status status="NOT RUN" start="2024-05-27T17:55:58.451223" elapsed="0.001491"/>
</branch>
<branch type="ELSE IF" condition="${role} == 4">
<kw name="Click Element" owner="SeleniumLibrary">
<msg time="2024-05-27T17:55:58.454172" level="INFO">Clicking element 'id=select-role'.</msg>
<arg>${locator_search_select_role}</arg>
<doc>Click the element identified by ``locator``.</doc>
<status status="PASS" start="2024-05-27T17:55:58.453069" elapsed="0.856440"/>
</kw>
<kw name="Wait Until Element Is Visible" owner="SeleniumLibrary">
<arg>${locator_search_role_maintainer}</arg>
<doc>Waits until the element ``locator`` is visible.</doc>
<status status="PASS" start="2024-05-27T17:55:59.310362" elapsed="0.832202"/>
</kw>
<kw name="Click Element" owner="SeleniumLibrary">
<msg time="2024-05-27T17:56:00.144250" level="INFO">Clicking element 'xpath=//*[@id="option-select-role-4"]'.</msg>
<arg>${locator_search_role_maintainer}</arg>
<doc>Click the element identified by ``locator``.</doc>
<status status="PASS" start="2024-05-27T17:56:00.143310" elapsed="0.867862"/>
</kw>
<status status="PASS" start="2024-05-27T17:55:58.452787" elapsed="2.559130"/>
</branch>
<branch type="ELSE IF" condition="${role} == 5">
<kw name="Click Element" owner="SeleniumLibrary">
<arg>${locator_search_select_role}</arg>
<doc>Click the element identified by ``locator``.</doc>
<status status="NOT RUN" start="2024-05-27T17:56:01.013003" elapsed="0.000246"/>
</kw>
<kw name="Wait Until Element Is Visible" owner="SeleniumLibrary">
<arg>${locator_search_role_subscriber}</arg>
<doc>Waits until the element ``locator`` is visible.</doc>
<status status="NOT RUN" start="2024-05-27T17:56:01.014684" elapsed="0.000241"/>
</kw>
<kw name="Click Element" owner="SeleniumLibrary">
<arg>${locator_search_role_subscriber}</arg>
<doc>Click the element identified by ``locator``.</doc>
<status status="NOT RUN" start="2024-05-27T17:56:01.015152" elapsed="0.000231"/>
</kw>
<status status="NOT RUN" start="2024-05-27T17:56:01.012161" elapsed="0.003406"/>
</branch>
<status status="PASS" start="2024-05-27T17:55:58.448901" elapsed="2.566755"/>
</if>
<if>
<branch type="IF" condition="${plan} == 0">
<kw name="Click Element" owner="SeleniumLibrary">
<arg>${locator_search_select_plan}</arg>
<doc>Click the element identified by ``locator``.</doc>
<status status="NOT RUN" start="2024-05-27T17:56:01.016231" elapsed="0.000128"/>
</kw>
<kw name="Wait Until Element Is Visible" owner="SeleniumLibrary">
<arg>${locator_search_plan_selectrow}</arg>
<doc>Waits until the element ``locator`` is visible.</doc>
<status status="NOT RUN" start="2024-05-27T17:56:01.016534" elapsed="0.000715"/>
</kw>
<kw name="Click Element" owner="SeleniumLibrary">
<arg>${locator_search_plan_selectrow}</arg>
<doc>Click the element identified by ``locator``.</doc>
<status status="NOT RUN" start="2024-05-27T17:56:01.017469" elapsed="0.000129"/>
</kw>
<status status="NOT RUN" start="2024-05-27T17:56:01.015799" elapsed="0.001977"/>
</branch>
<status status="PASS" start="2024-05-27T17:56:01.015765" elapsed="0.002091"/>
</if>
<if>
<branch type="IF" condition="${plan} == 1">
<kw name="Click Element" owner="SeleniumLibrary">
<arg>${locator_search_select_plan}</arg>
<doc>Click the element identified by ``locator``.</doc>
<status status="NOT RUN" start="2024-05-27T17:56:01.018309" elapsed="0.000131"/>
</kw>
<kw name="Wait Until Element Is Visible" owner="SeleniumLibrary">
<arg>${locator_search_plan_basic}</arg>
<doc>Waits until the element ``locator`` is visible.</doc>
<status status="NOT RUN" start="2024-05-27T17:56:01.018616" elapsed="0.000112"/>
</kw>
<kw name="Click Element" owner="SeleniumLibrary">
<arg>${locator_search_plan_basic}</arg>
<doc>Click the element identified by ``locator``.</doc>
<status status="NOT RUN" start="2024-05-27T17:56:01.018892" elapsed="0.000106"/>
</kw>
<status status="NOT RUN" start="2024-05-27T17:56:01.017951" elapsed="0.001140"/>
</branch>
<branch type="ELSE IF" condition="${plan} == 2">
<kw name="Click Element" owner="SeleniumLibrary">
<arg>${locator_search_select_plan}</arg>
<doc>Click the element identified by ``locator``.</doc>
<status status="NOT RUN" start="2024-05-27T17:56:01.019504" elapsed="0.000113"/>
</kw>
<kw name="Wait Until Element Is Visible" owner="SeleniumLibrary">
<arg>${locator_search_plan_company}</arg>
<doc>Waits until the element ``locator`` is visible.</doc>
<status status="NOT RUN" start="2024-05-27T17:56:01.019780" elapsed="0.000108"/>
</kw>
<kw name="Click Element" owner="SeleniumLibrary">
<arg>${locator_search_plan_company}</arg>
<doc>Click the element identified by ``locator``.</doc>
<status status="NOT RUN" start="2024-05-27T17:56:01.020052" elapsed="0.000104"/>
</kw>
<status status="NOT RUN" start="2024-05-27T17:56:01.019157" elapsed="0.001089"/>
</branch>
<branch type="ELSE IF" condition="${plan} == 3">
<kw name="Click Element" owner="SeleniumLibrary">
<msg time="2024-05-27T17:56:01.021293" level="INFO">Clicking element 'id=select-plan'.</msg>
<arg>${locator_search_select_plan}</arg>
<doc>Click the element identified by ``locator``.</doc>
<status status="PASS" start="2024-05-27T17:56:01.020712" elapsed="0.863722"/>
</kw>
<kw name="Wait Until Element Is Visible" owner="SeleniumLibrary">
<arg>${locator_search_plan_enterprise}</arg>
<doc>Waits until the element ``locator`` is visible.</doc>
<status status="PASS" start="2024-05-27T17:56:01.885073" elapsed="0.831733"/>
</kw>
<kw name="Click Element" owner="SeleniumLibrary">
<msg time="2024-05-27T17:56:02.717994" level="INFO">Clicking element 'xpath=//*[@id="option-select-plan-3"]'.</msg>
<arg>${locator_search_plan_enterprise}</arg>
<doc>Click the element identified by ``locator``.</doc>
<status status="PASS" start="2024-05-27T17:56:02.717194" elapsed="0.879415"/>
</kw>
<status status="PASS" start="2024-05-27T17:56:01.020361" elapsed="2.576776"/>
</branch>
<branch type="ELSE IF" condition="${plan} == 4">
<kw name="Click Element" owner="SeleniumLibrary">
<arg>${locator_search_select_plan}</arg>
<doc>Click the element identified by ``locator``.</doc>
<status status="NOT RUN" start="2024-05-27T17:56:03.597939" elapsed="0.000181"/>
</kw>
<kw name="Wait Until Element Is Visible" owner="SeleniumLibrary">
<arg>${locator_search_plan_team}</arg>
<doc>Waits until the element ``locator`` is visible.</doc>
<status status="NOT RUN" start="2024-05-27T17:56:03.598308" elapsed="0.000102"/>
</kw>
<kw name="Click Element" owner="SeleniumLibrary">
<arg>${locator_search_plan_team}</arg>
<doc>Click the element identified by ``locator``.</doc>
<status status="NOT RUN" start="2024-05-27T17:56:03.598545" elapsed="0.000086"/>
</kw>
<status status="NOT RUN" start="2024-05-27T17:56:03.597312" elapsed="0.001391"/>
</branch>
<status status="PASS" start="2024-05-27T17:56:01.017927" elapsed="2.580837"/>
</if>
<if>
<branch type="IF" condition="${status} == 0">
<kw name="Click Element" owner="SeleniumLibrary">
<arg>${locator_search_select_status}</arg>
<doc>Click the element identified by ``locator``.</doc>
<status status="NOT RUN" start="2024-05-27T17:56:03.599245" elapsed="0.000121"/>
</kw>
<kw name="Wait Until Element Is Visible" owner="SeleniumLibrary">
<arg>${locator_search_status_selectrow}</arg>
<doc>Waits until the element ``locator`` is visible.</doc>
<status status="NOT RUN" start="2024-05-27T17:56:03.599526" elapsed="0.000100"/>
</kw>
<kw name="Click Element" owner="SeleniumLibrary">
<arg>${locator_search_status_selectrow}</arg>
<doc>Click the element identified by ``locator``.</doc>
<status status="NOT RUN" start="2024-05-27T17:56:03.599781" elapsed="0.000104"/>
</kw>
<status status="NOT RUN" start="2024-05-27T17:56:03.598869" elapsed="0.001109"/>
</branch>
<status status="PASS" start="2024-05-27T17:56:03.598846" elapsed="0.001195"/>
</if>
<if>
<branch type="IF" condition="${status} == 1">
<kw name="Click Element" owner="SeleniumLibrary">
<arg>${locator_search_select_status}</arg>
<doc>Click the element identified by ``locator``.</doc>
<status status="NOT RUN" start="2024-05-27T17:56:03.600435" elapsed="0.000119"/>
</kw>
<kw name="Wait Until Element Is Visible" owner="SeleniumLibrary">
<arg>${locator_search_status_pending}</arg>
<doc>Waits until the element ``locator`` is visible.</doc>
<status status="NOT RUN" start="2024-05-27T17:56:03.600686" elapsed="0.000076"/>
</kw>
<kw name="Click Element" owner="SeleniumLibrary">
<arg>${locator_search_status_pending}</arg>
<doc>Click the element identified by ``locator``.</doc>
<status status="NOT RUN" start="2024-05-27T17:56:03.600873" elapsed="0.000073"/>
</kw>
<status status="NOT RUN" start="2024-05-27T17:56:03.600125" elapsed="0.000886"/>
</branch>
<branch type="ELSE IF" condition="${status} == 2">
<kw name="Click Element" owner="SeleniumLibrary">
<msg time="2024-05-27T17:56:03.601733" level="INFO">Clicking element 'id=select-status'.</msg>
<arg>${locator_search_select_status}</arg>
<doc>Click the element identified by ``locator``.</doc>
<status status="PASS" start="2024-05-27T17:56:03.601243" elapsed="0.861814"/>
</kw>
<kw name="Wait Until Element Is Visible" owner="SeleniumLibrary">
<arg>${locator_search_status_active}</arg>
<doc>Waits until the element ``locator`` is visible.</doc>
<status status="PASS" start="2024-05-27T17:56:04.463772" elapsed="0.829139"/>
</kw>
<kw name="Click Element" owner="SeleniumLibrary">
<msg time="2024-05-27T17:56:05.294578" level="INFO">Clicking element 'xpath=//*[@id="option-select-status-2"]'.</msg>
<arg>${locator_search_status_active}</arg>
<doc>Click the element identified by ``locator``.</doc>
<status status="PASS" start="2024-05-27T17:56:05.293494" elapsed="0.864605"/>
</kw>
<status status="PASS" start="2024-05-27T17:56:03.601056" elapsed="2.557612"/>
</branch>
<branch type="ELSE IF" condition="${status} == 3">
<kw name="Click Element" owner="SeleniumLibrary">
<arg>${locator_search_select_status}</arg>
<doc>Click the element identified by ``locator``.</doc>
<status status="NOT RUN" start="2024-05-27T17:56:06.159388" elapsed="0.000196"/>
</kw>
<kw name="Wait Until Element Is Visible" owner="SeleniumLibrary">
<arg>${locator_search_status_inactive}</arg>
<doc>Waits until the element ``locator`` is visible.</doc>
<status status="NOT RUN" start="2024-05-27T17:56:06.159840" elapsed="0.000221"/>
</kw>
<kw name="Click Element" owner="SeleniumLibrary">
<arg>${locator_search_status_inactive}</arg>
<doc>Click the element identified by ``locator``.</doc>
<status status="NOT RUN" start="2024-05-27T17:56:06.160347" elapsed="0.000119"/>
</kw>
<status status="NOT RUN" start="2024-05-27T17:56:06.158815" elapsed="0.001777"/>
</branch>
<status status="PASS" start="2024-05-27T17:56:03.600106" elapsed="2.560564"/>
</if>
<kw name="Click Element" owner="SeleniumLibrary">
<msg time="2024-05-27T17:56:06.161194" level="INFO">Clicking element 'id=btn-search'.</msg>
<arg>${locator_search_btn_search}</arg>
<doc>Click the element identified by ``locator``.</doc>
<status status="PASS" start="2024-05-27T17:56:06.160785" elapsed="0.882696"/>
</kw>
<kw name="Wait Until Element Is Visible" owner="SeleniumLibrary">
<arg>${locator_table}</arg>
<doc>Waits until the element ``locator`` is visible.</doc>
<status status="PASS" start="2024-05-27T17:56:07.044316" elapsed="0.833163"/>
</kw>
<kw name="Check result Search" owner="Keyword">
<kw name="Wait Until Element Contains" owner="SeleniumLibrary">
<arg>${locator}</arg>
<arg>${msg}</arg>
<doc>Waits until the element ``locator`` contains ``text``.</doc>
<status status="PASS" start="2024-05-27T17:56:07.879592" elapsed="0.840999"/>
</kw>
<arg>${table}</arg>
<arg>${msg}</arg>
<status status="PASS" start="2024-05-27T17:56:07.878278" elapsed="0.843128"/>
</kw>
<arg>4</arg>
<arg>3</arg>
<arg>2</arg>
<arg>${locator_table}</arg>
<arg>Active</arg>
<status status="PASS" start="2024-05-27T17:55:58.446786" elapsed="10.274944"/>
</kw>
<kw name="Close Browser" owner="SeleniumLibrary" type="TEARDOWN">
<doc>Closes the current browser.</doc>
<status status="PASS" start="2024-05-27T17:56:08.722728" elapsed="0.479250"/>
</kw>
<status status="PASS" start="2024-05-27T17:53:07.032120" elapsed="182.170173"/>
</test>
<kw name="Close All Browsers" owner="SeleniumLibrary" type="TEARDOWN">
<doc>Closes all open browsers and resets the browser cache.</doc>
<status status="PASS" start="2024-05-27T17:56:09.203762" elapsed="0.000624"/>
</kw>
<status status="PASS" start="2024-05-27T17:53:06.982723" elapsed="182.221813"/>
</suite>
<status status="PASS" start="2024-05-27T17:53:06.982232" elapsed="182.223893"/>
</suite>
<status status="PASS" start="2024-05-27T17:53:06.981295" elapsed="182.225627"/>
</suite>
<status status="PASS" start="2024-05-27T17:53:06.980654" elapsed="182.226917"/>
</suite>
<status status="PASS" start="2024-05-27T17:53:06.979890" elapsed="182.228226"/>
</suite>
<status status="PASS" start="2024-05-27T17:53:06.972497" elapsed="182.236220"/>
</suite>
<statistics>
<total>
<stat pass="1" fail="0" skip="0">All Tests</stat>
</total>
<tag>
</tag>
<suite>
<stat pass="1" fail="0" skip="0" id="s1" name="Automate HUi">Automate HUi</stat>
<stat pass="1" fail="0" skip="0" id="s1-s1" name="Document">Automate HUi.Document</stat>
<stat pass="1" fail="0" skip="0" id="s1-s1-s1" name="Auto Tester">Automate HUi.Document.Auto Tester</stat>
<stat pass="1" fail="0" skip="0" id="s1-s1-s1-s1" name="P'Beam">Automate HUi.Document.Auto Tester.P'Beam</stat>
<stat pass="1" fail="0" skip="0" id="s1-s1-s1-s1-s1" name="Homework3">Automate HUi.Document.Auto Tester.P'Beam.Homework3</stat>
<stat pass="1" fail="0" skip="0" id="s1-s1-s1-s1-s1-s1" name="Login&amp;Search">Automate HUi.Document.Auto Tester.P'Beam.Homework3.Login&amp;Search</stat>
</suite>
</statistics>
<errors>
</errors>
</robot>
