<?xml version="1.0" encoding="UTF-8"?>
<robot generator="Robot 7.0 (Python 3.12.2 on darwin)" generated="2024-05-14T09:40:04.522344" rpa="false" schemaversion="5">
<suite id="s1" name="Automate HUi" source="/Users/tester/Desktop/Automate HUi">
<suite id="s1-s1" name="Document" source="/Users/tester/Desktop/Automate HUi/Document">
<suite id="s1-s1-s1" name="Auto Tester" source="/Users/tester/Desktop/Automate HUi/Document/Auto Tester">
<suite id="s1-s1-s1-s1" name="TourMaster" source="/Users/tester/Desktop/Automate HUi/Document/Auto Tester/TourMaster">
<suite id="s1-s1-s1-s1-s1" name="Vehicle" source="/Users/tester/Desktop/Automate HUi/Document/Auto Tester/TourMaster/Vehicle">
<suite id="s1-s1-s1-s1-s1-s1" name="Supplier list" source="/Users/tester/Desktop/Automate HUi/Document/Auto Tester/TourMaster/Vehicle/Supplier_list">
<suite id="s1-s1-s1-s1-s1-s1-s1" name="Supplier" source="/Users/tester/Desktop/Automate HUi/Document/Auto Tester/TourMaster/Vehicle/Supplier_list/Supplier.robot">
<kw name="Set Selenium Speed" owner="SeleniumLibrary" type="SETUP">
<arg>0.5s</arg>
<doc>Sets the delay that is waited after each Selenium command.</doc>
<status status="PASS" start="2024-05-14T09:40:04.613285" elapsed="0.000253"/>
</kw>
<test id="s1-s1-s1-s1-s1-s1-s1-t1" name="TC02 - Check Create Supplier Page" line="13">
<kw name="Open Web &amp; Input for login" owner="Supplier_kay" type="SETUP">
<kw name="Open Browser" owner="SeleniumLibrary">
<msg time="2024-05-14T09:40:04.614392" level="INFO">Opening browser 'chrome' to base url 'https://dev-tm.techmaster.in.th/login'.</msg>
<arg>${url}</arg>
<arg>${browser}</arg>
<doc>Opens a new browser instance to the optional ``url``.</doc>
<status status="PASS" start="2024-05-14T09:40:04.614231" elapsed="2.301051"/>
</kw>
<kw name="Maximize Browser Window" owner="SeleniumLibrary">
<doc>Maximizes current browser window.</doc>
<status status="PASS" start="2024-05-14T09:40:06.915900" elapsed="0.870434"/>
</kw>
<kw name="Set Selenium Speed" owner="SeleniumLibrary">
<arg>0.5s</arg>
<doc>Sets the delay that is waited after each Selenium command.</doc>
<status status="PASS" start="2024-05-14T09:40:07.786692" elapsed="0.000719"/>
</kw>
<kw name="Input Text" owner="SeleniumLibrary">
<msg time="2024-05-14T09:40:07.788282" level="INFO">Typing text 'superadmin' into text field 'name=username'.</msg>
<arg>${locator_username}</arg>
<arg>superadmin</arg>
<doc>Types the given ``text`` into the text field identified by ``locator``.</doc>
<status status="PASS" start="2024-05-14T09:40:07.787655" elapsed="1.667666"/>
</kw>
<kw name="Input Text" owner="SeleniumLibrary">
<msg time="2024-05-14T09:40:09.456018" level="INFO">Typing text 'P@ssw0rd' into text field 'name=password'.</msg>
<arg>${locator_password}</arg>
<arg>P@ssw0rd</arg>
<doc>Types the given ``text`` into the text field identified by ``locator``.</doc>
<status status="PASS" start="2024-05-14T09:40:09.455633" elapsed="1.575225"/>
</kw>
<kw name="Click Element" owner="SeleniumLibrary">
<msg time="2024-05-14T09:40:11.031660" level="INFO">Clicking element 'id=btn_login_submit'.</msg>
<arg>${locator_btnlogin}</arg>
<doc>Click the element identified by ``locator``.</doc>
<status status="PASS" start="2024-05-14T09:40:11.031156" elapsed="1.046451"/>
</kw>
<kw name="Wait Until Page Contains" owner="SeleniumLibrary">
<arg>Dashboard</arg>
<doc>Waits until ``text`` appears on the current page.</doc>
<status status="PASS" start="2024-05-14T09:40:12.077808" elapsed="0.526317"/>
</kw>
<kw name="Sleep" owner="BuiltIn">
<msg time="2024-05-14T09:40:13.607991" level="INFO">Slept 1 second.</msg>
<arg>1s</arg>
<doc>Pauses the test executed for the given time.</doc>
<status status="PASS" start="2024-05-14T09:40:12.605439" elapsed="1.003391"/>
</kw>
<status status="PASS" start="2024-05-14T09:40:04.614032" elapsed="8.995480"/>
</kw>
<kw name="Check Supplier Page" owner="Supplier_kay">
<kw name="Click Element" owner="SeleniumLibrary">
<msg time="2024-05-14T09:40:13.615050" level="INFO">Clicking element 'xpath=//*[@id="root"]/div/aside/div/ul/li[5]/ul/li[3]/div'.</msg>
<arg>${locator_menu_vehicle}</arg>
<doc>Click the element identified by ``locator``.</doc>
<status status="PASS" start="2024-05-14T09:40:13.613720" elapsed="1.066446"/>
</kw>
<kw name="Wait Until Element Is Visible" owner="SeleniumLibrary">
<arg>${locator_menu_supplier}</arg>
<doc>Waits until the element ``locator`` is visible.</doc>
<status status="PASS" start="2024-05-14T09:40:14.681059" elapsed="1.029617"/>
</kw>
<kw name="Click Element" owner="SeleniumLibrary">
<msg time="2024-05-14T09:40:15.711069" level="INFO">Clicking element 'id=vehicle_supplierlist'.</msg>
<arg>${locator_menu_supplier}</arg>
<doc>Click the element identified by ``locator``.</doc>
<status status="PASS" start="2024-05-14T09:40:15.710842" elapsed="1.125458"/>
</kw>
<kw name="Wait Until Element Is Visible" owner="SeleniumLibrary">
<arg>${locator_supplier_navigator}</arg>
<doc>Waits until the element ``locator`` is visible.</doc>
<status status="PASS" start="2024-05-14T09:40:16.836542" elapsed="1.026545"/>
</kw>
<kw name="Wait Until Element Is Visible" owner="SeleniumLibrary">
<arg>${locator_supplier_btn_create}</arg>
<doc>Waits until the element ``locator`` is visible.</doc>
<status status="PASS" start="2024-05-14T09:40:17.863531" elapsed="1.023964"/>
</kw>
<kw name="Wait Until Element Is Visible" owner="SeleniumLibrary">
<arg>${locator_supplier_table}</arg>
<doc>Waits until the element ``locator`` is visible.</doc>
<status status="PASS" start="2024-05-14T09:40:18.887668" elapsed="1.025508"/>
</kw>
<status status="PASS" start="2024-05-14T09:40:13.610925" elapsed="6.302499"/>
</kw>
<kw name="Check Create Supplier Page" owner="Supplier_kay">
<kw name="Click Element" owner="SeleniumLibrary">
<msg time="2024-05-14T09:40:19.915018" level="INFO">Clicking element 'xpath=//*[@id="root"]/div/div/main/div/div[1]/div/div/button'.</msg>
<arg>${locator_supplier_btn_create}</arg>
<doc>Click the element identified by ``locator``.</doc>
<status status="PASS" start="2024-05-14T09:40:19.914680" elapsed="1.135534"/>
</kw>
<kw name="Wait Until Element Is Visible" owner="SeleniumLibrary">
<arg>${locator_create_supplier_navigator}</arg>
<doc>Waits until the element ``locator`` is visible.</doc>
<status status="PASS" start="2024-05-14T09:40:21.050460" elapsed="1.022063"/>
</kw>
<kw name="Wait Until Element Is Visible" owner="SeleniumLibrary">
<arg>${locator_create_supplier_name}</arg>
<doc>Waits until the element ``locator`` is visible.</doc>
<status status="PASS" start="2024-05-14T09:40:22.072864" elapsed="1.029335"/>
</kw>
<kw name="Wait Until Element Is Visible" owner="SeleniumLibrary">
<arg>${locator_create_supplier_payment}</arg>
<doc>Waits until the element ``locator`` is visible.</doc>
<status status="PASS" start="2024-05-14T09:40:23.102734" elapsed="1.036894"/>
</kw>
<kw name="Click Element" owner="SeleniumLibrary">
<msg time="2024-05-14T09:40:24.140997" level="INFO">Clicking element 'xpath=//*[@id="root"]/div/div/main/div/div/div[1]/div[2]/div/div[1]/button'.</msg>
<arg>${locator_create_supplier_btn_cancel}</arg>
<doc>Click the element identified by ``locator``.</doc>
<status status="PASS" start="2024-05-14T09:40:24.140212" elapsed="1.118108"/>
</kw>
<kw name="Wait Until Element Is Visible" owner="SeleniumLibrary">
<arg>${locator_supplier_table}</arg>
<doc>Waits until the element ``locator`` is visible.</doc>
<status status="PASS" start="2024-05-14T09:40:25.259907" elapsed="1.027541"/>
</kw>
<kw name="Wait Until Element Is Visible" owner="SeleniumLibrary">
<arg>${locator_supplier_btn_create}</arg>
<doc>Waits until the element ``locator`` is visible.</doc>
<status status="PASS" start="2024-05-14T09:40:26.287677" elapsed="1.020094"/>
</kw>
<kw name="Click Element" owner="SeleniumLibrary">
<msg time="2024-05-14T09:40:27.312039" level="INFO">Clicking element 'xpath=//*[@id="root"]/div/div/main/div/div[1]/div/div/button'.</msg>
<arg>${locator_supplier_btn_create}</arg>
<doc>Click the element identified by ``locator``.</doc>
<status status="PASS" start="2024-05-14T09:40:27.309384" elapsed="1.131427"/>
</kw>
<kw name="Wait Until Element Is Visible" owner="SeleniumLibrary">
<arg>${locator_create_supplier_btn_next}</arg>
<doc>Waits until the element ``locator`` is visible.</doc>
<status status="PASS" start="2024-05-14T09:40:28.441419" elapsed="1.030846"/>
</kw>
<kw name="Wait Until Element Is Visible" owner="SeleniumLibrary">
<arg>${locator_create_supplier_grouptype}</arg>
<doc>Waits until the element ``locator`` is visible.</doc>
<status status="PASS" start="2024-05-14T09:40:29.473017" elapsed="1.031322"/>
</kw>
<kw name="Click Element" owner="SeleniumLibrary">
<msg time="2024-05-14T09:40:30.505699" level="INFO">Clicking element 'xpath=//*[@id="root"]/div/div/main/div/div/div[1]/div[2]/div/div[2]/button'.</msg>
<arg>${locator_create_supplier_btn_next}</arg>
<doc>Click the element identified by ``locator``.</doc>
<status status="PASS" start="2024-05-14T09:40:30.504906" elapsed="1.065158"/>
</kw>
<kw name="Wait Until Page Contains" owner="SeleniumLibrary">
<arg>Please enter Supplier Name</arg>
<doc>Waits until ``text`` appears on the current page.</doc>
<status status="PASS" start="2024-05-14T09:40:31.570645" elapsed="0.525042"/>
</kw>
<kw name="Wait Until Page Contains" owner="SeleniumLibrary">
<arg>Please select Group type</arg>
<doc>Waits until ``text`` appears on the current page.</doc>
<status status="PASS" start="2024-05-14T09:40:32.096209" elapsed="0.519355"/>
</kw>
<kw name="Input Text" owner="SeleniumLibrary">
<msg time="2024-05-14T09:40:32.616698" level="INFO">Typing text 'sodom' into text field 'name=name'.</msg>
<arg>${locator_create_supplier_name}</arg>
<arg>${sup_name}</arg>
<doc>Types the given ``text`` into the text field identified by ``locator``.</doc>
<status status="PASS" start="2024-05-14T09:40:32.616001" elapsed="1.591090"/>
</kw>
<kw name="Input Text" owner="SeleniumLibrary">
<msg time="2024-05-14T09:40:34.208628" level="INFO">Typing text 'sodean' into text field 'name=contract_person'.</msg>
<arg>${locator_create_supplier_contactperson}</arg>
<arg>${sup_contact}</arg>
<doc>Types the given ``text`` into the text field identified by ``locator``.</doc>
<status status="PASS" start="2024-05-14T09:40:34.207881" elapsed="1.580968"/>
</kw>
<kw name="Input Text" owner="SeleniumLibrary">
<msg time="2024-05-14T09:40:35.790121" level="INFO">Typing text 'supream' into text field 'name=line_id'.</msg>
<arg>${locator_create_supplier_lineid}</arg>
<arg>${sup_line}</arg>
<doc>Types the given ``text`` into the text field identified by ``locator``.</doc>
<status status="PASS" start="2024-05-14T09:40:35.789311" elapsed="1.583673"/>
</kw>
<kw name="Input Text" owner="SeleniumLibrary">
<msg time="2024-05-14T09:40:37.373791" level="INFO">Typing text '0123456789' into text field 'name=phone'.</msg>
<arg>${locator_create_supplier_phone}</arg>
<arg>${sup_phone}</arg>
<doc>Types the given ``text`` into the text field identified by ``locator``.</doc>
<status status="PASS" start="2024-05-14T09:40:37.373333" elapsed="1.581379"/>
</kw>
<kw name="Input Text" owner="SeleniumLibrary">
<msg time="2024-05-14T09:40:38.955520" level="INFO">Typing text 'ama.hu@gm.co' into text field 'name=email'.</msg>
<arg>${locator_create_supplier_email}</arg>
<arg>${sup_email}</arg>
<doc>Types the given ``text`` into the text field identified by ``locator``.</doc>
<status status="PASS" start="2024-05-14T09:40:38.955046" elapsed="1.588598"/>
</kw>
<kw name="Input Text" owner="SeleniumLibrary">
<msg time="2024-05-14T09:40:40.544204" level="INFO">Typing text '142/152 sd sdf' into text field 'name=address'.</msg>
<arg>${locator_create_supplier_address}</arg>
<arg>${sup_adress}</arg>
<doc>Types the given ``text`` into the text field identified by ``locator``.</doc>
<status status="PASS" start="2024-05-14T09:40:40.543838" elapsed="1.591809"/>
</kw>
<kw name="Click Element" owner="SeleniumLibrary">
<msg time="2024-05-14T09:40:42.136383" level="INFO">Clicking element 'xpath=//*[@id="root"]/div/div/main/div/div/div[3]/div/div/div[1]/div/div[2]/div/div/div[8]/div[1]/div/div/div/span[1]'.</msg>
<arg>${locator_create_supplier_country}</arg>
<doc>Click the element identified by ``locator``.</doc>
<status status="PASS" start="2024-05-14T09:40:42.135990" elapsed="1.058507"/>
</kw>
<kw name="Wait Until Element Is Visible" owner="SeleniumLibrary">
<arg>${locator_create_supplier_country_select}</arg>
<doc>Waits until the element ``locator`` is visible.</doc>
<status status="PASS" start="2024-05-14T09:40:43.194806" elapsed="1.028491"/>
</kw>
<kw name="Click Element" owner="SeleniumLibrary">
<msg time="2024-05-14T09:40:44.226056" level="INFO">Clicking element 'xpath=/html/body/div[5]/div/div/div[2]/div/div/div'.</msg>
<arg>${locator_create_supplier_country_select}</arg>
<doc>Click the element identified by ``locator``.</doc>
<status status="PASS" start="2024-05-14T09:40:44.225491" elapsed="1.053867"/>
</kw>
<kw name="Click Element" owner="SeleniumLibrary">
<msg time="2024-05-14T09:40:45.280813" level="INFO">Clicking element 'xpath=//*[@id="root"]/div/div/main/div/div/div[3]/div/div/div[1]/div/div[2]/div/div/div[8]/div[2]/div/div/div/span[1]'.</msg>
<arg>${locator_create_supplier_province}</arg>
<doc>Click the element identified by ``locator``.</doc>
<status status="PASS" start="2024-05-14T09:40:45.279998" elapsed="1.069080"/>
</kw>
<kw name="Wait Until Element Is Visible" owner="SeleniumLibrary">
<arg>${locator_create_supplier_province_select}</arg>
<doc>Waits until the element ``locator`` is visible.</doc>
<status status="PASS" start="2024-05-14T09:40:46.349527" elapsed="1.025947"/>
</kw>
<kw name="Click Element" owner="SeleniumLibrary">
<msg time="2024-05-14T09:40:47.376735" level="INFO">Clicking element 'xpath=/html/body/div[6]/div/div/div[2]/div[1]/div/div/div[1]'.</msg>
<arg>${locator_create_supplier_province_select}</arg>
<doc>Click the element identified by ``locator``.</doc>
<status status="PASS" start="2024-05-14T09:40:47.376064" elapsed="1.052315"/>
</kw>
<kw name="Click Element" owner="SeleniumLibrary">
<msg time="2024-05-14T09:40:48.429600" level="INFO">Clicking element 'xpath=//*[@id="root"]/div/div/main/div/div/div[3]/div/div/div[1]/div/div[2]/div/div/div[8]/div[3]/div/div/div/span[1]'.</msg>
<arg>${locator_create_supplier_district}</arg>
<doc>Click the element identified by ``locator``.</doc>
<status status="PASS" start="2024-05-14T09:40:48.429024" elapsed="1.063560"/>
</kw>
<kw name="Wait Until Element Is Visible" owner="SeleniumLibrary">
<arg>${locator_create_supplier_district_select}</arg>
<doc>Waits until the element ``locator`` is visible.</doc>
<status status="PASS" start="2024-05-14T09:40:49.492816" elapsed="1.018813"/>
</kw>
<kw name="Click Element" owner="SeleniumLibrary">
<msg time="2024-05-14T09:40:50.513348" level="INFO">Clicking element 'xpath=/html/body/div[7]/div/div/div[2]/div[1]/div/div/div[4]'.</msg>
<arg>${locator_create_supplier_district_select}</arg>
<doc>Click the element identified by ``locator``.</doc>
<status status="PASS" start="2024-05-14T09:40:50.512264" elapsed="1.054567"/>
</kw>
<kw name="Click Element" owner="SeleniumLibrary">
<msg time="2024-05-14T09:40:51.568673" level="INFO">Clicking element 'xpath=//*[@id="root"]/div/div/main/div/div/div[3]/div/div/div[1]/div/div[2]/div/div/div[8]/div[4]/div/div/div/span[1]'.</msg>
<arg>${locator_create_supplier_subdistrict}</arg>
<doc>Click the element identified by ``locator``.</doc>
<status status="PASS" start="2024-05-14T09:40:51.567584" elapsed="1.057820"/>
</kw>
<kw name="Wait Until Element Is Visible" owner="SeleniumLibrary">
<arg>${locator_create_supplier_subdistrict_select}</arg>
<doc>Waits until the element ``locator`` is visible.</doc>
<status status="PASS" start="2024-05-14T09:40:52.626220" elapsed="1.022875"/>
</kw>
<kw name="Click Element" owner="SeleniumLibrary">
<msg time="2024-05-14T09:40:53.650481" level="INFO">Clicking element 'xpath=/html/body/div[8]/div/div/div[2]/div/div/div/div[5]'.</msg>
<arg>${locator_create_supplier_subdistrict_select}</arg>
<doc>Click the element identified by ``locator``.</doc>
<status status="PASS" start="2024-05-14T09:40:53.649667" elapsed="1.050464"/>
</kw>
<arg>sup_name=sodom</arg>
<arg>sup_contact=sodean</arg>
<arg>sup_line=supream</arg>
<arg>sup_phone=0123456789</arg>
<arg>sup_email=ama.hu@gm.co</arg>
<arg>sup_adress=142/152 sd sdf</arg>
<doc>ตรวจสอบการสร้าง Supplier หน้า General Detail</doc>
<status status="PASS" start="2024-05-14T09:40:19.913933" elapsed="34.786653"/>
</kw>
<kw name="Check Create Supplier Page Group Type" owner="Supplier_kay">
<kw name="Click Element" owner="SeleniumLibrary">
<msg time="2024-05-14T09:40:54.703892" level="INFO">Clicking element 'xpath=//*[@id="root"]/div/div/main/div/div/div[3]/div/div/div[3]/div/div[2]/div/div/div/div/div'.</msg>
<arg>${locator_create_supplier_grouptype}</arg>
<doc>Click the element identified by ``locator``.</doc>
<status status="PASS" start="2024-05-14T09:40:54.703194" elapsed="1.087875"/>
</kw>
<kw name="Wait Until Element Is Visible" owner="SeleniumLibrary">
<arg>${locator_create_supplier_grouptype_select1}</arg>
<doc>Waits until the element ``locator`` is visible.</doc>
<status status="PASS" start="2024-05-14T09:40:55.791270" elapsed="1.019725"/>
</kw>
<kw name="Wait Until Element Is Visible" owner="SeleniumLibrary">
<arg>${locator_create_supplier_grouptype_select2}</arg>
<doc>Waits until the element ``locator`` is visible.</doc>
<status status="PASS" start="2024-05-14T09:40:56.811349" elapsed="1.029174"/>
</kw>
<kw name="Click Element" owner="SeleniumLibrary">
<msg time="2024-05-14T09:40:57.840987" level="INFO">Clicking element 'name=!@#'.</msg>
<arg>${locator_create_supplier_grouptype_select1}</arg>
<doc>Click the element identified by ``locator``.</doc>
<status status="PASS" start="2024-05-14T09:40:57.840715" elapsed="1.081256"/>
</kw>
<kw name="Click Element" owner="SeleniumLibrary">
<msg time="2024-05-14T09:40:58.922720" level="INFO">Clicking element 'name=baba'.</msg>
<arg>${locator_create_supplier_grouptype_select2}</arg>
<doc>Click the element identified by ``locator``.</doc>
<status status="PASS" start="2024-05-14T09:40:58.922347" elapsed="1.062059"/>
</kw>
<doc>ตรวจสอบการเลือก Grouptype</doc>
<status status="PASS" start="2024-05-14T09:40:54.701956" elapsed="5.282753"/>
</kw>
<kw name="Check Create Group type In Create Supplier" owner="Supplier_kay">
<kw name="Wait Until Element Is Visible" owner="SeleniumLibrary">
<msg time="2024-05-14T09:41:06.327951" level="INFO" html="true">&lt;/td&gt;&lt;/tr&gt;&lt;tr&gt;&lt;td colspan="3"&gt;&lt;a href="selenium-screenshot-9.png"&gt;&lt;img src="selenium-screenshot-9.png" width="800px"&gt;&lt;/a&gt;</msg>
<msg time="2024-05-14T09:41:06.328473" level="FAIL">Element 'xpath=/html/body/div[5]/div/div/div[4]' not visible after 5 seconds.</msg>
<arg>${locator_create_supplier_create_grouptype}</arg>
<doc>Waits until the element ``locator`` is visible.</doc>
<status status="FAIL" start="2024-05-14T09:40:59.985756" elapsed="6.347207">Element 'xpath=/html/body/div[5]/div/div/div[4]' not visible after 5 seconds.</status>
</kw>
<kw name="Click Element" owner="SeleniumLibrary">
<arg>${locator_create_supplier_create_grouptype}</arg>
<doc>Click the element identified by ``locator``.</doc>
<status status="NOT RUN" start="2024-05-14T09:41:06.334735" elapsed="0.000585"/>
</kw>
<kw name="Wait Until Element Is Visible" owner="SeleniumLibrary">
<arg>${locator_create_supplier_create_grouptype_table}</arg>
<doc>Waits until the element ``locator`` is visible.</doc>
<status status="NOT RUN" start="2024-05-14T09:41:06.335605" elapsed="0.000161"/>
</kw>
<kw name="Wait Until Element Is Visible" owner="SeleniumLibrary">
<arg>${locator_create_supplier_create_grouptype_pagina}</arg>
<doc>Waits until the element ``locator`` is visible.</doc>
<status status="NOT RUN" start="2024-05-14T09:41:06.335954" elapsed="0.000121"/>
</kw>
<kw name="Wait Until Element Is Visible" owner="SeleniumLibrary">
<arg>${locator_create_supplier_create_grouptype_btn_cancel}</arg>
<doc>Waits until the element ``locator`` is visible.</doc>
<status status="NOT RUN" start="2024-05-14T09:41:06.336250" elapsed="0.000116"/>
</kw>
<kw name="Click Element" owner="SeleniumLibrary">
<arg>${locator_create_supplier_create_grouptype_btn_cancel}</arg>
<doc>Click the element identified by ``locator``.</doc>
<status status="NOT RUN" start="2024-05-14T09:41:06.336668" elapsed="0.000188"/>
</kw>
<kw name="Wait Until Element Is Visible" owner="SeleniumLibrary">
<arg>${locator_create_supplier_grouptype}</arg>
<doc>Waits until the element ``locator`` is visible.</doc>
<status status="NOT RUN" start="2024-05-14T09:41:06.337041" elapsed="0.000138"/>
</kw>
<kw name="Click Element" owner="SeleniumLibrary">
<arg>${locator_create_supplier_grouptype}</arg>
<doc>Click the element identified by ``locator``.</doc>
<status status="NOT RUN" start="2024-05-14T09:41:06.337372" elapsed="0.000122"/>
</kw>
<kw name="Wait Until Element Is Visible" owner="SeleniumLibrary">
<arg>${locator_create_supplier_create_grouptype}</arg>
<doc>Waits until the element ``locator`` is visible.</doc>
<status status="NOT RUN" start="2024-05-14T09:41:06.337652" elapsed="0.000100"/>
</kw>
<kw name="Click Element" owner="SeleniumLibrary">
<arg>${locator_create_supplier_create_grouptype}</arg>
<doc>Click the element identified by ``locator``.</doc>
<status status="NOT RUN" start="2024-05-14T09:41:06.337899" elapsed="0.000093"/>
</kw>
<kw name="Wait Until Element Is Visible" owner="SeleniumLibrary">
<arg>${locator_create_supplier_create_grouptype_name}</arg>
<doc>Waits until the element ``locator`` is visible.</doc>
<status status="NOT RUN" start="2024-05-14T09:41:06.338154" elapsed="0.000107"/>
</kw>
<kw name="Wait Until Element Is Visible" owner="SeleniumLibrary">
<arg>${locator_create_supplier_create_grouptype_capacity}</arg>
<doc>Waits until the element ``locator`` is visible.</doc>
<status status="NOT RUN" start="2024-05-14T09:41:06.338453" elapsed="0.000113"/>
</kw>
<kw name="Wait Until Element Is Visible" owner="SeleniumLibrary">
<arg>${locator_create_supplier_create_grouptype_guide}</arg>
<doc>Waits until the element ``locator`` is visible.</doc>
<status status="NOT RUN" start="2024-05-14T09:41:06.339195" elapsed="0.000181"/>
</kw>
<kw name="Wait Until Element Is Visible" owner="SeleniumLibrary">
<arg>${locator_create_supplier_create_grouptype_recommend}</arg>
<doc>Waits until the element ``locator`` is visible.</doc>
<status status="NOT RUN" start="2024-05-14T09:41:06.339519" elapsed="0.000212"/>
</kw>
<kw name="Click Element" owner="SeleniumLibrary">
<arg>${locator_create_supplier_create_grouptype_btn_save}</arg>
<doc>Click the element identified by ``locator``.</doc>
<status status="NOT RUN" start="2024-05-14T09:41:06.339867" elapsed="0.000092"/>
</kw>
<kw name="Wait Until Page Contains" owner="SeleniumLibrary">
<arg>Please enter Group type name</arg>
<doc>Waits until ``text`` appears on the current page.</doc>
<status status="NOT RUN" start="2024-05-14T09:41:06.340225" elapsed="0.000152"/>
</kw>
<kw name="Wait Until Page Contains" owner="SeleniumLibrary">
<arg>Please enter Capacity</arg>
<doc>Waits until ``text`` appears on the current page.</doc>
<status status="NOT RUN" start="2024-05-14T09:41:06.340584" elapsed="0.000386"/>
</kw>
<kw name="Input Text" owner="SeleniumLibrary">
<arg>${locator_create_supplier_create_grouptype_name}</arg>
<arg>soda</arg>
<doc>Types the given ``text`` into the text field identified by ``locator``.</doc>
<status status="NOT RUN" start="2024-05-14T09:41:06.341327" elapsed="0.000204"/>
</kw>
<for flavor="IN RANGE">
<iter>
<kw name="Click Element" owner="SeleniumLibrary">
<arg>${locator_create_supplier_create_grouptype_capacity_+}</arg>
<doc>Click the element identified by ``locator``.</doc>
<status status="NOT RUN" start="2024-05-14T09:41:06.342229" elapsed="0.000135"/>
</kw>
<var name="${click}"/>
<status status="NOT RUN" start="2024-05-14T09:41:06.342000" elapsed="0.000472"/>
</iter>
<var>${click}</var>
<value>10</value>
<status status="NOT RUN" start="2024-05-14T09:41:06.341736" elapsed="0.000830"/>
</for>
<kw name="Click Element" owner="SeleniumLibrary">
<arg>${locator_create_supplier_create_grouptype_btn_save}</arg>
<doc>Click the element identified by ``locator``.</doc>
<status status="NOT RUN" start="2024-05-14T09:41:06.342751" elapsed="0.000064"/>
</kw>
<kw name="Wait Until Element Is Visible" owner="SeleniumLibrary">
<arg>${locator_create_supplier_create_grouptype_table}</arg>
<doc>Waits until the element ``locator`` is visible.</doc>
<status status="NOT RUN" start="2024-05-14T09:41:06.342893" elapsed="0.000048"/>
</kw>
<kw name="Wait Until Element Is Visible" owner="SeleniumLibrary">
<arg>${locator_create_supplier_create_grouptype_closeicon}</arg>
<doc>Waits until the element ``locator`` is visible.</doc>
<status status="NOT RUN" start="2024-05-14T09:41:06.343081" elapsed="0.000052"/>
</kw>
<kw name="Click Element" owner="SeleniumLibrary">
<arg>${locator_create_supplier_create_grouptype_closeicon}</arg>
<doc>Click the element identified by ``locator``.</doc>
<status status="NOT RUN" start="2024-05-14T09:41:06.343207" elapsed="0.000046"/>
</kw>
<kw name="Wait Until Element Is Visible" owner="SeleniumLibrary">
<arg>${locator_create_supplier_btn_next}</arg>
<doc>Waits until the element ``locator`` is visible.</doc>
<status status="NOT RUN" start="2024-05-14T09:41:06.343349" elapsed="0.000080"/>
</kw>
<kw name="Wait Until Element Is Visible" owner="SeleniumLibrary">
<arg>${locator_create_supplier_progressbar}</arg>
<doc>Waits until the element ``locator`` is visible.</doc>
<status status="NOT RUN" start="2024-05-14T09:41:06.343546" elapsed="0.000071"/>
</kw>
<doc>ตรวจสอบการสร้าง Group type ใน Create Supplier</doc>
<status status="FAIL" start="2024-05-14T09:40:59.985263" elapsed="6.358491">Element 'xpath=/html/body/div[5]/div/div/div[4]' not visible after 5 seconds.</status>
</kw>
<kw name="Close Browser" owner="SeleniumLibrary" type="TEARDOWN">
<doc>Closes the current browser.</doc>
<status status="PASS" start="2024-05-14T09:41:06.344011" elapsed="0.573194"/>
</kw>
<status status="FAIL" start="2024-05-14T09:40:04.613646" elapsed="62.303868">Element 'xpath=/html/body/div[5]/div/div/div[4]' not visible after 5 seconds.</status>
</test>
<kw name="Close All Browsers" owner="SeleniumLibrary" type="TEARDOWN">
<doc>Closes all open browsers and resets the browser cache.</doc>
<status status="PASS" start="2024-05-14T09:41:06.918722" elapsed="0.000493"/>
</kw>
<status status="FAIL" start="2024-05-14T09:40:04.536796" elapsed="62.382621"/>
</suite>
<status status="FAIL" start="2024-05-14T09:40:04.536269" elapsed="62.384995"/>
</suite>
<status status="FAIL" start="2024-05-14T09:40:04.535760" elapsed="62.386316"/>
</suite>
<status status="FAIL" start="2024-05-14T09:40:04.534858" elapsed="62.388582"/>
</suite>
<status status="FAIL" start="2024-05-14T09:40:04.534021" elapsed="62.390144"/>
</suite>
<status status="FAIL" start="2024-05-14T09:40:04.533220" elapsed="62.391540"/>
</suite>
<status status="FAIL" start="2024-05-14T09:40:04.524341" elapsed="62.401015"/>
</suite>
<statistics>
<total>
<stat pass="0" fail="1" skip="0">All Tests</stat>
</total>
<tag>
</tag>
<suite>
<stat pass="0" fail="1" skip="0" id="s1" name="Automate HUi">Automate HUi</stat>
<stat pass="0" fail="1" skip="0" id="s1-s1" name="Document">Automate HUi.Document</stat>
<stat pass="0" fail="1" skip="0" id="s1-s1-s1" name="Auto Tester">Automate HUi.Document.Auto Tester</stat>
<stat pass="0" fail="1" skip="0" id="s1-s1-s1-s1" name="TourMaster">Automate HUi.Document.Auto Tester.TourMaster</stat>
<stat pass="0" fail="1" skip="0" id="s1-s1-s1-s1-s1" name="Vehicle">Automate HUi.Document.Auto Tester.TourMaster.Vehicle</stat>
<stat pass="0" fail="1" skip="0" id="s1-s1-s1-s1-s1-s1" name="Supplier list">Automate HUi.Document.Auto Tester.TourMaster.Vehicle.Supplier list</stat>
<stat pass="0" fail="1" skip="0" id="s1-s1-s1-s1-s1-s1-s1" name="Supplier">Automate HUi.Document.Auto Tester.TourMaster.Vehicle.Supplier list.Supplier</stat>
</suite>
</statistics>
<errors>
</errors>
</robot>
