<?xml version="1.0" encoding="UTF-8"?>
<robot generator="Robot 7.0 (Python 3.12.1 on win32)" generated="2024-04-12T14:46:18.536924" rpa="false" schemaversion="5">
<suite id="s1" name="Automate" source="D:\Automate TTD\Automate">
<suite id="s1-s1" name="Document" source="D:\Automate TTD\Automate\Document">
<suite id="s1-s1-s1" name="Auto Tester" source="D:\Automate TTD\Automate\Document\Auto Tester">
<suite id="s1-s1-s1-s1" name="Roles" source="D:\Automate TTD\Automate\Document\Auto Tester\roles.robot">
<test id="s1-s1-s1-s1-t1" name="TC05-Search Filter" line="211">
<kw name="Open Browser Web">
<kw name="Open Browser" owner="SeleniumLibrary">
<msg time="2024-04-12T14:46:18.811002" level="INFO">Opening browser 'chrome' to base url 'https://dev-tm.techmaster.in.th/login'.</msg>
<arg>${url}</arg>
<arg>${browser}</arg>
<doc>Opens a new browser instance to the optional ``url``.</doc>
<status status="PASS" start="2024-04-12T14:46:18.810002" elapsed="2.640415"/>
</kw>
<kw name="Set Selenium Speed" owner="SeleniumLibrary">
<arg>0.5s</arg>
<doc>Sets the delay that is waited after each Selenium command.</doc>
<status status="PASS" start="2024-04-12T14:46:21.451426" elapsed="0.000000"/>
</kw>
<status status="PASS" start="2024-04-12T14:46:18.809002" elapsed="2.643430"/>
</kw>
<kw name="Input Data for Login Pass">
<kw name="Input Text" owner="SeleniumLibrary">
<msg time="2024-04-12T14:46:21.453746" level="INFO">Typing text 'superadmin' into text field 'name=username'.</msg>
<arg>${locator_username}</arg>
<arg>superadmin</arg>
<doc>Types the given ``text`` into the text field identified by ``locator``.</doc>
<status status="PASS" start="2024-04-12T14:46:21.452432" elapsed="1.640737"/>
</kw>
<kw name="Input Text" owner="SeleniumLibrary">
<msg time="2024-04-12T14:46:23.093675" level="INFO">Typing text 'P@ssw0rd' into text field 'name=password'.</msg>
<arg>${locator_password}</arg>
<arg>P@ssw0rd</arg>
<doc>Types the given ``text`` into the text field identified by ``locator``.</doc>
<status status="PASS" start="2024-04-12T14:46:23.093675" elapsed="1.602102"/>
</kw>
<kw name="Click Element" owner="SeleniumLibrary">
<msg time="2024-04-12T14:46:24.696284" level="INFO">Clicking element 'id=btn_login_submit'.</msg>
<arg>${locator_btnlogin}</arg>
<doc>Click the element identified by ``locator``.</doc>
<status status="PASS" start="2024-04-12T14:46:24.695777" elapsed="1.067625"/>
</kw>
<kw name="Wait Until Page Contains" owner="SeleniumLibrary">
<arg>Dashboard</arg>
<doc>Waits until ``text`` appears on the current page.</doc>
<status status="PASS" start="2024-04-12T14:46:25.763919" elapsed="0.546989"/>
</kw>
<status status="PASS" start="2024-04-12T14:46:21.452432" elapsed="4.858476"/>
</kw>
<kw name="Check Roles Page">
<kw name="Click Element" owner="SeleniumLibrary">
<msg time="2024-04-12T14:46:26.311952" level="INFO">Clicking element 'xpath=//*[@id="root"]/div/aside/div/ul/li[11]/div'.</msg>
<arg>${locator_manu_user}</arg>
<doc>Click the element identified by ``locator``.</doc>
<status status="PASS" start="2024-04-12T14:46:26.311952" elapsed="1.064378"/>
</kw>
<kw name="Wait Until Element Is Visible" owner="SeleniumLibrary">
<arg>${locator_manu_roles}</arg>
<doc>Waits until the element ``locator`` is visible.</doc>
<status status="PASS" start="2024-04-12T14:46:27.376330" elapsed="1.020771"/>
</kw>
<kw name="Sleep" owner="BuiltIn">
<msg time="2024-04-12T14:46:29.397391" level="INFO">Slept 1 second.</msg>
<arg>1s</arg>
<doc>Pauses the test executed for the given time.</doc>
<status status="PASS" start="2024-04-12T14:46:28.397101" elapsed="1.000290"/>
</kw>
<kw name="Click Element" owner="SeleniumLibrary">
<msg time="2024-04-12T14:46:29.397391" level="INFO">Clicking element 'id=user_roles'.</msg>
<arg>${locator_manu_roles}</arg>
<doc>Click the element identified by ``locator``.</doc>
<status status="PASS" start="2024-04-12T14:46:29.397391" elapsed="1.220379"/>
</kw>
<kw name="Wait Until Page Contains" owner="SeleniumLibrary">
<arg>Roles</arg>
<doc>Waits until ``text`` appears on the current page.</doc>
<status status="PASS" start="2024-04-12T14:46:30.617770" elapsed="0.514759"/>
</kw>
<kw name="Sleep" owner="BuiltIn">
<msg time="2024-04-12T14:46:33.133823" level="INFO">Slept 2 seconds.</msg>
<arg>2s</arg>
<doc>Pauses the test executed for the given time.</doc>
<status status="PASS" start="2024-04-12T14:46:31.132529" elapsed="2.001294"/>
</kw>
<kw name="Wait Until Page Contains Element" owner="SeleniumLibrary">
<arg>${locator_btn_Create}</arg>
<doc>Waits until the element ``locator`` appears on the current page.</doc>
<status status="PASS" start="2024-04-12T14:46:33.134353" elapsed="0.510882"/>
</kw>
<kw name="Wait Until Page Contains Element" owner="SeleniumLibrary">
<arg>${locator_search}</arg>
<doc>Waits until the element ``locator`` appears on the current page.</doc>
<status status="PASS" start="2024-04-12T14:46:33.645235" elapsed="0.510619"/>
</kw>
<kw name="Wait Until Page Contains Element" owner="SeleniumLibrary">
<arg>${locator_filter}</arg>
<doc>Waits until the element ``locator`` appears on the current page.</doc>
<status status="PASS" start="2024-04-12T14:46:34.155854" elapsed="0.509577"/>
</kw>
<kw name="Wait Until Page Contains Element" owner="SeleniumLibrary">
<arg>${locator_table_roles}</arg>
<doc>Waits until the element ``locator`` appears on the current page.</doc>
<status status="PASS" start="2024-04-12T14:46:34.665431" elapsed="0.511612"/>
</kw>
<kw name="Wait Until Page Contains Element" owner="SeleniumLibrary">
<arg>${locator_pagination_count}</arg>
<doc>Waits until the element ``locator`` appears on the current page.</doc>
<status status="PASS" start="2024-04-12T14:46:35.177547" elapsed="0.511466"/>
</kw>
<kw name="Wait Until Page Contains Element" owner="SeleniumLibrary">
<arg>${locator_pagination_list_&lt;}</arg>
<doc>Waits until the element ``locator`` appears on the current page.</doc>
<status status="PASS" start="2024-04-12T14:46:35.689522" elapsed="0.510039"/>
</kw>
<kw name="Wait Until Page Contains Element" owner="SeleniumLibrary">
<arg>${locator_pagination_list_Num}</arg>
<doc>Waits until the element ``locator`` appears on the current page.</doc>
<status status="PASS" start="2024-04-12T14:46:36.199561" elapsed="0.509835"/>
</kw>
<kw name="Wait Until Page Contains Element" owner="SeleniumLibrary">
<arg>${locator_pagination_list_&gt;}</arg>
<doc>Waits until the element ``locator`` appears on the current page.</doc>
<status status="PASS" start="2024-04-12T14:46:36.709396" elapsed="0.516418"/>
</kw>
<status status="PASS" start="2024-04-12T14:46:26.311952" elapsed="10.913862"/>
</kw>
<kw name="Check Search And Filter">
<kw name="Input Text" owner="SeleniumLibrary">
<msg time="2024-04-12T14:46:37.226819" level="INFO">Typing text 'test' into text field 'id=text'.</msg>
<arg>${locator_search}</arg>
<arg>test</arg>
<doc>Types the given ``text`` into the text field identified by ``locator``.</doc>
<status status="PASS" start="2024-04-12T14:46:37.226819" elapsed="1.709088"/>
</kw>
<kw name="Wait Until Page Contains" owner="SeleniumLibrary">
<arg>test2314</arg>
<doc>Waits until ``text`` appears on the current page.</doc>
<status status="PASS" start="2024-04-12T14:46:38.935907" elapsed="0.520210"/>
</kw>
<kw name="Click Element" owner="SeleniumLibrary">
<msg time="2024-04-12T14:46:39.456117" level="INFO">Clicking element 'xpath=//*[@id="myFormText"]/div/div/div/div/div/span/span[2]/div'.</msg>
<arg>${locator_search_close}</arg>
<doc>Click the element identified by ``locator``.</doc>
<status status="PASS" start="2024-04-12T14:46:39.456117" elapsed="1.085964"/>
</kw>
<kw name="Sleep" owner="BuiltIn">
<msg time="2024-04-12T14:46:41.542514" level="INFO">Slept 1 second.</msg>
<arg>1s</arg>
<doc>Pauses the test executed for the given time.</doc>
<status status="PASS" start="2024-04-12T14:46:40.542081" elapsed="1.000938"/>
</kw>
<kw name="Click Element" owner="SeleniumLibrary">
<msg time="2024-04-12T14:46:41.543524" level="INFO">Clicking element 'xpath=//*[@id="root"]/div/div/main/div/div[2]/div/button'.</msg>
<arg>${locator_filter}</arg>
<doc>Click the element identified by ``locator``.</doc>
<status status="PASS" start="2024-04-12T14:46:41.543019" elapsed="1.059013"/>
</kw>
<kw name="Wait Until Element Is Visible" owner="SeleniumLibrary">
<arg>${locator_search_filter}</arg>
<doc>Waits until the element ``locator`` is visible.</doc>
<status status="PASS" start="2024-04-12T14:46:42.602032" elapsed="1.020942"/>
</kw>
<kw name="Click Element" owner="SeleniumLibrary">
<msg time="2024-04-12T14:46:43.623490" level="INFO">Clicking element 'xpath=//*[@id="rc_select_0"]'.</msg>
<arg>${locator_search_filter_status}</arg>
<doc>Click the element identified by ``locator``.</doc>
<status status="PASS" start="2024-04-12T14:46:43.622974" elapsed="1.071580"/>
</kw>
<kw name="Wait Until Element Is Visible" owner="SeleniumLibrary">
<arg>${locator_search_filter_active}</arg>
<doc>Waits until the element ``locator`` is visible.</doc>
<status status="PASS" start="2024-04-12T14:46:44.694554" elapsed="1.020603"/>
</kw>
<kw name="Wait Until Element Is Visible" owner="SeleniumLibrary">
<arg>${locator_search_filter_inactivate}</arg>
<doc>Waits until the element ``locator`` is visible.</doc>
<status status="PASS" start="2024-04-12T14:46:45.715157" elapsed="1.016873"/>
</kw>
<kw name="Click Element" owner="SeleniumLibrary">
<msg time="2024-04-12T14:46:46.732030" level="INFO">Clicking element 'xpath=/html/body/div[4]/div/div/div[2]/div/div/div/div[1]'.</msg>
<arg>${locator_search_filter_active}</arg>
<doc>Click the element identified by ``locator``.</doc>
<status status="PASS" start="2024-04-12T14:46:46.732030" elapsed="1.042148"/>
</kw>
<kw name="Click Element" owner="SeleniumLibrary">
<msg time="2024-04-12T14:46:47.774178" level="INFO">Clicking element 'xpath=/html/body/div[3]/div/div[2]/div/div[2]/div/div/div[2]/div[1]/button'.</msg>
<arg>${locator_search_filter_btn_clear}</arg>
<doc>Click the element identified by ``locator``.</doc>
<status status="PASS" start="2024-04-12T14:46:47.774178" elapsed="1.042402"/>
</kw>
<kw name="Wait Until Element Does Not Contain" owner="SeleniumLibrary">
<arg>${locator_search_filter_status}</arg>
<arg>Active</arg>
<doc>Waits until the element ``locator`` does not contain ``text``.</doc>
<status status="PASS" start="2024-04-12T14:46:48.817087" elapsed="1.017730"/>
</kw>
<kw name="Input Text" owner="SeleniumLibrary">
<msg time="2024-04-12T14:46:49.835328" level="INFO">Typing text 'test' into text field 'xpath=/html/body/div[3]/div/div[2]/div/div[2]/div/div/div[1]/div[2]/form/div/div[2]/input'.</msg>
<arg>${locator_search_filter_rolename}</arg>
<arg>test</arg>
<doc>Types the given ``text`` into the text field identified by ``locator``.</doc>
<status status="PASS" start="2024-04-12T14:46:49.834817" elapsed="1.569302"/>
</kw>
<kw name="Click Element" owner="SeleniumLibrary">
<msg time="2024-04-12T14:46:51.404119" level="INFO">Clicking element 'xpath=/html/body/div[3]/div/div[2]/div/div[2]/div/div/div[2]/div[2]/button'.</msg>
<arg>${locator_search_filter_btn_search}</arg>
<doc>Click the element identified by ``locator``.</doc>
<status status="PASS" start="2024-04-12T14:46:51.404119" elapsed="1.084267"/>
</kw>
<kw name="Sleep" owner="BuiltIn">
<msg time="2024-04-12T14:46:53.488468" level="INFO">Slept 1 second.</msg>
<arg>1s</arg>
<doc>Pauses the test executed for the given time.</doc>
<status status="PASS" start="2024-04-12T14:46:52.488386" elapsed="1.000082"/>
</kw>
<kw name="Wait Until Page Contains" owner="SeleniumLibrary">
<arg>test2314</arg>
<doc>Waits until ``text`` appears on the current page.</doc>
<status status="PASS" start="2024-04-12T14:46:53.488468" elapsed="0.510951"/>
</kw>
<status status="PASS" start="2024-04-12T14:46:37.225814" elapsed="16.773605"/>
</kw>
<kw name="Close All Browsers" owner="SeleniumLibrary">
<doc>Closes all open browsers and resets the browser cache.</doc>
<status status="PASS" start="2024-04-12T14:46:53.999419" elapsed="2.598046"/>
</kw>
<status status="PASS" start="2024-04-12T14:46:18.808003" elapsed="37.789462"/>
</test>
<status status="PASS" start="2024-04-12T14:46:18.576686" elapsed="38.021779"/>
</suite>
<status status="PASS" start="2024-04-12T14:46:18.573668" elapsed="38.026799"/>
</suite>
<status status="PASS" start="2024-04-12T14:46:18.570669" elapsed="38.029798"/>
</suite>
<status status="PASS" start="2024-04-12T14:46:18.542188" elapsed="38.059787"/>
</suite>
<statistics>
<total>
<stat pass="1" fail="0" skip="0">All Tests</stat>
</total>
<tag>
</tag>
<suite>
<stat pass="1" fail="0" skip="0" id="s1" name="Automate">Automate</stat>
<stat pass="1" fail="0" skip="0" id="s1-s1" name="Document">Automate.Document</stat>
<stat pass="1" fail="0" skip="0" id="s1-s1-s1" name="Auto Tester">Automate.Document.Auto Tester</stat>
<stat pass="1" fail="0" skip="0" id="s1-s1-s1-s1" name="Roles">Automate.Document.Auto Tester.Roles</stat>
</suite>
</statistics>
<errors>
</errors>
</robot>
