<?xml version="1.0" encoding="UTF-8"?>
<robot generator="Robot 7.0 (Python 3.12.1 on win32)" generated="2024-05-30T23:10:48.724466" rpa="false" schemaversion="5">
<suite id="s1" name="Automate" source="D:\Automate TTD\Automate">
<suite id="s1-s1" name="Document" source="D:\Automate TTD\Automate\Document">
<suite id="s1-s1-s1" name="AutoTester" source="D:\Automate TTD\Automate\Document\AutoTester">
<suite id="s1-s1-s1-s1" name="Beam" source="D:\Automate TTD\Automate\Document\AutoTester\Beam">
<suite id="s1-s1-s1-s1-s1" name="Homework3" source="D:\Automate TTD\Automate\Document\AutoTester\Beam\Homework3">
<suite id="s1-s1-s1-s1-s1-s1" name="LoginSearch" source="D:\Automate TTD\Automate\Document\AutoTester\Beam\Homework3\LoginSearch.robot">
<kw name="Set Selenium Speed" owner="SeleniumLibrary" type="SETUP">
<arg>0.4s</arg>
<doc>Sets the delay that is waited after each Selenium command.</doc>
<status status="PASS" start="2024-05-30T23:10:48.984957" elapsed="0.000500"/>
</kw>
<test id="s1-s1-s1-s1-s1-s1-t1" name="Tc02 - Check Search Page" line="31">
<kw name="Open Web Kru P'Beam &amp; Login" owner="Keyword" type="SETUP">
<kw name="Open Browser" owner="SeleniumLibrary">
<msg time="2024-05-30T23:10:48.987958" level="INFO">Opening browser 'chrome' to base url 'https://automate-test.stpb-digital.com/login/'.</msg>
<arg>${url}</arg>
<arg>${browser}</arg>
<doc>Opens a new browser instance to the optional ``url``.</doc>
<status status="PASS" start="2024-05-30T23:10:48.987457" elapsed="2.428536"/>
</kw>
<kw name="Wait Until Element Is Visible" owner="SeleniumLibrary">
<arg>${locator_Email}</arg>
<doc>Waits until the element ``locator`` is visible.</doc>
<status status="PASS" start="2024-05-30T23:10:51.416502" elapsed="0.826378"/>
</kw>
<kw name="Wait Until Element Is Visible" owner="SeleniumLibrary">
<arg>${locator_password}</arg>
<doc>Waits until the element ``locator`` is visible.</doc>
<status status="PASS" start="2024-05-30T23:10:52.242880" elapsed="0.821174"/>
</kw>
<kw name="Input Text" owner="SeleniumLibrary">
<msg time="2024-05-30T23:10:53.064560" level="INFO">Typing text 'user.test@krupbeam.com' into text field 'id=email'.</msg>
<arg>${locator_Email}</arg>
<arg>${email}</arg>
<doc>Types the given ``text`` into the text field identified by ``locator``.</doc>
<status status="PASS" start="2024-05-30T23:10:53.064560" elapsed="1.324880"/>
</kw>
<kw name="Input Text" owner="SeleniumLibrary">
<msg time="2024-05-30T23:10:54.389440" level="INFO">Typing text '123456789' into text field 'name=password'.</msg>
<arg>${locator_password}</arg>
<arg>${password}</arg>
<doc>Types the given ``text`` into the text field identified by ``locator``.</doc>
<status status="PASS" start="2024-05-30T23:10:54.389440" elapsed="1.289860"/>
</kw>
<kw name="Click Element" owner="SeleniumLibrary">
<msg time="2024-05-30T23:10:55.679808" level="INFO">Clicking element 'xpath=//*[@id="__next"]/div[1]/div/div/div[2]/div/div/form/div[2]/div/div/button'.</msg>
<arg>${locator_hidden_eye}</arg>
<doc>Click the element identified by ``locator``.</doc>
<status status="PASS" start="2024-05-30T23:10:55.679300" elapsed="0.851200"/>
</kw>
<kw name="Click Element" owner="SeleniumLibrary">
<msg time="2024-05-30T23:10:56.531005" level="INFO">Clicking element 'id=btn-login'.</msg>
<arg>${locator_btn_login}</arg>
<doc>Click the element identified by ``locator``.</doc>
<status status="PASS" start="2024-05-30T23:10:56.530500" elapsed="0.865364"/>
</kw>
<arg>user.test@krupbeam.com</arg>
<arg>123456789</arg>
<status status="PASS" start="2024-05-30T23:10:48.986957" elapsed="8.409405"/>
</kw>
<kw name="Check Search Clear &amp; Check Pagination" owner="Keyword">
<kw name="Wait Until Element Is Visible" owner="SeleniumLibrary">
<arg>${locator_search_select_role}</arg>
<doc>Waits until the element ``locator`` is visible.</doc>
<status status="PASS" start="2024-05-30T23:10:57.397367" elapsed="1.428513"/>
</kw>
<kw name="Click Element" owner="SeleniumLibrary">
<msg time="2024-05-30T23:10:58.826897" level="INFO">Clicking element 'id=select-role'.</msg>
<arg>${locator_search_select_role}</arg>
<doc>Click the element identified by ``locator``.</doc>
<status status="PASS" start="2024-05-30T23:10:58.826388" elapsed="0.854716"/>
</kw>
<kw name="Wait Until Element Is Visible" owner="SeleniumLibrary">
<arg>${locator_search_role_author}</arg>
<doc>Waits until the element ``locator`` is visible.</doc>
<status status="PASS" start="2024-05-30T23:10:59.681104" elapsed="0.817303"/>
</kw>
<kw name="Click Element" owner="SeleniumLibrary">
<msg time="2024-05-30T23:11:00.499413" level="INFO">Clicking element 'xpath=//*[@id="option-select-role-2"]'.</msg>
<arg>${locator_search_role_author}</arg>
<doc>Click the element identified by ``locator``.</doc>
<status status="PASS" start="2024-05-30T23:11:00.498407" elapsed="0.883440"/>
</kw>
<kw name="Click Element" owner="SeleniumLibrary">
<msg time="2024-05-30T23:11:01.382878" level="INFO">Clicking element 'id=select-plan'.</msg>
<arg>${locator_search_select_plan}</arg>
<doc>Click the element identified by ``locator``.</doc>
<status status="PASS" start="2024-05-30T23:11:01.381847" elapsed="0.849281"/>
</kw>
<kw name="Wait Until Element Is Visible" owner="SeleniumLibrary">
<arg>${locator_search_plan_company}</arg>
<doc>Waits until the element ``locator`` is visible.</doc>
<status status="PASS" start="2024-05-30T23:11:02.231629" elapsed="0.818538"/>
</kw>
<kw name="Click Element" owner="SeleniumLibrary">
<msg time="2024-05-30T23:11:03.050674" level="INFO">Clicking element 'xpath=//*[@id="option-select-plan-2"]'.</msg>
<arg>${locator_search_plan_company}</arg>
<doc>Click the element identified by ``locator``.</doc>
<status status="PASS" start="2024-05-30T23:11:03.050167" elapsed="0.858439"/>
</kw>
<kw name="Click Element" owner="SeleniumLibrary">
<msg time="2024-05-30T23:11:03.909111" level="INFO">Clicking element 'id=btn-clear'.</msg>
<arg>${locator_search_btn_clear}</arg>
<doc>Click the element identified by ``locator``.</doc>
<status status="PASS" start="2024-05-30T23:11:03.908606" elapsed="0.899020"/>
</kw>
<kw name="Click Element" owner="SeleniumLibrary">
<msg time="2024-05-30T23:11:04.808130" level="INFO">Clicking element 'id=btn-search'.</msg>
<arg>${locator_search_btn_search}</arg>
<doc>Click the element identified by ``locator``.</doc>
<status status="PASS" start="2024-05-30T23:11:04.807626" elapsed="0.885153"/>
</kw>
<kw name="Wait Until Element Is Visible" owner="SeleniumLibrary">
<arg>${locator_table_all}</arg>
<doc>Waits until the element ``locator`` is visible.</doc>
<status status="PASS" start="2024-05-30T23:11:05.692779" elapsed="0.819607"/>
</kw>
<kw name="Execute Javascript" owner="SeleniumLibrary">
<msg time="2024-05-30T23:11:06.512890" level="INFO">Executing JavaScript:
window.scrollTo(0, document.body.scrollHeight)
Without any arguments.</msg>
<arg>window.scrollTo(0, document.body.scrollHeight)</arg>
<doc>Executes the given JavaScript code with possible arguments.</doc>
<status status="PASS" start="2024-05-30T23:11:06.512386" elapsed="0.406630"/>
</kw>
<kw name="Wait Until Element Is Visible" owner="SeleniumLibrary">
<arg>${locator_pagination_count}</arg>
<doc>Waits until the element ``locator`` is visible.</doc>
<status status="PASS" start="2024-05-30T23:11:06.919016" elapsed="0.818946"/>
</kw>
<kw name="Click Element" owner="SeleniumLibrary">
<msg time="2024-05-30T23:11:07.738465" level="INFO">Clicking element 'xpath=//*[@id="__next"]/div[1]/div[2]/main/div/div[2]/div/div[2]/div[3]/div/div[2]/div/div[2]'.</msg>
<arg>${locator_pagination_count}</arg>
<doc>Click the element identified by ``locator``.</doc>
<status status="PASS" start="2024-05-30T23:11:07.737962" elapsed="0.848391"/>
</kw>
<kw name="Click Element" owner="SeleniumLibrary">
<msg time="2024-05-30T23:11:08.586887" level="INFO">Clicking element 'xpath=//*[@id="menu-"]/div[3]/ul/li[3]'.</msg>
<arg>${locator_pagination_50}</arg>
<doc>Click the element identified by ``locator``.</doc>
<status status="PASS" start="2024-05-30T23:11:08.586887" elapsed="0.900042"/>
</kw>
<kw name="Execute Javascript" owner="SeleniumLibrary">
<msg time="2024-05-30T23:11:09.487936" level="INFO">Executing JavaScript:
window.scrollTo(0, document.body.scrollHeight)
Without any arguments.</msg>
<arg>window.scrollTo(0, document.body.scrollHeight)</arg>
<doc>Executes the given JavaScript code with possible arguments.</doc>
<status status="PASS" start="2024-05-30T23:11:09.487436" elapsed="0.410518"/>
</kw>
<kw name="Wait Until Element Is Visible" owner="SeleniumLibrary">
<arg>${locator_pagination_page50}</arg>
<doc>Waits until the element ``locator`` is visible.</doc>
<status status="PASS" start="2024-05-30T23:11:09.898459" elapsed="0.819535"/>
</kw>
<kw name="Click Element" owner="SeleniumLibrary">
<msg time="2024-05-30T23:11:10.718998" level="INFO">Clicking element 'xpath=//*[@id="__next"]/div[1]/div[2]/main/div/div[2]/div/div[2]/div[3]/div/div[2]/div/div[3]/button[2]'.</msg>
<arg>${locator_pagination_&gt;}</arg>
<doc>Click the element identified by ``locator``.</doc>
<status status="PASS" start="2024-05-30T23:11:10.717994" elapsed="0.883908"/>
</kw>
<kw name="Wait Until Element Is Enabled" owner="SeleniumLibrary">
<arg>${locator_pagination_&lt;}</arg>
<doc>Waits until the element ``locator`` is enabled.</doc>
<status status="PASS" start="2024-05-30T23:11:11.601902" elapsed="1.226199"/>
</kw>
<kw name="Click Element" owner="SeleniumLibrary">
<msg time="2024-05-30T23:11:12.829108" level="INFO">Clicking element 'xpath=//*[@id="__next"]/div[1]/div[2]/main/div/div[2]/div/div[2]/div[3]/div/div[2]/div/div[3]/button[1]'.</msg>
<arg>${locator_pagination_&lt;}</arg>
<doc>Click the element identified by ``locator``.</doc>
<status status="PASS" start="2024-05-30T23:11:12.828608" elapsed="0.944026"/>
</kw>
<status status="PASS" start="2024-05-30T23:10:57.396868" elapsed="16.376773"/>
</kw>
<kw name="Notification &amp; Profile" owner="Keyword">
<kw name="Click Element" owner="SeleniumLibrary">
<msg time="2024-05-30T23:11:13.774641" level="INFO">Clicking element 'xpath=//*[@id="__next"]/div[1]/div[2]/header/div/div/div[2]/button'.</msg>
<arg>${locator_noti}</arg>
<doc>Click the element identified by ``locator``.</doc>
<status status="PASS" start="2024-05-30T23:11:13.774641" elapsed="0.881287"/>
</kw>
<kw name="Wait Until Element Is Visible" owner="SeleniumLibrary">
<arg>${locator_noti_read_all}</arg>
<doc>Waits until the element ``locator`` is visible.</doc>
<status status="PASS" start="2024-05-30T23:11:14.656433" elapsed="0.821017"/>
</kw>
<kw name="Click Element" owner="SeleniumLibrary">
<msg time="2024-05-30T23:11:15.477955" level="INFO">Clicking element 'xpath=/html/body/div[3]/div[3]/ul/li[2]/button'.</msg>
<arg>${locator_noti_read_all}</arg>
<doc>Click the element identified by ``locator``.</doc>
<status status="PASS" start="2024-05-30T23:11:15.477955" elapsed="0.859444"/>
</kw>
<kw name="Click Element" owner="SeleniumLibrary">
<msg time="2024-05-30T23:11:16.337920" level="INFO">Clicking element 'xpath=//*[@id="__next"]/div[1]/div[2]/header/div/div/div[2]/span/div'.</msg>
<arg>${locator_profile}</arg>
<doc>Click the element identified by ``locator``.</doc>
<status status="PASS" start="2024-05-30T23:11:16.337399" elapsed="0.854771"/>
</kw>
<kw name="Wait Until Element Is Visible" owner="SeleniumLibrary">
<arg>${locator_profile_logout}</arg>
<doc>Waits until the element ``locator`` is visible.</doc>
<status status="PASS" start="2024-05-30T23:11:17.192676" elapsed="0.822495"/>
</kw>
<kw name="Sleep" owner="BuiltIn">
<msg time="2024-05-30T23:11:19.016642" level="INFO">Slept 1 second.</msg>
<arg>1s</arg>
<doc>Pauses the test executed for the given time.</doc>
<status status="PASS" start="2024-05-30T23:11:18.015677" elapsed="1.000965"/>
</kw>
<kw name="Click Element" owner="SeleniumLibrary">
<msg time="2024-05-30T23:11:19.017648" level="INFO">Clicking element 'xpath=/html/body/div[3]/div[3]/ul/li'.</msg>
<arg>${locator_profile_logout}</arg>
<doc>Click the element identified by ``locator``.</doc>
<status status="PASS" start="2024-05-30T23:11:19.017148" elapsed="0.851723"/>
</kw>
<kw name="Wait Until Element Is Visible" owner="SeleniumLibrary">
<arg>${locator_Email}</arg>
<doc>Waits until the element ``locator`` is visible.</doc>
<status status="PASS" start="2024-05-30T23:11:19.868871" elapsed="0.818053"/>
</kw>
<kw name="Wait Until Element Is Visible" owner="SeleniumLibrary">
<arg>${locator_password}</arg>
<doc>Waits until the element ``locator`` is visible.</doc>
<status status="PASS" start="2024-05-30T23:11:20.686924" elapsed="0.819093"/>
</kw>
<status status="PASS" start="2024-05-30T23:11:13.774141" elapsed="7.731876"/>
</kw>
<kw name="Close Browser" owner="SeleniumLibrary" type="TEARDOWN">
<doc>Closes the current browser.</doc>
<status status="PASS" start="2024-05-30T23:11:21.506521" elapsed="2.514479"/>
</kw>
<doc>ทดสอบปุ่ม Clear และตรวจสอบหน้าต่างของ Search Page</doc>
<status status="PASS" start="2024-05-30T23:10:48.985457" elapsed="35.036044"/>
</test>
<kw name="Close All Browsers" owner="SeleniumLibrary" type="TEARDOWN">
<doc>Closes all open browsers and resets the browser cache.</doc>
<status status="PASS" start="2024-05-30T23:11:24.024012" elapsed="0.000500"/>
</kw>
<status status="PASS" start="2024-05-30T23:10:48.761543" elapsed="35.262969"/>
</suite>
<status status="PASS" start="2024-05-30T23:10:48.758537" elapsed="35.268486"/>
</suite>
<status status="PASS" start="2024-05-30T23:10:48.756036" elapsed="35.272487"/>
</suite>
<status status="PASS" start="2024-05-30T23:10:48.754037" elapsed="35.275985"/>
</suite>
<status status="PASS" start="2024-05-30T23:10:48.751525" elapsed="35.279998"/>
</suite>
<status status="PASS" start="2024-05-30T23:10:48.728969" elapsed="35.304071"/>
</suite>
<statistics>
<total>
<stat pass="1" fail="0" skip="0">All Tests</stat>
</total>
<tag>
</tag>
<suite>
<stat pass="1" fail="0" skip="0" id="s1" name="Automate">Automate</stat>
<stat pass="1" fail="0" skip="0" id="s1-s1" name="Document">Automate.Document</stat>
<stat pass="1" fail="0" skip="0" id="s1-s1-s1" name="AutoTester">Automate.Document.AutoTester</stat>
<stat pass="1" fail="0" skip="0" id="s1-s1-s1-s1" name="Beam">Automate.Document.AutoTester.Beam</stat>
<stat pass="1" fail="0" skip="0" id="s1-s1-s1-s1-s1" name="Homework3">Automate.Document.AutoTester.Beam.Homework3</stat>
<stat pass="1" fail="0" skip="0" id="s1-s1-s1-s1-s1-s1" name="LoginSearch">Automate.Document.AutoTester.Beam.Homework3.LoginSearch</stat>
</suite>
</statistics>
<errors>
</errors>
</robot>
