<?xml version="1.0" encoding="UTF-8"?>
<robot generator="Robot 7.0 (Python 3.12.2 on darwin)" generated="2024-05-07T12:07:54.406920" rpa="false" schemaversion="5">
<suite id="s1" name="Automate HUi" source="/Users/tester/Desktop/Automate HUi">
<suite id="s1-s1" name="Document" source="/Users/tester/Desktop/Automate HUi/Document">
<suite id="s1-s1-s1" name="Auto Tester" source="/Users/tester/Desktop/Automate HUi/Document/Auto Tester">
<suite id="s1-s1-s1-s1" name="TourMaster" source="/Users/tester/Desktop/Automate HUi/Document/Auto Tester/TourMaster">
<suite id="s1-s1-s1-s1-s1" name="Program" source="/Users/tester/Desktop/Automate HUi/Document/Auto Tester/TourMaster/Program">
<suite id="s1-s1-s1-s1-s1-s1" name="Item Type" source="/Users/tester/Desktop/Automate HUi/Document/Auto Tester/TourMaster/Program/Item_Type">
<suite id="s1-s1-s1-s1-s1-s1-s1" name="Item" source="/Users/tester/Desktop/Automate HUi/Document/Auto Tester/TourMaster/Program/Item_Type/item.robot">
<kw name="Set Selenium Speed" owner="SeleniumLibrary" type="SETUP">
<arg>0.5s</arg>
<doc>Sets the delay that is waited after each Selenium command.</doc>
<status status="PASS" start="2024-05-07T12:07:54.491958" elapsed="0.000179"/>
</kw>
<test id="s1-s1-s1-s1-s1-s1-s1-t1" name="TC07 - Check Pagination" line="35">
<kw name="Open Web &amp; Input for login" owner="item_key" type="SETUP">
<kw name="Open Browser" owner="SeleniumLibrary">
<msg time="2024-05-07T12:07:54.493066" level="INFO">Opening browser 'chrome' to base url 'https://dev-tm.techmaster.in.th/login'.</msg>
<arg>${url}</arg>
<arg>${browser}</arg>
<doc>Opens a new browser instance to the optional ``url``.</doc>
<status status="PASS" start="2024-05-07T12:07:54.492883" elapsed="2.775077"/>
</kw>
<kw name="Maximize Browser Window" owner="SeleniumLibrary">
<doc>Maximizes current browser window.</doc>
<status status="PASS" start="2024-05-07T12:07:57.268898" elapsed="0.875429"/>
</kw>
<kw name="Set Selenium Speed" owner="SeleniumLibrary">
<arg>0.5s</arg>
<doc>Sets the delay that is waited after each Selenium command.</doc>
<status status="PASS" start="2024-05-07T12:07:58.144740" elapsed="0.000888"/>
</kw>
<kw name="Input Text" owner="SeleniumLibrary">
<msg time="2024-05-07T12:07:58.147022" level="INFO">Typing text 'superadmin' into text field 'name=username'.</msg>
<arg>${locator_username}</arg>
<arg>superadmin</arg>
<doc>Types the given ``text`` into the text field identified by ``locator``.</doc>
<status status="PASS" start="2024-05-07T12:07:58.145851" elapsed="1.637797"/>
</kw>
<kw name="Input Text" owner="SeleniumLibrary">
<msg time="2024-05-07T12:07:59.785512" level="INFO">Typing text 'P@ssw0rd' into text field 'name=password'.</msg>
<arg>${locator_password}</arg>
<arg>P@ssw0rd</arg>
<doc>Types the given ``text`` into the text field identified by ``locator``.</doc>
<status status="PASS" start="2024-05-07T12:07:59.784500" elapsed="1.576244"/>
</kw>
<kw name="Click Element" owner="SeleniumLibrary">
<msg time="2024-05-07T12:08:01.361410" level="INFO">Clicking element 'id=btn_login_submit'.</msg>
<arg>${locator_btnlogin}</arg>
<doc>Click the element identified by ``locator``.</doc>
<status status="PASS" start="2024-05-07T12:08:01.361060" elapsed="1.036809"/>
</kw>
<kw name="Wait Until Page Contains" owner="SeleniumLibrary">
<arg>Dashboard</arg>
<doc>Waits until ``text`` appears on the current page.</doc>
<status status="PASS" start="2024-05-07T12:08:02.398078" elapsed="0.514390"/>
</kw>
<kw name="Sleep" owner="BuiltIn">
<msg time="2024-05-07T12:08:03.915780" level="INFO">Slept 1 second.</msg>
<arg>1s</arg>
<doc>Pauses the test executed for the given time.</doc>
<status status="PASS" start="2024-05-07T12:08:02.913651" elapsed="1.002322"/>
</kw>
<status status="PASS" start="2024-05-07T12:07:54.492629" elapsed="9.423525"/>
</kw>
<kw name="Check Item Type Page" owner="item_key">
<kw name="Click Element" owner="SeleniumLibrary">
<msg time="2024-05-07T12:08:03.917392" level="INFO">Clicking element 'xpath=//*[@id="root"]/div/aside/div/ul/li[5]/ul/li[1]/div/span'.</msg>
<arg>${locator_menu_program}</arg>
<doc>Click the element identified by ``locator``.</doc>
<status status="PASS" start="2024-05-07T12:08:03.917105" elapsed="1.079179"/>
</kw>
<kw name="Wait Until Element Is Visible" owner="SeleniumLibrary">
<arg>${locator_menu_itemtype}</arg>
<doc>Waits until the element ``locator`` is visible.</doc>
<status status="PASS" start="2024-05-07T12:08:04.996459" elapsed="1.021983"/>
</kw>
<kw name="Click Element" owner="SeleniumLibrary">
<msg time="2024-05-07T12:08:06.018987" level="INFO">Clicking element 'id=program_itemstype'.</msg>
<arg>${locator_menu_itemtype}</arg>
<doc>Click the element identified by ``locator``.</doc>
<status status="PASS" start="2024-05-07T12:08:06.018676" elapsed="1.121786"/>
</kw>
<kw name="Wait Until Element Is Visible" owner="SeleniumLibrary">
<arg>${locator_program_itemtype_navigator}</arg>
<doc>Waits until the element ``locator`` is visible.</doc>
<status status="PASS" start="2024-05-07T12:08:07.140933" elapsed="1.032815"/>
</kw>
<kw name="Wait Until Element Is Visible" owner="SeleniumLibrary">
<arg>${locator_program_itemtype_btn_create}</arg>
<doc>Waits until the element ``locator`` is visible.</doc>
<status status="PASS" start="2024-05-07T12:08:08.174013" elapsed="1.025572"/>
</kw>
<kw name="Wait Until Element Is Visible" owner="SeleniumLibrary">
<arg>${locator_program_itemtype_export}</arg>
<doc>Waits until the element ``locator`` is visible.</doc>
<status status="PASS" start="2024-05-07T12:08:09.200211" elapsed="1.030638"/>
</kw>
<kw name="Wait Until Element Is Visible" owner="SeleniumLibrary">
<arg>${locator_itemtype_search_bar}</arg>
<doc>Waits until the element ``locator`` is visible.</doc>
<status status="PASS" start="2024-05-07T12:08:10.231575" elapsed="1.031134"/>
</kw>
<kw name="Wait Until Element Is Visible" owner="SeleniumLibrary">
<arg>${locator_program_itemtype_table}</arg>
<doc>Waits until the element ``locator`` is visible.</doc>
<status status="PASS" start="2024-05-07T12:08:11.263392" elapsed="1.027284"/>
</kw>
<kw name="Wait Until Element Is Visible" owner="SeleniumLibrary">
<arg>${locator_program_itemtype_pagination}</arg>
<doc>Waits until the element ``locator`` is visible.</doc>
<status status="PASS" start="2024-05-07T12:08:12.291627" elapsed="1.032374"/>
</kw>
<status status="PASS" start="2024-05-07T12:08:03.916693" elapsed="9.407951"/>
</kw>
<kw name="Check Pagination function" owner="item_key">
<kw name="Click Element" owner="SeleniumLibrary">
<msg time="2024-05-07T12:08:13.327729" level="INFO">Clicking element 'xpath=//*[@id="root"]/div/div/main/div/div[3]/div/div/div/div/ul/li[5]/div/div[1]'.</msg>
<arg>${locator_itemtype_pagination}</arg>
<doc>Click the element identified by ``locator``.</doc>
<status status="PASS" start="2024-05-07T12:08:13.326854" elapsed="1.058973"/>
</kw>
<kw name="Wait Until Element Is Visible" owner="SeleniumLibrary">
<arg>${locator_itemtype_pagination_dd}</arg>
<doc>Waits until the element ``locator`` is visible.</doc>
<status status="PASS" start="2024-05-07T12:08:14.386023" elapsed="1.034407"/>
</kw>
<kw name="Click Element" owner="SeleniumLibrary">
<msg time="2024-05-07T12:08:15.421741" level="INFO">Clicking element 'xpath=//*[@id="rc_select_1_list_1"]'.</msg>
<arg>${locator_itemtype_pagination_dd_25page}</arg>
<doc>Click the element identified by ``locator``.</doc>
<status status="PASS" start="2024-05-07T12:08:15.420977" elapsed="1.104232"/>
</kw>
<kw name="Wait Until Element Is Visible" owner="SeleniumLibrary">
<arg>${locator_itemtype_pagination_check_row20}</arg>
<doc>Waits until the element ``locator`` is visible.</doc>
<status status="PASS" start="2024-05-07T12:08:16.525892" elapsed="1.034946"/>
</kw>
<kw name="Click Element" owner="SeleniumLibrary">
<msg time="2024-05-07T12:08:17.561721" level="INFO">Clicking element 'xpath=//*[@id="root"]/div/div/main/div/div[3]/div/div/div/div/ul/li[4]/div/div[1]'.</msg>
<arg>${locator_itemtype_pagination_after25}</arg>
<doc>Click the element identified by ``locator``.</doc>
<status status="PASS" start="2024-05-07T12:08:17.561215" elapsed="1.066267"/>
</kw>
<kw name="Wait Until Element Is Visible" owner="SeleniumLibrary">
<arg>${locator_itemtype_pagination_after25_dd}</arg>
<doc>Waits until the element ``locator`` is visible.</doc>
<status status="PASS" start="2024-05-07T12:08:18.628102" elapsed="1.034061"/>
</kw>
<kw name="Click Element" owner="SeleniumLibrary">
<msg time="2024-05-07T12:08:19.663916" level="INFO">Clicking element 'xpath=//*[@id="rc_select_1_list_0"]'.</msg>
<arg>${locator_itemtype_pagination_dd_15page}</arg>
<doc>Click the element identified by ``locator``.</doc>
<status status="PASS" start="2024-05-07T12:08:19.662873" elapsed="1.103523"/>
</kw>
<kw name="Wait Until Element Is Visible" owner="SeleniumLibrary">
<arg>${locator_itemtype_pagination_check_row10}</arg>
<doc>Waits until the element ``locator`` is visible.</doc>
<status status="PASS" start="2024-05-07T12:08:20.766874" elapsed="1.032585"/>
</kw>
<kw name="Element Should Be Disabled" owner="SeleniumLibrary">
<arg>${locator_itemtype_pagination_&lt;}</arg>
<doc>Verifies that element identified by ``locator`` is disabled.</doc>
<status status="PASS" start="2024-05-07T12:08:21.800065" elapsed="1.031133"/>
</kw>
<kw name="Click Element" owner="SeleniumLibrary">
<msg time="2024-05-07T12:08:22.832712" level="INFO">Clicking element 'xpath=//*[@id="root"]/div/div/main/div/div[3]/div/div/div/div/ul/li[4]/button'.</msg>
<arg>${locator_itemtype_pagination_&gt;}</arg>
<doc>Click the element identified by ``locator``.</doc>
<status status="PASS" start="2024-05-07T12:08:22.831833" elapsed="1.092937"/>
</kw>
<status status="PASS" start="2024-05-07T12:08:13.325474" elapsed="10.600119"/>
</kw>
<kw name="Close Browser" owner="SeleniumLibrary" type="TEARDOWN">
<doc>Closes the current browser.</doc>
<status status="PASS" start="2024-05-07T12:08:23.926472" elapsed="0.565141"/>
</kw>
<status status="PASS" start="2024-05-07T12:07:54.492235" elapsed="29.999536"/>
</test>
<kw name="Close All Browsers" owner="SeleniumLibrary" type="TEARDOWN">
<doc>Closes all open browsers and resets the browser cache.</doc>
<status status="PASS" start="2024-05-07T12:08:24.492435" elapsed="0.000212"/>
</kw>
<status status="PASS" start="2024-05-07T12:07:54.421002" elapsed="30.071704"/>
</suite>
<status status="PASS" start="2024-05-07T12:07:54.420498" elapsed="30.073071"/>
</suite>
<status status="PASS" start="2024-05-07T12:07:54.420007" elapsed="30.074151"/>
</suite>
<status status="PASS" start="2024-05-07T12:07:54.419425" elapsed="30.075233"/>
</suite>
<status status="PASS" start="2024-05-07T12:07:54.418815" elapsed="30.076308"/>
</suite>
<status status="PASS" start="2024-05-07T12:07:54.417970" elapsed="30.077643"/>
</suite>
<status status="PASS" start="2024-05-07T12:07:54.408989" elapsed="30.086968"/>
</suite>
<statistics>
<total>
<stat pass="1" fail="0" skip="0">All Tests</stat>
</total>
<tag>
</tag>
<suite>
<stat pass="1" fail="0" skip="0" id="s1" name="Automate HUi">Automate HUi</stat>
<stat pass="1" fail="0" skip="0" id="s1-s1" name="Document">Automate HUi.Document</stat>
<stat pass="1" fail="0" skip="0" id="s1-s1-s1" name="Auto Tester">Automate HUi.Document.Auto Tester</stat>
<stat pass="1" fail="0" skip="0" id="s1-s1-s1-s1" name="TourMaster">Automate HUi.Document.Auto Tester.TourMaster</stat>
<stat pass="1" fail="0" skip="0" id="s1-s1-s1-s1-s1" name="Program">Automate HUi.Document.Auto Tester.TourMaster.Program</stat>
<stat pass="1" fail="0" skip="0" id="s1-s1-s1-s1-s1-s1" name="Item Type">Automate HUi.Document.Auto Tester.TourMaster.Program.Item Type</stat>
<stat pass="1" fail="0" skip="0" id="s1-s1-s1-s1-s1-s1-s1" name="Item">Automate HUi.Document.Auto Tester.TourMaster.Program.Item Type.Item</stat>
</suite>
</statistics>
<errors>
</errors>
</robot>
