<?xml version="1.0" encoding="UTF-8"?>
<robot generator="Robot 7.0 (Python 3.12.2 on darwin)" generated="2024-04-18T11:32:39.951502" rpa="false" schemaversion="5">
<suite id="s1" name="Automate HUi" source="/Users/tester/Desktop/Automate HUi">
<suite id="s1-s1" name="Document" source="/Users/tester/Desktop/Automate HUi/Document">
<suite id="s1-s1-s1" name="Auto Tester" source="/Users/tester/Desktop/Automate HUi/Document/Auto Tester">
<suite id="s1-s1-s1-s1" name="Login" source="/Users/tester/Desktop/Automate HUi/Document/Auto Tester/Login.robot">
<test id="s1-s1-s1-s1-t1" name="TC01-Login Pass" line="55">
<kw name="Open Browser Web">
<kw name="Open Browser" owner="SeleniumLibrary">
<msg time="2024-04-18T11:32:40.012552" level="INFO">Opening browser 'chrome' to base url 'https://dev-tm.techmaster.in.th/login'.</msg>
<arg>${url}</arg>
<arg>${browser}</arg>
<doc>Opens a new browser instance to the optional ``url``.</doc>
<status status="PASS" start="2024-04-18T11:32:40.012360" elapsed="1.451596"/>
</kw>
<kw name="Maximize Browser Window" owner="SeleniumLibrary">
<doc>Maximizes current browser window.</doc>
<status status="PASS" start="2024-04-18T11:32:41.465412" elapsed="0.489665"/>
</kw>
<kw name="Set Selenium Speed" owner="SeleniumLibrary">
<arg>0.5s</arg>
<doc>Sets the delay that is waited after each Selenium command.</doc>
<status status="PASS" start="2024-04-18T11:32:41.955508" elapsed="0.002088"/>
</kw>
<status status="PASS" start="2024-04-18T11:32:40.011912" elapsed="1.946085"/>
</kw>
<kw name="Input Data for Login Passing">
<kw name="Input Text" owner="SeleniumLibrary">
<msg time="2024-04-18T11:32:41.962701" level="INFO">Typing text 'superadmin' into text field 'id=username'.</msg>
<msg time="2024-04-18T11:32:43.087212" level="INFO" html="true">&lt;/td&gt;&lt;/tr&gt;&lt;tr&gt;&lt;td colspan="3"&gt;&lt;a href="selenium-screenshot-18.png"&gt;&lt;img src="selenium-screenshot-18.png" width="800px"&gt;&lt;/a&gt;</msg>
<msg time="2024-04-18T11:32:43.088279" level="FAIL">Element with locator 'id=username' not found.</msg>
<arg>${locator_username}</arg>
<arg>superadmin</arg>
<doc>Types the given ``text`` into the text field identified by ``locator``.</doc>
<status status="FAIL" start="2024-04-18T11:32:41.961903" elapsed="1.132249">Element with locator 'id=username' not found.</status>
</kw>
<kw name="Input Text" owner="SeleniumLibrary">
<arg>${locator_password}</arg>
<arg>P@ssW0rd</arg>
<doc>Types the given ``text`` into the text field identified by ``locator``.</doc>
<status status="NOT RUN" start="2024-04-18T11:32:43.094836" elapsed="0.000418"/>
</kw>
<kw name="Click Element" owner="SeleniumLibrary">
<arg>${locator_btneye}</arg>
<doc>Click the element identified by ``locator``.</doc>
<status status="NOT RUN" start="2024-04-18T11:32:43.095504" elapsed="0.000130"/>
</kw>
<kw name="Click Element" owner="SeleniumLibrary">
<arg>${locator_btnlogin}</arg>
<doc>Click the element identified by ``locator``.</doc>
<status status="NOT RUN" start="2024-04-18T11:32:43.095799" elapsed="0.000092"/>
</kw>
<status status="FAIL" start="2024-04-18T11:32:41.958859" elapsed="1.137628">Element with locator 'id=username' not found.</status>
</kw>
<kw name="Close All Browsers" owner="SeleniumLibrary">
<doc>Closes all open browsers and resets the browser cache.</doc>
<status status="NOT RUN" start="2024-04-18T11:32:43.096890" elapsed="0.000170"/>
</kw>
<status status="FAIL" start="2024-04-18T11:32:40.011551" elapsed="3.086041">Element with locator 'id=username' not found.</status>
</test>
<status status="FAIL" start="2024-04-18T11:32:39.961658" elapsed="3.137029"/>
</suite>
<status status="FAIL" start="2024-04-18T11:32:39.961057" elapsed="3.139622"/>
</suite>
<status status="FAIL" start="2024-04-18T11:32:39.960433" elapsed="3.141914"/>
</suite>
<status status="FAIL" start="2024-04-18T11:32:39.953268" elapsed="3.150005"/>
</suite>
<statistics>
<total>
<stat pass="0" fail="1" skip="0">All Tests</stat>
</total>
<tag>
</tag>
<suite>
<stat pass="0" fail="1" skip="0" id="s1" name="Automate HUi">Automate HUi</stat>
<stat pass="0" fail="1" skip="0" id="s1-s1" name="Document">Automate HUi.Document</stat>
<stat pass="0" fail="1" skip="0" id="s1-s1-s1" name="Auto Tester">Automate HUi.Document.Auto Tester</stat>
<stat pass="0" fail="1" skip="0" id="s1-s1-s1-s1" name="Login">Automate HUi.Document.Auto Tester.Login</stat>
</suite>
</statistics>
<errors>
</errors>
</robot>
