<?xml version="1.0" encoding="UTF-8"?>
<robot generator="Robot 7.0 (Python 3.12.2 on darwin)" generated="2024-05-09T17:56:33.692625" rpa="false" schemaversion="5">
<suite id="s1" name="Automate HUi" source="/Users/tester/Desktop/Automate HUi">
<suite id="s1-s1" name="Document" source="/Users/tester/Desktop/Automate HUi/Document">
<suite id="s1-s1-s1" name="Auto Tester" source="/Users/tester/Desktop/Automate HUi/Document/Auto Tester">
<suite id="s1-s1-s1-s1" name="TourMaster" source="/Users/tester/Desktop/Automate HUi/Document/Auto Tester/TourMaster">
<suite id="s1-s1-s1-s1-s1" name="Vehicle" source="/Users/tester/Desktop/Automate HUi/Document/Auto Tester/TourMaster/Vehicle">
<suite id="s1-s1-s1-s1-s1-s1" name="Own vehicle" source="/Users/tester/Desktop/Automate HUi/Document/Auto Tester/TourMaster/Vehicle/Own_vehicle">
<suite id="s1-s1-s1-s1-s1-s1-s1" name="Ownvehicle" source="/Users/tester/Desktop/Automate HUi/Document/Auto Tester/TourMaster/Vehicle/Own_vehicle/Ownvehicle.robot">
<kw name="Set Selenium Speed" owner="SeleniumLibrary" type="SETUP">
<arg>0.5s</arg>
<doc>Sets the delay that is waited after each Selenium command.</doc>
<status status="PASS" start="2024-05-09T17:56:33.766259" elapsed="0.000184"/>
</kw>
<test id="s1-s1-s1-s1-s1-s1-s1-t1" name="TC06 - Check Pagination" line="29">
<kw name="Open Web &amp; Input for login" owner="OwnVehicle_key" type="SETUP">
<kw name="Open Browser" owner="SeleniumLibrary">
<msg time="2024-05-09T17:56:33.767275" level="INFO">Opening browser 'chrome' to base url 'https://dev-tm.techmaster.in.th/login'.</msg>
<arg>${url}</arg>
<arg>${browser}</arg>
<doc>Opens a new browser instance to the optional ``url``.</doc>
<status status="PASS" start="2024-05-09T17:56:33.767128" elapsed="1.462544"/>
</kw>
<kw name="Maximize Browser Window" owner="SeleniumLibrary">
<doc>Maximizes current browser window.</doc>
<status status="PASS" start="2024-05-09T17:56:35.230005" elapsed="1.524438"/>
</kw>
<kw name="Set Selenium Speed" owner="SeleniumLibrary">
<arg>0.5s</arg>
<doc>Sets the delay that is waited after each Selenium command.</doc>
<status status="PASS" start="2024-05-09T17:56:36.754654" elapsed="0.000309"/>
</kw>
<kw name="Input Text" owner="SeleniumLibrary">
<msg time="2024-05-09T17:56:36.755456" level="INFO">Typing text 'superadmin' into text field 'name=username'.</msg>
<arg>${locator_username}</arg>
<arg>superadmin</arg>
<doc>Types the given ``text`` into the text field identified by ``locator``.</doc>
<status status="PASS" start="2024-05-09T17:56:36.755052" elapsed="1.666865"/>
</kw>
<kw name="Input Text" owner="SeleniumLibrary">
<msg time="2024-05-09T17:56:38.422740" level="INFO">Typing text 'P@ssw0rd' into text field 'name=password'.</msg>
<arg>${locator_password}</arg>
<arg>P@ssw0rd</arg>
<doc>Types the given ``text`` into the text field identified by ``locator``.</doc>
<status status="PASS" start="2024-05-09T17:56:38.422273" elapsed="1.574740"/>
</kw>
<kw name="Click Element" owner="SeleniumLibrary">
<msg time="2024-05-09T17:56:39.998079" level="INFO">Clicking element 'id=btn_login_submit'.</msg>
<arg>${locator_btnlogin}</arg>
<doc>Click the element identified by ``locator``.</doc>
<status status="PASS" start="2024-05-09T17:56:39.997463" elapsed="1.064653"/>
</kw>
<kw name="Wait Until Page Contains" owner="SeleniumLibrary">
<arg>Dashboard</arg>
<doc>Waits until ``text`` appears on the current page.</doc>
<status status="PASS" start="2024-05-09T17:56:41.062400" elapsed="0.531984"/>
</kw>
<kw name="Sleep" owner="BuiltIn">
<msg time="2024-05-09T17:56:42.596850" level="INFO">Slept 1 second.</msg>
<arg>1s</arg>
<doc>Pauses the test executed for the given time.</doc>
<status status="PASS" start="2024-05-09T17:56:41.594623" elapsed="1.002992"/>
</kw>
<status status="PASS" start="2024-05-09T17:56:33.766928" elapsed="8.831197"/>
</kw>
<kw name="Check Ownvehicle Page" owner="OwnVehicle_key">
<kw name="Click Element" owner="SeleniumLibrary">
<msg time="2024-05-09T17:56:42.603189" level="INFO">Clicking element 'xpath=//*[@id="root"]/div/aside/div/ul/li[5]/ul/li[3]/div'.</msg>
<arg>${locator_menu_vehicle}</arg>
<doc>Click the element identified by ``locator``.</doc>
<status status="PASS" start="2024-05-09T17:56:42.601340" elapsed="1.083580"/>
</kw>
<kw name="Wait Until Element Is Visible" owner="SeleniumLibrary">
<arg>${locator_menu_ownvehicle}</arg>
<doc>Waits until the element ``locator`` is visible.</doc>
<status status="PASS" start="2024-05-09T17:56:43.685358" elapsed="1.027952"/>
</kw>
<kw name="Click Element" owner="SeleniumLibrary">
<msg time="2024-05-09T17:56:44.713651" level="INFO">Clicking element 'id=vehicle_ownvehicle'.</msg>
<arg>${locator_menu_ownvehicle}</arg>
<doc>Click the element identified by ``locator``.</doc>
<status status="PASS" start="2024-05-09T17:56:44.713461" elapsed="1.133101"/>
</kw>
<kw name="Wait Until Element Is Visible" owner="SeleniumLibrary">
<arg>${locator_ownvehicle_navigator}</arg>
<doc>Waits until the element ``locator`` is visible.</doc>
<status status="PASS" start="2024-05-09T17:56:45.846932" elapsed="1.030916"/>
</kw>
<kw name="Wait Until Element Is Visible" owner="SeleniumLibrary">
<arg>${locator_ownvehicle_table}</arg>
<doc>Waits until the element ``locator`` is visible.</doc>
<status status="PASS" start="2024-05-09T17:56:46.878119" elapsed="1.028891"/>
</kw>
<kw name="Wait Until Element Is Visible" owner="SeleniumLibrary">
<arg>${locator_ownvehicle_btn_create}</arg>
<doc>Waits until the element ``locator`` is visible.</doc>
<status status="PASS" start="2024-05-09T17:56:47.907824" elapsed="1.036397"/>
</kw>
<kw name="Wait Until Element Is Visible" owner="SeleniumLibrary">
<arg>${locator_ownvehicle_export}</arg>
<doc>Waits until the element ``locator`` is visible.</doc>
<status status="PASS" start="2024-05-09T17:56:48.944993" elapsed="1.032934"/>
</kw>
<status status="PASS" start="2024-05-09T17:56:42.600018" elapsed="7.378812"/>
</kw>
<kw name="Check Pagination" owner="OwnVehicle_key">
<kw name="Click Element" owner="SeleniumLibrary">
<msg time="2024-05-09T17:56:49.981352" level="INFO">Clicking element 'xpath=//*[@id="root"]/div/div/main/div/div[3]/div/div/div/div/ul/li[4]/div/div'.</msg>
<arg>${locator_ownvehicle_pagination}</arg>
<doc>Click the element identified by ``locator``.</doc>
<status status="PASS" start="2024-05-09T17:56:49.980830" elapsed="1.071277"/>
</kw>
<kw name="Wait Until Element Is Visible" owner="SeleniumLibrary">
<msg time="2024-05-09T17:56:56.695944" level="INFO" html="true">&lt;/td&gt;&lt;/tr&gt;&lt;tr&gt;&lt;td colspan="3"&gt;&lt;a href="selenium-screenshot-105.png"&gt;&lt;img src="selenium-screenshot-105.png" width="800px"&gt;&lt;/a&gt;</msg>
<msg time="2024-05-09T17:56:56.696221" level="FAIL">Element 'xpath=//*[@id="rc_select_12_list_1"]' not visible after 5 seconds.</msg>
<arg>${locator_ownvehicle_pagination_25page}</arg>
<doc>Waits until the element ``locator`` is visible.</doc>
<status status="FAIL" start="2024-05-09T17:56:51.052347" elapsed="5.646192">Element 'xpath=//*[@id="rc_select_12_list_1"]' not visible after 5 seconds.</status>
</kw>
<kw name="Click Element" owner="SeleniumLibrary">
<arg>${locator_ownvehicle_pagination_25page}</arg>
<doc>Click the element identified by ``locator``.</doc>
<status status="NOT RUN" start="2024-05-09T17:56:56.698736" elapsed="0.000091"/>
</kw>
<kw name="Click Element" owner="SeleniumLibrary">
<arg>${locator_ownvehicle_pagination}</arg>
<doc>Click the element identified by ``locator``.</doc>
<status status="NOT RUN" start="2024-05-09T17:56:56.698914" elapsed="0.000049"/>
</kw>
<kw name="Wait Until Element Is Visible" owner="SeleniumLibrary">
<arg>${locator_ownvehicle_pagination_15page}</arg>
<doc>Waits until the element ``locator`` is visible.</doc>
<status status="NOT RUN" start="2024-05-09T17:56:56.699031" elapsed="0.000043"/>
</kw>
<kw name="Click Element" owner="SeleniumLibrary">
<arg>${locator_ownvehicle_pagination_15page}</arg>
<doc>Click the element identified by ``locator``.</doc>
<status status="NOT RUN" start="2024-05-09T17:56:56.699135" elapsed="0.000039"/>
</kw>
<kw name="Element Should Be Disabled" owner="SeleniumLibrary">
<arg>${locator_ownvehicle_pagination_&lt;}</arg>
<doc>Verifies that element identified by ``locator`` is disabled.</doc>
<status status="NOT RUN" start="2024-05-09T17:56:56.699233" elapsed="0.000040"/>
</kw>
<kw name="Element Should Be Disabled" owner="SeleniumLibrary">
<arg>${locator_ownvehicle_pagination_&gt;}</arg>
<doc>Verifies that element identified by ``locator`` is disabled.</doc>
<status status="NOT RUN" start="2024-05-09T17:56:56.699383" elapsed="0.000042"/>
</kw>
<status status="FAIL" start="2024-05-09T17:56:49.979862" elapsed="6.719677">Element 'xpath=//*[@id="rc_select_12_list_1"]' not visible after 5 seconds.</status>
</kw>
<kw name="Close Browser" owner="SeleniumLibrary" type="TEARDOWN">
<doc>Closes the current browser.</doc>
<status status="PASS" start="2024-05-09T17:56:56.699770" elapsed="0.567963"/>
</kw>
<status status="FAIL" start="2024-05-09T17:56:33.766535" elapsed="23.501342">Element 'xpath=//*[@id="rc_select_12_list_1"]' not visible after 5 seconds.</status>
</test>
<kw name="Close All Browsers" owner="SeleniumLibrary" type="TEARDOWN">
<doc>Closes all open browsers and resets the browser cache.</doc>
<status status="PASS" start="2024-05-09T17:56:57.268473" elapsed="0.000176"/>
</kw>
<status status="FAIL" start="2024-05-09T17:56:33.709358" elapsed="23.559341"/>
</suite>
<status status="FAIL" start="2024-05-09T17:56:33.708728" elapsed="23.560581"/>
</suite>
<status status="FAIL" start="2024-05-09T17:56:33.708169" elapsed="23.561569"/>
</suite>
<status status="FAIL" start="2024-05-09T17:56:33.707604" elapsed="23.562506"/>
</suite>
<status status="FAIL" start="2024-05-09T17:56:33.706959" elapsed="23.563457"/>
</suite>
<status status="FAIL" start="2024-05-09T17:56:33.706196" elapsed="23.564474"/>
</suite>
<status status="FAIL" start="2024-05-09T17:56:33.695235" elapsed="23.575674"/>
</suite>
<statistics>
<total>
<stat pass="0" fail="1" skip="0">All Tests</stat>
</total>
<tag>
</tag>
<suite>
<stat pass="0" fail="1" skip="0" id="s1" name="Automate HUi">Automate HUi</stat>
<stat pass="0" fail="1" skip="0" id="s1-s1" name="Document">Automate HUi.Document</stat>
<stat pass="0" fail="1" skip="0" id="s1-s1-s1" name="Auto Tester">Automate HUi.Document.Auto Tester</stat>
<stat pass="0" fail="1" skip="0" id="s1-s1-s1-s1" name="TourMaster">Automate HUi.Document.Auto Tester.TourMaster</stat>
<stat pass="0" fail="1" skip="0" id="s1-s1-s1-s1-s1" name="Vehicle">Automate HUi.Document.Auto Tester.TourMaster.Vehicle</stat>
<stat pass="0" fail="1" skip="0" id="s1-s1-s1-s1-s1-s1" name="Own vehicle">Automate HUi.Document.Auto Tester.TourMaster.Vehicle.Own vehicle</stat>
<stat pass="0" fail="1" skip="0" id="s1-s1-s1-s1-s1-s1-s1" name="Ownvehicle">Automate HUi.Document.Auto Tester.TourMaster.Vehicle.Own vehicle.Ownvehicle</stat>
</suite>
</statistics>
<errors>
</errors>
</robot>
