<?xml version="1.0" encoding="UTF-8"?>
<robot generator="Robot 7.0 (Python 3.12.2 on darwin)" generated="2024-04-29T13:39:02.025262" rpa="false" schemaversion="5">
<suite id="s1" name="Automate HUi" source="/Users/tester/Desktop/Automate HUi">
<suite id="s1-s1" name="Document" source="/Users/tester/Desktop/Automate HUi/Document">
<suite id="s1-s1-s1" name="Auto Tester" source="/Users/tester/Desktop/Automate HUi/Document/Auto Tester">
<suite id="s1-s1-s1-s1" name="TourMaster" source="/Users/tester/Desktop/Automate HUi/Document/Auto Tester/TourMaster">
<suite id="s1-s1-s1-s1-s1" name="User" source="/Users/tester/Desktop/Automate HUi/Document/Auto Tester/TourMaster/User">
<suite id="s1-s1-s1-s1-s1-s1" name="Roles" source="/Users/tester/Desktop/Automate HUi/Document/Auto Tester/TourMaster/User/Roles">
<suite id="s1-s1-s1-s1-s1-s1-s1" name="Roles" source="/Users/tester/Desktop/Automate HUi/Document/Auto Tester/TourMaster/User/Roles/roles.robot">
<kw name="Set Selenium Speed" owner="SeleniumLibrary" type="SETUP">
<arg>0.5s</arg>
<doc>Sets the delay that is waited after each Selenium command.</doc>
<status status="PASS" start="2024-04-29T13:39:02.084827" elapsed="0.000166"/>
</kw>
<test id="s1-s1-s1-s1-s1-s1-s1-t1" name="TC06-Check Pagination" line="35">
<kw name="Open Browser Web" owner="roles_key" type="SETUP">
<kw name="Open Browser" owner="SeleniumLibrary">
<msg time="2024-04-29T13:39:02.085809" level="INFO">Opening browser 'chrome' to base url 'https://dev-tm.techmaster.in.th/login'.</msg>
<arg>${url}</arg>
<arg>${browser}</arg>
<doc>Opens a new browser instance to the optional ``url``.</doc>
<status status="PASS" start="2024-04-29T13:39:02.085628" elapsed="3.546699"/>
</kw>
<kw name="Maximize Browser Window" owner="SeleniumLibrary">
<doc>Maximizes current browser window.</doc>
<status status="PASS" start="2024-04-29T13:39:05.632904" elapsed="0.873824"/>
</kw>
<kw name="Set Selenium Speed" owner="SeleniumLibrary">
<arg>0.5s</arg>
<doc>Sets the delay that is waited after each Selenium command.</doc>
<status status="PASS" start="2024-04-29T13:39:06.507002" elapsed="0.000451"/>
</kw>
<status status="PASS" start="2024-04-29T13:39:02.085435" elapsed="4.422172"/>
</kw>
<kw name="Input Data for Login Pass" owner="roles_key">
<kw name="Input Text" owner="SeleniumLibrary">
<msg time="2024-04-29T13:39:06.508846" level="INFO">Typing text 'superadmin' into text field 'name=username'.</msg>
<arg>${locator_username}</arg>
<arg>superadmin</arg>
<doc>Types the given ``text`` into the text field identified by ``locator``.</doc>
<status status="PASS" start="2024-04-29T13:39:06.508311" elapsed="1.631152"/>
</kw>
<kw name="Input Text" owner="SeleniumLibrary">
<msg time="2024-04-29T13:39:08.140314" level="INFO">Typing text 'P@ssw0rd' into text field 'name=password'.</msg>
<arg>${locator_password}</arg>
<arg>P@ssw0rd</arg>
<doc>Types the given ``text`` into the text field identified by ``locator``.</doc>
<status status="PASS" start="2024-04-29T13:39:08.139818" elapsed="1.593755"/>
</kw>
<kw name="Click Element" owner="SeleniumLibrary">
<msg time="2024-04-29T13:39:09.735445" level="INFO">Clicking element 'id=btn_login_submit'.</msg>
<arg>${locator_btnlogin}</arg>
<doc>Click the element identified by ``locator``.</doc>
<status status="PASS" start="2024-04-29T13:39:09.734087" elapsed="1.063769"/>
</kw>
<kw name="Wait Until Page Contains" owner="SeleniumLibrary">
<arg>Dashboard</arg>
<doc>Waits until ``text`` appears on the current page.</doc>
<status status="PASS" start="2024-04-29T13:39:10.798053" elapsed="0.510944"/>
</kw>
<status status="PASS" start="2024-04-29T13:39:06.507947" elapsed="4.801322"/>
</kw>
<kw name="Check Roles Page" owner="roles_key">
<kw name="Click Element" owner="SeleniumLibrary">
<msg time="2024-04-29T13:39:11.310423" level="INFO">Clicking element 'xpath=//*[@id="root"]/div/aside/div/ul/li[5]/ul/li[6]/div'.</msg>
<arg>${locator_manu_user}</arg>
<doc>Click the element identified by ``locator``.</doc>
<status status="PASS" start="2024-04-29T13:39:11.310117" elapsed="1.056906"/>
</kw>
<kw name="Wait Until Element Is Visible" owner="SeleniumLibrary">
<arg>${locator_manu_roles}</arg>
<doc>Waits until the element ``locator`` is visible.</doc>
<status status="PASS" start="2024-04-29T13:39:12.367425" elapsed="1.028937"/>
</kw>
<kw name="Sleep" owner="BuiltIn">
<msg time="2024-04-29T13:39:14.398015" level="INFO">Slept 1 second.</msg>
<arg>1s</arg>
<doc>Pauses the test executed for the given time.</doc>
<status status="PASS" start="2024-04-29T13:39:13.396533" elapsed="1.001736"/>
</kw>
<kw name="Click Element" owner="SeleniumLibrary">
<msg time="2024-04-29T13:39:14.398883" level="INFO">Clicking element 'id=user_roles'.</msg>
<arg>${locator_manu_roles}</arg>
<doc>Click the element identified by ``locator``.</doc>
<status status="PASS" start="2024-04-29T13:39:14.398487" elapsed="1.130624"/>
</kw>
<kw name="Wait Until Page Contains" owner="SeleniumLibrary">
<arg>Roles</arg>
<doc>Waits until ``text`` appears on the current page.</doc>
<status status="PASS" start="2024-04-29T13:39:15.529331" elapsed="0.515464"/>
</kw>
<kw name="Sleep" owner="BuiltIn">
<msg time="2024-04-29T13:39:18.047601" level="INFO">Slept 2 seconds.</msg>
<arg>2s</arg>
<doc>Pauses the test executed for the given time.</doc>
<status status="PASS" start="2024-04-29T13:39:16.045500" elapsed="2.002850"/>
</kw>
<kw name="Wait Until Page Contains Element" owner="SeleniumLibrary">
<arg>${locator_btn_Create}</arg>
<doc>Waits until the element ``locator`` appears on the current page.</doc>
<status status="PASS" start="2024-04-29T13:39:18.048941" elapsed="0.523295"/>
</kw>
<kw name="Wait Until Page Contains Element" owner="SeleniumLibrary">
<arg>${locator_search}</arg>
<doc>Waits until the element ``locator`` appears on the current page.</doc>
<status status="PASS" start="2024-04-29T13:39:18.573185" elapsed="0.518030"/>
</kw>
<kw name="Wait Until Page Contains Element" owner="SeleniumLibrary">
<arg>${locator_filter}</arg>
<doc>Waits until the element ``locator`` appears on the current page.</doc>
<status status="PASS" start="2024-04-29T13:39:19.091497" elapsed="0.514975"/>
</kw>
<kw name="Wait Until Page Contains Element" owner="SeleniumLibrary">
<arg>${locator_table_roles}</arg>
<doc>Waits until the element ``locator`` appears on the current page.</doc>
<status status="PASS" start="2024-04-29T13:39:19.607537" elapsed="0.519798"/>
</kw>
<kw name="Wait Until Page Contains Element" owner="SeleniumLibrary">
<arg>${locator_pagination_count}</arg>
<doc>Waits until the element ``locator`` appears on the current page.</doc>
<status status="PASS" start="2024-04-29T13:39:20.128294" elapsed="0.520045"/>
</kw>
<kw name="Wait Until Page Contains Element" owner="SeleniumLibrary">
<arg>${locator_pagination_list_&lt;}</arg>
<doc>Waits until the element ``locator`` appears on the current page.</doc>
<status status="PASS" start="2024-04-29T13:39:20.649102" elapsed="0.515808"/>
</kw>
<kw name="Wait Until Page Contains Element" owner="SeleniumLibrary">
<arg>${locator_pagination_list_Num}</arg>
<doc>Waits until the element ``locator`` appears on the current page.</doc>
<status status="PASS" start="2024-04-29T13:39:21.165655" elapsed="0.520825"/>
</kw>
<kw name="Wait Until Page Contains Element" owner="SeleniumLibrary">
<arg>${locator_pagination_list_&gt;}</arg>
<doc>Waits until the element ``locator`` appears on the current page.</doc>
<status status="PASS" start="2024-04-29T13:39:21.687355" elapsed="0.515383"/>
</kw>
<status status="PASS" start="2024-04-29T13:39:11.309630" elapsed="10.893915"/>
</kw>
<kw name="Check Pagination" owner="roles_key">
<kw name="Click Element" owner="SeleniumLibrary">
<msg time="2024-04-29T13:39:22.206459" level="INFO">Clicking element 'xpath=//*[@id="root"]/div/div/main/div/div[3]/div/div/div/div/ul/li[5]/div/div[1]'.</msg>
<arg>${locator_pagination_per_page}</arg>
<doc>Click the element identified by ``locator``.</doc>
<status status="PASS" start="2024-04-29T13:39:22.205920" elapsed="1.079890"/>
</kw>
<kw name="Sleep" owner="BuiltIn">
<msg time="2024-04-29T13:39:25.287144" level="INFO">Slept 2 seconds.</msg>
<arg>2s</arg>
<doc>Pauses the test executed for the given time.</doc>
<status status="PASS" start="2024-04-29T13:39:23.286039" elapsed="2.001843"/>
</kw>
<kw name="Click Element" owner="SeleniumLibrary">
<msg time="2024-04-29T13:39:25.290033" level="INFO">Clicking element 'xpath=//*[@id="rc_select_5_list_1"]/span'.</msg>
<msg time="2024-04-29T13:39:26.422440" level="INFO" html="true">&lt;/td&gt;&lt;/tr&gt;&lt;tr&gt;&lt;td colspan="3"&gt;&lt;a href="selenium-screenshot-45.png"&gt;&lt;img src="selenium-screenshot-45.png" width="800px"&gt;&lt;/a&gt;</msg>
<msg time="2024-04-29T13:39:26.422758" level="FAIL">Element with locator 'xpath=//*[@id="rc_select_5_list_1"]/span' not found.</msg>
<arg>${locator_pagination_25_page}</arg>
<doc>Click the element identified by ``locator``.</doc>
<status status="FAIL" start="2024-04-29T13:39:25.288953" elapsed="1.137053">Element with locator 'xpath=//*[@id="rc_select_5_list_1"]/span' not found.</status>
</kw>
<kw name="Wait Until Element Is Visible" owner="SeleniumLibrary">
<arg>${locator_pagination_row_16}</arg>
<doc>Waits until the element ``locator`` is visible.</doc>
<status status="NOT RUN" start="2024-04-29T13:39:26.426215" elapsed="0.000091"/>
</kw>
<kw name="Click Element" owner="SeleniumLibrary">
<arg>${locator_pagination_per_page}</arg>
<doc>Click the element identified by ``locator``.</doc>
<status status="NOT RUN" start="2024-04-29T13:39:26.426406" elapsed="0.000061"/>
</kw>
<kw name="Sleep" owner="BuiltIn">
<arg>1s</arg>
<doc>Pauses the test executed for the given time.</doc>
<status status="NOT RUN" start="2024-04-29T13:39:26.426553" elapsed="0.000056"/>
</kw>
<kw name="Click Element" owner="SeleniumLibrary">
<arg>${locator_pagination_15_page}</arg>
<doc>Click the element identified by ``locator``.</doc>
<status status="NOT RUN" start="2024-04-29T13:39:26.426688" elapsed="0.000048"/>
</kw>
<kw name="Wait Until Element Is Visible" owner="SeleniumLibrary">
<arg>${locator_pagination_row_1}</arg>
<doc>Waits until the element ``locator`` is visible.</doc>
<status status="NOT RUN" start="2024-04-29T13:39:26.426809" elapsed="0.000048"/>
</kw>
<kw name="Wait Until Page Contains" owner="SeleniumLibrary">
<arg>CEO</arg>
<doc>Waits until ``text`` appears on the current page.</doc>
<status status="NOT RUN" start="2024-04-29T13:39:26.426930" elapsed="0.000044"/>
</kw>
<kw name="Click Element" owner="SeleniumLibrary">
<arg>${locator_pagination_list_&gt;}</arg>
<doc>Click the element identified by ``locator``.</doc>
<status status="NOT RUN" start="2024-04-29T13:39:26.427049" elapsed="0.000047"/>
</kw>
<kw name="Wait Until Element Is Visible" owner="SeleniumLibrary">
<arg>${locator_pagination_nextpage_row_16}</arg>
<doc>Waits until the element ``locator`` is visible.</doc>
<status status="NOT RUN" start="2024-04-29T13:39:26.427168" elapsed="0.000044"/>
</kw>
<kw name="Wait Until Page Contains" owner="SeleniumLibrary">
<arg>superXXXXXX</arg>
<doc>Waits until ``text`` appears on the current page.</doc>
<status status="NOT RUN" start="2024-04-29T13:39:26.427280" elapsed="0.000046"/>
</kw>
<kw name="Click Element" owner="SeleniumLibrary">
<arg>${locator_pagination_list_&lt;}</arg>
<doc>Click the element identified by ``locator``.</doc>
<status status="NOT RUN" start="2024-04-29T13:39:26.427393" elapsed="0.000043"/>
</kw>
<kw name="Wait Until Element Is Visible" owner="SeleniumLibrary">
<arg>${locator_pagination_row_1}</arg>
<doc>Waits until the element ``locator`` is visible.</doc>
<status status="NOT RUN" start="2024-04-29T13:39:26.427507" elapsed="0.000046"/>
</kw>
<kw name="Wait Until Page Contains" owner="SeleniumLibrary">
<arg>CEO</arg>
<doc>Waits until ``text`` appears on the current page.</doc>
<status status="NOT RUN" start="2024-04-29T13:39:26.427621" elapsed="0.000046"/>
</kw>
<status status="FAIL" start="2024-04-29T13:39:22.204737" elapsed="4.223046">Element with locator 'xpath=//*[@id="rc_select_5_list_1"]/span' not found.</status>
</kw>
<kw name="Close Browser" owner="SeleniumLibrary" type="TEARDOWN">
<doc>Closes the current browser.</doc>
<status status="PASS" start="2024-04-29T13:39:26.428033" elapsed="0.567660"/>
</kw>
<status status="FAIL" start="2024-04-29T13:39:02.085079" elapsed="24.910780">Element with locator 'xpath=//*[@id="rc_select_5_list_1"]/span' not found.</status>
</test>
<kw name="Close All Browsers" owner="SeleniumLibrary" type="TEARDOWN">
<doc>Closes all open browsers and resets the browser cache.</doc>
<status status="PASS" start="2024-04-29T13:39:26.996476" elapsed="0.000205"/>
</kw>
<status status="FAIL" start="2024-04-29T13:39:02.037841" elapsed="24.958901"/>
</suite>
<status status="FAIL" start="2024-04-29T13:39:02.037254" elapsed="24.960318"/>
</suite>
<status status="FAIL" start="2024-04-29T13:39:02.036652" elapsed="24.961363"/>
</suite>
<status status="FAIL" start="2024-04-29T13:39:02.036048" elapsed="24.962518"/>
</suite>
<status status="FAIL" start="2024-04-29T13:39:02.035235" elapsed="24.963726"/>
</suite>
<status status="FAIL" start="2024-04-29T13:39:02.034614" elapsed="24.964776"/>
</suite>
<status status="FAIL" start="2024-04-29T13:39:02.027379" elapsed="24.972358"/>
</suite>
<statistics>
<total>
<stat pass="0" fail="1" skip="0">All Tests</stat>
</total>
<tag>
</tag>
<suite>
<stat pass="0" fail="1" skip="0" id="s1" name="Automate HUi">Automate HUi</stat>
<stat pass="0" fail="1" skip="0" id="s1-s1" name="Document">Automate HUi.Document</stat>
<stat pass="0" fail="1" skip="0" id="s1-s1-s1" name="Auto Tester">Automate HUi.Document.Auto Tester</stat>
<stat pass="0" fail="1" skip="0" id="s1-s1-s1-s1" name="TourMaster">Automate HUi.Document.Auto Tester.TourMaster</stat>
<stat pass="0" fail="1" skip="0" id="s1-s1-s1-s1-s1" name="User">Automate HUi.Document.Auto Tester.TourMaster.User</stat>
<stat pass="0" fail="1" skip="0" id="s1-s1-s1-s1-s1-s1" name="Roles">Automate HUi.Document.Auto Tester.TourMaster.User.Roles</stat>
<stat pass="0" fail="1" skip="0" id="s1-s1-s1-s1-s1-s1-s1" name="Roles">Automate HUi.Document.Auto Tester.TourMaster.User.Roles.Roles</stat>
</suite>
</statistics>
<errors>
</errors>
</robot>
