<?xml version="1.0" encoding="UTF-8"?>
<robot generator="Robot 7.0 (Python 3.12.2 on darwin)" generated="2024-04-18T18:02:30.297814" rpa="false" schemaversion="5">
<suite id="s1" name="Automate HUi" source="/Users/tester/Desktop/Automate HUi">
<suite id="s1-s1" name="Document" source="/Users/tester/Desktop/Automate HUi/Document">
<suite id="s1-s1-s1" name="Auto Tester" source="/Users/tester/Desktop/Automate HUi/Document/Auto Tester">
<suite id="s1-s1-s1-s1" name="TourMaster" source="/Users/tester/Desktop/Automate HUi/Document/Auto Tester/TourMaster">
<suite id="s1-s1-s1-s1-s1" name="User" source="/Users/tester/Desktop/Automate HUi/Document/Auto Tester/TourMaster/User">
<suite id="s1-s1-s1-s1-s1-s1" name="Roles" source="/Users/tester/Desktop/Automate HUi/Document/Auto Tester/TourMaster/User/Roles">
<suite id="s1-s1-s1-s1-s1-s1-s1" name="Roles" source="/Users/tester/Desktop/Automate HUi/Document/Auto Tester/TourMaster/User/Roles/roles.robot">
<kw name="Set Selenium Speed" owner="SeleniumLibrary" type="SETUP">
<arg>0.5s</arg>
<doc>Sets the delay that is waited after each Selenium command.</doc>
<status status="PASS" start="2024-04-18T18:02:30.362263" elapsed="0.000228"/>
</kw>
<test id="s1-s1-s1-s1-s1-s1-s1-t1" name="TC03-View Roles page" line="19">
<kw name="Open Browser Web" owner="roles_key" type="SETUP">
<kw name="Open Browser" owner="SeleniumLibrary">
<msg time="2024-04-18T18:02:30.363367" level="INFO">Opening browser 'chrome' to base url 'https://dev-tm.techmaster.in.th/login'.</msg>
<arg>${url}</arg>
<arg>${browser}</arg>
<doc>Opens a new browser instance to the optional ``url``.</doc>
<status status="PASS" start="2024-04-18T18:02:30.363155" elapsed="2.355267"/>
</kw>
<kw name="Set Selenium Speed" owner="SeleniumLibrary">
<arg>0.5s</arg>
<doc>Sets the delay that is waited after each Selenium command.</doc>
<status status="PASS" start="2024-04-18T18:02:32.719216" elapsed="0.000817"/>
</kw>
<status status="PASS" start="2024-04-18T18:02:30.362965" elapsed="2.357281"/>
</kw>
<kw name="Input Data for Login Pass" owner="roles_key">
<kw name="Input Text" owner="SeleniumLibrary">
<msg time="2024-04-18T18:02:32.721894" level="INFO">Typing text 'superadmin' into text field 'name=username'.</msg>
<arg>${locator_username}</arg>
<arg>superadmin</arg>
<doc>Types the given ``text`` into the text field identified by ``locator``.</doc>
<status status="PASS" start="2024-04-18T18:02:32.721201" elapsed="1.686722"/>
</kw>
<kw name="Input Text" owner="SeleniumLibrary">
<msg time="2024-04-18T18:02:34.408880" level="INFO">Typing text 'P@ssw0rd' into text field 'name=password'.</msg>
<arg>${locator_password}</arg>
<arg>P@ssw0rd</arg>
<doc>Types the given ``text`` into the text field identified by ``locator``.</doc>
<status status="PASS" start="2024-04-18T18:02:34.408357" elapsed="1.581614"/>
</kw>
<kw name="Click Element" owner="SeleniumLibrary">
<msg time="2024-04-18T18:02:35.991894" level="INFO">Clicking element 'id=btn_login_submit'.</msg>
<arg>${locator_btnlogin}</arg>
<doc>Click the element identified by ``locator``.</doc>
<status status="PASS" start="2024-04-18T18:02:35.990599" elapsed="1.066391"/>
</kw>
<kw name="Wait Until Page Contains" owner="SeleniumLibrary">
<arg>Dashboard</arg>
<doc>Waits until ``text`` appears on the current page.</doc>
<status status="PASS" start="2024-04-18T18:02:37.057162" elapsed="0.512020"/>
</kw>
<status status="PASS" start="2024-04-18T18:02:32.720721" elapsed="4.848998"/>
</kw>
<kw name="Check Roles Page" owner="roles_key">
<kw name="Click Element" owner="SeleniumLibrary">
<msg time="2024-04-18T18:02:37.571634" level="INFO">Clicking element 'xpath=//*[@id="root"]/div/aside/div/ul/li[11]/div'.</msg>
<arg>${locator_manu_user}</arg>
<doc>Click the element identified by ``locator``.</doc>
<status status="PASS" start="2024-04-18T18:02:37.571271" elapsed="1.064169"/>
</kw>
<kw name="Wait Until Element Is Visible" owner="SeleniumLibrary">
<arg>${locator_manu_roles}</arg>
<doc>Waits until the element ``locator`` is visible.</doc>
<status status="PASS" start="2024-04-18T18:02:38.635889" elapsed="1.034051"/>
</kw>
<kw name="Sleep" owner="BuiltIn">
<msg time="2024-04-18T18:02:40.673010" level="INFO">Slept 1 second.</msg>
<arg>1s</arg>
<doc>Pauses the test executed for the given time.</doc>
<status status="PASS" start="2024-04-18T18:02:39.670561" elapsed="1.002873"/>
</kw>
<kw name="Click Element" owner="SeleniumLibrary">
<msg time="2024-04-18T18:02:40.674517" level="INFO">Clicking element 'id=user_roles'.</msg>
<arg>${locator_manu_roles}</arg>
<doc>Click the element identified by ``locator``.</doc>
<status status="PASS" start="2024-04-18T18:02:40.673831" elapsed="1.102711"/>
</kw>
<kw name="Wait Until Page Contains" owner="SeleniumLibrary">
<arg>Roles</arg>
<doc>Waits until ``text`` appears on the current page.</doc>
<status status="PASS" start="2024-04-18T18:02:41.776721" elapsed="0.513674"/>
</kw>
<kw name="Sleep" owner="BuiltIn">
<msg time="2024-04-18T18:02:44.291276" level="INFO">Slept 2 seconds.</msg>
<arg>2s</arg>
<doc>Pauses the test executed for the given time.</doc>
<status status="PASS" start="2024-04-18T18:02:42.290597" elapsed="2.001443"/>
</kw>
<kw name="Wait Until Page Contains Element" owner="SeleniumLibrary">
<arg>${locator_btn_Create}</arg>
<doc>Waits until the element ``locator`` appears on the current page.</doc>
<status status="PASS" start="2024-04-18T18:02:44.292584" elapsed="0.517880"/>
</kw>
<kw name="Wait Until Page Contains Element" owner="SeleniumLibrary">
<arg>${locator_search}</arg>
<doc>Waits until the element ``locator`` appears on the current page.</doc>
<status status="PASS" start="2024-04-18T18:02:44.810870" elapsed="0.516464"/>
</kw>
<kw name="Wait Until Page Contains Element" owner="SeleniumLibrary">
<arg>${locator_filter}</arg>
<doc>Waits until the element ``locator`` appears on the current page.</doc>
<status status="PASS" start="2024-04-18T18:02:45.327902" elapsed="0.518716"/>
</kw>
<kw name="Wait Until Page Contains Element" owner="SeleniumLibrary">
<arg>${locator_table_roles}</arg>
<doc>Waits until the element ``locator`` appears on the current page.</doc>
<status status="PASS" start="2024-04-18T18:02:45.847188" elapsed="0.517000"/>
</kw>
<kw name="Wait Until Page Contains Element" owner="SeleniumLibrary">
<arg>${locator_pagination_count}</arg>
<doc>Waits until the element ``locator`` appears on the current page.</doc>
<status status="PASS" start="2024-04-18T18:02:46.364780" elapsed="0.515532"/>
</kw>
<kw name="Wait Until Page Contains Element" owner="SeleniumLibrary">
<arg>${locator_pagination_list_&lt;}</arg>
<doc>Waits until the element ``locator`` appears on the current page.</doc>
<status status="PASS" start="2024-04-18T18:02:46.881002" elapsed="0.514684"/>
</kw>
<kw name="Wait Until Page Contains Element" owner="SeleniumLibrary">
<arg>${locator_pagination_list_Num}</arg>
<doc>Waits until the element ``locator`` appears on the current page.</doc>
<status status="PASS" start="2024-04-18T18:02:47.396376" elapsed="0.513426"/>
</kw>
<kw name="Wait Until Page Contains Element" owner="SeleniumLibrary">
<arg>${locator_pagination_list_&gt;}</arg>
<doc>Waits until the element ``locator`` appears on the current page.</doc>
<status status="PASS" start="2024-04-18T18:02:47.910369" elapsed="0.515961"/>
</kw>
<status status="PASS" start="2024-04-18T18:02:37.570589" elapsed="10.855983"/>
</kw>
<kw name="View Roles" owner="roles_key">
<kw name="Click Element" owner="SeleniumLibrary">
<msg time="2024-04-18T18:02:48.427924" level="INFO">Clicking element 'xpath=//*[@id="root"]/div/div/main/div/div[3]/div/div/div/div/div/div/div/table/tbody/tr[7]/td[5]/a'.</msg>
<arg>${locator_icon_action}</arg>
<doc>Click the element identified by ``locator``.</doc>
<status status="PASS" start="2024-04-18T18:02:48.427550" elapsed="1.049682"/>
</kw>
<kw name="Wait Until Page Contains" owner="SeleniumLibrary">
<arg>View</arg>
<doc>Waits until ``text`` appears on the current page.</doc>
<status status="PASS" start="2024-04-18T18:02:49.477414" elapsed="0.511101"/>
</kw>
<kw name="Sleep" owner="BuiltIn">
<msg time="2024-04-18T18:02:50.491663" level="INFO">Slept 500 milliseconds.</msg>
<arg>0.5s</arg>
<doc>Pauses the test executed for the given time.</doc>
<status status="PASS" start="2024-04-18T18:02:49.989136" elapsed="0.503262"/>
</kw>
<kw name="Click Element" owner="SeleniumLibrary">
<msg time="2024-04-18T18:02:50.493226" level="INFO">Clicking element 'xpath=/html/body/div[4]/div/ul/li[1]'.</msg>
<arg>${locator_btn_view}</arg>
<doc>Click the element identified by ``locator``.</doc>
<status status="PASS" start="2024-04-18T18:02:50.492793" elapsed="1.208589"/>
</kw>
<kw name="Wait Until Page Contains" owner="SeleniumLibrary">
<arg>View Roles</arg>
<doc>Waits until ``text`` appears on the current page.</doc>
<status status="PASS" start="2024-04-18T18:02:51.701695" elapsed="0.520042"/>
</kw>
<kw name="Sleep" owner="BuiltIn">
<msg time="2024-04-18T18:02:53.223406" level="INFO">Slept 1 second.</msg>
<arg>1s</arg>
<doc>Pauses the test executed for the given time.</doc>
<status status="PASS" start="2024-04-18T18:02:52.222216" elapsed="1.001716"/>
</kw>
<kw name="Click Element" owner="SeleniumLibrary">
<msg time="2024-04-18T18:02:53.225178" level="INFO">Clicking element 'xpath=//*[@id="root"]/div/div/main/div/div/div[1]/div[2]/div/div[1]/button'.</msg>
<arg>${locator_view_roles_btn_cancel}</arg>
<doc>Click the element identified by ``locator``.</doc>
<status status="PASS" start="2024-04-18T18:02:53.224531" elapsed="1.116738"/>
</kw>
<kw name="Wait Until Page Contains" owner="SeleniumLibrary">
<arg>Roles</arg>
<doc>Waits until ``text`` appears on the current page.</doc>
<status status="PASS" start="2024-04-18T18:02:54.341601" elapsed="0.514275"/>
</kw>
<kw name="Click Element" owner="SeleniumLibrary">
<msg time="2024-04-18T18:02:54.856658" level="INFO">Clicking element 'xpath=//*[@id="root"]/div/div/main/div/div[3]/div/div/div/div/div/div/div/table/tbody/tr[7]/td[5]/a'.</msg>
<arg>${locator_icon_action}</arg>
<doc>Click the element identified by ``locator``.</doc>
<status status="PASS" start="2024-04-18T18:02:54.856156" elapsed="1.044621"/>
</kw>
<kw name="Wait Until Page Contains" owner="SeleniumLibrary">
<arg>View</arg>
<doc>Waits until ``text`` appears on the current page.</doc>
<status status="PASS" start="2024-04-18T18:02:55.901405" elapsed="0.515305"/>
</kw>
<kw name="Sleep" owner="BuiltIn">
<msg time="2024-04-18T18:02:56.920058" level="INFO">Slept 500 milliseconds.</msg>
<arg>0.5s</arg>
<doc>Pauses the test executed for the given time.</doc>
<status status="PASS" start="2024-04-18T18:02:56.417525" elapsed="0.503077"/>
</kw>
<kw name="Click Element" owner="SeleniumLibrary">
<msg time="2024-04-18T18:02:56.921941" level="INFO">Clicking element 'xpath=/html/body/div[4]/div/ul/li[1]'.</msg>
<arg>${locator_btn_view}</arg>
<doc>Click the element identified by ``locator``.</doc>
<status status="PASS" start="2024-04-18T18:02:56.921136" elapsed="1.207325"/>
</kw>
<kw name="Wait Until Page Contains" owner="SeleniumLibrary">
<arg>View Roles</arg>
<doc>Waits until ``text`` appears on the current page.</doc>
<status status="PASS" start="2024-04-18T18:02:58.129042" elapsed="0.519194"/>
</kw>
<kw name="Sleep" owner="BuiltIn">
<msg time="2024-04-18T18:02:59.651232" level="INFO">Slept 1 second.</msg>
<arg>1s</arg>
<doc>Pauses the test executed for the given time.</doc>
<status status="PASS" start="2024-04-18T18:02:58.648593" elapsed="1.002953"/>
</kw>
<status status="PASS" start="2024-04-18T18:02:48.427011" elapsed="11.224743"/>
</kw>
<kw name="Close Browser" owner="SeleniumLibrary" type="TEARDOWN">
<doc>Closes the current browser.</doc>
<status status="PASS" start="2024-04-18T18:02:59.652503" elapsed="0.581271"/>
</kw>
<status status="PASS" start="2024-04-18T18:02:30.362595" elapsed="29.871496"/>
</test>
<kw name="Close All Browsers" owner="SeleniumLibrary" type="TEARDOWN">
<doc>Closes all open browsers and resets the browser cache.</doc>
<status status="PASS" start="2024-04-18T18:03:00.235129" elapsed="0.000369"/>
</kw>
<status status="PASS" start="2024-04-18T18:02:30.310310" elapsed="29.925290"/>
</suite>
<status status="PASS" start="2024-04-18T18:02:30.309840" elapsed="29.927075"/>
</suite>
<status status="PASS" start="2024-04-18T18:02:30.309450" elapsed="29.928752"/>
</suite>
<status status="PASS" start="2024-04-18T18:02:30.308914" elapsed="29.930078"/>
</suite>
<status status="PASS" start="2024-04-18T18:02:30.308422" elapsed="29.931619"/>
</suite>
<status status="PASS" start="2024-04-18T18:02:30.307784" elapsed="29.932914"/>
</suite>
<status status="PASS" start="2024-04-18T18:02:30.299764" elapsed="29.941787"/>
</suite>
<statistics>
<total>
<stat pass="1" fail="0" skip="0">All Tests</stat>
</total>
<tag>
</tag>
<suite>
<stat pass="1" fail="0" skip="0" id="s1" name="Automate HUi">Automate HUi</stat>
<stat pass="1" fail="0" skip="0" id="s1-s1" name="Document">Automate HUi.Document</stat>
<stat pass="1" fail="0" skip="0" id="s1-s1-s1" name="Auto Tester">Automate HUi.Document.Auto Tester</stat>
<stat pass="1" fail="0" skip="0" id="s1-s1-s1-s1" name="TourMaster">Automate HUi.Document.Auto Tester.TourMaster</stat>
<stat pass="1" fail="0" skip="0" id="s1-s1-s1-s1-s1" name="User">Automate HUi.Document.Auto Tester.TourMaster.User</stat>
<stat pass="1" fail="0" skip="0" id="s1-s1-s1-s1-s1-s1" name="Roles">Automate HUi.Document.Auto Tester.TourMaster.User.Roles</stat>
<stat pass="1" fail="0" skip="0" id="s1-s1-s1-s1-s1-s1-s1" name="Roles">Automate HUi.Document.Auto Tester.TourMaster.User.Roles.Roles</stat>
</suite>
</statistics>
<errors>
</errors>
</robot>
