<?xml version="1.0" encoding="UTF-8"?>
<robot generator="Robot 7.0 (Python 3.12.2 on darwin)" generated="2024-04-30T15:20:24.611438" rpa="false" schemaversion="5">
<suite id="s1" name="Automate HUi" source="/Users/tester/Desktop/Automate HUi">
<suite id="s1-s1" name="Document" source="/Users/tester/Desktop/Automate HUi/Document">
<suite id="s1-s1-s1" name="Auto Tester" source="/Users/tester/Desktop/Automate HUi/Document/Auto Tester">
<suite id="s1-s1-s1-s1" name="TourMaster" source="/Users/tester/Desktop/Automate HUi/Document/Auto Tester/TourMaster">
<suite id="s1-s1-s1-s1-s1" name="Program" source="/Users/tester/Desktop/Automate HUi/Document/Auto Tester/TourMaster/Program">
<suite id="s1-s1-s1-s1-s1-s1" name="Unit" source="/Users/tester/Desktop/Automate HUi/Document/Auto Tester/TourMaster/Program/Unit">
<suite id="s1-s1-s1-s1-s1-s1-s1" name="Unit" source="/Users/tester/Desktop/Automate HUi/Document/Auto Tester/TourMaster/Program/Unit/Unit.robot">
<kw name="Set Selenium Speed" owner="SeleniumLibrary" type="SETUP">
<arg>0.5s</arg>
<doc>Sets the delay that is waited after each Selenium command.</doc>
<status status="PASS" start="2024-04-30T15:20:24.714973" elapsed="0.000230"/>
</kw>
<test id="s1-s1-s1-s1-s1-s1-s1-t1" name="TC01-Check Unit Page" line="10">
<kw name="Open Browser Web" owner="Unit_key" type="SETUP">
<kw name="Open Browser" owner="SeleniumLibrary">
<msg time="2024-04-30T15:20:24.715985" level="INFO">Opening browser 'chrome' to base url 'https://dev-tm.techmaster.in.th/login'.</msg>
<arg>${url}</arg>
<arg>${browser}</arg>
<doc>Opens a new browser instance to the optional ``url``.</doc>
<status status="PASS" start="2024-04-30T15:20:24.715840" elapsed="3.175324"/>
</kw>
<kw name="Maximize Browser Window" owner="SeleniumLibrary">
<doc>Maximizes current browser window.</doc>
<status status="PASS" start="2024-04-30T15:20:27.892062" elapsed="0.889281"/>
</kw>
<kw name="Set Selenium Speed" owner="SeleniumLibrary">
<arg>0.5s</arg>
<doc>Sets the delay that is waited after each Selenium command.</doc>
<status status="PASS" start="2024-04-30T15:20:28.781866" elapsed="0.000657"/>
</kw>
<status status="PASS" start="2024-04-30T15:20:24.715666" elapsed="4.067081"/>
</kw>
<kw name="Input Data for Login Pass" owner="Unit_key">
<kw name="Input Text" owner="SeleniumLibrary">
<msg time="2024-04-30T15:20:28.784406" level="INFO">Typing text 'superadmin' into text field 'name=username'.</msg>
<arg>${locator_username}</arg>
<arg>superadmin</arg>
<doc>Types the given ``text`` into the text field identified by ``locator``.</doc>
<status status="PASS" start="2024-04-30T15:20:28.783775" elapsed="1.674131"/>
</kw>
<kw name="Input Text" owner="SeleniumLibrary">
<msg time="2024-04-30T15:20:30.458981" level="INFO">Typing text 'P@ssw0rd' into text field 'name=password'.</msg>
<arg>${locator_password}</arg>
<arg>P@ssw0rd</arg>
<doc>Types the given ``text`` into the text field identified by ``locator``.</doc>
<status status="PASS" start="2024-04-30T15:20:30.458442" elapsed="1.585360"/>
</kw>
<kw name="Click Element" owner="SeleniumLibrary">
<msg time="2024-04-30T15:20:32.046535" level="INFO">Clicking element 'id=btn_login_submit'.</msg>
<arg>${locator_btnlogin}</arg>
<doc>Click the element identified by ``locator``.</doc>
<status status="PASS" start="2024-04-30T15:20:32.044418" elapsed="1.061671"/>
</kw>
<kw name="Wait Until Page Contains" owner="SeleniumLibrary">
<arg>Dashboard</arg>
<doc>Waits until ``text`` appears on the current page.</doc>
<status status="PASS" start="2024-04-30T15:20:33.106311" elapsed="0.532871"/>
</kw>
<status status="PASS" start="2024-04-30T15:20:28.783234" elapsed="4.856316"/>
</kw>
<kw name="Check Unit Page" owner="Unit_key">
<kw name="Click Element" owner="SeleniumLibrary">
<msg time="2024-04-30T15:20:33.641329" level="INFO">Clicking element 'xpath=//*[@id="root"]/div/aside/div/ul/li[5]/ul/li[1]/div/span'.</msg>
<arg>${locator_menu_program}</arg>
<doc>Click the element identified by ``locator``.</doc>
<status status="PASS" start="2024-04-30T15:20:33.640900" elapsed="1.053283"/>
</kw>
<kw name="Sleep" owner="BuiltIn">
<msg time="2024-04-30T15:20:35.196372" level="INFO">Slept 500 milliseconds.</msg>
<arg>0.5s</arg>
<doc>Pauses the test executed for the given time.</doc>
<status status="PASS" start="2024-04-30T15:20:34.694710" elapsed="0.502288"/>
</kw>
<kw name="Click Element" owner="SeleniumLibrary">
<msg time="2024-04-30T15:20:35.197995" level="INFO">Clicking element 'id=program_unit'.</msg>
<arg>${locator_menu_unit}</arg>
<doc>Click the element identified by ``locator``.</doc>
<status status="PASS" start="2024-04-30T15:20:35.197378" elapsed="1.187886"/>
</kw>
<kw name="Wait Until Element Is Visible" owner="SeleniumLibrary">
<arg>${locator_program_unit_navigator}</arg>
<doc>Waits until the element ``locator`` is visible.</doc>
<status status="PASS" start="2024-04-30T15:20:36.385524" elapsed="1.030602"/>
</kw>
<kw name="Wait Until Element Is Visible" owner="SeleniumLibrary">
<arg>${locator_program_unit_create}</arg>
<doc>Waits until the element ``locator`` is visible.</doc>
<status status="PASS" start="2024-04-30T15:20:37.416423" elapsed="1.032233"/>
</kw>
<kw name="Wait Until Element Is Visible" owner="SeleniumLibrary">
<arg>${locator_program_unit_export}</arg>
<doc>Waits until the element ``locator`` is visible.</doc>
<status status="PASS" start="2024-04-30T15:20:38.449049" elapsed="1.026325"/>
</kw>
<kw name="Wait Until Element Is Visible" owner="SeleniumLibrary">
<arg>${locator_unit_search}</arg>
<doc>Waits until the element ``locator`` is visible.</doc>
<status status="PASS" start="2024-04-30T15:20:39.475677" elapsed="1.031650"/>
</kw>
<kw name="Wait Until Element Is Visible" owner="SeleniumLibrary">
<arg>${locator_program_unit_table}</arg>
<doc>Waits until the element ``locator`` is visible.</doc>
<status status="PASS" start="2024-04-30T15:20:40.507831" elapsed="1.033714"/>
</kw>
<kw name="Wait Until Element Is Visible" owner="SeleniumLibrary">
<arg>${locator_program_unit_navigator}</arg>
<doc>Waits until the element ``locator`` is visible.</doc>
<status status="PASS" start="2024-04-30T15:20:41.541914" elapsed="1.030175"/>
</kw>
<status status="PASS" start="2024-04-30T15:20:33.640121" elapsed="8.933691"/>
</kw>
<kw name="Close Browser" owner="SeleniumLibrary" type="TEARDOWN">
<doc>Closes the current browser.</doc>
<status status="PASS" start="2024-04-30T15:20:42.574927" elapsed="0.576705"/>
</kw>
<status status="PASS" start="2024-04-30T15:20:24.715302" elapsed="18.436553"/>
</test>
<kw name="Close All Browsers" owner="SeleniumLibrary" type="TEARDOWN">
<doc>Closes all open browsers and resets the browser cache.</doc>
<status status="PASS" start="2024-04-30T15:20:43.152640" elapsed="0.002016"/>
</kw>
<status status="PASS" start="2024-04-30T15:20:24.631956" elapsed="18.522804"/>
</suite>
<status status="PASS" start="2024-04-30T15:20:24.631057" elapsed="18.525018"/>
</suite>
<status status="PASS" start="2024-04-30T15:20:24.630429" elapsed="18.526323"/>
</suite>
<status status="PASS" start="2024-04-30T15:20:24.629052" elapsed="18.528506"/>
</suite>
<status status="PASS" start="2024-04-30T15:20:24.628520" elapsed="18.529765"/>
</suite>
<status status="PASS" start="2024-04-30T15:20:24.627480" elapsed="18.531182"/>
</suite>
<status status="PASS" start="2024-04-30T15:20:24.613580" elapsed="18.545438"/>
</suite>
<statistics>
<total>
<stat pass="1" fail="0" skip="0">All Tests</stat>
</total>
<tag>
</tag>
<suite>
<stat pass="1" fail="0" skip="0" id="s1" name="Automate HUi">Automate HUi</stat>
<stat pass="1" fail="0" skip="0" id="s1-s1" name="Document">Automate HUi.Document</stat>
<stat pass="1" fail="0" skip="0" id="s1-s1-s1" name="Auto Tester">Automate HUi.Document.Auto Tester</stat>
<stat pass="1" fail="0" skip="0" id="s1-s1-s1-s1" name="TourMaster">Automate HUi.Document.Auto Tester.TourMaster</stat>
<stat pass="1" fail="0" skip="0" id="s1-s1-s1-s1-s1" name="Program">Automate HUi.Document.Auto Tester.TourMaster.Program</stat>
<stat pass="1" fail="0" skip="0" id="s1-s1-s1-s1-s1-s1" name="Unit">Automate HUi.Document.Auto Tester.TourMaster.Program.Unit</stat>
<stat pass="1" fail="0" skip="0" id="s1-s1-s1-s1-s1-s1-s1" name="Unit">Automate HUi.Document.Auto Tester.TourMaster.Program.Unit.Unit</stat>
</suite>
</statistics>
<errors>
</errors>
</robot>
