<?xml version="1.0" encoding="UTF-8"?>
<robot generator="Robot 7.0 (Python 3.12.2 on darwin)" generated="2024-05-30T15:16:44.889475" rpa="false" schemaversion="5">
<suite id="s1" name="Automate HUi" source="/Users/tester/Desktop/Automate HUi">
<suite id="s1-s1" name="Document" source="/Users/tester/Desktop/Automate HUi/Document">
<suite id="s1-s1-s1" name="Auto Tester" source="/Users/tester/Desktop/Automate HUi/Document/Auto Tester">
<suite id="s1-s1-s1-s1" name="P'Beam" source="/Users/tester/Desktop/Automate HUi/Document/Auto Tester/P'Beam">
<suite id="s1-s1-s1-s1-s1" name="Homework3" source="/Users/tester/Desktop/Automate HUi/Document/Auto Tester/P'Beam/Homework3">
<suite id="s1-s1-s1-s1-s1-s1" name="Login&amp;Search" source="/Users/tester/Desktop/Automate HUi/Document/Auto Tester/P'Beam/Homework3/Login&amp;Search.robot">
<kw name="Set Selenium Speed" owner="SeleniumLibrary" type="SETUP">
<arg>0.4s</arg>
<doc>Sets the delay that is waited after each Selenium command.</doc>
<status status="PASS" start="2024-05-30T15:16:44.970030" elapsed="0.000177"/>
</kw>
<test id="s1-s1-s1-s1-s1-s1-t1" name="Tc02 - Check Search Page" line="31">
<kw name="Open Web Kru P'Beam &amp; Login" owner="Keyword" type="SETUP">
<kw name="Open Browser" owner="SeleniumLibrary">
<msg time="2024-05-30T15:16:44.971240" level="INFO">Opening browser 'chrome' to base url 'https://automate-test.stpb-digital.com/login/'.</msg>
<arg>${url}</arg>
<arg>${browser}</arg>
<doc>Opens a new browser instance to the optional ``url``.</doc>
<status status="PASS" start="2024-05-30T15:16:44.971093" elapsed="1.443153"/>
</kw>
<kw name="Wait Until Element Is Visible" owner="SeleniumLibrary">
<arg>${locator_Email}</arg>
<doc>Waits until the element ``locator`` is visible.</doc>
<status status="PASS" start="2024-05-30T15:16:46.414864" elapsed="0.832269"/>
</kw>
<kw name="Wait Until Element Is Visible" owner="SeleniumLibrary">
<arg>${locator_password}</arg>
<doc>Waits until the element ``locator`` is visible.</doc>
<status status="PASS" start="2024-05-30T15:16:47.247482" elapsed="0.840302"/>
</kw>
<kw name="Input Text" owner="SeleniumLibrary">
<msg time="2024-05-30T15:16:48.089720" level="INFO">Typing text 'user.test@krupbeam.com' into text field 'id=email'.</msg>
<arg>${locator_Email}</arg>
<arg>${email}</arg>
<doc>Types the given ``text`` into the text field identified by ``locator``.</doc>
<status status="PASS" start="2024-05-30T15:16:48.088627" elapsed="1.341169"/>
</kw>
<kw name="Input Text" owner="SeleniumLibrary">
<msg time="2024-05-30T15:16:49.431534" level="INFO">Typing text '123456789' into text field 'name=password'.</msg>
<arg>${locator_password}</arg>
<arg>${password}</arg>
<doc>Types the given ``text`` into the text field identified by ``locator``.</doc>
<status status="PASS" start="2024-05-30T15:16:49.430605" elapsed="1.283879"/>
</kw>
<kw name="Click Element" owner="SeleniumLibrary">
<msg time="2024-05-30T15:16:50.715781" level="INFO">Clicking element 'xpath=//*[@id="__next"]/div[1]/div/div/div[2]/div/div/form/div[2]/div/div/button'.</msg>
<arg>${locator_hidden_eye}</arg>
<doc>Click the element identified by ``locator``.</doc>
<status status="PASS" start="2024-05-30T15:16:50.715036" elapsed="0.856108"/>
</kw>
<kw name="Click Element" owner="SeleniumLibrary">
<msg time="2024-05-30T15:16:51.572580" level="INFO">Clicking element 'id=btn-login'.</msg>
<arg>${locator_btn_login}</arg>
<doc>Click the element identified by ``locator``.</doc>
<status status="PASS" start="2024-05-30T15:16:51.571771" elapsed="0.848239"/>
</kw>
<arg>user.test@krupbeam.com</arg>
<arg>123456789</arg>
<status status="PASS" start="2024-05-30T15:16:44.970894" elapsed="7.449351"/>
</kw>
<kw name="Check Search Clear &amp; Check Pagination" owner="Keyword">
<kw name="Click Element" owner="SeleniumLibrary">
<msg time="2024-05-30T15:16:52.421461" level="INFO">Clicking element 'id=select-role'.</msg>
<arg>${locator_search_select_role}</arg>
<doc>Click the element identified by ``locator``.</doc>
<status status="PASS" start="2024-05-30T15:16:52.421193" elapsed="0.837126"/>
</kw>
<kw name="Wait Until Element Is Visible" owner="SeleniumLibrary">
<arg>${locator_search_role_author}</arg>
<doc>Waits until the element ``locator`` is visible.</doc>
<status status="PASS" start="2024-05-30T15:16:53.258668" elapsed="0.830902"/>
</kw>
<kw name="Click Element" owner="SeleniumLibrary">
<msg time="2024-05-30T15:16:54.091056" level="INFO">Clicking element 'xpath=//*[@id="option-select-role-2"]'.</msg>
<arg>${locator_search_role_author}</arg>
<doc>Click the element identified by ``locator``.</doc>
<status status="PASS" start="2024-05-30T15:16:54.090123" elapsed="0.865992"/>
</kw>
<kw name="Click Element" owner="SeleniumLibrary">
<msg time="2024-05-30T15:16:54.956586" level="INFO">Clicking element 'id=select-plan'.</msg>
<arg>${locator_search_select_plan}</arg>
<doc>Click the element identified by ``locator``.</doc>
<status status="PASS" start="2024-05-30T15:16:54.956308" elapsed="0.836121"/>
</kw>
<kw name="Wait Until Element Is Visible" owner="SeleniumLibrary">
<arg>${locator_search_plan_company}</arg>
<doc>Waits until the element ``locator`` is visible.</doc>
<status status="PASS" start="2024-05-30T15:16:55.792781" elapsed="0.823701"/>
</kw>
<kw name="Click Element" owner="SeleniumLibrary">
<msg time="2024-05-30T15:16:56.617958" level="INFO">Clicking element 'xpath=//*[@id="option-select-plan-2"]'.</msg>
<arg>${locator_search_plan_company}</arg>
<doc>Click the element identified by ``locator``.</doc>
<status status="PASS" start="2024-05-30T15:16:56.617117" elapsed="0.865787"/>
</kw>
<kw name="Click Element" owner="SeleniumLibrary">
<msg time="2024-05-30T15:16:57.483706" level="INFO">Clicking element 'id=btn-clear'.</msg>
<arg>${locator_search_btn_clear}</arg>
<doc>Click the element identified by ``locator``.</doc>
<status status="PASS" start="2024-05-30T15:16:57.483240" elapsed="0.880287"/>
</kw>
<kw name="Click Element" owner="SeleniumLibrary">
<msg time="2024-05-30T15:16:58.364314" level="INFO">Clicking element 'id=btn-search'.</msg>
<arg>${locator_search_btn_search}</arg>
<doc>Click the element identified by ``locator``.</doc>
<status status="PASS" start="2024-05-30T15:16:58.363865" elapsed="0.882033"/>
</kw>
<kw name="Wait Until Element Is Visible" owner="SeleniumLibrary">
<arg>${locator_table_all}</arg>
<doc>Waits until the element ``locator`` is visible.</doc>
<status status="PASS" start="2024-05-30T15:16:59.246193" elapsed="0.839094"/>
</kw>
<kw name="Execute Javascript" owner="SeleniumLibrary">
<msg time="2024-05-30T15:17:00.087519" level="INFO">Executing JavaScript:
window.scrollTo(0, document.body.scrollHeight)
Without any arguments.</msg>
<arg>window.scrollTo(0, document.body.scrollHeight)</arg>
<doc>Executes the given JavaScript code with possible arguments.</doc>
<status status="PASS" start="2024-05-30T15:17:00.086230" elapsed="0.424112"/>
</kw>
<kw name="Wait Until Element Is Visible" owner="SeleniumLibrary">
<arg>${locator_pagination_count}</arg>
<doc>Waits until the element ``locator`` is visible.</doc>
<status status="PASS" start="2024-05-30T15:17:00.510876" elapsed="0.839852"/>
</kw>
<kw name="Click Element" owner="SeleniumLibrary">
<msg time="2024-05-30T15:17:01.352801" level="INFO">Clicking element 'xpath=//*[@id="__next"]/div[1]/div[2]/main/div/div[2]/div/div[2]/div[3]/div/div[2]/div/div[2]'.</msg>
<arg>${locator_pagination_count}</arg>
<doc>Click the element identified by ``locator``.</doc>
<status status="PASS" start="2024-05-30T15:17:01.351628" elapsed="0.863988"/>
</kw>
<kw name="Click Element" owner="SeleniumLibrary">
<msg time="2024-05-30T15:17:02.217976" level="INFO">Clicking element 'xpath=//*[@id="menu-"]/div[3]/ul/li[3]'.</msg>
<arg>${locator_pagination_50}</arg>
<doc>Click the element identified by ``locator``.</doc>
<status status="PASS" start="2024-05-30T15:17:02.216521" elapsed="0.896188"/>
</kw>
<kw name="Execute Javascript" owner="SeleniumLibrary">
<msg time="2024-05-30T15:17:03.114464" level="INFO">Executing JavaScript:
window.scrollTo(0, document.body.scrollHeight)
Without any arguments.</msg>
<arg>window.scrollTo(0, document.body.scrollHeight)</arg>
<doc>Executes the given JavaScript code with possible arguments.</doc>
<status status="PASS" start="2024-05-30T15:17:03.113357" elapsed="0.415274"/>
</kw>
<kw name="Wait Until Element Is Visible" owner="SeleniumLibrary">
<arg>${locator_pagination_page50}</arg>
<doc>Waits until the element ``locator`` is visible.</doc>
<status status="PASS" start="2024-05-30T15:17:03.531166" elapsed="0.838911"/>
</kw>
<kw name="Click Element" owner="SeleniumLibrary">
<msg time="2024-05-30T15:17:04.371530" level="INFO">Clicking element 'xpath=//*[@id="__next"]/div[1]/div[2]/main/div/div[2]/div/div[2]/div[3]/div/div[2]/div/div[3]/button[2]'.</msg>
<arg>${locator_pagination_&gt;}</arg>
<doc>Click the element identified by ``locator``.</doc>
<status status="PASS" start="2024-05-30T15:17:04.370709" elapsed="0.878491"/>
</kw>
<kw name="Wait Until Element Is Enabled" owner="SeleniumLibrary">
<arg>${locator_pagination_&lt;}</arg>
<doc>Waits until the element ``locator`` is enabled.</doc>
<status status="PASS" start="2024-05-30T15:17:05.249819" elapsed="1.248391"/>
</kw>
<kw name="Click Element" owner="SeleniumLibrary">
<msg time="2024-05-30T15:17:06.499900" level="INFO">Clicking element 'xpath=//*[@id="__next"]/div[1]/div[2]/main/div/div[2]/div/div[2]/div[3]/div/div[2]/div/div[3]/button[1]'.</msg>
<arg>${locator_pagination_&lt;}</arg>
<doc>Click the element identified by ``locator``.</doc>
<status status="PASS" start="2024-05-30T15:17:06.499014" elapsed="0.901954"/>
</kw>
<status status="PASS" start="2024-05-30T15:16:52.420760" elapsed="14.981078"/>
</kw>
<kw name="Notification &amp; Profile" owner="Keyword">
<kw name="Click Element" owner="SeleniumLibrary">
<msg time="2024-05-30T15:17:07.404375" level="INFO">Clicking element 'xpath=//*[@id="__next"]/div[1]/div[2]/header/div/div/div[2]/button'.</msg>
<arg>${locator_noti}</arg>
<doc>Click the element identified by ``locator``.</doc>
<status status="PASS" start="2024-05-30T15:17:07.403942" elapsed="0.889509"/>
</kw>
<kw name="Wait Until Element Is Visible" owner="SeleniumLibrary">
<arg>${locator_noti_read_all}</arg>
<doc>Waits until the element ``locator`` is visible.</doc>
<status status="PASS" start="2024-05-30T15:17:08.294102" elapsed="0.835737"/>
</kw>
<kw name="Reload Page" owner="SeleniumLibrary">
<doc>Simulates user reloading page.</doc>
<status status="PASS" start="2024-05-30T15:17:09.130750" elapsed="0.606255"/>
</kw>
<kw name="Click Element" owner="SeleniumLibrary">
<msg time="2024-05-30T15:17:09.739182" level="INFO">Clicking element 'xpath=//*[@id="__next"]/div[1]/div[2]/header/div/div/div[2]/span/div'.</msg>
<arg>${locator_profile}</arg>
<doc>Click the element identified by ``locator``.</doc>
<status status="PASS" start="2024-05-30T15:17:09.737917" elapsed="0.860364"/>
</kw>
<kw name="Wait Until Element Is Visible" owner="SeleniumLibrary">
<msg time="2024-05-30T15:17:16.637627" level="INFO" html="true">&lt;/td&gt;&lt;/tr&gt;&lt;tr&gt;&lt;td colspan="3"&gt;&lt;a href="selenium-screenshot-28.png"&gt;&lt;img src="selenium-screenshot-28.png" width="800px"&gt;&lt;/a&gt;</msg>
<msg time="2024-05-30T15:17:16.638399" level="FAIL">Element 'xpath=/html/body/div[3]/div[3]/ul/li/svg' not visible after 5 seconds.</msg>
<arg>${locator_profile_logout}</arg>
<doc>Waits until the element ``locator`` is visible.</doc>
<status status="FAIL" start="2024-05-30T15:17:10.599296" elapsed="6.044860">Element 'xpath=/html/body/div[3]/div[3]/ul/li/svg' not visible after 5 seconds.</status>
</kw>
<kw name="Sleep" owner="BuiltIn">
<arg>1s</arg>
<doc>Pauses the test executed for the given time.</doc>
<status status="NOT RUN" start="2024-05-30T15:17:16.644805" elapsed="0.000327"/>
</kw>
<kw name="Click Element" owner="SeleniumLibrary">
<arg>${locator_profile_logout}</arg>
<doc>Click the element identified by ``locator``.</doc>
<status status="NOT RUN" start="2024-05-30T15:17:16.645393" elapsed="0.000251"/>
</kw>
<kw name="Wait Until Element Is Visible" owner="SeleniumLibrary">
<arg>${locator_Email}</arg>
<doc>Waits until the element ``locator`` is visible.</doc>
<status status="NOT RUN" start="2024-05-30T15:17:16.645861" elapsed="0.000113"/>
</kw>
<kw name="Wait Until Element Is Visible" owner="SeleniumLibrary">
<arg>${locator_password}</arg>
<doc>Waits until the element ``locator`` is visible.</doc>
<status status="NOT RUN" start="2024-05-30T15:17:16.646132" elapsed="0.000108"/>
</kw>
<status status="FAIL" start="2024-05-30T15:17:07.403025" elapsed="9.243480">Element 'xpath=/html/body/div[3]/div[3]/ul/li/svg' not visible after 5 seconds.</status>
</kw>
<kw name="Close Browser" owner="SeleniumLibrary" type="TEARDOWN">
<doc>Closes the current browser.</doc>
<status status="PASS" start="2024-05-30T15:17:16.647124" elapsed="0.473102"/>
</kw>
<doc>ทดสอบปุ่ม Clear และตรวจสอบหน้าต่างของ Search Page</doc>
<status status="FAIL" start="2024-05-30T15:16:44.970298" elapsed="32.150460">Element 'xpath=/html/body/div[3]/div[3]/ul/li/svg' not visible after 5 seconds.</status>
</test>
<kw name="Close All Browsers" owner="SeleniumLibrary" type="TEARDOWN">
<doc>Closes all open browsers and resets the browser cache.</doc>
<status status="PASS" start="2024-05-30T15:17:17.125105" elapsed="0.000629"/>
</kw>
<status status="FAIL" start="2024-05-30T15:16:44.914643" elapsed="32.211307"/>
</suite>
<status status="FAIL" start="2024-05-30T15:16:44.913974" elapsed="32.215213"/>
</suite>
<status status="FAIL" start="2024-05-30T15:16:44.912881" elapsed="32.217323"/>
</suite>
<status status="FAIL" start="2024-05-30T15:16:44.911488" elapsed="32.219665"/>
</suite>
<status status="FAIL" start="2024-05-30T15:16:44.910060" elapsed="32.221797"/>
</suite>
<status status="FAIL" start="2024-05-30T15:16:44.901033" elapsed="32.231727"/>
</suite>
<statistics>
<total>
<stat pass="0" fail="1" skip="0">All Tests</stat>
</total>
<tag>
</tag>
<suite>
<stat pass="0" fail="1" skip="0" id="s1" name="Automate HUi">Automate HUi</stat>
<stat pass="0" fail="1" skip="0" id="s1-s1" name="Document">Automate HUi.Document</stat>
<stat pass="0" fail="1" skip="0" id="s1-s1-s1" name="Auto Tester">Automate HUi.Document.Auto Tester</stat>
<stat pass="0" fail="1" skip="0" id="s1-s1-s1-s1" name="P'Beam">Automate HUi.Document.Auto Tester.P'Beam</stat>
<stat pass="0" fail="1" skip="0" id="s1-s1-s1-s1-s1" name="Homework3">Automate HUi.Document.Auto Tester.P'Beam.Homework3</stat>
<stat pass="0" fail="1" skip="0" id="s1-s1-s1-s1-s1-s1" name="Login&amp;Search">Automate HUi.Document.Auto Tester.P'Beam.Homework3.Login&amp;Search</stat>
</suite>
</statistics>
<errors>
</errors>
</robot>
