<?xml version="1.0" encoding="UTF-8"?>
<robot generator="Robot 7.0 (Python 3.12.2 on darwin)" generated="2024-05-29T13:33:56.536255" rpa="false" schemaversion="5">
<suite id="s1" name="Automate HUi" source="/Users/tester/Desktop/Automate HUi">
<suite id="s1-s1" name="Document" source="/Users/tester/Desktop/Automate HUi/Document">
<suite id="s1-s1-s1" name="Auto Tester" source="/Users/tester/Desktop/Automate HUi/Document/Auto Tester">
<suite id="s1-s1-s1-s1" name="P'Beam" source="/Users/tester/Desktop/Automate HUi/Document/Auto Tester/P'Beam">
<suite id="s1-s1-s1-s1-s1" name="Homework3" source="/Users/tester/Desktop/Automate HUi/Document/Auto Tester/P'Beam/Homework3">
<suite id="s1-s1-s1-s1-s1-s1" name="Login&amp;Search" source="/Users/tester/Desktop/Automate HUi/Document/Auto Tester/P'Beam/Homework3/Login&amp;Search.robot">
<kw name="Set Selenium Speed" owner="SeleniumLibrary" type="SETUP">
<arg>0.4s</arg>
<doc>Sets the delay that is waited after each Selenium command.</doc>
<status status="PASS" start="2024-05-29T13:33:56.625917" elapsed="0.000190"/>
</kw>
<test id="s1-s1-s1-s1-s1-s1-t1" name="Tc04 - Add User Fail" line="37">
<kw name="Open Web Kru P'Beam &amp; Login &amp; add user" owner="Keyword" type="SETUP">
<kw name="Open Browser" owner="SeleniumLibrary">
<msg time="2024-05-29T13:33:56.626897" level="INFO">Opening browser 'chrome' to base url 'https://automate-test.stpb-digital.com/login/'.</msg>
<arg>${url}</arg>
<arg>${browser}</arg>
<doc>Opens a new browser instance to the optional ``url``.</doc>
<status status="PASS" start="2024-05-29T13:33:56.626758" elapsed="1.676948"/>
</kw>
<kw name="Wait Until Element Is Visible" owner="SeleniumLibrary">
<arg>${locator_Email}</arg>
<doc>Waits until the element ``locator`` is visible.</doc>
<status status="PASS" start="2024-05-29T13:33:58.304602" elapsed="0.841059"/>
</kw>
<kw name="Wait Until Element Is Visible" owner="SeleniumLibrary">
<arg>${locator_password}</arg>
<doc>Waits until the element ``locator`` is visible.</doc>
<status status="PASS" start="2024-05-29T13:33:59.146316" elapsed="0.832077"/>
</kw>
<kw name="Input Text" owner="SeleniumLibrary">
<msg time="2024-05-29T13:33:59.979686" level="INFO">Typing text 'user.test@krupbeam.com' into text field 'id=email'.</msg>
<arg>${locator_Email}</arg>
<arg>${email}</arg>
<doc>Types the given ``text`` into the text field identified by ``locator``.</doc>
<status status="PASS" start="2024-05-29T13:33:59.978943" elapsed="1.382656"/>
</kw>
<kw name="Input Text" owner="SeleniumLibrary">
<msg time="2024-05-29T13:34:01.362742" level="INFO">Typing text '123456789' into text field 'name=password'.</msg>
<arg>${locator_password}</arg>
<arg>${password}</arg>
<doc>Types the given ``text`` into the text field identified by ``locator``.</doc>
<status status="PASS" start="2024-05-29T13:34:01.362175" elapsed="1.275788"/>
</kw>
<kw name="Click Element" owner="SeleniumLibrary">
<msg time="2024-05-29T13:34:02.639188" level="INFO">Clicking element 'xpath=//*[@id="__next"]/div[1]/div/div/div[2]/div/div/form/div[2]/div/div/button'.</msg>
<arg>${locator_hidden_eye}</arg>
<doc>Click the element identified by ``locator``.</doc>
<status status="PASS" start="2024-05-29T13:34:02.638562" elapsed="0.862443"/>
</kw>
<kw name="Click Element" owner="SeleniumLibrary">
<msg time="2024-05-29T13:34:03.502348" level="INFO">Clicking element 'id=btn-login'.</msg>
<arg>${locator_btn_login}</arg>
<doc>Click the element identified by ``locator``.</doc>
<status status="PASS" start="2024-05-29T13:34:03.501615" elapsed="0.876115"/>
</kw>
<kw name="Wait Until Element Is Visible" owner="SeleniumLibrary">
<arg>${locator_btn_add_user}</arg>
<doc>Waits until the element ``locator`` is visible.</doc>
<status status="PASS" start="2024-05-29T13:34:04.377950" elapsed="0.824867"/>
</kw>
<kw name="Click Element" owner="SeleniumLibrary">
<msg time="2024-05-29T13:34:05.203833" level="INFO">Clicking element 'xpath=//*[@id="__next"]/div[1]/div[2]/main/div/div[2]/div/div[1]/div/a'.</msg>
<arg>${locator_btn_add_user}</arg>
<doc>Click the element identified by ``locator``.</doc>
<status status="PASS" start="2024-05-29T13:34:05.203249" elapsed="0.865689"/>
</kw>
<arg>user.test@krupbeam.com</arg>
<arg>123456789</arg>
<status status="PASS" start="2024-05-29T13:33:56.626561" elapsed="9.442771"/>
</kw>
<kw name="Add User fail" owner="Keyword">
<kw name="Wait Until Element Is Visible" owner="SeleniumLibrary">
<arg>${locator_add_user_firstname}</arg>
<doc>Waits until the element ``locator`` is visible.</doc>
<status status="PASS" start="2024-05-29T13:34:06.073168" elapsed="0.834141"/>
</kw>
<kw name="Input Text" owner="SeleniumLibrary">
<msg time="2024-05-29T13:34:06.907923" level="INFO">Typing text '' into text field 'xpath=//*[@id="firstname"]'.</msg>
<arg>${locator_add_user_firstname}</arg>
<arg>${fname}</arg>
<doc>Types the given ``text`` into the text field identified by ``locator``.</doc>
<status status="PASS" start="2024-05-29T13:34:06.907570" elapsed="1.236543"/>
</kw>
<kw name="Input Text" owner="SeleniumLibrary">
<msg time="2024-05-29T13:34:08.144516" level="INFO">Typing text 'test' into text field 'xpath=//*[@id="lastname"]'.</msg>
<arg>${locator_add_user_lastname}</arg>
<arg>${lname}</arg>
<doc>Types the given ``text`` into the text field identified by ``locator``.</doc>
<status status="PASS" start="2024-05-29T13:34:08.144300" elapsed="1.289902"/>
</kw>
<kw name="Input Text" owner="SeleniumLibrary">
<msg time="2024-05-29T13:34:09.435286" level="INFO">Typing text 'test@gmail.com' into text field 'id=email'.</msg>
<arg>${locator_add_user_email}</arg>
<arg>${email}</arg>
<doc>Types the given ``text`` into the text field identified by ``locator``.</doc>
<status status="PASS" start="2024-05-29T13:34:09.434744" elapsed="1.281429"/>
</kw>
<kw name="Input Text" owner="SeleniumLibrary">
<msg time="2024-05-29T13:34:10.718500" level="INFO">Typing text 'test123' into text field 'id=password'.</msg>
<arg>${locator_add_user_password}</arg>
<arg>${pw}</arg>
<doc>Types the given ``text`` into the text field identified by ``locator``.</doc>
<status status="PASS" start="2024-05-29T13:34:10.717210" elapsed="1.303532"/>
</kw>
<kw name="Input Text" owner="SeleniumLibrary">
<msg time="2024-05-29T13:34:12.022342" level="INFO">Typing text '0812345679' into text field 'id=mobile-phone'.</msg>
<arg>${locator_add_user_mobile_phone}</arg>
<arg>${phone}</arg>
<doc>Types the given ``text`` into the text field identified by ``locator``.</doc>
<status status="PASS" start="2024-05-29T13:34:12.021295" elapsed="1.300607"/>
</kw>
<if>
<branch type="IF" condition="&quot;${gender}&quot; == &quot;female&quot;">
<kw name="Click Element" owner="SeleniumLibrary">
<msg time="2024-05-29T13:34:13.325001" level="INFO">Clicking element 'xpath=//*[@id="__next"]/div[1]/div[2]/main/div/div[3]/div/div/div/form/div[6]/div/label[1]/span[1]/input'.</msg>
<arg>${locator_add_user_gender_female}</arg>
<doc>Click the element identified by ``locator``.</doc>
<status status="PASS" start="2024-05-29T13:34:13.324253" elapsed="0.866257"/>
</kw>
<status status="PASS" start="2024-05-29T13:34:13.322824" elapsed="0.868240"/>
</branch>
<branch type="ELSE IF" condition="&quot;${gender}&quot; == &quot;male&quot;">
<kw name="Click Element" owner="SeleniumLibrary">
<arg>${locator_add_user_gender_male}</arg>
<doc>Click the element identified by ``locator``.</doc>
<status status="NOT RUN" start="2024-05-29T13:34:14.192003" elapsed="0.000237"/>
</kw>
<status status="NOT RUN" start="2024-05-29T13:34:14.191286" elapsed="0.001108"/>
</branch>
<status status="PASS" start="2024-05-29T13:34:13.322676" elapsed="0.869823"/>
</if>
<if>
<branch type="IF" condition="${course} == 1">
<kw name="Select Checkbox" owner="SeleniumLibrary">
<arg>${locator_add_user_sql}</arg>
<doc>Selects the checkbox identified by ``locator``.</doc>
<status status="NOT RUN" start="2024-05-29T13:34:14.195837" elapsed="0.000177"/>
</kw>
<status status="NOT RUN" start="2024-05-29T13:34:14.195084" elapsed="0.001069"/>
</branch>
<branch type="ELSE IF" condition="${course} == 2">
<kw name="Select Checkbox" owner="SeleniumLibrary">
<arg>${locator_add_user_sql}</arg>
<doc>Selects the checkbox identified by ``locator``.</doc>
<status status="NOT RUN" start="2024-05-29T13:34:14.196531" elapsed="0.000187"/>
</kw>
<kw name="Select Checkbox" owner="SeleniumLibrary">
<arg>${locator_add_user_test_manual}</arg>
<doc>Selects the checkbox identified by ``locator``.</doc>
<status status="NOT RUN" start="2024-05-29T13:34:14.197164" elapsed="0.000165"/>
</kw>
<status status="NOT RUN" start="2024-05-29T13:34:14.196233" elapsed="0.001205"/>
</branch>
<branch type="ELSE IF" condition="${course} == 3">
<kw name="Select Checkbox" owner="SeleniumLibrary">
<msg time="2024-05-29T13:34:14.198429" level="INFO">Selecting checkbox 'name=courses.Automate Test'.</msg>
<arg>${locator_add_user_automate_test}</arg>
<doc>Selects the checkbox identified by ``locator``.</doc>
<status status="PASS" start="2024-05-29T13:34:14.197823" elapsed="2.109733"/>
</kw>
<kw name="Select Checkbox" owner="SeleniumLibrary">
<msg time="2024-05-29T13:34:16.308739" level="INFO">Selecting checkbox 'name=courses.SQL'.</msg>
<arg>${locator_add_user_sql}</arg>
<doc>Selects the checkbox identified by ``locator``.</doc>
<status status="PASS" start="2024-05-29T13:34:16.308053" elapsed="2.099069"/>
</kw>
<kw name="Select Checkbox" owner="SeleniumLibrary">
<msg time="2024-05-29T13:34:18.410040" level="INFO">Selecting checkbox 'name=courses.Test Manual'.</msg>
<arg>${locator_add_user_test_manual}</arg>
<doc>Selects the checkbox identified by ``locator``.</doc>
<status status="PASS" start="2024-05-29T13:34:18.408594" elapsed="2.100506"/>
</kw>
<status status="PASS" start="2024-05-29T13:34:14.197515" elapsed="6.311994"/>
</branch>
<branch type="ELSE IF" condition="${course} == 4">
<kw name="Select Checkbox" owner="SeleniumLibrary">
<arg>${locator_add_user_automate_test2}</arg>
<doc>Selects the checkbox identified by ``locator``.</doc>
<status status="NOT RUN" start="2024-05-29T13:34:20.510711" elapsed="0.000341"/>
</kw>
<kw name="Select Checkbox" owner="SeleniumLibrary">
<arg>${locator_add_user_automate_test}</arg>
<doc>Selects the checkbox identified by ``locator``.</doc>
<status status="NOT RUN" start="2024-05-29T13:34:20.511255" elapsed="0.000138"/>
</kw>
<kw name="Select Checkbox" owner="SeleniumLibrary">
<arg>${locator_add_user_sql}</arg>
<doc>Selects the checkbox identified by ``locator``.</doc>
<status status="NOT RUN" start="2024-05-29T13:34:20.511533" elapsed="0.000097"/>
</kw>
<kw name="Select Checkbox" owner="SeleniumLibrary">
<arg>${locator_add_user_test_manual}</arg>
<doc>Selects the checkbox identified by ``locator``.</doc>
<status status="NOT RUN" start="2024-05-29T13:34:20.511770" elapsed="0.000091"/>
</kw>
<status status="NOT RUN" start="2024-05-29T13:34:20.509645" elapsed="0.002290"/>
</branch>
<status status="PASS" start="2024-05-29T13:34:14.192622" elapsed="6.319490"/>
</if>
<if>
<branch type="IF" condition="${national} == 1">
<kw name="Select Nationality" owner="Keyword">
<kw name="Click Element" owner="SeleniumLibrary">
<msg time="2024-05-29T13:34:20.513993" level="INFO">Clicking element 'id=nationality'.</msg>
<arg>${locator_add_user_nationality}</arg>
<doc>Click the element identified by ``locator``.</doc>
<status status="PASS" start="2024-05-29T13:34:20.513654" elapsed="0.916841"/>
</kw>
<kw name="Wait Until Element Is Visible" owner="SeleniumLibrary">
<arg>${locator_add_user_nationality_thai}</arg>
<doc>Waits until the element ``locator`` is visible.</doc>
<status status="PASS" start="2024-05-29T13:34:21.430906" elapsed="0.833172"/>
</kw>
<kw name="Click Element" owner="SeleniumLibrary">
<msg time="2024-05-29T13:34:22.266096" level="INFO">Clicking element 'xpath=//*[@id="menu-"]/div[3]/ul/li[221]'.</msg>
<arg>${locator_add_user_nationality_thai}</arg>
<doc>Click the element identified by ``locator``.</doc>
<status status="PASS" start="2024-05-29T13:34:22.264911" elapsed="0.906168"/>
</kw>
<status status="PASS" start="2024-05-29T13:34:20.512713" elapsed="2.660844"/>
</kw>
<status status="PASS" start="2024-05-29T13:34:20.512281" elapsed="2.661488"/>
</branch>
<status status="PASS" start="2024-05-29T13:34:20.512248" elapsed="2.661641"/>
</if>
<if>
<branch type="IF" condition="${role} == 1">
<kw name="Select Role" owner="Keyword">
<kw name="Click Element" owner="SeleniumLibrary">
<msg time="2024-05-29T13:34:23.182949" level="INFO">Clicking element 'id=select-role'.</msg>
<arg>${locator_add_user_select_role}</arg>
<doc>Click the element identified by ``locator``.</doc>
<status status="PASS" start="2024-05-29T13:34:23.182424" elapsed="0.856688"/>
</kw>
<kw name="Wait Until Element Is Visible" owner="SeleniumLibrary">
<arg>${locator_add_user_select_role_admin}</arg>
<doc>Waits until the element ``locator`` is visible.</doc>
<status status="PASS" start="2024-05-29T13:34:24.039986" elapsed="0.839171"/>
</kw>
<kw name="Click Element" owner="SeleniumLibrary">
<msg time="2024-05-29T13:34:24.880608" level="INFO">Clicking element 'xpath=//*[@id="menu-"]/div[3]/ul/li[1]'.</msg>
<arg>${locator_add_user_select_role_admin}</arg>
<doc>Click the element identified by ``locator``.</doc>
<status status="PASS" start="2024-05-29T13:34:24.879749" elapsed="0.860293"/>
</kw>
<status status="PASS" start="2024-05-29T13:34:23.175125" elapsed="2.565575"/>
</kw>
<status status="PASS" start="2024-05-29T13:34:23.174060" elapsed="2.566877"/>
</branch>
<status status="PASS" start="2024-05-29T13:34:23.174012" elapsed="2.567109"/>
</if>
<if>
<branch type="IF" condition="${plan} == 1">
<kw name="Select Plan" owner="Keyword">
<kw name="Click Element" owner="SeleniumLibrary">
<msg time="2024-05-29T13:34:25.743670" level="INFO">Clicking element 'id=select-plan'.</msg>
<arg>${locator_add_user_select_plan}</arg>
<doc>Click the element identified by ``locator``.</doc>
<status status="PASS" start="2024-05-29T13:34:25.743136" elapsed="0.860642"/>
</kw>
<kw name="Wait Until Element Is Visible" owner="SeleniumLibrary">
<arg>${locator_add_user_select_plan_basic}</arg>
<doc>Waits until the element ``locator`` is visible.</doc>
<status status="PASS" start="2024-05-29T13:34:26.604775" elapsed="0.836433"/>
</kw>
<kw name="Click Element" owner="SeleniumLibrary">
<msg time="2024-05-29T13:34:27.442692" level="INFO">Clicking element 'xpath=//*[@id="menu-"]/div[3]/ul/li[1]'.</msg>
<arg>${locator_add_user_select_plan_basic}</arg>
<doc>Click the element identified by ``locator``.</doc>
<status status="PASS" start="2024-05-29T13:34:27.441926" elapsed="0.858728"/>
</kw>
<status status="PASS" start="2024-05-29T13:34:25.742540" elapsed="2.558771"/>
</kw>
<status status="PASS" start="2024-05-29T13:34:25.741376" elapsed="2.560174"/>
</branch>
<status status="PASS" start="2024-05-29T13:34:25.741309" elapsed="2.560511"/>
</if>
<kw name="Click Element" owner="SeleniumLibrary">
<msg time="2024-05-29T13:34:28.303508" level="INFO">Clicking element 'xpath=//*[@id="__next"]/div[1]/div[2]/main/div/div[3]/div/div/div/form/button'.</msg>
<arg>${locator_add_user_btn_sign_up}</arg>
<doc>Click the element identified by ``locator``.</doc>
<status status="PASS" start="2024-05-29T13:34:28.302222" elapsed="0.885052"/>
</kw>
<kw name="Get Text" owner="SeleniumLibrary">
<msg time="2024-05-29T13:34:30.027177" level="INFO">${txt} = This field is required</msg>
<var>${txt}</var>
<arg>${locator}</arg>
<doc>Returns the text value of the element identified by ``locator``.</doc>
<status status="PASS" start="2024-05-29T13:34:29.187933" elapsed="0.839704"/>
</kw>
<kw name="Should Be Equal As Strings" owner="BuiltIn">
<arg>${txt}</arg>
<arg>${errmsg}</arg>
<doc>Fails if objects are unequal after converting them to strings.</doc>
<status status="PASS" start="2024-05-29T13:34:30.028213" elapsed="0.000790"/>
</kw>
<kw name="Reload Page" owner="SeleniumLibrary">
<doc>Simulates user reloading page.</doc>
<status status="PASS" start="2024-05-29T13:34:30.029231" elapsed="0.583457"/>
</kw>
<arg>${EMPTY}</arg>
<arg>test</arg>
<arg>test@gmail.com</arg>
<arg>test123</arg>
<arg>0812345679</arg>
<arg>female</arg>
<arg>3</arg>
<arg>1</arg>
<arg>1</arg>
<arg>1</arg>
<arg>${locator_err_firstname}</arg>
<arg>This field is required</arg>
<status status="PASS" start="2024-05-29T13:34:06.071289" elapsed="24.542085"/>
</kw>
<kw name="Add User fail" owner="Keyword">
<kw name="Wait Until Element Is Visible" owner="SeleniumLibrary">
<arg>${locator_add_user_firstname}</arg>
<doc>Waits until the element ``locator`` is visible.</doc>
<status status="PASS" start="2024-05-29T13:34:30.618100" elapsed="0.833034"/>
</kw>
<kw name="Input Text" owner="SeleniumLibrary">
<msg time="2024-05-29T13:34:31.453314" level="INFO">Typing text 'test' into text field 'xpath=//*[@id="firstname"]'.</msg>
<arg>${locator_add_user_firstname}</arg>
<arg>${fname}</arg>
<doc>Types the given ``text`` into the text field identified by ``locator``.</doc>
<status status="PASS" start="2024-05-29T13:34:31.452017" elapsed="1.282911"/>
</kw>
<kw name="Input Text" owner="SeleniumLibrary">
<msg time="2024-05-29T13:34:32.737038" level="INFO">Typing text '' into text field 'xpath=//*[@id="lastname"]'.</msg>
<arg>${locator_add_user_lastname}</arg>
<arg>${lname}</arg>
<doc>Types the given ``text`` into the text field identified by ``locator``.</doc>
<status status="PASS" start="2024-05-29T13:34:32.735818" elapsed="1.292184"/>
</kw>
<kw name="Input Text" owner="SeleniumLibrary">
<msg time="2024-05-29T13:34:34.029500" level="INFO">Typing text 'test@gmail.com' into text field 'id=email'.</msg>
<arg>${locator_add_user_email}</arg>
<arg>${email}</arg>
<doc>Types the given ``text`` into the text field identified by ``locator``.</doc>
<status status="PASS" start="2024-05-29T13:34:34.028648" elapsed="1.312503"/>
</kw>
<kw name="Input Text" owner="SeleniumLibrary">
<msg time="2024-05-29T13:34:35.342731" level="INFO">Typing text 'test123' into text field 'id=password'.</msg>
<arg>${locator_add_user_password}</arg>
<arg>${pw}</arg>
<doc>Types the given ``text`` into the text field identified by ``locator``.</doc>
<status status="PASS" start="2024-05-29T13:34:35.341813" elapsed="1.299170"/>
</kw>
<kw name="Input Text" owner="SeleniumLibrary">
<msg time="2024-05-29T13:34:36.641763" level="INFO">Typing text '0812345679' into text field 'id=mobile-phone'.</msg>
<arg>${locator_add_user_mobile_phone}</arg>
<arg>${phone}</arg>
<doc>Types the given ``text`` into the text field identified by ``locator``.</doc>
<status status="PASS" start="2024-05-29T13:34:36.641375" elapsed="1.297144"/>
</kw>
<if>
<branch type="IF" condition="&quot;${gender}&quot; == &quot;female&quot;">
<kw name="Click Element" owner="SeleniumLibrary">
<msg time="2024-05-29T13:34:37.941357" level="INFO">Clicking element 'xpath=//*[@id="__next"]/div[1]/div[2]/main/div/div[3]/div/div/div/form/div[6]/div/label[1]/span[1]/input'.</msg>
<arg>${locator_add_user_gender_female}</arg>
<doc>Click the element identified by ``locator``.</doc>
<status status="PASS" start="2024-05-29T13:34:37.940596" elapsed="0.863338"/>
</kw>
<status status="PASS" start="2024-05-29T13:34:37.939286" elapsed="0.865224"/>
</branch>
<branch type="ELSE IF" condition="&quot;${gender}&quot; == &quot;male&quot;">
<kw name="Click Element" owner="SeleniumLibrary">
<arg>${locator_add_user_gender_male}</arg>
<doc>Click the element identified by ``locator``.</doc>
<status status="NOT RUN" start="2024-05-29T13:34:38.805209" elapsed="0.000178"/>
</kw>
<status status="NOT RUN" start="2024-05-29T13:34:38.804677" elapsed="0.000822"/>
</branch>
<status status="PASS" start="2024-05-29T13:34:37.939191" elapsed="0.866379"/>
</if>
<if>
<branch type="IF" condition="${course} == 1">
<kw name="Select Checkbox" owner="SeleniumLibrary">
<arg>${locator_add_user_sql}</arg>
<doc>Selects the checkbox identified by ``locator``.</doc>
<status status="NOT RUN" start="2024-05-29T13:34:38.806043" elapsed="0.000120"/>
</kw>
<status status="NOT RUN" start="2024-05-29T13:34:38.805682" elapsed="0.000580"/>
</branch>
<branch type="ELSE IF" condition="${course} == 2">
<kw name="Select Checkbox" owner="SeleniumLibrary">
<msg time="2024-05-29T13:34:38.807143" level="INFO">Selecting checkbox 'name=courses.SQL'.</msg>
<arg>${locator_add_user_sql}</arg>
<doc>Selects the checkbox identified by ``locator``.</doc>
<status status="PASS" start="2024-05-29T13:34:38.806602" elapsed="2.102394"/>
</kw>
<kw name="Select Checkbox" owner="SeleniumLibrary">
<msg time="2024-05-29T13:34:40.912428" level="INFO">Selecting checkbox 'name=courses.Test Manual'.</msg>
<arg>${locator_add_user_test_manual}</arg>
<doc>Selects the checkbox identified by ``locator``.</doc>
<status status="PASS" start="2024-05-29T13:34:40.910885" elapsed="2.107147"/>
</kw>
<status status="PASS" start="2024-05-29T13:34:38.806324" elapsed="4.211885"/>
</branch>
<branch type="ELSE IF" condition="${course} == 3">
<kw name="Select Checkbox" owner="SeleniumLibrary">
<arg>${locator_add_user_automate_test}</arg>
<doc>Selects the checkbox identified by ``locator``.</doc>
<status status="NOT RUN" start="2024-05-29T13:34:43.018490" elapsed="0.000084"/>
</kw>
<kw name="Select Checkbox" owner="SeleniumLibrary">
<arg>${locator_add_user_sql}</arg>
<doc>Selects the checkbox identified by ``locator``.</doc>
<status status="NOT RUN" start="2024-05-29T13:34:43.018669" elapsed="0.000061"/>
</kw>
<kw name="Select Checkbox" owner="SeleniumLibrary">
<arg>${locator_add_user_test_manual}</arg>
<doc>Selects the checkbox identified by ``locator``.</doc>
<status status="NOT RUN" start="2024-05-29T13:34:43.018809" elapsed="0.000050"/>
</kw>
<status status="NOT RUN" start="2024-05-29T13:34:43.018264" elapsed="0.000638"/>
</branch>
<branch type="ELSE IF" condition="${course} == 4">
<kw name="Select Checkbox" owner="SeleniumLibrary">
<arg>${locator_add_user_automate_test2}</arg>
<doc>Selects the checkbox identified by ``locator``.</doc>
<status status="NOT RUN" start="2024-05-29T13:34:43.019018" elapsed="0.000051"/>
</kw>
<kw name="Select Checkbox" owner="SeleniumLibrary">
<arg>${locator_add_user_automate_test}</arg>
<doc>Selects the checkbox identified by ``locator``.</doc>
<status status="NOT RUN" start="2024-05-29T13:34:43.019144" elapsed="0.000050"/>
</kw>
<kw name="Select Checkbox" owner="SeleniumLibrary">
<arg>${locator_add_user_sql}</arg>
<doc>Selects the checkbox identified by ``locator``.</doc>
<status status="NOT RUN" start="2024-05-29T13:34:43.019266" elapsed="0.000046"/>
</kw>
<kw name="Select Checkbox" owner="SeleniumLibrary">
<arg>${locator_add_user_test_manual}</arg>
<doc>Selects the checkbox identified by ``locator``.</doc>
<status status="NOT RUN" start="2024-05-29T13:34:43.019381" elapsed="0.000047"/>
</kw>
<status status="NOT RUN" start="2024-05-29T13:34:43.018937" elapsed="0.000534"/>
</branch>
<status status="PASS" start="2024-05-29T13:34:38.805655" elapsed="4.213848"/>
</if>
<if>
<branch type="IF" condition="${national} == 1">
<kw name="Select Nationality" owner="Keyword">
<kw name="Click Element" owner="SeleniumLibrary">
<msg time="2024-05-29T13:34:43.020217" level="INFO">Clicking element 'id=nationality'.</msg>
<arg>${locator_add_user_nationality}</arg>
<doc>Click the element identified by ``locator``.</doc>
<status status="PASS" start="2024-05-29T13:34:43.020019" elapsed="0.911468"/>
</kw>
<kw name="Wait Until Element Is Visible" owner="SeleniumLibrary">
<arg>${locator_add_user_nationality_thai}</arg>
<doc>Waits until the element ``locator`` is visible.</doc>
<status status="PASS" start="2024-05-29T13:34:43.932136" elapsed="0.833224"/>
</kw>
<kw name="Click Element" owner="SeleniumLibrary">
<msg time="2024-05-29T13:34:44.767111" level="INFO">Clicking element 'xpath=//*[@id="menu-"]/div[3]/ul/li[221]'.</msg>
<arg>${locator_add_user_nationality_thai}</arg>
<doc>Click the element identified by ``locator``.</doc>
<status status="PASS" start="2024-05-29T13:34:44.766154" elapsed="0.910363"/>
</kw>
<status status="PASS" start="2024-05-29T13:34:43.019793" elapsed="2.662582"/>
</kw>
<status status="PASS" start="2024-05-29T13:34:43.019556" elapsed="2.663134"/>
</branch>
<status status="PASS" start="2024-05-29T13:34:43.019543" elapsed="2.663245"/>
</if>
<if>
<branch type="IF" condition="${role} == 1">
<kw name="Select Role" owner="Keyword">
<kw name="Click Element" owner="SeleniumLibrary">
<msg time="2024-05-29T13:34:45.685860" level="INFO">Clicking element 'id=select-role'.</msg>
<arg>${locator_add_user_select_role}</arg>
<doc>Click the element identified by ``locator``.</doc>
<status status="PASS" start="2024-05-29T13:34:45.685353" elapsed="0.852225"/>
</kw>
<kw name="Wait Until Element Is Visible" owner="SeleniumLibrary">
<arg>${locator_add_user_select_role_admin}</arg>
<doc>Waits until the element ``locator`` is visible.</doc>
<status status="PASS" start="2024-05-29T13:34:46.539557" elapsed="0.833840"/>
</kw>
<kw name="Click Element" owner="SeleniumLibrary">
<msg time="2024-05-29T13:34:47.375155" level="INFO">Clicking element 'xpath=//*[@id="menu-"]/div[3]/ul/li[1]'.</msg>
<arg>${locator_add_user_select_role_admin}</arg>
<doc>Click the element identified by ``locator``.</doc>
<status status="PASS" start="2024-05-29T13:34:47.374117" elapsed="0.859069"/>
</kw>
<status status="PASS" start="2024-05-29T13:34:45.683836" elapsed="2.550017"/>
</kw>
<status status="PASS" start="2024-05-29T13:34:45.683005" elapsed="2.551096"/>
</branch>
<status status="PASS" start="2024-05-29T13:34:45.682970" elapsed="2.551343"/>
</if>
<if>
<branch type="IF" condition="${plan} == 1">
<kw name="Select Plan" owner="Keyword">
<kw name="Click Element" owner="SeleniumLibrary">
<msg time="2024-05-29T13:34:48.236703" level="INFO">Clicking element 'id=select-plan'.</msg>
<arg>${locator_add_user_select_plan}</arg>
<doc>Click the element identified by ``locator``.</doc>
<status status="PASS" start="2024-05-29T13:34:48.236224" elapsed="0.859119"/>
</kw>
<kw name="Wait Until Element Is Visible" owner="SeleniumLibrary">
<arg>${locator_add_user_select_plan_basic}</arg>
<doc>Waits until the element ``locator`` is visible.</doc>
<status status="PASS" start="2024-05-29T13:34:49.096246" elapsed="0.832051"/>
</kw>
<kw name="Click Element" owner="SeleniumLibrary">
<msg time="2024-05-29T13:34:49.929714" level="INFO">Clicking element 'xpath=//*[@id="menu-"]/div[3]/ul/li[1]'.</msg>
<arg>${locator_add_user_select_plan_basic}</arg>
<doc>Click the element identified by ``locator``.</doc>
<status status="PASS" start="2024-05-29T13:34:49.928919" elapsed="0.856950"/>
</kw>
<status status="PASS" start="2024-05-29T13:34:48.235614" elapsed="2.550962"/>
</kw>
<status status="PASS" start="2024-05-29T13:34:48.234547" elapsed="2.552290"/>
</branch>
<status status="PASS" start="2024-05-29T13:34:48.234480" elapsed="2.552558"/>
</if>
<kw name="Click Element" owner="SeleniumLibrary">
<msg time="2024-05-29T13:34:50.788431" level="INFO">Clicking element 'xpath=//*[@id="__next"]/div[1]/div[2]/main/div/div[3]/div/div/div/form/button'.</msg>
<arg>${locator_add_user_btn_sign_up}</arg>
<doc>Click the element identified by ``locator``.</doc>
<status status="PASS" start="2024-05-29T13:34:50.787410" elapsed="0.863927"/>
</kw>
<kw name="Get Text" owner="SeleniumLibrary">
<msg time="2024-05-29T13:34:52.490220" level="INFO">${txt} = This field is required</msg>
<var>${txt}</var>
<arg>${locator}</arg>
<doc>Returns the text value of the element identified by ``locator``.</doc>
<status status="PASS" start="2024-05-29T13:34:51.651906" elapsed="0.838883"/>
</kw>
<kw name="Should Be Equal As Strings" owner="BuiltIn">
<arg>${txt}</arg>
<arg>${errmsg}</arg>
<doc>Fails if objects are unequal after converting them to strings.</doc>
<status status="PASS" start="2024-05-29T13:34:52.491548" elapsed="0.000901"/>
</kw>
<kw name="Reload Page" owner="SeleniumLibrary">
<doc>Simulates user reloading page.</doc>
<status status="PASS" start="2024-05-29T13:34:52.492682" elapsed="0.526726"/>
</kw>
<arg>test</arg>
<arg>${EMPTY}</arg>
<arg>test@gmail.com</arg>
<arg>test123</arg>
<arg>0812345679</arg>
<arg>female</arg>
<arg>2</arg>
<arg>1</arg>
<arg>1</arg>
<arg>1</arg>
<arg>${locator_err_lastname}</arg>
<arg>This field is required</arg>
<status status="PASS" start="2024-05-29T13:34:30.614683" elapsed="22.405461"/>
</kw>
<kw name="Add User fail" owner="Keyword">
<kw name="Wait Until Element Is Visible" owner="SeleniumLibrary">
<arg>${locator_add_user_firstname}</arg>
<doc>Waits until the element ``locator`` is visible.</doc>
<status status="PASS" start="2024-05-29T13:34:53.025696" elapsed="0.824211"/>
</kw>
<kw name="Input Text" owner="SeleniumLibrary">
<msg time="2024-05-29T13:34:53.852312" level="INFO">Typing text 'test' into text field 'xpath=//*[@id="firstname"]'.</msg>
<arg>${locator_add_user_firstname}</arg>
<arg>${fname}</arg>
<doc>Types the given ``text`` into the text field identified by ``locator``.</doc>
<status status="PASS" start="2024-05-29T13:34:53.850898" elapsed="1.282042"/>
</kw>
<kw name="Input Text" owner="SeleniumLibrary">
<msg time="2024-05-29T13:34:55.134504" level="INFO">Typing text 'test' into text field 'xpath=//*[@id="lastname"]'.</msg>
<arg>${locator_add_user_lastname}</arg>
<arg>${lname}</arg>
<doc>Types the given ``text`` into the text field identified by ``locator``.</doc>
<status status="PASS" start="2024-05-29T13:34:55.133625" elapsed="1.293197"/>
</kw>
<kw name="Input Text" owner="SeleniumLibrary">
<msg time="2024-05-29T13:34:56.428399" level="INFO">Typing text '' into text field 'id=email'.</msg>
<arg>${locator_add_user_email}</arg>
<arg>${email}</arg>
<doc>Types the given ``text`` into the text field identified by ``locator``.</doc>
<status status="PASS" start="2024-05-29T13:34:56.427509" elapsed="1.279725"/>
</kw>
<kw name="Input Text" owner="SeleniumLibrary">
<msg time="2024-05-29T13:34:57.708712" level="INFO">Typing text 'test123' into text field 'id=password'.</msg>
<arg>${locator_add_user_password}</arg>
<arg>${pw}</arg>
<doc>Types the given ``text`` into the text field identified by ``locator``.</doc>
<status status="PASS" start="2024-05-29T13:34:57.707854" elapsed="1.280590"/>
</kw>
<kw name="Input Text" owner="SeleniumLibrary">
<msg time="2024-05-29T13:34:58.988912" level="INFO">Typing text '0812345679' into text field 'id=mobile-phone'.</msg>
<arg>${locator_add_user_mobile_phone}</arg>
<arg>${phone}</arg>
<doc>Types the given ``text`` into the text field identified by ``locator``.</doc>
<status status="PASS" start="2024-05-29T13:34:58.988642" elapsed="1.257364"/>
</kw>
<if>
<branch type="IF" condition="&quot;${gender}&quot; == &quot;female&quot;">
<kw name="Click Element" owner="SeleniumLibrary">
<msg time="2024-05-29T13:35:00.246756" level="INFO">Clicking element 'xpath=//*[@id="__next"]/div[1]/div[2]/main/div/div[3]/div/div/div/form/div[6]/div/label[1]/span[1]/input'.</msg>
<arg>${locator_add_user_gender_female}</arg>
<doc>Click the element identified by ``locator``.</doc>
<status status="PASS" start="2024-05-29T13:35:00.246537" elapsed="0.840916"/>
</kw>
<status status="PASS" start="2024-05-29T13:35:00.246228" elapsed="0.841336"/>
</branch>
<branch type="ELSE IF" condition="&quot;${gender}&quot; == &quot;male&quot;">
<kw name="Click Element" owner="SeleniumLibrary">
<arg>${locator_add_user_gender_male}</arg>
<doc>Click the element identified by ``locator``.</doc>
<status status="NOT RUN" start="2024-05-29T13:35:01.087738" elapsed="0.000053"/>
</kw>
<status status="NOT RUN" start="2024-05-29T13:35:01.087602" elapsed="0.000226"/>
</branch>
<status status="PASS" start="2024-05-29T13:35:00.246202" elapsed="0.841649"/>
</if>
<if>
<branch type="IF" condition="${course} == 1">
<kw name="Select Checkbox" owner="SeleniumLibrary">
<msg time="2024-05-29T13:35:01.088154" level="INFO">Selecting checkbox 'name=courses.SQL'.</msg>
<arg>${locator_add_user_sql}</arg>
<doc>Selects the checkbox identified by ``locator``.</doc>
<status status="PASS" start="2024-05-29T13:35:01.088014" elapsed="2.073996"/>
</kw>
<status status="PASS" start="2024-05-29T13:35:01.087884" elapsed="2.074349"/>
</branch>
<branch type="ELSE IF" condition="${course} == 2">
<kw name="Select Checkbox" owner="SeleniumLibrary">
<arg>${locator_add_user_sql}</arg>
<doc>Selects the checkbox identified by ``locator``.</doc>
<status status="NOT RUN" start="2024-05-29T13:35:03.162547" elapsed="0.000101"/>
</kw>
<kw name="Select Checkbox" owner="SeleniumLibrary">
<arg>${locator_add_user_test_manual}</arg>
<doc>Selects the checkbox identified by ``locator``.</doc>
<status status="NOT RUN" start="2024-05-29T13:35:03.162768" elapsed="0.000079"/>
</kw>
<status status="NOT RUN" start="2024-05-29T13:35:03.162302" elapsed="0.000612"/>
</branch>
<branch type="ELSE IF" condition="${course} == 3">
<kw name="Select Checkbox" owner="SeleniumLibrary">
<arg>${locator_add_user_automate_test}</arg>
<doc>Selects the checkbox identified by ``locator``.</doc>
<status status="NOT RUN" start="2024-05-29T13:35:03.163069" elapsed="0.000910"/>
</kw>
<kw name="Select Checkbox" owner="SeleniumLibrary">
<arg>${locator_add_user_sql}</arg>
<doc>Selects the checkbox identified by ``locator``.</doc>
<status status="NOT RUN" start="2024-05-29T13:35:03.164090" elapsed="0.000064"/>
</kw>
<kw name="Select Checkbox" owner="SeleniumLibrary">
<arg>${locator_add_user_test_manual}</arg>
<doc>Selects the checkbox identified by ``locator``.</doc>
<status status="NOT RUN" start="2024-05-29T13:35:03.164249" elapsed="0.000072"/>
</kw>
<status status="NOT RUN" start="2024-05-29T13:35:03.162960" elapsed="0.001419"/>
</branch>
<branch type="ELSE IF" condition="${course} == 4">
<kw name="Select Checkbox" owner="SeleniumLibrary">
<arg>${locator_add_user_automate_test2}</arg>
<doc>Selects the checkbox identified by ``locator``.</doc>
<status status="NOT RUN" start="2024-05-29T13:35:03.164517" elapsed="0.000066"/>
</kw>
<kw name="Select Checkbox" owner="SeleniumLibrary">
<arg>${locator_add_user_automate_test}</arg>
<doc>Selects the checkbox identified by ``locator``.</doc>
<status status="NOT RUN" start="2024-05-29T13:35:03.164679" elapsed="0.000058"/>
</kw>
<kw name="Select Checkbox" owner="SeleniumLibrary">
<arg>${locator_add_user_sql}</arg>
<doc>Selects the checkbox identified by ``locator``.</doc>
<status status="NOT RUN" start="2024-05-29T13:35:03.164827" elapsed="0.000064"/>
</kw>
<kw name="Select Checkbox" owner="SeleniumLibrary">
<arg>${locator_add_user_test_manual}</arg>
<doc>Selects the checkbox identified by ``locator``.</doc>
<status status="NOT RUN" start="2024-05-29T13:35:03.164982" elapsed="0.000059"/>
</kw>
<status status="NOT RUN" start="2024-05-29T13:35:03.164422" elapsed="0.000673"/>
</branch>
<status status="PASS" start="2024-05-29T13:35:01.087876" elapsed="2.077259"/>
</if>
<if>
<branch type="IF" condition="${national} == 1">
<kw name="Select Nationality" owner="Keyword">
<kw name="Click Element" owner="SeleniumLibrary">
<msg time="2024-05-29T13:35:03.165968" level="INFO">Clicking element 'id=nationality'.</msg>
<arg>${locator_add_user_nationality}</arg>
<doc>Click the element identified by ``locator``.</doc>
<status status="PASS" start="2024-05-29T13:35:03.165729" elapsed="0.883108"/>
</kw>
<kw name="Wait Until Element Is Visible" owner="SeleniumLibrary">
<arg>${locator_add_user_nationality_thai}</arg>
<doc>Waits until the element ``locator`` is visible.</doc>
<status status="PASS" start="2024-05-29T13:35:04.049056" elapsed="0.821151"/>
</kw>
<kw name="Click Element" owner="SeleniumLibrary">
<msg time="2024-05-29T13:35:04.871801" level="INFO">Clicking element 'xpath=//*[@id="menu-"]/div[3]/ul/li[221]'.</msg>
<arg>${locator_add_user_nationality_thai}</arg>
<doc>Click the element identified by ``locator``.</doc>
<status status="PASS" start="2024-05-29T13:35:04.870940" elapsed="0.905038"/>
</kw>
<status status="PASS" start="2024-05-29T13:35:03.165461" elapsed="2.611096"/>
</kw>
<status status="PASS" start="2024-05-29T13:35:03.165194" elapsed="2.611528"/>
</branch>
<status status="PASS" start="2024-05-29T13:35:03.165180" elapsed="2.611681"/>
</if>
<if>
<branch type="IF" condition="${role} == 1">
<kw name="Select Role" owner="Keyword">
<kw name="Click Element" owner="SeleniumLibrary">
<msg time="2024-05-29T13:35:05.780282" level="INFO">Clicking element 'id=select-role'.</msg>
<arg>${locator_add_user_select_role}</arg>
<doc>Click the element identified by ``locator``.</doc>
<status status="PASS" start="2024-05-29T13:35:05.779076" elapsed="0.840314"/>
</kw>
<kw name="Wait Until Element Is Visible" owner="SeleniumLibrary">
<arg>${locator_add_user_select_role_admin}</arg>
<doc>Waits until the element ``locator`` is visible.</doc>
<status status="PASS" start="2024-05-29T13:35:06.619723" elapsed="0.826885"/>
</kw>
<kw name="Click Element" owner="SeleniumLibrary">
<msg time="2024-05-29T13:35:07.446975" level="INFO">Clicking element 'xpath=//*[@id="menu-"]/div[3]/ul/li[1]'.</msg>
<arg>${locator_add_user_select_role_admin}</arg>
<doc>Click the element identified by ``locator``.</doc>
<status status="PASS" start="2024-05-29T13:35:07.446769" elapsed="0.849848"/>
</kw>
<status status="PASS" start="2024-05-29T13:35:05.778121" elapsed="2.518796"/>
</kw>
<status status="PASS" start="2024-05-29T13:35:05.777040" elapsed="2.519986"/>
</branch>
<status status="PASS" start="2024-05-29T13:35:05.776992" elapsed="2.520107"/>
</if>
<if>
<branch type="IF" condition="${plan} == 1">
<kw name="Select Plan" owner="Keyword">
<kw name="Click Element" owner="SeleniumLibrary">
<msg time="2024-05-29T13:35:08.298437" level="INFO">Clicking element 'id=select-plan'.</msg>
<arg>${locator_add_user_select_plan}</arg>
<doc>Click the element identified by ``locator``.</doc>
<status status="PASS" start="2024-05-29T13:35:08.298103" elapsed="0.844941"/>
</kw>
<kw name="Wait Until Element Is Visible" owner="SeleniumLibrary">
<arg>${locator_add_user_select_plan_basic}</arg>
<doc>Waits until the element ``locator`` is visible.</doc>
<status status="PASS" start="2024-05-29T13:35:09.143620" elapsed="0.829152"/>
</kw>
<kw name="Click Element" owner="SeleniumLibrary">
<msg time="2024-05-29T13:35:09.975182" level="INFO">Clicking element 'xpath=//*[@id="menu-"]/div[3]/ul/li[1]'.</msg>
<arg>${locator_add_user_select_plan_basic}</arg>
<doc>Click the element identified by ``locator``.</doc>
<status status="PASS" start="2024-05-29T13:35:09.973897" elapsed="0.856253"/>
</kw>
<status status="PASS" start="2024-05-29T13:35:08.297687" elapsed="2.532950"/>
</kw>
<status status="PASS" start="2024-05-29T13:35:08.297187" elapsed="2.533594"/>
</branch>
<status status="PASS" start="2024-05-29T13:35:08.297161" elapsed="2.533747"/>
</if>
<kw name="Click Element" owner="SeleniumLibrary">
<msg time="2024-05-29T13:35:10.831908" level="INFO">Clicking element 'xpath=//*[@id="__next"]/div[1]/div[2]/main/div/div[3]/div/div/div/form/button'.</msg>
<arg>${locator_add_user_btn_sign_up}</arg>
<doc>Click the element identified by ``locator``.</doc>
<status status="PASS" start="2024-05-29T13:35:10.831160" elapsed="0.863670"/>
</kw>
<kw name="Get Text" owner="SeleniumLibrary">
<msg time="2024-05-29T13:35:12.527786" level="INFO">${txt} = This field is required</msg>
<var>${txt}</var>
<arg>${locator}</arg>
<doc>Returns the text value of the element identified by ``locator``.</doc>
<status status="PASS" start="2024-05-29T13:35:11.695443" elapsed="0.832816"/>
</kw>
<kw name="Should Be Equal As Strings" owner="BuiltIn">
<arg>${txt}</arg>
<arg>${errmsg}</arg>
<doc>Fails if objects are unequal after converting them to strings.</doc>
<status status="PASS" start="2024-05-29T13:35:12.528846" elapsed="0.000761"/>
</kw>
<kw name="Reload Page" owner="SeleniumLibrary">
<doc>Simulates user reloading page.</doc>
<status status="PASS" start="2024-05-29T13:35:12.529868" elapsed="0.527079"/>
</kw>
<arg>test</arg>
<arg>test</arg>
<arg>${EMPTY}</arg>
<arg>test123</arg>
<arg>0812345679</arg>
<arg>female</arg>
<arg>1</arg>
<arg>1</arg>
<arg>1</arg>
<arg>1</arg>
<arg>${locator_err_email}</arg>
<arg>This field is required</arg>
<status status="PASS" start="2024-05-29T13:34:53.023180" elapsed="20.034512"/>
</kw>
<kw name="Add User fail" owner="Keyword">
<kw name="Wait Until Element Is Visible" owner="SeleniumLibrary">
<arg>${locator_add_user_firstname}</arg>
<doc>Waits until the element ``locator`` is visible.</doc>
<status status="PASS" start="2024-05-29T13:35:13.061290" elapsed="0.831894"/>
</kw>
<kw name="Input Text" owner="SeleniumLibrary">
<msg time="2024-05-29T13:35:13.895552" level="INFO">Typing text 'test' into text field 'xpath=//*[@id="firstname"]'.</msg>
<arg>${locator_add_user_firstname}</arg>
<arg>${fname}</arg>
<doc>Types the given ``text`` into the text field identified by ``locator``.</doc>
<status status="PASS" start="2024-05-29T13:35:13.894242" elapsed="1.282115"/>
</kw>
<kw name="Input Text" owner="SeleniumLibrary">
<msg time="2024-05-29T13:35:15.177958" level="INFO">Typing text 'test' into text field 'xpath=//*[@id="lastname"]'.</msg>
<arg>${locator_add_user_lastname}</arg>
<arg>${lname}</arg>
<doc>Types the given ``text`` into the text field identified by ``locator``.</doc>
<status status="PASS" start="2024-05-29T13:35:15.177054" elapsed="1.289691"/>
</kw>
<kw name="Input Text" owner="SeleniumLibrary">
<msg time="2024-05-29T13:35:16.470262" level="INFO">Typing text 'test@gmail.com' into text field 'id=email'.</msg>
<arg>${locator_add_user_email}</arg>
<arg>${email}</arg>
<doc>Types the given ``text`` into the text field identified by ``locator``.</doc>
<status status="PASS" start="2024-05-29T13:35:16.469326" elapsed="1.304810"/>
</kw>
<kw name="Input Text" owner="SeleniumLibrary">
<msg time="2024-05-29T13:35:17.776457" level="INFO">Typing text '' into text field 'id=password'.</msg>
<arg>${locator_add_user_password}</arg>
<arg>${pw}</arg>
<doc>Types the given ``text`` into the text field identified by ``locator``.</doc>
<status status="PASS" start="2024-05-29T13:35:17.775193" elapsed="1.286968"/>
</kw>
<kw name="Input Text" owner="SeleniumLibrary">
<msg time="2024-05-29T13:35:19.063055" level="INFO">Typing text '0812345679' into text field 'id=mobile-phone'.</msg>
<arg>${locator_add_user_mobile_phone}</arg>
<arg>${phone}</arg>
<doc>Types the given ``text`` into the text field identified by ``locator``.</doc>
<status status="PASS" start="2024-05-29T13:35:19.062535" elapsed="1.294060"/>
</kw>
<if>
<branch type="IF" condition="&quot;${gender}&quot; == &quot;female&quot;">
<kw name="Click Element" owner="SeleniumLibrary">
<msg time="2024-05-29T13:35:20.357076" level="INFO">Clicking element 'xpath=//*[@id="__next"]/div[1]/div[2]/main/div/div[3]/div/div/div/form/div[6]/div/label[1]/span[1]/input'.</msg>
<arg>${locator_add_user_gender_female}</arg>
<doc>Click the element identified by ``locator``.</doc>
<status status="PASS" start="2024-05-29T13:35:20.356926" elapsed="0.843657"/>
</kw>
<status status="PASS" start="2024-05-29T13:35:20.356726" elapsed="0.844066"/>
</branch>
<branch type="ELSE IF" condition="&quot;${gender}&quot; == &quot;male&quot;">
<kw name="Click Element" owner="SeleniumLibrary">
<arg>${locator_add_user_gender_male}</arg>
<doc>Click the element identified by ``locator``.</doc>
<status status="NOT RUN" start="2024-05-29T13:35:21.201170" elapsed="0.000123"/>
</kw>
<status status="NOT RUN" start="2024-05-29T13:35:21.200872" elapsed="0.000508"/>
</branch>
<status status="PASS" start="2024-05-29T13:35:20.356710" elapsed="0.844724"/>
</if>
<if>
<branch type="IF" condition="${course} == 1">
<kw name="Select Checkbox" owner="SeleniumLibrary">
<arg>${locator_add_user_sql}</arg>
<doc>Selects the checkbox identified by ``locator``.</doc>
<status status="NOT RUN" start="2024-05-29T13:35:21.201795" elapsed="0.000096"/>
</kw>
<status status="NOT RUN" start="2024-05-29T13:35:21.201507" elapsed="0.000474"/>
</branch>
<branch type="ELSE IF" condition="${course} == 2">
<kw name="Select Checkbox" owner="SeleniumLibrary">
<arg>${locator_add_user_sql}</arg>
<doc>Selects the checkbox identified by ``locator``.</doc>
<status status="NOT RUN" start="2024-05-29T13:35:21.202239" elapsed="0.000091"/>
</kw>
<kw name="Select Checkbox" owner="SeleniumLibrary">
<arg>${locator_add_user_test_manual}</arg>
<doc>Selects the checkbox identified by ``locator``.</doc>
<status status="NOT RUN" start="2024-05-29T13:35:21.202457" elapsed="0.000083"/>
</kw>
<status status="NOT RUN" start="2024-05-29T13:35:21.202032" elapsed="0.000578"/>
</branch>
<branch type="ELSE IF" condition="${course} == 3">
<kw name="Select Checkbox" owner="SeleniumLibrary">
<arg>${locator_add_user_automate_test}</arg>
<doc>Selects the checkbox identified by ``locator``.</doc>
<status status="NOT RUN" start="2024-05-29T13:35:21.202841" elapsed="0.000085"/>
</kw>
<kw name="Select Checkbox" owner="SeleniumLibrary">
<arg>${locator_add_user_sql}</arg>
<doc>Selects the checkbox identified by ``locator``.</doc>
<status status="NOT RUN" start="2024-05-29T13:35:21.203046" elapsed="0.000077"/>
</kw>
<kw name="Select Checkbox" owner="SeleniumLibrary">
<arg>${locator_add_user_test_manual}</arg>
<doc>Selects the checkbox identified by ``locator``.</doc>
<status status="NOT RUN" start="2024-05-29T13:35:21.203240" elapsed="0.000073"/>
</kw>
<status status="NOT RUN" start="2024-05-29T13:35:21.202659" elapsed="0.000719"/>
</branch>
<branch type="ELSE IF" condition="${course} == 4">
<kw name="Select Checkbox" owner="SeleniumLibrary">
<msg time="2024-05-29T13:35:21.203923" level="INFO">Selecting checkbox 'name=courses.Automate Test2'.</msg>
<arg>${locator_add_user_automate_test2}</arg>
<doc>Selects the checkbox identified by ``locator``.</doc>
<status status="PASS" start="2024-05-29T13:35:21.203605" elapsed="2.094477"/>
</kw>
<kw name="Select Checkbox" owner="SeleniumLibrary">
<msg time="2024-05-29T13:35:23.300107" level="INFO">Selecting checkbox 'name=courses.Automate Test'.</msg>
<arg>${locator_add_user_automate_test}</arg>
<doc>Selects the checkbox identified by ``locator``.</doc>
<status status="PASS" start="2024-05-29T13:35:23.299142" elapsed="2.093537"/>
</kw>
<kw name="Select Checkbox" owner="SeleniumLibrary">
<msg time="2024-05-29T13:35:25.394704" level="INFO">Selecting checkbox 'name=courses.SQL'.</msg>
<arg>${locator_add_user_sql}</arg>
<doc>Selects the checkbox identified by ``locator``.</doc>
<status status="PASS" start="2024-05-29T13:35:25.393633" elapsed="2.094282"/>
</kw>
<kw name="Select Checkbox" owner="SeleniumLibrary">
<msg time="2024-05-29T13:35:27.489449" level="INFO">Selecting checkbox 'name=courses.Test Manual'.</msg>
<arg>${locator_add_user_test_manual}</arg>
<doc>Selects the checkbox identified by ``locator``.</doc>
<status status="PASS" start="2024-05-29T13:35:27.488681" elapsed="2.101546"/>
</kw>
<status status="PASS" start="2024-05-29T13:35:21.203427" elapsed="8.387365"/>
</branch>
<status status="PASS" start="2024-05-29T13:35:21.201488" elapsed="8.389446"/>
</if>
<if>
<branch type="IF" condition="${national} == 1">
<kw name="Select Nationality" owner="Keyword">
<kw name="Click Element" owner="SeleniumLibrary">
<msg time="2024-05-29T13:35:29.592890" level="INFO">Clicking element 'id=nationality'.</msg>
<arg>${locator_add_user_nationality}</arg>
<doc>Click the element identified by ``locator``.</doc>
<status status="PASS" start="2024-05-29T13:35:29.592532" elapsed="0.906160"/>
</kw>
<kw name="Wait Until Element Is Visible" owner="SeleniumLibrary">
<arg>${locator_add_user_nationality_thai}</arg>
<doc>Waits until the element ``locator`` is visible.</doc>
<status status="PASS" start="2024-05-29T13:35:30.499042" elapsed="0.826713"/>
</kw>
<kw name="Click Element" owner="SeleniumLibrary">
<msg time="2024-05-29T13:35:31.327066" level="INFO">Clicking element 'xpath=//*[@id="menu-"]/div[3]/ul/li[221]'.</msg>
<arg>${locator_add_user_nationality_thai}</arg>
<doc>Click the element identified by ``locator``.</doc>
<status status="PASS" start="2024-05-29T13:35:31.326320" elapsed="0.911832"/>
</kw>
<status status="PASS" start="2024-05-29T13:35:29.592019" elapsed="2.646452"/>
</kw>
<status status="PASS" start="2024-05-29T13:35:29.591120" elapsed="2.647462"/>
</branch>
<status status="PASS" start="2024-05-29T13:35:29.591069" elapsed="2.647594"/>
</if>
<if>
<branch type="IF" condition="${role} == 1">
<kw name="Select Role" owner="Keyword">
<kw name="Click Element" owner="SeleniumLibrary">
<msg time="2024-05-29T13:35:32.240288" level="INFO">Clicking element 'id=select-role'.</msg>
<arg>${locator_add_user_select_role}</arg>
<doc>Click the element identified by ``locator``.</doc>
<status status="PASS" start="2024-05-29T13:35:32.239930" elapsed="0.840666"/>
</kw>
<kw name="Wait Until Element Is Visible" owner="SeleniumLibrary">
<arg>${locator_add_user_select_role_admin}</arg>
<doc>Waits until the element ``locator`` is visible.</doc>
<status status="PASS" start="2024-05-29T13:35:33.081307" elapsed="0.839002"/>
</kw>
<kw name="Click Element" owner="SeleniumLibrary">
<msg time="2024-05-29T13:35:33.922686" level="INFO">Clicking element 'xpath=//*[@id="menu-"]/div[3]/ul/li[1]'.</msg>
<arg>${locator_add_user_select_role_admin}</arg>
<doc>Click the element identified by ``locator``.</doc>
<status status="PASS" start="2024-05-29T13:35:33.921365" elapsed="0.858927"/>
</kw>
<status status="PASS" start="2024-05-29T13:35:32.239460" elapsed="2.542614"/>
</kw>
<status status="PASS" start="2024-05-29T13:35:32.238775" elapsed="2.543514"/>
</branch>
<status status="PASS" start="2024-05-29T13:35:32.238744" elapsed="2.543671"/>
</if>
<if>
<branch type="IF" condition="${plan} == 1">
<kw name="Select Plan" owner="Keyword">
<kw name="Click Element" owner="SeleniumLibrary">
<msg time="2024-05-29T13:35:34.784637" level="INFO">Clicking element 'id=select-plan'.</msg>
<arg>${locator_add_user_select_plan}</arg>
<doc>Click the element identified by ``locator``.</doc>
<status status="PASS" start="2024-05-29T13:35:34.784008" elapsed="0.859341"/>
</kw>
<kw name="Wait Until Element Is Visible" owner="SeleniumLibrary">
<arg>${locator_add_user_select_plan_basic}</arg>
<doc>Waits until the element ``locator`` is visible.</doc>
<status status="PASS" start="2024-05-29T13:35:35.644187" elapsed="0.832825"/>
</kw>
<kw name="Click Element" owner="SeleniumLibrary">
<msg time="2024-05-29T13:35:36.478732" level="INFO">Clicking element 'xpath=//*[@id="menu-"]/div[3]/ul/li[1]'.</msg>
<arg>${locator_add_user_select_plan_basic}</arg>
<doc>Click the element identified by ``locator``.</doc>
<status status="PASS" start="2024-05-29T13:35:36.477674" elapsed="0.858738"/>
</kw>
<status status="PASS" start="2024-05-29T13:35:34.783379" elapsed="2.553708"/>
</kw>
<status status="PASS" start="2024-05-29T13:35:34.782583" elapsed="2.554677"/>
</branch>
<status status="PASS" start="2024-05-29T13:35:34.782532" elapsed="2.554859"/>
</if>
<kw name="Click Element" owner="SeleniumLibrary">
<msg time="2024-05-29T13:35:37.338715" level="INFO">Clicking element 'xpath=//*[@id="__next"]/div[1]/div[2]/main/div/div[3]/div/div/div/form/button'.</msg>
<arg>${locator_add_user_btn_sign_up}</arg>
<doc>Click the element identified by ``locator``.</doc>
<status status="PASS" start="2024-05-29T13:35:37.337638" elapsed="0.866468"/>
</kw>
<kw name="Get Text" owner="SeleniumLibrary">
<msg time="2024-05-29T13:35:39.040101" level="INFO">${txt} = This field is required</msg>
<var>${txt}</var>
<arg>${locator}</arg>
<doc>Returns the text value of the element identified by ``locator``.</doc>
<status status="PASS" start="2024-05-29T13:35:38.204453" elapsed="0.836040"/>
</kw>
<kw name="Should Be Equal As Strings" owner="BuiltIn">
<arg>${txt}</arg>
<arg>${errmsg}</arg>
<doc>Fails if objects are unequal after converting them to strings.</doc>
<status status="PASS" start="2024-05-29T13:35:39.041038" elapsed="0.000804"/>
</kw>
<kw name="Reload Page" owner="SeleniumLibrary">
<doc>Simulates user reloading page.</doc>
<status status="PASS" start="2024-05-29T13:35:39.042104" elapsed="0.531977"/>
</kw>
<arg>test</arg>
<arg>test</arg>
<arg>test@gmail.com</arg>
<arg>${EMPTY}</arg>
<arg>0812345679</arg>
<arg>female</arg>
<arg>4</arg>
<arg>1</arg>
<arg>1</arg>
<arg>1</arg>
<arg>${locator_err_password}</arg>
<arg>This field is required</arg>
<status status="PASS" start="2024-05-29T13:35:13.059085" elapsed="26.515833"/>
</kw>
<kw name="Add User fail" owner="Keyword">
<kw name="Wait Until Element Is Visible" owner="SeleniumLibrary">
<arg>${locator_add_user_firstname}</arg>
<doc>Waits until the element ``locator`` is visible.</doc>
<status status="PASS" start="2024-05-29T13:35:39.579109" elapsed="0.825804"/>
</kw>
<kw name="Input Text" owner="SeleniumLibrary">
<msg time="2024-05-29T13:35:40.406369" level="INFO">Typing text 'test' into text field 'xpath=//*[@id="firstname"]'.</msg>
<arg>${locator_add_user_firstname}</arg>
<arg>${fname}</arg>
<doc>Types the given ``text`` into the text field identified by ``locator``.</doc>
<status status="PASS" start="2024-05-29T13:35:40.405519" elapsed="1.283355"/>
</kw>
<kw name="Input Text" owner="SeleniumLibrary">
<msg time="2024-05-29T13:35:41.690861" level="INFO">Typing text 'test' into text field 'xpath=//*[@id="lastname"]'.</msg>
<arg>${locator_add_user_lastname}</arg>
<arg>${lname}</arg>
<doc>Types the given ``text`` into the text field identified by ``locator``.</doc>
<status status="PASS" start="2024-05-29T13:35:41.689921" elapsed="1.296615"/>
</kw>
<kw name="Input Text" owner="SeleniumLibrary">
<msg time="2024-05-29T13:35:42.987552" level="INFO">Typing text 'test@gmail.com' into text field 'id=email'.</msg>
<arg>${locator_add_user_email}</arg>
<arg>${email}</arg>
<doc>Types the given ``text`` into the text field identified by ``locator``.</doc>
<status status="PASS" start="2024-05-29T13:35:42.987007" elapsed="1.307869"/>
</kw>
<kw name="Input Text" owner="SeleniumLibrary">
<msg time="2024-05-29T13:35:44.295718" level="INFO">Typing text 'test123' into text field 'id=password'.</msg>
<arg>${locator_add_user_password}</arg>
<arg>${pw}</arg>
<doc>Types the given ``text`` into the text field identified by ``locator``.</doc>
<status status="PASS" start="2024-05-29T13:35:44.295215" elapsed="1.291150"/>
</kw>
<kw name="Input Text" owner="SeleniumLibrary">
<msg time="2024-05-29T13:35:45.587331" level="INFO">Typing text '' into text field 'id=mobile-phone'.</msg>
<arg>${locator_add_user_mobile_phone}</arg>
<arg>${phone}</arg>
<doc>Types the given ``text`` into the text field identified by ``locator``.</doc>
<status status="PASS" start="2024-05-29T13:35:45.586780" elapsed="1.284438"/>
</kw>
<if>
<branch type="IF" condition="&quot;${gender}&quot; == &quot;female&quot;">
<kw name="Click Element" owner="SeleniumLibrary">
<msg time="2024-05-29T13:35:46.873722" level="INFO">Clicking element 'xpath=//*[@id="__next"]/div[1]/div[2]/main/div/div[3]/div/div/div/form/div[6]/div/label[1]/span[1]/input'.</msg>
<arg>${locator_add_user_gender_female}</arg>
<doc>Click the element identified by ``locator``.</doc>
<status status="PASS" start="2024-05-29T13:35:46.872843" elapsed="0.864714"/>
</kw>
<status status="PASS" start="2024-05-29T13:35:46.871804" elapsed="0.866106"/>
</branch>
<branch type="ELSE IF" condition="&quot;${gender}&quot; == &quot;male&quot;">
<kw name="Click Element" owner="SeleniumLibrary">
<arg>${locator_add_user_gender_male}</arg>
<doc>Click the element identified by ``locator``.</doc>
<status status="NOT RUN" start="2024-05-29T13:35:47.738580" elapsed="0.000179"/>
</kw>
<status status="NOT RUN" start="2024-05-29T13:35:47.738056" elapsed="0.000808"/>
</branch>
<status status="PASS" start="2024-05-29T13:35:46.871731" elapsed="0.867195"/>
</if>
<if>
<branch type="IF" condition="${course} == 1">
<kw name="Select Checkbox" owner="SeleniumLibrary">
<arg>${locator_add_user_sql}</arg>
<doc>Selects the checkbox identified by ``locator``.</doc>
<status status="NOT RUN" start="2024-05-29T13:35:47.739408" elapsed="0.000110"/>
</kw>
<status status="NOT RUN" start="2024-05-29T13:35:47.739046" elapsed="0.000599"/>
</branch>
<branch type="ELSE IF" condition="${course} == 2">
<kw name="Select Checkbox" owner="SeleniumLibrary">
<msg time="2024-05-29T13:35:47.740641" level="INFO">Selecting checkbox 'name=courses.SQL'.</msg>
<arg>${locator_add_user_sql}</arg>
<doc>Selects the checkbox identified by ``locator``.</doc>
<status status="PASS" start="2024-05-29T13:35:47.740169" elapsed="2.101915"/>
</kw>
<kw name="Select Checkbox" owner="SeleniumLibrary">
<msg time="2024-05-29T13:35:49.843861" level="INFO">Selecting checkbox 'name=courses.Test Manual'.</msg>
<arg>${locator_add_user_test_manual}</arg>
<doc>Selects the checkbox identified by ``locator``.</doc>
<status status="PASS" start="2024-05-29T13:35:49.842768" elapsed="2.102543"/>
</kw>
<status status="PASS" start="2024-05-29T13:35:47.739744" elapsed="4.205900"/>
</branch>
<branch type="ELSE IF" condition="${course} == 3">
<kw name="Select Checkbox" owner="SeleniumLibrary">
<arg>${locator_add_user_automate_test}</arg>
<doc>Selects the checkbox identified by ``locator``.</doc>
<status status="NOT RUN" start="2024-05-29T13:35:51.946236" elapsed="0.000344"/>
</kw>
<kw name="Select Checkbox" owner="SeleniumLibrary">
<arg>${locator_add_user_sql}</arg>
<doc>Selects the checkbox identified by ``locator``.</doc>
<status status="NOT RUN" start="2024-05-29T13:35:51.946763" elapsed="0.000109"/>
</kw>
<kw name="Select Checkbox" owner="SeleniumLibrary">
<arg>${locator_add_user_test_manual}</arg>
<doc>Selects the checkbox identified by ``locator``.</doc>
<status status="NOT RUN" start="2024-05-29T13:35:51.947017" elapsed="0.000091"/>
</kw>
<status status="NOT RUN" start="2024-05-29T13:35:51.945755" elapsed="0.001615"/>
</branch>
<branch type="ELSE IF" condition="${course} == 4">
<kw name="Select Checkbox" owner="SeleniumLibrary">
<arg>${locator_add_user_automate_test2}</arg>
<doc>Selects the checkbox identified by ``locator``.</doc>
<status status="NOT RUN" start="2024-05-29T13:35:51.947953" elapsed="0.000112"/>
</kw>
<kw name="Select Checkbox" owner="SeleniumLibrary">
<arg>${locator_add_user_automate_test}</arg>
<doc>Selects the checkbox identified by ``locator``.</doc>
<status status="NOT RUN" start="2024-05-29T13:35:51.948307" elapsed="0.000092"/>
</kw>
<kw name="Select Checkbox" owner="SeleniumLibrary">
<arg>${locator_add_user_sql}</arg>
<doc>Selects the checkbox identified by ``locator``.</doc>
<status status="NOT RUN" start="2024-05-29T13:35:51.948520" elapsed="0.000200"/>
</kw>
<kw name="Select Checkbox" owner="SeleniumLibrary">
<arg>${locator_add_user_test_manual}</arg>
<doc>Selects the checkbox identified by ``locator``.</doc>
<status status="NOT RUN" start="2024-05-29T13:35:51.949244" elapsed="0.000191"/>
</kw>
<status status="NOT RUN" start="2024-05-29T13:35:51.947720" elapsed="0.001818"/>
</branch>
<status status="PASS" start="2024-05-29T13:35:47.739016" elapsed="4.210597"/>
</if>
<if>
<branch type="IF" condition="${national} == 1">
<kw name="Select Nationality" owner="Keyword">
<kw name="Click Element" owner="SeleniumLibrary">
<msg time="2024-05-29T13:35:51.951167" level="INFO">Clicking element 'id=nationality'.</msg>
<arg>${locator_add_user_nationality}</arg>
<doc>Click the element identified by ``locator``.</doc>
<status status="PASS" start="2024-05-29T13:35:51.950854" elapsed="0.893290"/>
</kw>
<kw name="Wait Until Element Is Visible" owner="SeleniumLibrary">
<arg>${locator_add_user_nationality_thai}</arg>
<doc>Waits until the element ``locator`` is visible.</doc>
<status status="PASS" start="2024-05-29T13:35:52.844409" elapsed="0.823197"/>
</kw>
<kw name="Click Element" owner="SeleniumLibrary">
<msg time="2024-05-29T13:35:53.668969" level="INFO">Clicking element 'xpath=//*[@id="menu-"]/div[3]/ul/li[221]'.</msg>
<arg>${locator_add_user_nationality_thai}</arg>
<doc>Click the element identified by ``locator``.</doc>
<status status="PASS" start="2024-05-29T13:35:53.668176" elapsed="0.897654"/>
</kw>
<status status="PASS" start="2024-05-29T13:35:51.950440" elapsed="2.615681"/>
</kw>
<status status="PASS" start="2024-05-29T13:35:51.949764" elapsed="2.616525"/>
</branch>
<status status="PASS" start="2024-05-29T13:35:51.949720" elapsed="2.616625"/>
</if>
<if>
<branch type="IF" condition="${role} == 1">
<kw name="Select Role" owner="Keyword">
<kw name="Click Element" owner="SeleniumLibrary">
<msg time="2024-05-29T13:35:54.567172" level="INFO">Clicking element 'id=select-role'.</msg>
<arg>${locator_add_user_select_role}</arg>
<doc>Click the element identified by ``locator``.</doc>
<status status="PASS" start="2024-05-29T13:35:54.566981" elapsed="0.837733"/>
</kw>
<kw name="Wait Until Element Is Visible" owner="SeleniumLibrary">
<arg>${locator_add_user_select_role_admin}</arg>
<doc>Waits until the element ``locator`` is visible.</doc>
<status status="PASS" start="2024-05-29T13:35:55.405526" elapsed="0.833020"/>
</kw>
<kw name="Click Element" owner="SeleniumLibrary">
<msg time="2024-05-29T13:35:56.240520" level="INFO">Clicking element 'xpath=//*[@id="menu-"]/div[3]/ul/li[1]'.</msg>
<arg>${locator_add_user_select_role_admin}</arg>
<doc>Click the element identified by ``locator``.</doc>
<status status="PASS" start="2024-05-29T13:35:56.239550" elapsed="0.854518"/>
</kw>
<status status="PASS" start="2024-05-29T13:35:54.566742" elapsed="2.527935"/>
</kw>
<status status="PASS" start="2024-05-29T13:35:54.566423" elapsed="2.528414"/>
</branch>
<status status="PASS" start="2024-05-29T13:35:54.566404" elapsed="2.528543"/>
</if>
<if>
<branch type="IF" condition="${plan} == 1">
<kw name="Select Plan" owner="Keyword">
<kw name="Click Element" owner="SeleniumLibrary">
<msg time="2024-05-29T13:35:57.097304" level="INFO">Clicking element 'id=select-plan'.</msg>
<arg>${locator_add_user_select_plan}</arg>
<doc>Click the element identified by ``locator``.</doc>
<status status="PASS" start="2024-05-29T13:35:57.096780" elapsed="0.855512"/>
</kw>
<kw name="Wait Until Element Is Visible" owner="SeleniumLibrary">
<arg>${locator_add_user_select_plan_basic}</arg>
<doc>Waits until the element ``locator`` is visible.</doc>
<status status="PASS" start="2024-05-29T13:35:57.952503" elapsed="0.826881"/>
</kw>
<kw name="Click Element" owner="SeleniumLibrary">
<msg time="2024-05-29T13:35:58.781656" level="INFO">Clicking element 'xpath=//*[@id="menu-"]/div[3]/ul/li[1]'.</msg>
<arg>${locator_add_user_select_plan_basic}</arg>
<doc>Click the element identified by ``locator``.</doc>
<status status="PASS" start="2024-05-29T13:35:58.780316" elapsed="0.854450"/>
</kw>
<status status="PASS" start="2024-05-29T13:35:57.096085" elapsed="2.539358"/>
</kw>
<status status="PASS" start="2024-05-29T13:35:57.095101" elapsed="2.540584"/>
</branch>
<status status="PASS" start="2024-05-29T13:35:57.095056" elapsed="2.540825"/>
</if>
<kw name="Click Element" owner="SeleniumLibrary">
<msg time="2024-05-29T13:35:59.637054" level="INFO">Clicking element 'xpath=//*[@id="__next"]/div[1]/div[2]/main/div/div[3]/div/div/div/form/button'.</msg>
<arg>${locator_add_user_btn_sign_up}</arg>
<doc>Click the element identified by ``locator``.</doc>
<status status="PASS" start="2024-05-29T13:35:59.636255" elapsed="0.873833"/>
</kw>
<kw name="Get Text" owner="SeleniumLibrary">
<msg time="2024-05-29T13:36:01.338933" level="INFO">${txt} = This field is required</msg>
<var>${txt}</var>
<arg>${locator}</arg>
<doc>Returns the text value of the element identified by ``locator``.</doc>
<status status="PASS" start="2024-05-29T13:36:00.510599" elapsed="0.829138"/>
</kw>
<kw name="Should Be Equal As Strings" owner="BuiltIn">
<arg>${txt}</arg>
<arg>${errmsg}</arg>
<doc>Fails if objects are unequal after converting them to strings.</doc>
<status status="PASS" start="2024-05-29T13:36:01.340331" elapsed="0.001056"/>
</kw>
<kw name="Reload Page" owner="SeleniumLibrary">
<doc>Simulates user reloading page.</doc>
<status status="PASS" start="2024-05-29T13:36:01.341606" elapsed="0.515371"/>
</kw>
<arg>test</arg>
<arg>test</arg>
<arg>test@gmail.com</arg>
<arg>test123</arg>
<arg>${EMPTY}</arg>
<arg>female</arg>
<arg>2</arg>
<arg>1</arg>
<arg>1</arg>
<arg>1</arg>
<arg>${locator_err_phone}</arg>
<arg>This field is required</arg>
<status status="PASS" start="2024-05-29T13:35:39.576289" elapsed="22.281045"/>
</kw>
<kw name="Add User fail" owner="Keyword">
<kw name="Wait Until Element Is Visible" owner="SeleniumLibrary">
<arg>${locator_add_user_firstname}</arg>
<doc>Waits until the element ``locator`` is visible.</doc>
<status status="PASS" start="2024-05-29T13:36:01.860140" elapsed="0.828638"/>
</kw>
<kw name="Input Text" owner="SeleniumLibrary">
<msg time="2024-05-29T13:36:02.689673" level="INFO">Typing text 'test' into text field 'xpath=//*[@id="firstname"]'.</msg>
<arg>${locator_add_user_firstname}</arg>
<arg>${fname}</arg>
<doc>Types the given ``text`` into the text field identified by ``locator``.</doc>
<status status="PASS" start="2024-05-29T13:36:02.689184" elapsed="1.277423"/>
</kw>
<kw name="Input Text" owner="SeleniumLibrary">
<msg time="2024-05-29T13:36:03.967436" level="INFO">Typing text 'test' into text field 'xpath=//*[@id="lastname"]'.</msg>
<arg>${locator_add_user_lastname}</arg>
<arg>${lname}</arg>
<doc>Types the given ``text`` into the text field identified by ``locator``.</doc>
<status status="PASS" start="2024-05-29T13:36:03.966951" elapsed="1.285252"/>
</kw>
<kw name="Input Text" owner="SeleniumLibrary">
<msg time="2024-05-29T13:36:05.254446" level="INFO">Typing text 'test@gmail.com' into text field 'id=email'.</msg>
<arg>${locator_add_user_email}</arg>
<arg>${email}</arg>
<doc>Types the given ``text`` into the text field identified by ``locator``.</doc>
<status status="PASS" start="2024-05-29T13:36:05.253186" elapsed="1.308162"/>
</kw>
<kw name="Input Text" owner="SeleniumLibrary">
<msg time="2024-05-29T13:36:06.564255" level="INFO">Typing text 'test123' into text field 'id=password'.</msg>
<arg>${locator_add_user_password}</arg>
<arg>${pw}</arg>
<doc>Types the given ``text`` into the text field identified by ``locator``.</doc>
<status status="PASS" start="2024-05-29T13:36:06.563148" elapsed="1.296307"/>
</kw>
<kw name="Input Text" owner="SeleniumLibrary">
<msg time="2024-05-29T13:36:07.861921" level="INFO">Typing text '0812345679' into text field 'id=mobile-phone'.</msg>
<arg>${locator_add_user_mobile_phone}</arg>
<arg>${phone}</arg>
<doc>Types the given ``text`` into the text field identified by ``locator``.</doc>
<status status="PASS" start="2024-05-29T13:36:07.860467" elapsed="1.296358"/>
</kw>
<if>
<branch type="IF" condition="&quot;${gender}&quot; == &quot;female&quot;">
<kw name="Click Element" owner="SeleniumLibrary">
<arg>${locator_add_user_gender_female}</arg>
<doc>Click the element identified by ``locator``.</doc>
<status status="NOT RUN" start="2024-05-29T13:36:09.158332" elapsed="0.000233"/>
</kw>
<status status="NOT RUN" start="2024-05-29T13:36:09.157518" elapsed="0.001190"/>
</branch>
<branch type="ELSE IF" condition="&quot;${gender}&quot; == &quot;male&quot;">
<kw name="Click Element" owner="SeleniumLibrary">
<arg>${locator_add_user_gender_male}</arg>
<doc>Click the element identified by ``locator``.</doc>
<status status="NOT RUN" start="2024-05-29T13:36:09.159305" elapsed="0.000129"/>
</kw>
<status status="NOT RUN" start="2024-05-29T13:36:09.158873" elapsed="0.000660"/>
</branch>
<status status="PASS" start="2024-05-29T13:36:09.157442" elapsed="0.002152"/>
</if>
<if>
<branch type="IF" condition="${course} == 1">
<kw name="Select Checkbox" owner="SeleniumLibrary">
<arg>${locator_add_user_sql}</arg>
<doc>Selects the checkbox identified by ``locator``.</doc>
<status status="NOT RUN" start="2024-05-29T13:36:09.160019" elapsed="0.000132"/>
</kw>
<status status="NOT RUN" start="2024-05-29T13:36:09.159715" elapsed="0.000542"/>
</branch>
<branch type="ELSE IF" condition="${course} == 2">
<kw name="Select Checkbox" owner="SeleniumLibrary">
<arg>${locator_add_user_sql}</arg>
<doc>Selects the checkbox identified by ``locator``.</doc>
<status status="NOT RUN" start="2024-05-29T13:36:09.160554" elapsed="0.000104"/>
</kw>
<kw name="Select Checkbox" owner="SeleniumLibrary">
<arg>${locator_add_user_test_manual}</arg>
<doc>Selects the checkbox identified by ``locator``.</doc>
<status status="NOT RUN" start="2024-05-29T13:36:09.160802" elapsed="0.000095"/>
</kw>
<status status="NOT RUN" start="2024-05-29T13:36:09.160321" elapsed="0.000658"/>
</branch>
<branch type="ELSE IF" condition="${course} == 3">
<kw name="Select Checkbox" owner="SeleniumLibrary">
<msg time="2024-05-29T13:36:09.161835" level="INFO">Selecting checkbox 'name=courses.Automate Test'.</msg>
<arg>${locator_add_user_automate_test}</arg>
<doc>Selects the checkbox identified by ``locator``.</doc>
<status status="PASS" start="2024-05-29T13:36:09.161234" elapsed="2.104747"/>
</kw>
<kw name="Select Checkbox" owner="SeleniumLibrary">
<msg time="2024-05-29T13:36:11.268245" level="INFO">Selecting checkbox 'name=courses.SQL'.</msg>
<arg>${locator_add_user_sql}</arg>
<doc>Selects the checkbox identified by ``locator``.</doc>
<status status="PASS" start="2024-05-29T13:36:11.267027" elapsed="2.095672"/>
</kw>
<kw name="Select Checkbox" owner="SeleniumLibrary">
<msg time="2024-05-29T13:36:13.364272" level="INFO">Selecting checkbox 'name=courses.Test Manual'.</msg>
<arg>${locator_add_user_test_manual}</arg>
<doc>Selects the checkbox identified by ``locator``.</doc>
<status status="PASS" start="2024-05-29T13:36:13.363370" elapsed="2.089335"/>
</kw>
<status status="PASS" start="2024-05-29T13:36:09.161033" elapsed="6.292264"/>
</branch>
<branch type="ELSE IF" condition="${course} == 4">
<kw name="Select Checkbox" owner="SeleniumLibrary">
<arg>${locator_add_user_automate_test2}</arg>
<doc>Selects the checkbox identified by ``locator``.</doc>
<status status="NOT RUN" start="2024-05-29T13:36:15.454208" elapsed="0.000197"/>
</kw>
<kw name="Select Checkbox" owner="SeleniumLibrary">
<arg>${locator_add_user_automate_test}</arg>
<doc>Selects the checkbox identified by ``locator``.</doc>
<status status="NOT RUN" start="2024-05-29T13:36:15.454610" elapsed="0.000131"/>
</kw>
<kw name="Select Checkbox" owner="SeleniumLibrary">
<arg>${locator_add_user_sql}</arg>
<doc>Selects the checkbox identified by ``locator``.</doc>
<status status="NOT RUN" start="2024-05-29T13:36:15.454911" elapsed="0.000108"/>
</kw>
<kw name="Select Checkbox" owner="SeleniumLibrary">
<arg>${locator_add_user_test_manual}</arg>
<doc>Selects the checkbox identified by ``locator``.</doc>
<status status="NOT RUN" start="2024-05-29T13:36:15.455173" elapsed="0.000141"/>
</kw>
<status status="NOT RUN" start="2024-05-29T13:36:15.453473" elapsed="0.001989"/>
</branch>
<status status="PASS" start="2024-05-29T13:36:09.159686" elapsed="6.295859"/>
</if>
<if>
<branch type="IF" condition="${national} == 1">
<kw name="Select Nationality" owner="Keyword">
<kw name="Click Element" owner="SeleniumLibrary">
<msg time="2024-05-29T13:36:15.457367" level="INFO">Clicking element 'id=nationality'.</msg>
<arg>${locator_add_user_nationality}</arg>
<doc>Click the element identified by ``locator``.</doc>
<status status="PASS" start="2024-05-29T13:36:15.456870" elapsed="0.906886"/>
</kw>
<kw name="Wait Until Element Is Visible" owner="SeleniumLibrary">
<arg>${locator_add_user_nationality_thai}</arg>
<doc>Waits until the element ``locator`` is visible.</doc>
<status status="PASS" start="2024-05-29T13:36:16.364077" elapsed="0.827292"/>
</kw>
<kw name="Click Element" owner="SeleniumLibrary">
<msg time="2024-05-29T13:36:17.192941" level="INFO">Clicking element 'xpath=//*[@id="menu-"]/div[3]/ul/li[221]'.</msg>
<arg>${locator_add_user_nationality_thai}</arg>
<doc>Click the element identified by ``locator``.</doc>
<status status="PASS" start="2024-05-29T13:36:17.192078" elapsed="0.915004"/>
</kw>
<status status="PASS" start="2024-05-29T13:36:15.456291" elapsed="2.651330"/>
</kw>
<status status="PASS" start="2024-05-29T13:36:15.455678" elapsed="2.652076"/>
</branch>
<status status="PASS" start="2024-05-29T13:36:15.455646" elapsed="2.652215"/>
</if>
<if>
<branch type="IF" condition="${role} == 1">
<kw name="Select Role" owner="Keyword">
<kw name="Click Element" owner="SeleniumLibrary">
<msg time="2024-05-29T13:36:18.109999" level="INFO">Clicking element 'id=select-role'.</msg>
<arg>${locator_add_user_select_role}</arg>
<doc>Click the element identified by ``locator``.</doc>
<status status="PASS" start="2024-05-29T13:36:18.109520" elapsed="0.845260"/>
</kw>
<kw name="Wait Until Element Is Visible" owner="SeleniumLibrary">
<arg>${locator_add_user_select_role_admin}</arg>
<doc>Waits until the element ``locator`` is visible.</doc>
<status status="PASS" start="2024-05-29T13:36:18.955125" elapsed="0.830663"/>
</kw>
<kw name="Click Element" owner="SeleniumLibrary">
<msg time="2024-05-29T13:36:19.788130" level="INFO">Clicking element 'xpath=//*[@id="menu-"]/div[3]/ul/li[1]'.</msg>
<arg>${locator_add_user_select_role_admin}</arg>
<doc>Click the element identified by ``locator``.</doc>
<status status="PASS" start="2024-05-29T13:36:19.786693" elapsed="0.860399"/>
</kw>
<status status="PASS" start="2024-05-29T13:36:18.108793" elapsed="2.538963"/>
</kw>
<status status="PASS" start="2024-05-29T13:36:18.108011" elapsed="2.540012"/>
</branch>
<status status="PASS" start="2024-05-29T13:36:18.107970" elapsed="2.540885"/>
</if>
<if>
<branch type="IF" condition="${plan} == 1">
<kw name="Select Plan" owner="Keyword">
<kw name="Click Element" owner="SeleniumLibrary">
<msg time="2024-05-29T13:36:20.651620" level="INFO">Clicking element 'id=select-plan'.</msg>
<arg>${locator_add_user_select_plan}</arg>
<doc>Click the element identified by ``locator``.</doc>
<status status="PASS" start="2024-05-29T13:36:20.651112" elapsed="0.857856"/>
</kw>
<kw name="Wait Until Element Is Visible" owner="SeleniumLibrary">
<arg>${locator_add_user_select_plan_basic}</arg>
<doc>Waits until the element ``locator`` is visible.</doc>
<status status="PASS" start="2024-05-29T13:36:21.509837" elapsed="0.832365"/>
</kw>
<kw name="Click Element" owner="SeleniumLibrary">
<msg time="2024-05-29T13:36:22.344655" level="INFO">Clicking element 'xpath=//*[@id="menu-"]/div[3]/ul/li[1]'.</msg>
<arg>${locator_add_user_select_plan_basic}</arg>
<doc>Click the element identified by ``locator``.</doc>
<status status="PASS" start="2024-05-29T13:36:22.343507" elapsed="0.857585"/>
</kw>
<status status="PASS" start="2024-05-29T13:36:20.650306" elapsed="2.551360"/>
</kw>
<status status="PASS" start="2024-05-29T13:36:20.649094" elapsed="2.552824"/>
</branch>
<status status="PASS" start="2024-05-29T13:36:20.649028" elapsed="2.553082"/>
</if>
<kw name="Click Element" owner="SeleniumLibrary">
<msg time="2024-05-29T13:36:23.203366" level="INFO">Clicking element 'xpath=//*[@id="__next"]/div[1]/div[2]/main/div/div[3]/div/div/div/form/button'.</msg>
<arg>${locator_add_user_btn_sign_up}</arg>
<doc>Click the element identified by ``locator``.</doc>
<status status="PASS" start="2024-05-29T13:36:23.202384" elapsed="0.875504"/>
</kw>
<kw name="Get Text" owner="SeleniumLibrary">
<msg time="2024-05-29T13:36:24.913739" level="INFO">${txt} = This field is required</msg>
<var>${txt}</var>
<arg>${locator}</arg>
<doc>Returns the text value of the element identified by ``locator``.</doc>
<status status="PASS" start="2024-05-29T13:36:24.078220" elapsed="0.836081"/>
</kw>
<kw name="Should Be Equal As Strings" owner="BuiltIn">
<arg>${txt}</arg>
<arg>${errmsg}</arg>
<doc>Fails if objects are unequal after converting them to strings.</doc>
<status status="PASS" start="2024-05-29T13:36:24.914982" elapsed="0.000928"/>
</kw>
<kw name="Reload Page" owner="SeleniumLibrary">
<doc>Simulates user reloading page.</doc>
<status status="PASS" start="2024-05-29T13:36:24.916167" elapsed="0.527930"/>
</kw>
<arg>test</arg>
<arg>test</arg>
<arg>test@gmail.com</arg>
<arg>test123</arg>
<arg>0812345679</arg>
<arg>${EMPTY}</arg>
<arg>3</arg>
<arg>1</arg>
<arg>1</arg>
<arg>1</arg>
<arg>${locator_err_gender}</arg>
<arg>This field is required</arg>
<status status="PASS" start="2024-05-29T13:36:01.858477" elapsed="23.586248"/>
</kw>
<kw name="Add User fail" owner="Keyword">
<kw name="Wait Until Element Is Visible" owner="SeleniumLibrary">
<arg>${locator_add_user_firstname}</arg>
<doc>Waits until the element ``locator`` is visible.</doc>
<status status="PASS" start="2024-05-29T13:36:25.447681" elapsed="0.834819"/>
</kw>
<kw name="Input Text" owner="SeleniumLibrary">
<msg time="2024-05-29T13:36:26.285053" level="INFO">Typing text 'test' into text field 'xpath=//*[@id="firstname"]'.</msg>
<arg>${locator_add_user_firstname}</arg>
<arg>${fname}</arg>
<doc>Types the given ``text`` into the text field identified by ``locator``.</doc>
<status status="PASS" start="2024-05-29T13:36:26.283308" elapsed="1.274825"/>
</kw>
<kw name="Input Text" owner="SeleniumLibrary">
<msg time="2024-05-29T13:36:27.559925" level="INFO">Typing text 'test' into text field 'xpath=//*[@id="lastname"]'.</msg>
<arg>${locator_add_user_lastname}</arg>
<arg>${lname}</arg>
<doc>Types the given ``text`` into the text field identified by ``locator``.</doc>
<status status="PASS" start="2024-05-29T13:36:27.558819" elapsed="1.283416"/>
</kw>
<kw name="Input Text" owner="SeleniumLibrary">
<msg time="2024-05-29T13:36:28.844559" level="INFO">Typing text 'test@gmail.com' into text field 'id=email'.</msg>
<arg>${locator_add_user_email}</arg>
<arg>${email}</arg>
<doc>Types the given ``text`` into the text field identified by ``locator``.</doc>
<status status="PASS" start="2024-05-29T13:36:28.843129" elapsed="1.311800"/>
</kw>
<kw name="Input Text" owner="SeleniumLibrary">
<msg time="2024-05-29T13:36:30.157153" level="INFO">Typing text 'test123' into text field 'id=password'.</msg>
<arg>${locator_add_user_password}</arg>
<arg>${pw}</arg>
<doc>Types the given ``text`` into the text field identified by ``locator``.</doc>
<status status="PASS" start="2024-05-29T13:36:30.155875" elapsed="1.302360"/>
</kw>
<kw name="Input Text" owner="SeleniumLibrary">
<msg time="2024-05-29T13:36:31.460677" level="INFO">Typing text '0812345679' into text field 'id=mobile-phone'.</msg>
<arg>${locator_add_user_mobile_phone}</arg>
<arg>${phone}</arg>
<doc>Types the given ``text`` into the text field identified by ``locator``.</doc>
<status status="PASS" start="2024-05-29T13:36:31.459268" elapsed="1.305319"/>
</kw>
<if>
<branch type="IF" condition="&quot;${gender}&quot; == &quot;female&quot;">
<kw name="Click Element" owner="SeleniumLibrary">
<msg time="2024-05-29T13:36:32.767707" level="INFO">Clicking element 'xpath=//*[@id="__next"]/div[1]/div[2]/main/div/div[3]/div/div/div/form/div[6]/div/label[1]/span[1]/input'.</msg>
<arg>${locator_add_user_gender_female}</arg>
<doc>Click the element identified by ``locator``.</doc>
<status status="PASS" start="2024-05-29T13:36:32.766869" elapsed="0.867843"/>
</kw>
<status status="PASS" start="2024-05-29T13:36:32.765585" elapsed="0.869509"/>
</branch>
<branch type="ELSE IF" condition="&quot;${gender}&quot; == &quot;male&quot;">
<kw name="Click Element" owner="SeleniumLibrary">
<arg>${locator_add_user_gender_male}</arg>
<doc>Click the element identified by ``locator``.</doc>
<status status="NOT RUN" start="2024-05-29T13:36:33.635727" elapsed="0.000180"/>
</kw>
<status status="NOT RUN" start="2024-05-29T13:36:33.635231" elapsed="0.000797"/>
</branch>
<status status="PASS" start="2024-05-29T13:36:32.765483" elapsed="0.870619"/>
</if>
<if>
<branch type="IF" condition="${course} == 1">
<kw name="Select Checkbox" owner="SeleniumLibrary">
<arg>${locator_add_user_sql}</arg>
<doc>Selects the checkbox identified by ``locator``.</doc>
<status status="NOT RUN" start="2024-05-29T13:36:33.636674" elapsed="0.000117"/>
</kw>
<status status="NOT RUN" start="2024-05-29T13:36:33.636217" elapsed="0.000673"/>
</branch>
<branch type="ELSE IF" condition="${course} == 2">
<kw name="Select Checkbox" owner="SeleniumLibrary">
<arg>${locator_add_user_sql}</arg>
<doc>Selects the checkbox identified by ``locator``.</doc>
<status status="NOT RUN" start="2024-05-29T13:36:33.637262" elapsed="0.000108"/>
</kw>
<kw name="Select Checkbox" owner="SeleniumLibrary">
<arg>${locator_add_user_test_manual}</arg>
<doc>Selects the checkbox identified by ``locator``.</doc>
<status status="NOT RUN" start="2024-05-29T13:36:33.637524" elapsed="0.000104"/>
</kw>
[...]
<status status="NOT RUN" start="2024-05-29T13:37:11.444162" elapsed="0.000072"/>
</kw>
<kw name="Select Checkbox" owner="SeleniumLibrary">
<arg>${locator_add_user_test_manual}</arg>
<doc>Selects the checkbox identified by ``locator``.</doc>
<status status="NOT RUN" start="2024-05-29T13:37:11.444336" elapsed="0.000068"/>
</kw>
<status status="NOT RUN" start="2024-05-29T13:37:11.444000" elapsed="0.000461"/>
</branch>
<branch type="ELSE IF" condition="${course} == 3">
<kw name="Select Checkbox" owner="SeleniumLibrary">
<arg>${locator_add_user_automate_test}</arg>
<doc>Selects the checkbox identified by ``locator``.</doc>
<status status="NOT RUN" start="2024-05-29T13:37:11.444655" elapsed="0.000104"/>
</kw>
<kw name="Select Checkbox" owner="SeleniumLibrary">
<arg>${locator_add_user_sql}</arg>
<doc>Selects the checkbox identified by ``locator``.</doc>
<status status="NOT RUN" start="2024-05-29T13:37:11.444962" elapsed="0.000134"/>
</kw>
<kw name="Select Checkbox" owner="SeleniumLibrary">
<arg>${locator_add_user_test_manual}</arg>
<doc>Selects the checkbox identified by ``locator``.</doc>
<status status="NOT RUN" start="2024-05-29T13:37:11.445222" elapsed="0.000129"/>
</kw>
<status status="NOT RUN" start="2024-05-29T13:37:11.444500" elapsed="0.000913"/>
</branch>
<branch type="ELSE IF" condition="${course} == 4">
<kw name="Select Checkbox" owner="SeleniumLibrary">
<msg time="2024-05-29T13:37:11.446040" level="INFO">Selecting checkbox 'name=courses.Automate Test2'.</msg>
<arg>${locator_add_user_automate_test2}</arg>
<doc>Selects the checkbox identified by ``locator``.</doc>
<status status="PASS" start="2024-05-29T13:37:11.445682" elapsed="2.093328"/>
</kw>
<kw name="Select Checkbox" owner="SeleniumLibrary">
<msg time="2024-05-29T13:37:13.540899" level="INFO">Selecting checkbox 'name=courses.Automate Test'.</msg>
<arg>${locator_add_user_automate_test}</arg>
<doc>Selects the checkbox identified by ``locator``.</doc>
<status status="PASS" start="2024-05-29T13:37:13.539901" elapsed="2.097292"/>
</kw>
<kw name="Select Checkbox" owner="SeleniumLibrary">
<msg time="2024-05-29T13:37:15.639244" level="INFO">Selecting checkbox 'name=courses.SQL'.</msg>
<arg>${locator_add_user_sql}</arg>
<doc>Selects the checkbox identified by ``locator``.</doc>
<status status="PASS" start="2024-05-29T13:37:15.638104" elapsed="2.092042"/>
</kw>
<kw name="Select Checkbox" owner="SeleniumLibrary">
<msg time="2024-05-29T13:37:17.731368" level="INFO">Selecting checkbox 'name=courses.Test Manual'.</msg>
<arg>${locator_add_user_test_manual}</arg>
<doc>Selects the checkbox identified by ``locator``.</doc>
<status status="PASS" start="2024-05-29T13:37:17.730704" elapsed="2.093298"/>
</kw>
<status status="PASS" start="2024-05-29T13:37:11.445464" elapsed="8.378977"/>
</branch>
<status status="PASS" start="2024-05-29T13:37:11.443533" elapsed="8.381050"/>
</if>
<if>
<branch type="IF" condition="${national} == 1">
<kw name="Select Nationality" owner="Keyword">
<kw name="Click Element" owner="SeleniumLibrary">
<msg time="2024-05-29T13:37:19.826939" level="INFO">Clicking element 'id=nationality'.</msg>
<arg>${locator_add_user_nationality}</arg>
<doc>Click the element identified by ``locator``.</doc>
<status status="PASS" start="2024-05-29T13:37:19.826359" elapsed="0.903401"/>
</kw>
<kw name="Wait Until Element Is Visible" owner="SeleniumLibrary">
<arg>${locator_add_user_nationality_thai}</arg>
<doc>Waits until the element ``locator`` is visible.</doc>
<status status="PASS" start="2024-05-29T13:37:20.729968" elapsed="0.827032"/>
</kw>
<kw name="Click Element" owner="SeleniumLibrary">
<msg time="2024-05-29T13:37:21.557425" level="INFO">Clicking element 'xpath=//*[@id="menu-"]/div[3]/ul/li[221]'.</msg>
<arg>${locator_add_user_nationality_thai}</arg>
<doc>Click the element identified by ``locator``.</doc>
<status status="PASS" start="2024-05-29T13:37:21.557186" elapsed="0.891270"/>
</kw>
<status status="PASS" start="2024-05-29T13:37:19.825634" elapsed="2.623206"/>
</kw>
<status status="PASS" start="2024-05-29T13:37:19.824762" elapsed="2.624194"/>
</branch>
<status status="PASS" start="2024-05-29T13:37:19.824705" elapsed="2.624332"/>
</if>
<if>
<branch type="IF" condition="${role} == 1">
<kw name="Select Role" owner="Keyword">
<status status="NOT RUN" start="2024-05-29T13:37:22.449810" elapsed="0.000153"/>
</kw>
<status status="NOT RUN" start="2024-05-29T13:37:22.449267" elapsed="0.000792"/>
</branch>
<status status="PASS" start="2024-05-29T13:37:22.449222" elapsed="0.000903"/>
</if>
<if>
<branch type="IF" condition="${plan} == 1">
<kw name="Select Plan" owner="Keyword">
<kw name="Click Element" owner="SeleniumLibrary">
<msg time="2024-05-29T13:37:22.451196" level="INFO">Clicking element 'id=select-plan'.</msg>
<arg>${locator_add_user_select_plan}</arg>
<doc>Click the element identified by ``locator``.</doc>
<status status="PASS" start="2024-05-29T13:37:22.450873" elapsed="0.852078"/>
</kw>
<kw name="Wait Until Element Is Visible" owner="SeleniumLibrary">
<arg>${locator_add_user_select_plan_basic}</arg>
<doc>Waits until the element ``locator`` is visible.</doc>
<status status="PASS" start="2024-05-29T13:37:23.303128" elapsed="0.828537"/>
</kw>
<kw name="Click Element" owner="SeleniumLibrary">
<msg time="2024-05-29T13:37:24.134055" level="INFO">Clicking element 'xpath=//*[@id="menu-"]/div[3]/ul/li[1]'.</msg>
<arg>${locator_add_user_select_plan_basic}</arg>
<doc>Click the element identified by ``locator``.</doc>
<status status="PASS" start="2024-05-29T13:37:24.132692" elapsed="0.856445"/>
</kw>
<status status="PASS" start="2024-05-29T13:37:22.450487" elapsed="2.539218"/>
</kw>
<status status="PASS" start="2024-05-29T13:37:22.450196" elapsed="2.539702"/>
</branch>
<status status="PASS" start="2024-05-29T13:37:22.450178" elapsed="2.540100"/>
</if>
<kw name="Click Element" owner="SeleniumLibrary">
<msg time="2024-05-29T13:37:24.991423" level="INFO">Clicking element 'xpath=//*[@id="__next"]/div[1]/div[2]/main/div/div[3]/div/div/div/form/button'.</msg>
<arg>${locator_add_user_btn_sign_up}</arg>
<doc>Click the element identified by ``locator``.</doc>
<status status="PASS" start="2024-05-29T13:37:24.990614" elapsed="0.860950"/>
</kw>
<kw name="Get Text" owner="SeleniumLibrary">
<msg time="2024-05-29T13:37:26.678499" level="INFO">${txt} = This field is required</msg>
<var>${txt}</var>
<arg>${locator}</arg>
<doc>Returns the text value of the element identified by ``locator``.</doc>
<status status="PASS" start="2024-05-29T13:37:25.851826" elapsed="0.827231"/>
</kw>
<kw name="Should Be Equal As Strings" owner="BuiltIn">
<arg>${txt}</arg>
<arg>${errmsg}</arg>
<doc>Fails if objects are unequal after converting them to strings.</doc>
<status status="PASS" start="2024-05-29T13:37:26.679660" elapsed="0.000869"/>
</kw>
<kw name="Reload Page" owner="SeleniumLibrary">
<doc>Simulates user reloading page.</doc>
<status status="PASS" start="2024-05-29T13:37:26.680782" elapsed="0.505201"/>
</kw>
<arg>test</arg>
<arg>test</arg>
<arg>test@gmail.com</arg>
<arg>test123</arg>
<arg>0812345679</arg>
<arg>female</arg>
<arg>4</arg>
<arg>1</arg>
<arg>0</arg>
<arg>1</arg>
<arg>${locator_err_role}</arg>
<arg>This field is required</arg>
<status status="PASS" start="2024-05-29T13:37:03.288664" elapsed="23.897926"/>
</kw>
<kw name="Add User fail" owner="Keyword">
<kw name="Wait Until Element Is Visible" owner="SeleniumLibrary">
<arg>${locator_add_user_firstname}</arg>
<doc>Waits until the element ``locator`` is visible.</doc>
<status status="PASS" start="2024-05-29T13:37:27.189085" elapsed="0.835679"/>
</kw>
<kw name="Input Text" owner="SeleniumLibrary">
<msg time="2024-05-29T13:37:28.026776" level="INFO">Typing text 'test' into text field 'xpath=//*[@id="firstname"]'.</msg>
<arg>${locator_add_user_firstname}</arg>
<arg>${fname}</arg>
<doc>Types the given ``text`` into the text field identified by ``locator``.</doc>
<status status="PASS" start="2024-05-29T13:37:28.025485" elapsed="1.283747"/>
</kw>
<kw name="Input Text" owner="SeleniumLibrary">
<msg time="2024-05-29T13:37:29.311662" level="INFO">Typing text 'test' into text field 'xpath=//*[@id="lastname"]'.</msg>
<arg>${locator_add_user_lastname}</arg>
<arg>${lname}</arg>
<doc>Types the given ``text`` into the text field identified by ``locator``.</doc>
<status status="PASS" start="2024-05-29T13:37:29.310269" elapsed="1.297155"/>
</kw>
<kw name="Input Text" owner="SeleniumLibrary">
<msg time="2024-05-29T13:37:30.608739" level="INFO">Typing text 'test@gmail.com' into text field 'id=email'.</msg>
<arg>${locator_add_user_email}</arg>
<arg>${email}</arg>
<doc>Types the given ``text`` into the text field identified by ``locator``.</doc>
<status status="PASS" start="2024-05-29T13:37:30.608000" elapsed="1.301631"/>
</kw>
<kw name="Input Text" owner="SeleniumLibrary">
<msg time="2024-05-29T13:37:31.910623" level="INFO">Typing text 'test123' into text field 'id=password'.</msg>
<arg>${locator_add_user_password}</arg>
<arg>${pw}</arg>
<doc>Types the given ``text`` into the text field identified by ``locator``.</doc>
<status status="PASS" start="2024-05-29T13:37:31.910047" elapsed="1.289912"/>
</kw>
<kw name="Input Text" owner="SeleniumLibrary">
<msg time="2024-05-29T13:37:33.202276" level="INFO">Typing text '0812345679' into text field 'id=mobile-phone'.</msg>
<arg>${locator_add_user_mobile_phone}</arg>
<arg>${phone}</arg>
<doc>Types the given ``text`` into the text field identified by ``locator``.</doc>
<status status="PASS" start="2024-05-29T13:37:33.200892" elapsed="1.299952"/>
</kw>
<if>
<branch type="IF" condition="&quot;${gender}&quot; == &quot;female&quot;">
<kw name="Click Element" owner="SeleniumLibrary">
<msg time="2024-05-29T13:37:34.503201" level="INFO">Clicking element 'xpath=//*[@id="__next"]/div[1]/div[2]/main/div/div[3]/div/div/div/form/div[6]/div/label[1]/span[1]/input'.</msg>
<arg>${locator_add_user_gender_female}</arg>
<doc>Click the element identified by ``locator``.</doc>
<status status="PASS" start="2024-05-29T13:37:34.502582" elapsed="0.858082"/>
</kw>
<status status="PASS" start="2024-05-29T13:37:34.501594" elapsed="0.859926"/>
</branch>
<branch type="ELSE IF" condition="&quot;${gender}&quot; == &quot;male&quot;">
<kw name="Click Element" owner="SeleniumLibrary">
<arg>${locator_add_user_gender_male}</arg>
<doc>Click the element identified by ``locator``.</doc>
<status status="NOT RUN" start="2024-05-29T13:37:35.362098" elapsed="0.000145"/>
</kw>
<status status="NOT RUN" start="2024-05-29T13:37:35.361738" elapsed="0.000610"/>
</branch>
<status status="PASS" start="2024-05-29T13:37:34.501489" elapsed="0.860916"/>
</if>
<if>
<branch type="IF" condition="${course} == 1">
<kw name="Select Checkbox" owner="SeleniumLibrary">
<msg time="2024-05-29T13:37:35.363216" level="INFO">Selecting checkbox 'name=courses.SQL'.</msg>
<arg>${locator_add_user_sql}</arg>
<doc>Selects the checkbox identified by ``locator``.</doc>
<status status="PASS" start="2024-05-29T13:37:35.362809" elapsed="2.098968"/>
</kw>
<status status="PASS" start="2024-05-29T13:37:35.362487" elapsed="2.099760"/>
</branch>
<branch type="ELSE IF" condition="${course} == 2">
<kw name="Select Checkbox" owner="SeleniumLibrary">
<arg>${locator_add_user_sql}</arg>
<doc>Selects the checkbox identified by ``locator``.</doc>
<status status="NOT RUN" start="2024-05-29T13:37:37.462888" elapsed="0.000216"/>
</kw>
<kw name="Select Checkbox" owner="SeleniumLibrary">
<arg>${locator_add_user_test_manual}</arg>
<doc>Selects the checkbox identified by ``locator``.</doc>
<status status="NOT RUN" start="2024-05-29T13:37:37.463376" elapsed="0.000172"/>
</kw>
<status status="NOT RUN" start="2024-05-29T13:37:37.462387" elapsed="0.001330"/>
</branch>
<branch type="ELSE IF" condition="${course} == 3">
<kw name="Select Checkbox" owner="SeleniumLibrary">
<arg>${locator_add_user_automate_test}</arg>
<doc>Selects the checkbox identified by ``locator``.</doc>
<status status="NOT RUN" start="2024-05-29T13:37:37.464123" elapsed="0.000152"/>
</kw>
<kw name="Select Checkbox" owner="SeleniumLibrary">
<arg>${locator_add_user_sql}</arg>
<doc>Selects the checkbox identified by ``locator``.</doc>
<status status="NOT RUN" start="2024-05-29T13:37:37.464501" elapsed="0.000364"/>
</kw>
<kw name="Select Checkbox" owner="SeleniumLibrary">
<arg>${locator_add_user_test_manual}</arg>
<doc>Selects the checkbox identified by ``locator``.</doc>
<status status="NOT RUN" start="2024-05-29T13:37:37.465041" elapsed="0.000105"/>
</kw>
<status status="NOT RUN" start="2024-05-29T13:37:37.463866" elapsed="0.001369"/>
</branch>
<branch type="ELSE IF" condition="${course} == 4">
<kw name="Select Checkbox" owner="SeleniumLibrary">
<arg>${locator_add_user_automate_test2}</arg>
<doc>Selects the checkbox identified by ``locator``.</doc>
<status status="NOT RUN" start="2024-05-29T13:37:37.465446" elapsed="0.000099"/>
</kw>
<kw name="Select Checkbox" owner="SeleniumLibrary">
<arg>${locator_add_user_automate_test}</arg>
<doc>Selects the checkbox identified by ``locator``.</doc>
<status status="NOT RUN" start="2024-05-29T13:37:37.465695" elapsed="0.000095"/>
</kw>
<kw name="Select Checkbox" owner="SeleniumLibrary">
<arg>${locator_add_user_sql}</arg>
<doc>Selects the checkbox identified by ``locator``.</doc>
<status status="NOT RUN" start="2024-05-29T13:37:37.465953" elapsed="0.000097"/>
</kw>
<kw name="Select Checkbox" owner="SeleniumLibrary">
<arg>${locator_add_user_test_manual}</arg>
<doc>Selects the checkbox identified by ``locator``.</doc>
<status status="NOT RUN" start="2024-05-29T13:37:37.466197" elapsed="0.000106"/>
</kw>
<status status="NOT RUN" start="2024-05-29T13:37:37.465300" elapsed="0.001091"/>
</branch>
<status status="PASS" start="2024-05-29T13:37:35.362466" elapsed="2.103989"/>
</if>
<if>
<branch type="IF" condition="${national} == 1">
<kw name="Select Nationality" owner="Keyword">
<kw name="Click Element" owner="SeleniumLibrary">
<msg time="2024-05-29T13:37:37.468406" level="INFO">Clicking element 'id=nationality'.</msg>
<arg>${locator_add_user_nationality}</arg>
<doc>Click the element identified by ``locator``.</doc>
<status status="PASS" start="2024-05-29T13:37:37.467809" elapsed="0.911883"/>
</kw>
<kw name="Wait Until Element Is Visible" owner="SeleniumLibrary">
<arg>${locator_add_user_nationality_thai}</arg>
<doc>Waits until the element ``locator`` is visible.</doc>
<status status="PASS" start="2024-05-29T13:37:38.379917" elapsed="0.828614"/>
</kw>
<kw name="Click Element" owner="SeleniumLibrary">
<msg time="2024-05-29T13:37:39.209039" level="INFO">Clicking element 'xpath=//*[@id="menu-"]/div[3]/ul/li[221]'.</msg>
<arg>${locator_add_user_nationality_thai}</arg>
<doc>Click the element identified by ``locator``.</doc>
<status status="PASS" start="2024-05-29T13:37:39.208744" elapsed="0.876249"/>
</kw>
<status status="PASS" start="2024-05-29T13:37:37.467209" elapsed="2.618007"/>
</kw>
<status status="PASS" start="2024-05-29T13:37:37.466611" elapsed="2.618688"/>
</branch>
<status status="PASS" start="2024-05-29T13:37:37.466580" elapsed="2.618775"/>
</if>
<if>
<branch type="IF" condition="${role} == 1">
<kw name="Select Role" owner="Keyword">
<kw name="Click Element" owner="SeleniumLibrary">
<msg time="2024-05-29T13:37:40.086538" level="INFO">Clicking element 'id=select-role'.</msg>
<arg>${locator_add_user_select_role}</arg>
<doc>Click the element identified by ``locator``.</doc>
<status status="PASS" start="2024-05-29T13:37:40.086272" elapsed="0.850192"/>
</kw>
<kw name="Wait Until Element Is Visible" owner="SeleniumLibrary">
<arg>${locator_add_user_select_role_admin}</arg>
<doc>Waits until the element ``locator`` is visible.</doc>
<status status="PASS" start="2024-05-29T13:37:40.936826" elapsed="0.823614"/>
</kw>
<kw name="Click Element" owner="SeleniumLibrary">
<msg time="2024-05-29T13:37:41.761991" level="INFO">Clicking element 'xpath=//*[@id="menu-"]/div[3]/ul/li[1]'.</msg>
<arg>${locator_add_user_select_role_admin}</arg>
<doc>Click the element identified by ``locator``.</doc>
<status status="PASS" start="2024-05-29T13:37:41.761183" elapsed="0.857521"/>
</kw>
<status status="PASS" start="2024-05-29T13:37:40.085934" elapsed="2.533128"/>
</kw>
<status status="PASS" start="2024-05-29T13:37:40.085433" elapsed="2.533763"/>
</branch>
<status status="PASS" start="2024-05-29T13:37:40.085412" elapsed="2.533881"/>
</if>
<if>
<branch type="IF" condition="${plan} == 1">
<kw name="Select Plan" owner="Keyword">
<status status="NOT RUN" start="2024-05-29T13:37:42.620021" elapsed="0.000159"/>
</kw>
<status status="NOT RUN" start="2024-05-29T13:37:42.619413" elapsed="0.000869"/>
</branch>
<status status="PASS" start="2024-05-29T13:37:42.619382" elapsed="0.000967"/>
</if>
<kw name="Click Element" owner="SeleniumLibrary">
<msg time="2024-05-29T13:37:42.620926" level="INFO">Clicking element 'xpath=//*[@id="__next"]/div[1]/div[2]/main/div/div[3]/div/div/div/form/button'.</msg>
<arg>${locator_add_user_btn_sign_up}</arg>
<doc>Click the element identified by ``locator``.</doc>
<status status="PASS" start="2024-05-29T13:37:42.620496" elapsed="0.861895"/>
</kw>
<kw name="Get Text" owner="SeleniumLibrary">
<msg time="2024-05-29T13:37:44.321414" level="INFO">${txt} = This field is required</msg>
<var>${txt}</var>
<arg>${locator}</arg>
<doc>Returns the text value of the element identified by ``locator``.</doc>
<status status="PASS" start="2024-05-29T13:37:43.483186" elapsed="0.838447"/>
</kw>
<kw name="Should Be Equal As Strings" owner="BuiltIn">
<arg>${txt}</arg>
<arg>${errmsg}</arg>
<doc>Fails if objects are unequal after converting them to strings.</doc>
<status status="PASS" start="2024-05-29T13:37:44.321895" elapsed="0.000490"/>
</kw>
<kw name="Reload Page" owner="SeleniumLibrary">
<doc>Simulates user reloading page.</doc>
<status status="PASS" start="2024-05-29T13:37:44.322573" elapsed="0.521633"/>
</kw>
<arg>test</arg>
<arg>test</arg>
<arg>test@gmail.com</arg>
<arg>test123</arg>
<arg>0812345679</arg>
<arg>female</arg>
<arg>1</arg>
<arg>1</arg>
<arg>1</arg>
<arg>0</arg>
<arg>${locator_err_plan}</arg>
<arg>This field is required</arg>
<status status="PASS" start="2024-05-29T13:37:27.187779" elapsed="17.656773"/>
</kw>
<kw name="Close Browser" owner="SeleniumLibrary" type="TEARDOWN">
<doc>Closes the current browser.</doc>
<status status="PASS" start="2024-05-29T13:37:44.845171" elapsed="0.472811"/>
</kw>
<status status="PASS" start="2024-05-29T13:33:56.626206" elapsed="228.692137"/>
</test>
<kw name="Close All Browsers" owner="SeleniumLibrary" type="TEARDOWN">
<doc>Closes all open browsers and resets the browser cache.</doc>
<status status="PASS" start="2024-05-29T13:37:45.319835" elapsed="0.000498"/>
</kw>
<status status="PASS" start="2024-05-29T13:33:56.549601" elapsed="228.770852"/>
</suite>
<status status="PASS" start="2024-05-29T13:33:56.549004" elapsed="228.772870"/>
</suite>
<status status="PASS" start="2024-05-29T13:33:56.548178" elapsed="228.775702"/>
</suite>
<status status="PASS" start="2024-05-29T13:33:56.547598" elapsed="228.776857"/>
</suite>
<status status="PASS" start="2024-05-29T13:33:56.546838" elapsed="228.778626"/>
</suite>
<status status="PASS" start="2024-05-29T13:33:56.538760" elapsed="228.787289"/>
</suite>
<statistics>
<total>
<stat pass="1" fail="0" skip="0">All Tests</stat>
</total>
<tag>
</tag>
<suite>
<stat pass="1" fail="0" skip="0" id="s1" name="Automate HUi">Automate HUi</stat>
<stat pass="1" fail="0" skip="0" id="s1-s1" name="Document">Automate HUi.Document</stat>
<stat pass="1" fail="0" skip="0" id="s1-s1-s1" name="Auto Tester">Automate HUi.Document.Auto Tester</stat>
<stat pass="1" fail="0" skip="0" id="s1-s1-s1-s1" name="P'Beam">Automate HUi.Document.Auto Tester.P'Beam</stat>
<stat pass="1" fail="0" skip="0" id="s1-s1-s1-s1-s1" name="Homework3">Automate HUi.Document.Auto Tester.P'Beam.Homework3</stat>
<stat pass="1" fail="0" skip="0" id="s1-s1-s1-s1-s1-s1" name="Login&amp;Search">Automate HUi.Document.Auto Tester.P'Beam.Homework3.Login&amp;Search</stat>
</suite>
</statistics>
<errors>
</errors>
</robot>
