<?xml version="1.0" encoding="UTF-8"?>
<robot generator="Robot 7.0 (Python 3.12.1 on win32)" generated="2024-04-26T00:47:35.436499" rpa="false" schemaversion="5">
<suite id="s1" name="Automate" source="D:\Automate TTD\Automate">
<suite id="s1-s1" name="Document" source="D:\Automate TTD\Automate\Document">
<suite id="s1-s1-s1" name="Auto Tester" source="D:\Automate TTD\Automate\Document\Auto Tester">
<suite id="s1-s1-s1-s1" name="TourMaster" source="D:\Automate TTD\Automate\Document\Auto Tester\TourMaster">
<suite id="s1-s1-s1-s1-s1" name="Login" source="D:\Automate TTD\Automate\Document\Auto Tester\TourMaster\Login.robot">
<kw name="Set Selenium Speed" owner="SeleniumLibrary" type="SETUP">
<arg>0.5s</arg>
<doc>Sets the delay that is waited after each Selenium command.</doc>
<status status="PASS" start="2024-04-26T00:47:35.699592" elapsed="0.001000"/>
</kw>
<test id="s1-s1-s1-s1-s1-t1" name="TC01-Login Pass" line="10">
<kw name="Open Browser Web" owner="login_key" type="SETUP">
<kw name="Open Browser" owner="SeleniumLibrary">
<msg time="2024-04-26T00:47:35.701593" level="INFO">Opening browser 'chrome' to base url 'https://dev-tm.techmaster.in.th/login'.</msg>
<msg time="2024-04-26T00:47:36.441160" level="WARN">The chromedriver version (123.0.6312.86) detected in PATH at C:\WebDriver\bin\chromedriver.exe might not be compatible with the detected chrome version (124.0.6367.61); currently, chromedriver 124.0.6367.78 is recommended for chrome 124.*, so it is advised to delete the driver in PATH and retry</msg>
<arg>${url}</arg>
<arg>${browser}</arg>
<doc>Opens a new browser instance to the optional ``url``.</doc>
<status status="PASS" start="2024-04-26T00:47:35.701593" elapsed="3.680382"/>
</kw>
<kw name="Maximize Browser Window" owner="SeleniumLibrary">
<doc>Maximizes current browser window.</doc>
<status status="PASS" start="2024-04-26T00:47:39.381975" elapsed="0.624427"/>
</kw>
<kw name="Set Selenium Speed" owner="SeleniumLibrary">
<arg>0.5s</arg>
<doc>Sets the delay that is waited after each Selenium command.</doc>
<status status="PASS" start="2024-04-26T00:47:40.006402" elapsed="0.000000"/>
</kw>
<status status="PASS" start="2024-04-26T00:47:35.700592" elapsed="4.306815"/>
</kw>
<kw name="Input Data for Login Pass" owner="login_key">
<kw name="Input Text" owner="SeleniumLibrary">
<msg time="2024-04-26T00:47:40.008407" level="INFO">Typing text 'superadmin' into text field 'id=login999'.</msg>
<arg>${locator_username}</arg>
<arg>superadmin</arg>
<doc>Types the given ``text`` into the text field identified by ``locator``.</doc>
<status status="PASS" start="2024-04-26T00:47:40.008407" elapsed="1.593021"/>
</kw>
<kw name="Input Text" owner="SeleniumLibrary">
<msg time="2024-04-26T00:47:41.601932" level="INFO">Typing text 'P@ssW0rd' into text field 'id=pass999'.</msg>
<arg>${locator_password}</arg>
<arg>P@ssW0rd</arg>
<doc>Types the given ``text`` into the text field identified by ``locator``.</doc>
<status status="PASS" start="2024-04-26T00:47:41.601932" elapsed="1.608709"/>
</kw>
<kw name="Click Element" owner="SeleniumLibrary">
<msg time="2024-04-26T00:47:43.211173" level="INFO">Clicking element 'xpath=//*[@id="root"]/div/div/div[2]/form/div[2]/span[1]/span[2]'.</msg>
<arg>${locator_btneye}</arg>
<doc>Click the element identified by ``locator``.</doc>
<status status="PASS" start="2024-04-26T00:47:43.210641" elapsed="1.040772"/>
</kw>
<kw name="Click Element" owner="SeleniumLibrary">
<msg time="2024-04-26T00:47:44.251413" level="INFO">Clicking element 'id=btn_login_submit'.</msg>
<arg>${locator_btnlogin}</arg>
<doc>Click the element identified by ``locator``.</doc>
<status status="PASS" start="2024-04-26T00:47:44.251413" elapsed="1.047306"/>
</kw>
<status status="PASS" start="2024-04-26T00:47:40.007407" elapsed="5.291312"/>
</kw>
<kw name="Close Browser" owner="SeleniumLibrary" type="TEARDOWN">
<doc>Closes the current browser.</doc>
<status status="PASS" start="2024-04-26T00:47:45.298719" elapsed="2.608603"/>
</kw>
<status status="PASS" start="2024-04-26T00:47:35.700592" elapsed="12.207731"/>
</test>
<test id="s1-s1-s1-s1-s1-t2" name="TC02-Login Fail" line="13">
<kw name="Open Browser Web" owner="login_key" type="SETUP">
<kw name="Open Browser" owner="SeleniumLibrary">
<msg time="2024-04-26T00:47:47.910509" level="INFO">Opening browser 'chrome' to base url 'https://dev-tm.techmaster.in.th/login'.</msg>
<msg time="2024-04-26T00:47:48.256890" level="WARN">The chromedriver version (123.0.6312.86) detected in PATH at C:\WebDriver\bin\chromedriver.exe might not be compatible with the detected chrome version (124.0.6367.61); currently, chromedriver 124.0.6367.78 is recommended for chrome 124.*, so it is advised to delete the driver in PATH and retry</msg>
<arg>${url}</arg>
<arg>${browser}</arg>
<doc>Opens a new browser instance to the optional ``url``.</doc>
<status status="PASS" start="2024-04-26T00:47:47.910509" elapsed="3.022218"/>
</kw>
<kw name="Maximize Browser Window" owner="SeleniumLibrary">
<doc>Maximizes current browser window.</doc>
<status status="PASS" start="2024-04-26T00:47:50.932727" elapsed="0.610891"/>
</kw>
<kw name="Set Selenium Speed" owner="SeleniumLibrary">
<arg>0.5s</arg>
<doc>Sets the delay that is waited after each Selenium command.</doc>
<status status="PASS" start="2024-04-26T00:47:51.543618" elapsed="0.000000"/>
</kw>
<status status="PASS" start="2024-04-26T00:47:47.909509" elapsed="3.634109"/>
</kw>
<kw name="Input Data for login fail" owner="login_key">
<kw name="Input Text" owner="SeleniumLibrary">
<msg time="2024-04-26T00:47:51.544781" level="INFO">Typing text 'superandmin' into text field 'id=login999'.</msg>
<arg>${locator_username}</arg>
<arg>superandmin</arg>
<doc>Types the given ``text`` into the text field identified by ``locator``.</doc>
<status status="PASS" start="2024-04-26T00:47:51.544781" elapsed="1.594478"/>
</kw>
<kw name="Input Text" owner="SeleniumLibrary">
<msg time="2024-04-26T00:47:53.139259" level="INFO">Typing text '12345' into text field 'id=pass999'.</msg>
<arg>${locator_password}</arg>
<arg>12345</arg>
<doc>Types the given ``text`` into the text field identified by ``locator``.</doc>
<status status="PASS" start="2024-04-26T00:47:53.139259" elapsed="1.569062"/>
</kw>
<kw name="Click Element" owner="SeleniumLibrary">
<msg time="2024-04-26T00:47:54.708842" level="INFO">Clicking element 'xpath=//*[@id="root"]/div/div/div[2]/form/div[2]/span[1]/span[2]'.</msg>
<arg>${locator_btneye}</arg>
<doc>Click the element identified by ``locator``.</doc>
<status status="PASS" start="2024-04-26T00:47:54.708321" elapsed="1.036571"/>
</kw>
<kw name="Click Element" owner="SeleniumLibrary">
<msg time="2024-04-26T00:47:55.744892" level="INFO">Clicking element 'id=btn_login_submit'.</msg>
<arg>${locator_btnlogin}</arg>
<doc>Click the element identified by ``locator``.</doc>
<status status="PASS" start="2024-04-26T00:47:55.744892" elapsed="1.044094"/>
</kw>
<kw name="Get Text" owner="SeleniumLibrary">
<msg time="2024-04-26T00:47:57.809097" level="INFO">${txt} = Incorrect username or password.</msg>
<var>${txt}</var>
<arg>${locator_err_user_pass}</arg>
<doc>Returns the text value of the element identified by ``locator``.</doc>
<status status="PASS" start="2024-04-26T00:47:56.788986" elapsed="1.020111"/>
</kw>
<kw name="Should Be Equal As Strings" owner="BuiltIn">
<arg>${txt}</arg>
<arg>Incorrect username or password.</arg>
<doc>Fails if objects are unequal after converting them to strings.</doc>
<status status="PASS" start="2024-04-26T00:47:57.809097" elapsed="0.001006"/>
</kw>
<kw name="Click Element" owner="SeleniumLibrary">
<msg time="2024-04-26T00:47:57.810608" level="INFO">Clicking element 'id=btn_login_submit'.</msg>
<arg>${locator_btnlogin}</arg>
<doc>Click the element identified by ``locator``.</doc>
<status status="PASS" start="2024-04-26T00:47:57.810103" elapsed="1.035222"/>
</kw>
<status status="PASS" start="2024-04-26T00:47:51.544781" elapsed="7.300544"/>
</kw>
<kw name="Close Browser" owner="SeleniumLibrary" type="TEARDOWN">
<doc>Closes the current browser.</doc>
<status status="PASS" start="2024-04-26T00:47:58.845325" elapsed="2.554040"/>
</kw>
<status status="PASS" start="2024-04-26T00:47:47.909509" elapsed="13.489856"/>
</test>
<test id="s1-s1-s1-s1-s1-t3" name="TC03-Login No Username or Password" line="16">
<kw name="Open Browser Web" owner="login_key" type="SETUP">
<kw name="Open Browser" owner="SeleniumLibrary">
<msg time="2024-04-26T00:48:01.403575" level="INFO">Opening browser 'chrome' to base url 'https://dev-tm.techmaster.in.th/login'.</msg>
<msg time="2024-04-26T00:48:01.750242" level="WARN">The chromedriver version (123.0.6312.86) detected in PATH at C:\WebDriver\bin\chromedriver.exe might not be compatible with the detected chrome version (124.0.6367.61); currently, chromedriver 124.0.6367.78 is recommended for chrome 124.*, so it is advised to delete the driver in PATH and retry</msg>
<arg>${url}</arg>
<arg>${browser}</arg>
<doc>Opens a new browser instance to the optional ``url``.</doc>
<status status="PASS" start="2024-04-26T00:48:01.402576" elapsed="3.078998"/>
</kw>
<kw name="Maximize Browser Window" owner="SeleniumLibrary">
<doc>Maximizes current browser window.</doc>
<status status="PASS" start="2024-04-26T00:48:04.481574" elapsed="0.615755"/>
</kw>
<kw name="Set Selenium Speed" owner="SeleniumLibrary">
<arg>0.5s</arg>
<doc>Sets the delay that is waited after each Selenium command.</doc>
<status status="PASS" start="2024-04-26T00:48:05.097329" elapsed="0.000000"/>
</kw>
<status status="PASS" start="2024-04-26T00:48:01.402576" elapsed="3.694753"/>
</kw>
<kw name="Input Empty Data In Username And Password" owner="login_key">
<kw name="Input Text" owner="SeleniumLibrary">
<msg time="2024-04-26T00:48:05.098475" level="INFO">Typing text '' into text field 'id=login999'.</msg>
<arg>${locator_username}</arg>
<arg>${EMPTY}</arg>
<doc>Types the given ``text`` into the text field identified by ``locator``.</doc>
<status status="PASS" start="2024-04-26T00:48:05.098475" elapsed="1.572488"/>
</kw>
<kw name="Input Text" owner="SeleniumLibrary">
<msg time="2024-04-26T00:48:06.670963" level="INFO">Typing text '' into text field 'id=pass999'.</msg>
<arg>${locator_password}</arg>
<arg>${EMPTY}</arg>
<doc>Types the given ``text`` into the text field identified by ``locator``.</doc>
<status status="PASS" start="2024-04-26T00:48:06.670963" elapsed="1.555207"/>
</kw>
<kw name="Click Element" owner="SeleniumLibrary">
<msg time="2024-04-26T00:48:08.226170" level="INFO">Clicking element 'id=btn_login_submit'.</msg>
<arg>${locator_btnlogin}</arg>
<doc>Click the element identified by ``locator``.</doc>
<status status="PASS" start="2024-04-26T00:48:08.226170" elapsed="1.047717"/>
</kw>
<kw name="Get Text" owner="SeleniumLibrary">
<msg time="2024-04-26T00:48:10.295514" level="INFO">${text} =  Username is required </msg>
<var>${text}</var>
<arg>${locator_no_username}</arg>
<doc>Returns the text value of the element identified by ``locator``.</doc>
<status status="PASS" start="2024-04-26T00:48:09.273887" elapsed="1.021627"/>
</kw>
<kw name="Should Be Equal As Strings" owner="BuiltIn">
<msg time="2024-04-26T00:48:10.296522" level="FAIL"> Username is required  != Username is required</msg>
<arg>${text}</arg>
<arg>Username is required</arg>
<doc>Fails if objects are unequal after converting them to strings.</doc>
<status status="FAIL" start="2024-04-26T00:48:10.295514" elapsed="0.002008"> Username is required  != Username is required</status>
</kw>
<kw name="Get Text" owner="SeleniumLibrary">
<var>${text2}</var>
<arg>${locator_no_password}</arg>
<doc>Returns the text value of the element identified by ``locator``.</doc>
<status status="NOT RUN" start="2024-04-26T00:48:10.297522" elapsed="0.000999"/>
</kw>
<kw name="Should Be Equal As Strings" owner="BuiltIn">
<arg>${text2}</arg>
<arg>Password is required</arg>
<doc>Fails if objects are unequal after converting them to strings.</doc>
<status status="NOT RUN" start="2024-04-26T00:48:10.298521" elapsed="0.000000"/>
</kw>
<status status="FAIL" start="2024-04-26T00:48:05.097329" elapsed="5.201192"> Username is required  != Username is required</status>
</kw>
<kw name="Close Browser" owner="SeleniumLibrary" type="TEARDOWN">
<doc>Closes the current browser.</doc>
<status status="PASS" start="2024-04-26T00:48:10.299522" elapsed="2.565608"/>
</kw>
<status status="FAIL" start="2024-04-26T00:48:01.401575" elapsed="11.463555"> Username is required  != Username is required</status>
</test>
<kw name="Close All Browsers" owner="SeleniumLibrary" type="TEARDOWN">
<doc>Closes all open browsers and resets the browser cache.</doc>
<status status="PASS" start="2024-04-26T00:48:12.866060" elapsed="0.000999"/>
</kw>
<status status="FAIL" start="2024-04-26T00:47:35.479729" elapsed="37.387330"/>
</suite>
<status status="FAIL" start="2024-04-26T00:47:35.476950" elapsed="37.392109"/>
</suite>
<status status="FAIL" start="2024-04-26T00:47:35.474880" elapsed="37.395179"/>
</suite>
<status status="FAIL" start="2024-04-26T00:47:35.471748" elapsed="37.399818"/>
</suite>
<status status="FAIL" start="2024-04-26T00:47:35.441501" elapsed="37.432073"/>
</suite>
<statistics>
<total>
<stat pass="2" fail="1" skip="0">All Tests</stat>
</total>
<tag>
</tag>
<suite>
<stat pass="2" fail="1" skip="0" id="s1" name="Automate">Automate</stat>
<stat pass="2" fail="1" skip="0" id="s1-s1" name="Document">Automate.Document</stat>
<stat pass="2" fail="1" skip="0" id="s1-s1-s1" name="Auto Tester">Automate.Document.Auto Tester</stat>
<stat pass="2" fail="1" skip="0" id="s1-s1-s1-s1" name="TourMaster">Automate.Document.Auto Tester.TourMaster</stat>
<stat pass="2" fail="1" skip="0" id="s1-s1-s1-s1-s1" name="Login">Automate.Document.Auto Tester.TourMaster.Login</stat>
</suite>
</statistics>
<errors>
<msg time="2024-04-26T00:47:36.441160" level="WARN">The chromedriver version (123.0.6312.86) detected in PATH at C:\WebDriver\bin\chromedriver.exe might not be compatible with the detected chrome version (124.0.6367.61); currently, chromedriver 124.0.6367.78 is recommended for chrome 124.*, so it is advised to delete the driver in PATH and retry</msg>
<msg time="2024-04-26T00:47:48.256890" level="WARN">The chromedriver version (123.0.6312.86) detected in PATH at C:\WebDriver\bin\chromedriver.exe might not be compatible with the detected chrome version (124.0.6367.61); currently, chromedriver 124.0.6367.78 is recommended for chrome 124.*, so it is advised to delete the driver in PATH and retry</msg>
<msg time="2024-04-26T00:48:01.750242" level="WARN">The chromedriver version (123.0.6312.86) detected in PATH at C:\WebDriver\bin\chromedriver.exe might not be compatible with the detected chrome version (124.0.6367.61); currently, chromedriver 124.0.6367.78 is recommended for chrome 124.*, so it is advised to delete the driver in PATH and retry</msg>
</errors>
</robot>
